{"level":"info","message":"Redis caching disabled (no REDIS_HOST provided)","service":"bigpharma-api","timestamp":"2026-05-05 08:37:19"}
{"level":"info","message":"OPTIONS /api/auth/login 204 0 - 7.516 ms","service":"bigpharma-api","timestamp":"2026-05-05 08:42:20"}
{"level":"info","message":"POST /api/auth/login 200 709 - 3858.118 ms","service":"bigpharma-api","timestamp":"2026-05-05 08:42:23"}
{"level":"info","message":"OPTIONS /api/products?limit=4 204 0 - 0.801 ms","service":"bigpharma-api","timestamp":"2026-05-05 08:42:25"}
{"level":"info","message":"OPTIONS /api/products?limit=10&page=1 204 0 - 1.073 ms","service":"bigpharma-api","timestamp":"2026-05-05 08:42:25"}
{"level":"info","message":"GET /api/products?limit=10&page=1 200 - - 218.261 ms","service":"bigpharma-api","timestamp":"2026-05-05 08:42:25"}
{"level":"info","message":"GET /api/products?limit=4 200 - - 236.141 ms","service":"bigpharma-api","timestamp":"2026-05-05 08:42:25"}
{"level":"info","message":"OPTIONS /api/auth/login 204 0 - 0.255 ms","service":"bigpharma-api","timestamp":"2026-05-05 08:42:45"}
{"level":"info","message":"POST /api/auth/login 200 710 - 255.254 ms","service":"bigpharma-api","timestamp":"2026-05-05 08:42:45"}
{"level":"info","message":"OPTIONS /api/products 204 0 - 0.729 ms","service":"bigpharma-api","timestamp":"2026-05-05 08:42:46"}
{"level":"info","message":"OPTIONS /api/activityLogs 204 0 - 0.393 ms","service":"bigpharma-api","timestamp":"2026-05-05 08:42:46"}
{"level":"info","message":"OPTIONS /api/sales?page=1&limit=50 204 0 - 1.095 ms","service":"bigpharma-api","timestamp":"2026-05-05 08:42:46"}
{"level":"info","message":"OPTIONS /api/finance 204 0 - 0.288 ms","service":"bigpharma-api","timestamp":"2026-05-05 08:42:46"}
{"level":"info","message":"OPTIONS /api/clients?page=1&limit=50 204 0 - 0.351 ms","service":"bigpharma-api","timestamp":"2026-05-05 08:42:46"}
{"level":"info","message":"GET /api/finance 200 - - 187.329 ms","service":"bigpharma-api","timestamp":"2026-05-05 08:42:46"}
{"level":"info","message":"GET /api/sales?page=1&limit=50 200 - - 209.128 ms","service":"bigpharma-api","timestamp":"2026-05-05 08:42:46"}
{"level":"info","message":"GET /api/products 200 - - 214.043 ms","service":"bigpharma-api","timestamp":"2026-05-05 08:42:46"}
{"level":"info","message":"GET /api/activityLogs 200 - - 221.273 ms","service":"bigpharma-api","timestamp":"2026-05-05 08:42:46"}
{"level":"info","message":"GET /api/clients?page=1&limit=50 200 - - 234.330 ms","service":"bigpharma-api","timestamp":"2026-05-05 08:42:46"}
{"level":"info","message":"OPTIONS /api/auth/me 204 0 - 6.341 ms","service":"bigpharma-api","timestamp":"2026-05-05 08:48:24"}
{"level":"info","message":"GET /api/auth/me 200 176 - 146.511 ms","service":"bigpharma-api","timestamp":"2026-05-05 08:48:24"}
{"level":"info","message":"OPTIONS /api/products 204 0 - 0.305 ms","service":"bigpharma-api","timestamp":"2026-05-05 08:48:26"}
{"level":"info","message":"OPTIONS /api/sales?page=1&limit=50 204 0 - 0.331 ms","service":"bigpharma-api","timestamp":"2026-05-05 08:48:26"}
{"level":"info","message":"OPTIONS /api/finance 204 0 - 0.273 ms","service":"bigpharma-api","timestamp":"2026-05-05 08:48:26"}
{"level":"info","message":"OPTIONS /api/activityLogs 204 0 - 0.250 ms","service":"bigpharma-api","timestamp":"2026-05-05 08:48:26"}
{"level":"info","message":"OPTIONS /api/clients?page=1&limit=50 204 0 - 0.523 ms","service":"bigpharma-api","timestamp":"2026-05-05 08:48:26"}
{"level":"info","message":"GET /api/products 304 - - 141.828 ms","service":"bigpharma-api","timestamp":"2026-05-05 08:48:26"}
{"level":"info","message":"GET /api/sales?page=1&limit=50 304 - - 132.056 ms","service":"bigpharma-api","timestamp":"2026-05-05 08:48:26"}
{"level":"info","message":"GET /api/finance 304 - - 125.374 ms","service":"bigpharma-api","timestamp":"2026-05-05 08:48:26"}
{"level":"info","message":"GET /api/activityLogs 304 - - 134.074 ms","service":"bigpharma-api","timestamp":"2026-05-05 08:48:26"}
{"level":"info","message":"GET /api/clients?page=1&limit=50 304 - - 222.845 ms","service":"bigpharma-api","timestamp":"2026-05-05 08:48:26"}
{"level":"info","message":"OPTIONS /api/products 204 0 - 0.090 ms","service":"bigpharma-api","timestamp":"2026-05-05 08:59:12"}
{"level":"info","message":"GET /api/products 304 - - 14.989 ms","service":"bigpharma-api","timestamp":"2026-05-05 08:59:12"}
{"level":"info","message":"OPTIONS /api/clients?page=1&limit=50 204 0 - 0.280 ms","service":"bigpharma-api","timestamp":"2026-05-05 08:59:44"}
{"level":"info","message":"GET /api/clients?page=1&limit=50 401 123 - 1.343 ms","service":"bigpharma-api","timestamp":"2026-05-05 08:59:44"}
{"level":"info","message":"OPTIONS /api/orders?page=1&limit=10 204 0 - 0.158 ms","service":"bigpharma-api","timestamp":"2026-05-05 08:59:56"}
{"level":"info","message":"GET /api/orders?page=1&limit=10 401 123 - 1.823 ms","service":"bigpharma-api","timestamp":"2026-05-05 08:59:56"}
{"level":"info","message":"OPTIONS /api/orders?page=1&limit=10 204 0 - 0.101 ms","service":"bigpharma-api","timestamp":"2026-05-05 09:00:05"}
{"level":"info","message":"GET /api/orders?page=1&limit=10 401 123 - 1.994 ms","service":"bigpharma-api","timestamp":"2026-05-05 09:00:05"}
{"level":"info","message":"OPTIONS /api/orders?page=1&limit=10 204 0 - 0.102 ms","service":"bigpharma-api","timestamp":"2026-05-05 09:00:15"}
{"level":"info","message":"GET /api/orders?page=1&limit=10 401 123 - 1.416 ms","service":"bigpharma-api","timestamp":"2026-05-05 09:00:15"}
{"level":"info","message":"OPTIONS /api/orders?page=1&limit=10 204 0 - 0.133 ms","service":"bigpharma-api","timestamp":"2026-05-05 09:00:25"}
{"level":"info","message":"GET /api/orders?page=1&limit=10 401 123 - 1.173 ms","service":"bigpharma-api","timestamp":"2026-05-05 09:00:25"}
{"level":"info","message":"OPTIONS /api/orders?page=1&limit=10 204 0 - 0.102 ms","service":"bigpharma-api","timestamp":"2026-05-05 09:00:35"}
{"level":"info","message":"GET /api/orders?page=1&limit=10 401 123 - 1.843 ms","service":"bigpharma-api","timestamp":"2026-05-05 09:00:35"}
{"level":"info","message":"OPTIONS /api/orders?page=1&limit=10 204 0 - 0.093 ms","service":"bigpharma-api","timestamp":"2026-05-05 09:00:45"}
{"level":"info","message":"GET /api/orders?page=1&limit=10 401 123 - 1.706 ms","service":"bigpharma-api","timestamp":"2026-05-05 09:00:45"}
{"level":"info","message":"OPTIONS /api/orders?page=1&limit=10 204 0 - 0.103 ms","service":"bigpharma-api","timestamp":"2026-05-05 09:00:55"}
{"level":"info","message":"GET /api/orders?page=1&limit=10 401 123 - 0.950 ms","service":"bigpharma-api","timestamp":"2026-05-05 09:00:55"}
{"level":"info","message":"OPTIONS /api/QuestionsClients 204 0 - 0.125 ms","service":"bigpharma-api","timestamp":"2026-05-05 09:01:02"}
{"level":"info","message":"GET /api/QuestionsClients 401 123 - 1.939 ms","service":"bigpharma-api","timestamp":"2026-05-05 09:01:02"}
{"level":"info","message":"OPTIONS /api/products 204 0 - 0.157 ms","service":"bigpharma-api","timestamp":"2026-05-05 09:01:28"}
{"level":"info","message":"GET /api/products 304 - - 10.592 ms","service":"bigpharma-api","timestamp":"2026-05-05 09:01:28"}
{"level":"info","message":"Redis caching disabled (no REDIS_HOST provided)","service":"bigpharma-api","timestamp":"2026-05-05 12:34:03"}
{"level":"error","message":"TypeError: Cannot set property query of #<IncomingMessage> which has only a getter","method":"OPTIONS","path":"/api/auth/login","service":"bigpharma-api","stack":"TypeError: Cannot set property query of #<IncomingMessage> which has only a getter\n    at D:\\Projets\\BigPharma 1.2\\api\\node_modules\\express-mongo-sanitize\\index.js:113:18\n    at Array.forEach (<anonymous>)\n    at D:\\Projets\\BigPharma 1.2\\api\\node_modules\\express-mongo-sanitize\\index.js:110:44\n    at Layer.handleRequest (D:\\Projets\\BigPharma 1.2\\api\\node_modules\\router\\lib\\layer.js:152:17)\n    at trimPrefix (D:\\Projets\\BigPharma 1.2\\api\\node_modules\\router\\index.js:342:13)\n    at D:\\Projets\\BigPharma 1.2\\api\\node_modules\\router\\index.js:297:9\n    at processParams (D:\\Projets\\BigPharma 1.2\\api\\node_modules\\router\\index.js:582:12)\n    at next (D:\\Projets\\BigPharma 1.2\\api\\node_modules\\router\\index.js:291:5)\n    at compression (D:\\Projets\\BigPharma 1.2\\api\\node_modules\\compression\\index.js:243:5)\n    at Layer.handleRequest (D:\\Projets\\BigPharma 1.2\\api\\node_modules\\router\\lib\\layer.js:152:17)","timestamp":"2026-05-05 12:37:43"}
{"level":"error","message":"TypeError: Cannot set property query of #<IncomingMessage> which has only a getter","method":"OPTIONS","path":"/api/auth/login","service":"bigpharma-api","stack":"TypeError: Cannot set property query of #<IncomingMessage> which has only a getter\n    at D:\\Projets\\BigPharma 1.2\\api\\node_modules\\express-mongo-sanitize\\index.js:113:18\n    at Array.forEach (<anonymous>)\n    at D:\\Projets\\BigPharma 1.2\\api\\node_modules\\express-mongo-sanitize\\index.js:110:44\n    at Layer.handleRequest (D:\\Projets\\BigPharma 1.2\\api\\node_modules\\router\\lib\\layer.js:152:17)\n    at trimPrefix (D:\\Projets\\BigPharma 1.2\\api\\node_modules\\router\\index.js:342:13)\n    at D:\\Projets\\BigPharma 1.2\\api\\node_modules\\router\\index.js:297:9\n    at processParams (D:\\Projets\\BigPharma 1.2\\api\\node_modules\\router\\index.js:582:12)\n    at next (D:\\Projets\\BigPharma 1.2\\api\\node_modules\\router\\index.js:291:5)\n    at compression (D:\\Projets\\BigPharma 1.2\\api\\node_modules\\compression\\index.js:243:5)\n    at Layer.handleRequest (D:\\Projets\\BigPharma 1.2\\api\\node_modules\\router\\lib\\layer.js:152:17)","timestamp":"2026-05-05 12:37:55"}
{"level":"info","message":"Redis caching disabled (no REDIS_HOST provided)","service":"bigpharma-api","timestamp":"2026-05-05 12:38:20"}
{"level":"error","message":"TypeError: Cannot set property query of #<IncomingMessage> which has only a getter","method":"OPTIONS","path":"/api/auth/login","service":"bigpharma-api","stack":"TypeError: Cannot set property query of #<IncomingMessage> which has only a getter\n    at D:\\Projets\\BigPharma 1.2\\api\\node_modules\\express-mongo-sanitize\\index.js:113:18\n    at Array.forEach (<anonymous>)\n    at D:\\Projets\\BigPharma 1.2\\api\\node_modules\\express-mongo-sanitize\\index.js:110:44\n    at Layer.handleRequest (D:\\Projets\\BigPharma 1.2\\api\\node_modules\\router\\lib\\layer.js:152:17)\n    at trimPrefix (D:\\Projets\\BigPharma 1.2\\api\\node_modules\\router\\index.js:342:13)\n    at D:\\Projets\\BigPharma 1.2\\api\\node_modules\\router\\index.js:297:9\n    at processParams (D:\\Projets\\BigPharma 1.2\\api\\node_modules\\router\\index.js:582:12)\n    at next (D:\\Projets\\BigPharma 1.2\\api\\node_modules\\router\\index.js:291:5)\n    at compression (D:\\Projets\\BigPharma 1.2\\api\\node_modules\\compression\\index.js:243:5)\n    at Layer.handleRequest (D:\\Projets\\BigPharma 1.2\\api\\node_modules\\router\\lib\\layer.js:152:17)","timestamp":"2026-05-05 12:38:23"}
{"level":"error","message":"TypeError: Cannot set property query of #<IncomingMessage> which has only a getter","method":"OPTIONS","path":"/api/auth/login","service":"bigpharma-api","stack":"TypeError: Cannot set property query of #<IncomingMessage> which has only a getter\n    at D:\\Projets\\BigPharma 1.2\\api\\node_modules\\express-mongo-sanitize\\index.js:113:18\n    at Array.forEach (<anonymous>)\n    at D:\\Projets\\BigPharma 1.2\\api\\node_modules\\express-mongo-sanitize\\index.js:110:44\n    at Layer.handleRequest (D:\\Projets\\BigPharma 1.2\\api\\node_modules\\router\\lib\\layer.js:152:17)\n    at trimPrefix (D:\\Projets\\BigPharma 1.2\\api\\node_modules\\router\\index.js:342:13)\n    at D:\\Projets\\BigPharma 1.2\\api\\node_modules\\router\\index.js:297:9\n    at processParams (D:\\Projets\\BigPharma 1.2\\api\\node_modules\\router\\index.js:582:12)\n    at next (D:\\Projets\\BigPharma 1.2\\api\\node_modules\\router\\index.js:291:5)\n    at compression (D:\\Projets\\BigPharma 1.2\\api\\node_modules\\compression\\index.js:243:5)\n    at Layer.handleRequest (D:\\Projets\\BigPharma 1.2\\api\\node_modules\\router\\lib\\layer.js:152:17)","timestamp":"2026-05-05 12:38:24"}
{"level":"info","message":"Redis caching disabled (no REDIS_HOST provided)","service":"bigpharma-api","timestamp":"2026-05-05 18:01:52"}
{"level":"error","message":"TypeError: Cannot set property query of #<IncomingMessage> which has only a getter","method":"OPTIONS","path":"/api/auth/login","service":"bigpharma-api","stack":"TypeError: Cannot set property query of #<IncomingMessage> which has only a getter\n    at D:\\Projets\\BigPharma 1.2\\api\\node_modules\\express-mongo-sanitize\\index.js:113:18\n    at Array.forEach (<anonymous>)\n    at D:\\Projets\\BigPharma 1.2\\api\\node_modules\\express-mongo-sanitize\\index.js:110:44\n    at Layer.handleRequest (D:\\Projets\\BigPharma 1.2\\api\\node_modules\\router\\lib\\layer.js:152:17)\n    at trimPrefix (D:\\Projets\\BigPharma 1.2\\api\\node_modules\\router\\index.js:342:13)\n    at D:\\Projets\\BigPharma 1.2\\api\\node_modules\\router\\index.js:297:9\n    at processParams (D:\\Projets\\BigPharma 1.2\\api\\node_modules\\router\\index.js:582:12)\n    at next (D:\\Projets\\BigPharma 1.2\\api\\node_modules\\router\\index.js:291:5)\n    at compression (D:\\Projets\\BigPharma 1.2\\api\\node_modules\\compression\\index.js:243:5)\n    at Layer.handleRequest (D:\\Projets\\BigPharma 1.2\\api\\node_modules\\router\\lib\\layer.js:152:17)","timestamp":"2026-05-05 18:03:56"}
{"level":"error","message":"TypeError: Cannot set property query of #<IncomingMessage> which has only a getter","method":"OPTIONS","path":"/api/auth/login","service":"bigpharma-api","stack":"TypeError: Cannot set property query of #<IncomingMessage> which has only a getter\n    at D:\\Projets\\BigPharma 1.2\\api\\node_modules\\express-mongo-sanitize\\index.js:113:18\n    at Array.forEach (<anonymous>)\n    at D:\\Projets\\BigPharma 1.2\\api\\node_modules\\express-mongo-sanitize\\index.js:110:44\n    at Layer.handleRequest (D:\\Projets\\BigPharma 1.2\\api\\node_modules\\router\\lib\\layer.js:152:17)\n    at trimPrefix (D:\\Projets\\BigPharma 1.2\\api\\node_modules\\router\\index.js:342:13)\n    at D:\\Projets\\BigPharma 1.2\\api\\node_modules\\router\\index.js:297:9\n    at processParams (D:\\Projets\\BigPharma 1.2\\api\\node_modules\\router\\index.js:582:12)\n    at next (D:\\Projets\\BigPharma 1.2\\api\\node_modules\\router\\index.js:291:5)\n    at compression (D:\\Projets\\BigPharma 1.2\\api\\node_modules\\compression\\index.js:243:5)\n    at Layer.handleRequest (D:\\Projets\\BigPharma 1.2\\api\\node_modules\\router\\lib\\layer.js:152:17)","timestamp":"2026-05-05 18:04:17"}
{"level":"info","message":"Redis caching disabled (no REDIS_HOST provided)","service":"bigpharma-api","timestamp":"2026-05-05 18:05:58"}
{"level":"error","message":"TypeError: Cannot set property query of #<IncomingMessage> which has only a getter","method":"GET","path":"/api/health","service":"bigpharma-api","stack":"TypeError: Cannot set property query of #<IncomingMessage> which has only a getter\n    at D:\\Projets\\BigPharma 1.2\\api\\node_modules\\express-mongo-sanitize\\index.js:113:18\n    at Array.forEach (<anonymous>)\n    at D:\\Projets\\BigPharma 1.2\\api\\node_modules\\express-mongo-sanitize\\index.js:110:44\n    at Layer.handleRequest (D:\\Projets\\BigPharma 1.2\\api\\node_modules\\router\\lib\\layer.js:152:17)\n    at trimPrefix (D:\\Projets\\BigPharma 1.2\\api\\node_modules\\router\\index.js:342:13)\n    at D:\\Projets\\BigPharma 1.2\\api\\node_modules\\router\\index.js:297:9\n    at processParams (D:\\Projets\\BigPharma 1.2\\api\\node_modules\\router\\index.js:582:12)\n    at next (D:\\Projets\\BigPharma 1.2\\api\\node_modules\\router\\index.js:291:5)\n    at compression (D:\\Projets\\BigPharma 1.2\\api\\node_modules\\compression\\index.js:243:5)\n    at Layer.handleRequest (D:\\Projets\\BigPharma 1.2\\api\\node_modules\\router\\lib\\layer.js:152:17)","timestamp":"2026-05-05 18:06:06"}
{"level":"info","message":"Redis caching disabled (no REDIS_HOST provided)","service":"bigpharma-api","timestamp":"2026-05-05 18:06:43"}
{"level":"error","message":"TypeError: Cannot set property query of #<IncomingMessage> which has only a getter","method":"GET","path":"/api/health","service":"bigpharma-api","stack":"TypeError: Cannot set property query of #<IncomingMessage> which has only a getter\n    at D:\\Projets\\BigPharma 1.2\\api\\node_modules\\express-mongo-sanitize\\index.js:113:18\n    at Array.forEach (<anonymous>)\n    at D:\\Projets\\BigPharma 1.2\\api\\node_modules\\express-mongo-sanitize\\index.js:110:44\n    at Layer.handleRequest (D:\\Projets\\BigPharma 1.2\\api\\node_modules\\router\\lib\\layer.js:152:17)\n    at trimPrefix (D:\\Projets\\BigPharma 1.2\\api\\node_modules\\router\\index.js:342:13)\n    at D:\\Projets\\BigPharma 1.2\\api\\node_modules\\router\\index.js:297:9\n    at processParams (D:\\Projets\\BigPharma 1.2\\api\\node_modules\\router\\index.js:582:12)\n    at next (D:\\Projets\\BigPharma 1.2\\api\\node_modules\\router\\index.js:291:5)\n    at compression (D:\\Projets\\BigPharma 1.2\\api\\node_modules\\compression\\index.js:243:5)\n    at Layer.handleRequest (D:\\Projets\\BigPharma 1.2\\api\\node_modules\\router\\lib\\layer.js:152:17)","timestamp":"2026-05-05 18:06:53"}
{"level":"info","message":"Redis caching disabled (no REDIS_HOST provided)","service":"bigpharma-api","timestamp":"2026-05-05 18:08:18"}
{"level":"error","message":"TypeError: Cannot set property query of #<IncomingMessage> which has only a getter","method":"GET","path":"/api/health","service":"bigpharma-api","stack":"TypeError: Cannot set property query of #<IncomingMessage> which has only a getter\n    at D:\\Projets\\BigPharma 1.2\\api\\node_modules\\express-mongo-sanitize\\index.js:113:18\n    at Array.forEach (<anonymous>)\n    at D:\\Projets\\BigPharma 1.2\\api\\node_modules\\express-mongo-sanitize\\index.js:110:44\n    at Layer.handleRequest (D:\\Projets\\BigPharma 1.2\\api\\node_modules\\router\\lib\\layer.js:152:17)\n    at trimPrefix (D:\\Projets\\BigPharma 1.2\\api\\node_modules\\router\\index.js:342:13)\n    at D:\\Projets\\BigPharma 1.2\\api\\node_modules\\router\\index.js:297:9\n    at processParams (D:\\Projets\\BigPharma 1.2\\api\\node_modules\\router\\index.js:582:12)\n    at next (D:\\Projets\\BigPharma 1.2\\api\\node_modules\\router\\index.js:291:5)\n    at compression (D:\\Projets\\BigPharma 1.2\\api\\node_modules\\compression\\index.js:243:5)\n    at Layer.handleRequest (D:\\Projets\\BigPharma 1.2\\api\\node_modules\\router\\lib\\layer.js:152:17)","timestamp":"2026-05-05 18:08:34"}
{"level":"info","message":"Redis caching disabled (no REDIS_HOST provided)","service":"bigpharma-api","timestamp":"2026-05-05 18:10:14"}
{"level":"error","message":"TypeError: Cannot set property query of #<IncomingMessage> which has only a getter","method":"GET","path":"/api/health","service":"bigpharma-api","stack":"TypeError: Cannot set property query of #<IncomingMessage> which has only a getter\n    at D:\\Projets\\BigPharma 1.2\\api\\node_modules\\express-mongo-sanitize\\index.js:113:18\n    at Array.forEach (<anonymous>)\n    at D:\\Projets\\BigPharma 1.2\\api\\node_modules\\express-mongo-sanitize\\index.js:110:44\n    at Layer.handleRequest (D:\\Projets\\BigPharma 1.2\\api\\node_modules\\router\\lib\\layer.js:152:17)\n    at trimPrefix (D:\\Projets\\BigPharma 1.2\\api\\node_modules\\router\\index.js:342:13)\n    at D:\\Projets\\BigPharma 1.2\\api\\node_modules\\router\\index.js:297:9\n    at processParams (D:\\Projets\\BigPharma 1.2\\api\\node_modules\\router\\index.js:582:12)\n    at next (D:\\Projets\\BigPharma 1.2\\api\\node_modules\\router\\index.js:291:5)\n    at compression (D:\\Projets\\BigPharma 1.2\\api\\node_modules\\compression\\index.js:243:5)\n    at Layer.handleRequest (D:\\Projets\\BigPharma 1.2\\api\\node_modules\\router\\lib\\layer.js:152:17)","timestamp":"2026-05-05 18:10:29"}
{"level":"info","message":"Redis caching disabled (no REDIS_HOST provided)","service":"bigpharma-api","timestamp":"2026-05-05 18:11:50"}
{"level":"info","message":"Redis caching disabled (no REDIS_HOST provided)","service":"bigpharma-api","timestamp":"2026-05-05 18:12:18"}
{"level":"info","message":"Redis caching disabled (no REDIS_HOST provided)","service":"bigpharma-api","timestamp":"2026-05-05 18:13:23"}
{"level":"error","message":"TypeError: Cannot set property query of #<IncomingMessage> which has only a getter","method":"GET","path":"/api/health","service":"bigpharma-api","stack":"TypeError: Cannot set property query of #<IncomingMessage> which has only a getter\n    at D:\\Projets\\BigPharma 1.2\\api\\node_modules\\express-mongo-sanitize\\index.js:113:18\n    at Array.forEach (<anonymous>)\n    at D:\\Projets\\BigPharma 1.2\\api\\node_modules\\express-mongo-sanitize\\index.js:110:44\n    at Layer.handleRequest (D:\\Projets\\BigPharma 1.2\\api\\node_modules\\router\\lib\\layer.js:152:17)\n    at trimPrefix (D:\\Projets\\BigPharma 1.2\\api\\node_modules\\router\\index.js:342:13)\n    at D:\\Projets\\BigPharma 1.2\\api\\node_modules\\router\\index.js:297:9\n    at processParams (D:\\Projets\\BigPharma 1.2\\api\\node_modules\\router\\index.js:582:12)\n    at next (D:\\Projets\\BigPharma 1.2\\api\\node_modules\\router\\index.js:291:5)\n    at compression (D:\\Projets\\BigPharma 1.2\\api\\node_modules\\compression\\index.js:243:5)\n    at Layer.handleRequest (D:\\Projets\\BigPharma 1.2\\api\\node_modules\\router\\lib\\layer.js:152:17)","timestamp":"2026-05-05 18:13:36"}
{"level":"info","message":"Redis caching disabled (no REDIS_HOST provided)","service":"bigpharma-api","timestamp":"2026-05-05 18:16:19"}
{"level":"error","message":"TypeError: Cannot set property query of #<IncomingMessage> which has only a getter","method":"GET","path":"/api/health","service":"bigpharma-api","stack":"TypeError: Cannot set property query of #<IncomingMessage> which has only a getter\n    at D:\\Projets\\BigPharma 1.2\\api\\node_modules\\express-mongo-sanitize\\index.js:113:18\n    at Array.forEach (<anonymous>)\n    at D:\\Projets\\BigPharma 1.2\\api\\node_modules\\express-mongo-sanitize\\index.js:110:44\n    at Layer.handleRequest (D:\\Projets\\BigPharma 1.2\\api\\node_modules\\router\\lib\\layer.js:152:17)\n    at trimPrefix (D:\\Projets\\BigPharma 1.2\\api\\node_modules\\router\\index.js:342:13)\n    at D:\\Projets\\BigPharma 1.2\\api\\node_modules\\router\\index.js:297:9\n    at processParams (D:\\Projets\\BigPharma 1.2\\api\\node_modules\\router\\index.js:582:12)\n    at next (D:\\Projets\\BigPharma 1.2\\api\\node_modules\\router\\index.js:291:5)\n    at compression (D:\\Projets\\BigPharma 1.2\\api\\node_modules\\compression\\index.js:243:5)\n    at Layer.handleRequest (D:\\Projets\\BigPharma 1.2\\api\\node_modules\\router\\lib\\layer.js:152:17)","timestamp":"2026-05-05 18:16:28"}
{"level":"info","message":"Redis caching disabled (no REDIS_HOST provided)","service":"bigpharma-api","timestamp":"2026-05-05 18:17:01"}
{"level":"error","message":"TypeError: Cannot set property query of #<IncomingMessage> which has only a getter","method":"GET","path":"/api/health","service":"bigpharma-api","stack":"TypeError: Cannot set property query of #<IncomingMessage> which has only a getter\n    at D:\\Projets\\BigPharma 1.2\\api\\node_modules\\express-mongo-sanitize\\index.js:113:18\n    at Array.forEach (<anonymous>)\n    at D:\\Projets\\BigPharma 1.2\\api\\node_modules\\express-mongo-sanitize\\index.js:110:44\n    at Layer.handleRequest (D:\\Projets\\BigPharma 1.2\\api\\node_modules\\router\\lib\\layer.js:152:17)\n    at trimPrefix (D:\\Projets\\BigPharma 1.2\\api\\node_modules\\router\\index.js:342:13)\n    at D:\\Projets\\BigPharma 1.2\\api\\node_modules\\router\\index.js:297:9\n    at processParams (D:\\Projets\\BigPharma 1.2\\api\\node_modules\\router\\index.js:582:12)\n    at next (D:\\Projets\\BigPharma 1.2\\api\\node_modules\\router\\index.js:291:5)\n    at compression (D:\\Projets\\BigPharma 1.2\\api\\node_modules\\compression\\index.js:243:5)\n    at Layer.handleRequest (D:\\Projets\\BigPharma 1.2\\api\\node_modules\\router\\lib\\layer.js:152:17)","timestamp":"2026-05-05 18:18:00"}
{"level":"info","message":"Redis caching disabled (no REDIS_HOST provided)","service":"bigpharma-api","timestamp":"2026-05-05 18:18:52"}
{"level":"error","message":"TypeError: Cannot set property query of #<IncomingMessage> which has only a getter","method":"GET","path":"/api/health","service":"bigpharma-api","stack":"TypeError: Cannot set property query of #<IncomingMessage> which has only a getter\n    at D:\\Projets\\BigPharma 1.2\\api\\node_modules\\express-mongo-sanitize\\index.js:113:18\n    at Array.forEach (<anonymous>)\n    at D:\\Projets\\BigPharma 1.2\\api\\node_modules\\express-mongo-sanitize\\index.js:110:44\n    at Layer.handleRequest (D:\\Projets\\BigPharma 1.2\\api\\node_modules\\router\\lib\\layer.js:152:17)\n    at trimPrefix (D:\\Projets\\BigPharma 1.2\\api\\node_modules\\router\\index.js:342:13)\n    at D:\\Projets\\BigPharma 1.2\\api\\node_modules\\router\\index.js:297:9\n    at processParams (D:\\Projets\\BigPharma 1.2\\api\\node_modules\\router\\index.js:582:12)\n    at next (D:\\Projets\\BigPharma 1.2\\api\\node_modules\\router\\index.js:291:5)\n    at compression (D:\\Projets\\BigPharma 1.2\\api\\node_modules\\compression\\index.js:243:5)\n    at Layer.handleRequest (D:\\Projets\\BigPharma 1.2\\api\\node_modules\\router\\lib\\layer.js:152:17)","timestamp":"2026-05-05 18:19:03"}
{"level":"info","message":"Redis caching disabled (no REDIS_HOST provided)","service":"bigpharma-api","timestamp":"2026-05-05 18:19:48"}
{"level":"error","message":"TypeError: Cannot set property query of #<IncomingMessage> which has only a getter","method":"GET","path":"/api/health","service":"bigpharma-api","stack":"TypeError: Cannot set property query of #<IncomingMessage> which has only a getter\n    at D:\\Projets\\BigPharma 1.2\\api\\node_modules\\express-mongo-sanitize\\index.js:113:18\n    at Array.forEach (<anonymous>)\n    at D:\\Projets\\BigPharma 1.2\\api\\node_modules\\express-mongo-sanitize\\index.js:110:44\n    at Layer.handleRequest (D:\\Projets\\BigPharma 1.2\\api\\node_modules\\router\\lib\\layer.js:152:17)\n    at trimPrefix (D:\\Projets\\BigPharma 1.2\\api\\node_modules\\router\\index.js:342:13)\n    at D:\\Projets\\BigPharma 1.2\\api\\node_modules\\router\\index.js:297:9\n    at processParams (D:\\Projets\\BigPharma 1.2\\api\\node_modules\\router\\index.js:582:12)\n    at next (D:\\Projets\\BigPharma 1.2\\api\\node_modules\\router\\index.js:291:5)\n    at compression (D:\\Projets\\BigPharma 1.2\\api\\node_modules\\compression\\index.js:243:5)\n    at Layer.handleRequest (D:\\Projets\\BigPharma 1.2\\api\\node_modules\\router\\lib\\layer.js:152:17)","timestamp":"2026-05-05 18:19:58"}
{"level":"info","message":"Redis caching disabled (no REDIS_HOST provided)","service":"bigpharma-api","timestamp":"2026-05-05 18:20:22"}
{"level":"error","message":"TypeError: Cannot set property query of #<IncomingMessage> which has only a getter","method":"GET","path":"/api/health","service":"bigpharma-api","stack":"TypeError: Cannot set property query of #<IncomingMessage> which has only a getter\n    at D:\\Projets\\BigPharma 1.2\\api\\node_modules\\express-mongo-sanitize\\index.js:113:18\n    at Array.forEach (<anonymous>)\n    at D:\\Projets\\BigPharma 1.2\\api\\node_modules\\express-mongo-sanitize\\index.js:110:44\n    at Layer.handleRequest (D:\\Projets\\BigPharma 1.2\\api\\node_modules\\router\\lib\\layer.js:152:17)\n    at trimPrefix (D:\\Projets\\BigPharma 1.2\\api\\node_modules\\router\\index.js:342:13)\n    at D:\\Projets\\BigPharma 1.2\\api\\node_modules\\router\\index.js:297:9\n    at processParams (D:\\Projets\\BigPharma 1.2\\api\\node_modules\\router\\index.js:582:12)\n    at next (D:\\Projets\\BigPharma 1.2\\api\\node_modules\\router\\index.js:291:5)\n    at compression (D:\\Projets\\BigPharma 1.2\\api\\node_modules\\compression\\index.js:243:5)\n    at Layer.handleRequest (D:\\Projets\\BigPharma 1.2\\api\\node_modules\\router\\lib\\layer.js:152:17)","timestamp":"2026-05-05 18:20:48"}
{"level":"info","message":"Redis caching disabled (no REDIS_HOST provided)","service":"bigpharma-api","timestamp":"2026-05-05 18:22:17"}
{"level":"error","message":"TypeError: Cannot set property query of #<IncomingMessage> which has only a getter","method":"GET","path":"/api/health","service":"bigpharma-api","stack":"TypeError: Cannot set property query of #<IncomingMessage> which has only a getter\n    at D:\\Projets\\BigPharma 1.2\\api\\node_modules\\express-mongo-sanitize\\index.js:113:18\n    at Array.forEach (<anonymous>)\n    at D:\\Projets\\BigPharma 1.2\\api\\node_modules\\express-mongo-sanitize\\index.js:110:44\n    at Layer.handleRequest (D:\\Projets\\BigPharma 1.2\\api\\node_modules\\router\\lib\\layer.js:152:17)\n    at trimPrefix (D:\\Projets\\BigPharma 1.2\\api\\node_modules\\router\\index.js:342:13)\n    at D:\\Projets\\BigPharma 1.2\\api\\node_modules\\router\\index.js:297:9\n    at processParams (D:\\Projets\\BigPharma 1.2\\api\\node_modules\\router\\index.js:582:12)\n    at next (D:\\Projets\\BigPharma 1.2\\api\\node_modules\\router\\index.js:291:5)\n    at compression (D:\\Projets\\BigPharma 1.2\\api\\node_modules\\compression\\index.js:243:5)\n    at Layer.handleRequest (D:\\Projets\\BigPharma 1.2\\api\\node_modules\\router\\lib\\layer.js:152:17)","timestamp":"2026-05-05 18:22:33"}
{"level":"info","message":"Redis caching disabled (no REDIS_HOST provided)","service":"bigpharma-api","timestamp":"2026-05-05 18:23:24"}
{"level":"info","message":"Redis caching disabled (no REDIS_HOST provided)","service":"bigpharma-api","timestamp":"2026-05-05 18:25:12"}
{"level":"error","message":"TypeError: Cannot set property query of #<IncomingMessage> which has only a getter","method":"GET","path":"/api/health","requestId":"df5f3885-5b73-4947-af3f-84e3e8e658cb","service":"bigpharma-api","stack":"TypeError: Cannot set property query of #<IncomingMessage> which has only a getter\n    at D:\\Projets\\BigPharma 1.2\\api\\node_modules\\xss-clean\\lib\\index.js:8:30\n    at Layer.handleRequest (D:\\Projets\\BigPharma 1.2\\api\\node_modules\\router\\lib\\layer.js:152:17)\n    at trimPrefix (D:\\Projets\\BigPharma 1.2\\api\\node_modules\\router\\index.js:342:13)\n    at D:\\Projets\\BigPharma 1.2\\api\\node_modules\\router\\index.js:297:9\n    at processParams (D:\\Projets\\BigPharma 1.2\\api\\node_modules\\router\\index.js:582:12)\n    at next (D:\\Projets\\BigPharma 1.2\\api\\node_modules\\router\\index.js:291:5)\n    at D:\\Projets\\BigPharma 1.2\\api\\app.js:114:3\n    at Layer.handleRequest (D:\\Projets\\BigPharma 1.2\\api\\node_modules\\router\\lib\\layer.js:152:17)\n    at trimPrefix (D:\\Projets\\BigPharma 1.2\\api\\node_modules\\router\\index.js:342:13)\n    at D:\\Projets\\BigPharma 1.2\\api\\node_modules\\router\\index.js:297:9","timestamp":"2026-05-05 18:25:25"}
{"level":"info","message":"GET /api/health 500 1133 - 3.173 ms","service":"bigpharma-api","timestamp":"2026-05-05 18:25:25"}
{"level":"info","message":"Redis caching disabled (no REDIS_HOST provided)","service":"bigpharma-api","timestamp":"2026-05-05 18:26:07"}
{"level":"info","message":"GET /api/health 200 162 - 2.035 ms","service":"bigpharma-api","timestamp":"2026-05-05 18:26:22"}
{"level":"info","message":"Redis caching disabled (no REDIS_HOST provided)","service":"bigpharma-api","timestamp":"2026-05-05 18:27:26"}
{"level":"info","message":"OPTIONS /api/auth/login 204 0 - 0.217 ms","service":"bigpharma-api","timestamp":"2026-05-05 18:27:37"}
{"level":"info","message":"POST /api/auth/login 200 709 - 280.312 ms","service":"bigpharma-api","timestamp":"2026-05-05 18:27:38"}
{"level":"info","message":"OPTIONS /api/products?limit=4 204 0 - 0.189 ms","service":"bigpharma-api","timestamp":"2026-05-05 18:27:38"}
{"level":"info","message":"OPTIONS /api/products?limit=10&page=1 204 0 - 0.203 ms","service":"bigpharma-api","timestamp":"2026-05-05 18:27:38"}
{"level":"info","message":"GET /api/products?limit=10&page=1 200 - - 79.104 ms","service":"bigpharma-api","timestamp":"2026-05-05 18:27:38"}
{"level":"info","message":"GET /api/products?limit=4 200 - - 94.709 ms","service":"bigpharma-api","timestamp":"2026-05-05 18:27:38"}
{"level":"info","message":"OPTIONS /api/auth/login 204 0 - 0.076 ms","service":"bigpharma-api","timestamp":"2026-05-05 18:27:55"}
{"level":"info","message":"POST /api/auth/login 200 710 - 97.446 ms","service":"bigpharma-api","timestamp":"2026-05-05 18:27:55"}
{"level":"info","message":"OPTIONS /api/products 204 0 - 0.155 ms","service":"bigpharma-api","timestamp":"2026-05-05 18:27:56"}
{"level":"info","message":"OPTIONS /api/sales?page=1&limit=50 204 0 - 0.421 ms","service":"bigpharma-api","timestamp":"2026-05-05 18:27:56"}
{"level":"info","message":"OPTIONS /api/activityLogs 204 0 - 0.122 ms","service":"bigpharma-api","timestamp":"2026-05-05 18:27:56"}
{"level":"info","message":"OPTIONS /api/finance 204 0 - 0.123 ms","service":"bigpharma-api","timestamp":"2026-05-05 18:27:56"}
{"level":"info","message":"OPTIONS /api/clients?page=1&limit=50 204 0 - 0.121 ms","service":"bigpharma-api","timestamp":"2026-05-05 18:27:56"}
{"level":"info","message":"GET /api/finance 200 - - 65.970 ms","service":"bigpharma-api","timestamp":"2026-05-05 18:27:56"}
{"level":"info","message":"GET /api/sales?page=1&limit=50 200 - - 84.291 ms","service":"bigpharma-api","timestamp":"2026-05-05 18:27:56"}
{"level":"info","message":"GET /api/activityLogs 200 - - 69.598 ms","service":"bigpharma-api","timestamp":"2026-05-05 18:27:56"}
{"level":"info","message":"GET /api/products 200 - - 82.243 ms","service":"bigpharma-api","timestamp":"2026-05-05 18:27:56"}
{"level":"info","message":"GET /api/clients?page=1&limit=50 200 - - 84.880 ms","service":"bigpharma-api","timestamp":"2026-05-05 18:27:56"}
{"level":"info","message":"OPTIONS /api/clients?page=1&limit=50 204 0 - 0.119 ms","service":"bigpharma-api","timestamp":"2026-05-05 18:28:14"}
{"level":"info","message":"GET /api/clients?page=1&limit=50 304 - - 23.259 ms","service":"bigpharma-api","timestamp":"2026-05-05 18:28:14"}
{"level":"info","message":"OPTIONS /api/orders 204 0 - 0.125 ms","service":"bigpharma-api","timestamp":"2026-05-05 18:29:19"}
{"level":"info","message":"POST /api/orders 201 903 - 174.829 ms","service":"bigpharma-api","timestamp":"2026-05-05 18:29:20"}
{"level":"info","message":"OPTIONS /api/orders/my 204 0 - 0.073 ms","service":"bigpharma-api","timestamp":"2026-05-05 18:29:20"}
{"level":"info","message":"GET /api/orders/my 200 - - 38.008 ms","service":"bigpharma-api","timestamp":"2026-05-05 18:29:20"}
{"level":"info","message":"GET /api/orders/my 200 - - 40.569 ms","service":"bigpharma-api","timestamp":"2026-05-05 18:29:20"}
{"level":"info","message":"OPTIONS /api/orders?page=1&limit=10 204 0 - 0.112 ms","service":"bigpharma-api","timestamp":"2026-05-05 18:29:29"}
{"level":"info","message":"GET /api/orders?page=1&limit=10 200 - - 50.574 ms","service":"bigpharma-api","timestamp":"2026-05-05 18:29:29"}
{"level":"info","message":"OPTIONS /api/orders/my 204 0 - 0.094 ms","service":"bigpharma-api","timestamp":"2026-05-05 18:29:30"}
{"level":"info","message":"GET /api/orders/my 304 - - 32.112 ms","service":"bigpharma-api","timestamp":"2026-05-05 18:29:30"}
{"level":"info","message":"OPTIONS /api/orders/69fa28f0f55f33c050382162 204 0 - 0.189 ms","service":"bigpharma-api","timestamp":"2026-05-05 18:29:39"}
{"level":"info","message":"OPTIONS /api/orders?page=1&limit=10 204 0 - 0.155 ms","service":"bigpharma-api","timestamp":"2026-05-05 18:29:39"}
{"level":"info","message":"GET /api/orders?page=1&limit=10 200 - - 48.905 ms","service":"bigpharma-api","timestamp":"2026-05-05 18:29:39"}
{"level":"info","message":"GET /api/orders/69fa28f0f55f33c050382162 200 - - 65.679 ms","service":"bigpharma-api","timestamp":"2026-05-05 18:29:39"}
{"level":"info","message":"OPTIONS /api/orders/my 204 0 - 0.079 ms","service":"bigpharma-api","timestamp":"2026-05-05 18:29:40"}
{"level":"info","message":"GET /api/orders/my 304 - - 31.491 ms","service":"bigpharma-api","timestamp":"2026-05-05 18:29:40"}
{"level":"info","message":"OPTIONS /api/orders?page=1&limit=10 204 0 - 0.129 ms","service":"bigpharma-api","timestamp":"2026-05-05 18:29:51"}
{"level":"info","message":"OPTIONS /api/orders/my 204 0 - 0.138 ms","service":"bigpharma-api","timestamp":"2026-05-05 18:29:51"}
{"level":"info","message":"OPTIONS /api/orders/69fa28f0f55f33c050382162/status 204 0 - 0.093 ms","service":"bigpharma-api","timestamp":"2026-05-05 18:29:51"}
{"level":"info","message":"GET /api/orders?page=1&limit=10 200 - - 67.405 ms","service":"bigpharma-api","timestamp":"2026-05-05 18:29:51"}
{"level":"info","message":"GET /api/orders/my 200 - - 77.014 ms","service":"bigpharma-api","timestamp":"2026-05-05 18:29:51"}
{"level":"info","message":"PUT /api/orders/69fa28f0f55f33c050382162/status 200 1016 - 112.343 ms","service":"bigpharma-api","timestamp":"2026-05-05 18:29:51"}
{"level":"info","message":"GET /api/orders?page=1&limit=10 200 - - 43.749 ms","service":"bigpharma-api","timestamp":"2026-05-05 18:29:51"}
{"level":"info","message":"OPTIONS /api/orders/69fa28f0f55f33c050382162/status 204 0 - 0.145 ms","service":"bigpharma-api","timestamp":"2026-05-05 18:29:58"}
{"level":"info","message":"PUT /api/orders/69fa28f0f55f33c050382162/status 200 - - 35.608 ms","service":"bigpharma-api","timestamp":"2026-05-05 18:29:58"}
{"level":"info","message":"OPTIONS /api/orders?page=1&limit=10 204 0 - 0.099 ms","service":"bigpharma-api","timestamp":"2026-05-05 18:29:58"}
{"level":"info","message":"GET /api/orders?page=1&limit=10 200 - - 58.451 ms","service":"bigpharma-api","timestamp":"2026-05-05 18:29:58"}
{"level":"info","message":"GET /api/orders?page=1&limit=10 200 - - 31.593 ms","service":"bigpharma-api","timestamp":"2026-05-05 18:29:59"}
{"level":"info","message":"OPTIONS /api/orders/my 204 0 - 0.162 ms","service":"bigpharma-api","timestamp":"2026-05-05 18:30:00"}
{"level":"info","message":"GET /api/orders/my 200 - - 28.001 ms","service":"bigpharma-api","timestamp":"2026-05-05 18:30:00"}
{"level":"info","message":"OPTIONS /api/orders?page=1&limit=10 204 0 - 0.115 ms","service":"bigpharma-api","timestamp":"2026-05-05 18:30:09"}
{"level":"info","message":"GET /api/orders?page=1&limit=10 200 - - 38.095 ms","service":"bigpharma-api","timestamp":"2026-05-05 18:30:09"}
{"level":"info","message":"OPTIONS /api/orders/my 204 0 - 0.109 ms","service":"bigpharma-api","timestamp":"2026-05-05 18:30:10"}
{"level":"info","message":"GET /api/orders/my 200 - - 29.923 ms","service":"bigpharma-api","timestamp":"2026-05-05 18:30:10"}
{"level":"info","message":"OPTIONS /api/orders?page=1&limit=10 204 0 - 0.096 ms","service":"bigpharma-api","timestamp":"2026-05-05 18:30:19"}
{"level":"info","message":"GET /api/orders?page=1&limit=10 304 - - 32.074 ms","service":"bigpharma-api","timestamp":"2026-05-05 18:30:19"}
{"level":"info","message":"OPTIONS /api/orders/my 204 0 - 0.126 ms","service":"bigpharma-api","timestamp":"2026-05-05 18:30:20"}
{"level":"info","message":"GET /api/orders/my 200 - - 26.965 ms","service":"bigpharma-api","timestamp":"2026-05-05 18:30:20"}
{"level":"info","message":"OPTIONS /api/orders?page=1&limit=10 204 0 - 0.065 ms","service":"bigpharma-api","timestamp":"2026-05-05 18:30:29"}
{"level":"info","message":"GET /api/orders?page=1&limit=10 304 - - 35.182 ms","service":"bigpharma-api","timestamp":"2026-05-05 18:30:29"}
{"level":"info","message":"OPTIONS /api/orders/my 204 0 - 0.092 ms","service":"bigpharma-api","timestamp":"2026-05-05 18:30:30"}
{"level":"info","message":"GET /api/orders/my 200 - - 27.197 ms","service":"bigpharma-api","timestamp":"2026-05-05 18:30:30"}
{"level":"info","message":"OPTIONS /api/orders?page=1&limit=10 204 0 - 0.123 ms","service":"bigpharma-api","timestamp":"2026-05-05 18:30:39"}
{"level":"info","message":"GET /api/orders?page=1&limit=10 304 - - 23.372 ms","service":"bigpharma-api","timestamp":"2026-05-05 18:30:39"}
{"level":"info","message":"OPTIONS /api/orders/my 204 0 - 0.165 ms","service":"bigpharma-api","timestamp":"2026-05-05 18:30:40"}
{"level":"info","message":"GET /api/orders/my 200 - - 29.285 ms","service":"bigpharma-api","timestamp":"2026-05-05 18:30:40"}
{"level":"info","message":"OPTIONS /api/orders/69fa28f0f55f33c050382162/status 204 0 - 0.105 ms","service":"bigpharma-api","timestamp":"2026-05-05 18:30:44"}
{"level":"info","message":"PUT /api/orders/69fa28f0f55f33c050382162/status 200 1009 - 99.536 ms","service":"bigpharma-api","timestamp":"2026-05-05 18:30:44"}
{"level":"info","message":"GET /api/orders?page=1&limit=10 200 - - 37.401 ms","service":"bigpharma-api","timestamp":"2026-05-05 18:30:44"}
{"level":"info","message":"OPTIONS /api/orders?page=1&limit=10 204 0 - 0.109 ms","service":"bigpharma-api","timestamp":"2026-05-05 18:30:49"}
{"level":"info","message":"GET /api/orders?page=1&limit=10 200 - - 27.739 ms","service":"bigpharma-api","timestamp":"2026-05-05 18:30:49"}
{"level":"info","message":"OPTIONS /api/orders/my 204 0 - 0.102 ms","service":"bigpharma-api","timestamp":"2026-05-05 18:30:50"}
{"level":"info","message":"GET /api/orders/my 200 - - 24.500 ms","service":"bigpharma-api","timestamp":"2026-05-05 18:30:50"}
{"level":"info","message":"OPTIONS /api/orders?page=1&limit=10 204 0 - 0.075 ms","service":"bigpharma-api","timestamp":"2026-05-05 18:30:59"}
{"level":"info","message":"GET /api/orders?page=1&limit=10 200 - - 24.631 ms","service":"bigpharma-api","timestamp":"2026-05-05 18:30:59"}
{"level":"info","message":"OPTIONS /api/orders/my 204 0 - 0.086 ms","service":"bigpharma-api","timestamp":"2026-05-05 18:31:00"}
{"level":"info","message":"GET /api/orders/my 304 - - 21.349 ms","service":"bigpharma-api","timestamp":"2026-05-05 18:31:00"}
{"level":"info","message":"OPTIONS /api/orders/my 204 0 - 0.097 ms","service":"bigpharma-api","timestamp":"2026-05-05 18:31:11"}
{"level":"info","message":"OPTIONS /api/orders?page=1&limit=10 204 0 - 0.073 ms","service":"bigpharma-api","timestamp":"2026-05-05 18:31:11"}
{"level":"info","message":"GET /api/orders/my 304 - - 38.571 ms","service":"bigpharma-api","timestamp":"2026-05-05 18:31:11"}
{"level":"info","message":"GET /api/orders?page=1&limit=10 200 - - 48.324 ms","service":"bigpharma-api","timestamp":"2026-05-05 18:31:11"}
{"level":"info","message":"OPTIONS /api/orders/my 204 0 - 0.124 ms","service":"bigpharma-api","timestamp":"2026-05-05 18:31:20"}
{"level":"info","message":"GET /api/orders/my 200 - - 33.110 ms","service":"bigpharma-api","timestamp":"2026-05-05 18:31:20"}
{"level":"info","message":"OPTIONS /api/orders/my 204 0 - 0.105 ms","service":"bigpharma-api","timestamp":"2026-05-05 18:31:30"}
{"level":"info","message":"GET /api/orders/my 200 - - 25.252 ms","service":"bigpharma-api","timestamp":"2026-05-05 18:31:30"}
{"level":"info","message":"OPTIONS /api/orders/my 204 0 - 0.086 ms","service":"bigpharma-api","timestamp":"2026-05-05 18:31:40"}
{"level":"info","message":"GET /api/orders/my 200 - - 25.184 ms","service":"bigpharma-api","timestamp":"2026-05-05 18:31:40"}
{"level":"info","message":"OPTIONS /api/orders/my 204 0 - 0.106 ms","service":"bigpharma-api","timestamp":"2026-05-05 18:31:50"}
{"level":"info","message":"GET /api/orders/my 200 - - 26.654 ms","service":"bigpharma-api","timestamp":"2026-05-05 18:31:50"}
{"level":"info","message":"OPTIONS /api/auth/me 204 0 - 0.104 ms","service":"bigpharma-api","timestamp":"2026-05-05 18:31:58"}
{"level":"info","message":"GET /api/auth/me 200 176 - 8.207 ms","service":"bigpharma-api","timestamp":"2026-05-05 18:31:58"}
{"level":"info","message":"OPTIONS /api/products 204 0 - 0.094 ms","service":"bigpharma-api","timestamp":"2026-05-05 18:31:59"}
{"level":"info","message":"OPTIONS /api/sales?page=1&limit=50 204 0 - 0.128 ms","service":"bigpharma-api","timestamp":"2026-05-05 18:31:59"}
{"level":"info","message":"OPTIONS /api/finance 204 0 - 0.185 ms","service":"bigpharma-api","timestamp":"2026-05-05 18:31:59"}
{"level":"info","message":"OPTIONS /api/clients?page=1&limit=50 204 0 - 0.132 ms","service":"bigpharma-api","timestamp":"2026-05-05 18:31:59"}
{"level":"info","message":"OPTIONS /api/activityLogs 204 0 - 0.103 ms","service":"bigpharma-api","timestamp":"2026-05-05 18:31:59"}
{"level":"info","message":"GET /api/sales?page=1&limit=50 304 - - 57.709 ms","service":"bigpharma-api","timestamp":"2026-05-05 18:31:59"}
{"level":"info","message":"GET /api/finance 200 - - 44.099 ms","service":"bigpharma-api","timestamp":"2026-05-05 18:31:59"}
{"level":"info","message":"GET /api/products 200 - - 57.084 ms","service":"bigpharma-api","timestamp":"2026-05-05 18:31:59"}
{"level":"info","message":"GET /api/activityLogs 200 - - 44.718 ms","service":"bigpharma-api","timestamp":"2026-05-05 18:31:59"}
{"level":"info","message":"GET /api/clients?page=1&limit=50 304 - - 66.268 ms","service":"bigpharma-api","timestamp":"2026-05-05 18:31:59"}
{"level":"info","message":"OPTIONS /api/orders/my 204 0 - 0.115 ms","service":"bigpharma-api","timestamp":"2026-05-05 18:32:00"}
{"level":"info","message":"GET /api/orders/my 200 - - 34.027 ms","service":"bigpharma-api","timestamp":"2026-05-05 18:32:00"}
{"level":"info","message":"OPTIONS /api/orders/my 204 0 - 0.368 ms","service":"bigpharma-api","timestamp":"2026-05-05 18:32:10"}
{"level":"info","message":"GET /api/orders/my 200 - - 26.009 ms","service":"bigpharma-api","timestamp":"2026-05-05 18:32:10"}
{"level":"info","message":"OPTIONS /api/orders/my 204 0 - 0.102 ms","service":"bigpharma-api","timestamp":"2026-05-05 18:32:20"}
{"level":"info","message":"GET /api/orders/my 200 - - 35.005 ms","service":"bigpharma-api","timestamp":"2026-05-05 18:32:20"}
{"level":"info","message":"OPTIONS /api/orders/my 204 0 - 0.158 ms","service":"bigpharma-api","timestamp":"2026-05-05 18:32:30"}
{"level":"info","message":"GET /api/orders/my 200 - - 21.164 ms","service":"bigpharma-api","timestamp":"2026-05-05 18:32:30"}
{"level":"info","message":"OPTIONS /api/orders/my 204 0 - 0.171 ms","service":"bigpharma-api","timestamp":"2026-05-05 18:32:40"}
{"level":"info","message":"GET /api/orders/my 304 - - 35.780 ms","service":"bigpharma-api","timestamp":"2026-05-05 18:32:40"}
{"level":"info","message":"OPTIONS /api/orders/my 204 0 - 0.114 ms","service":"bigpharma-api","timestamp":"2026-05-05 18:32:50"}
{"level":"info","message":"GET /api/orders/my 304 - - 20.493 ms","service":"bigpharma-api","timestamp":"2026-05-05 18:32:50"}
{"level":"info","message":"OPTIONS /api/orders/my 204 0 - 0.138 ms","service":"bigpharma-api","timestamp":"2026-05-05 18:33:00"}
{"level":"info","message":"GET /api/orders/my 200 - - 27.122 ms","service":"bigpharma-api","timestamp":"2026-05-05 18:33:00"}
{"level":"info","message":"OPTIONS /api/orders/my 204 0 - 0.088 ms","service":"bigpharma-api","timestamp":"2026-05-05 18:33:10"}
{"level":"info","message":"GET /api/orders/my 200 - - 28.226 ms","service":"bigpharma-api","timestamp":"2026-05-05 18:33:10"}
{"level":"info","message":"OPTIONS /api/orders/my 204 0 - 0.071 ms","service":"bigpharma-api","timestamp":"2026-05-05 18:33:20"}
{"level":"info","message":"GET /api/orders/my 304 - - 24.170 ms","service":"bigpharma-api","timestamp":"2026-05-05 18:33:20"}
{"level":"info","message":"OPTIONS /api/activityLogs 204 0 - 0.101 ms","service":"bigpharma-api","timestamp":"2026-05-05 18:33:25"}
{"level":"info","message":"GET /api/activityLogs 304 - - 16.825 ms","service":"bigpharma-api","timestamp":"2026-05-05 18:33:25"}
{"level":"info","message":"OPTIONS /api/orders/my 204 0 - 0.149 ms","service":"bigpharma-api","timestamp":"2026-05-05 18:33:30"}
{"level":"info","message":"GET /api/orders/my 304 - - 21.795 ms","service":"bigpharma-api","timestamp":"2026-05-05 18:33:30"}
{"level":"info","message":"OPTIONS /api/orders/my 204 0 - 0.056 ms","service":"bigpharma-api","timestamp":"2026-05-05 18:33:40"}
{"level":"info","message":"GET /api/orders/my 304 - - 17.014 ms","service":"bigpharma-api","timestamp":"2026-05-05 18:33:40"}
{"level":"info","message":"OPTIONS /api/settings/profile 204 0 - 0.107 ms","service":"bigpharma-api","timestamp":"2026-05-05 18:33:44"}
{"level":"info","message":"GET /api/settings/profile 200 318 - 5.082 ms","service":"bigpharma-api","timestamp":"2026-05-05 18:33:44"}
{"level":"info","message":"OPTIONS /api/users 204 0 - 0.214 ms","service":"bigpharma-api","timestamp":"2026-05-05 18:33:47"}
{"level":"info","message":"GET /api/users 200 - - 27.843 ms","service":"bigpharma-api","timestamp":"2026-05-05 18:33:47"}
{"level":"info","message":"OPTIONS /api/orders/my 204 0 - 0.063 ms","service":"bigpharma-api","timestamp":"2026-05-05 18:33:50"}
{"level":"info","message":"GET /api/orders/my 304 - - 20.891 ms","service":"bigpharma-api","timestamp":"2026-05-05 18:33:50"}
{"level":"info","message":"OPTIONS /api/orders/my 204 0 - 0.072 ms","service":"bigpharma-api","timestamp":"2026-05-05 18:34:00"}
{"level":"info","message":"GET /api/orders/my 304 - - 20.424 ms","service":"bigpharma-api","timestamp":"2026-05-05 18:34:00"}
{"level":"info","message":"OPTIONS /api/orders/my 204 0 - 0.111 ms","service":"bigpharma-api","timestamp":"2026-05-05 18:34:10"}
{"level":"info","message":"GET /api/orders/my 304 - - 22.825 ms","service":"bigpharma-api","timestamp":"2026-05-05 18:34:10"}
{"level":"info","message":"OPTIONS /api/orders/my 204 0 - 0.063 ms","service":"bigpharma-api","timestamp":"2026-05-05 18:34:20"}
{"level":"info","message":"GET /api/orders/my 200 - - 33.885 ms","service":"bigpharma-api","timestamp":"2026-05-05 18:34:20"}
{"level":"info","message":"OPTIONS /api/auth/login 204 0 - 0.078 ms","service":"bigpharma-api","timestamp":"2026-05-05 18:34:24"}
{"level":"info","message":"POST /api/auth/login 401 109 - 96.108 ms","service":"bigpharma-api","timestamp":"2026-05-05 18:34:24"}
{"level":"info","message":"OPTIONS /api/orders/my 204 0 - 0.060 ms","service":"bigpharma-api","timestamp":"2026-05-05 18:34:30"}
{"level":"info","message":"GET /api/orders/my 200 - - 41.635 ms","service":"bigpharma-api","timestamp":"2026-05-05 18:34:30"}
{"level":"info","message":"OPTIONS /api/orders/my 204 0 - 0.325 ms","service":"bigpharma-api","timestamp":"2026-05-05 18:34:40"}
{"level":"info","message":"GET /api/orders/my 200 - - 26.387 ms","service":"bigpharma-api","timestamp":"2026-05-05 18:34:40"}
{"level":"info","message":"OPTIONS /api/orders/my 204 0 - 0.081 ms","service":"bigpharma-api","timestamp":"2026-05-05 18:34:50"}
{"level":"info","message":"GET /api/orders/my 200 - - 17.227 ms","service":"bigpharma-api","timestamp":"2026-05-05 18:34:50"}
{"level":"info","message":"OPTIONS /api/orders/my 204 0 - 0.060 ms","service":"bigpharma-api","timestamp":"2026-05-05 18:35:00"}
{"level":"info","message":"GET /api/orders/my 200 - - 18.505 ms","service":"bigpharma-api","timestamp":"2026-05-05 18:35:00"}
{"level":"info","message":"OPTIONS /api/orders/my 204 0 - 0.163 ms","service":"bigpharma-api","timestamp":"2026-05-05 18:35:10"}
{"level":"info","message":"GET /api/orders/my 200 - - 18.970 ms","service":"bigpharma-api","timestamp":"2026-05-05 18:35:10"}
{"level":"info","message":"OPTIONS /api/orders/my 204 0 - 0.095 ms","service":"bigpharma-api","timestamp":"2026-05-05 18:35:20"}
{"level":"info","message":"GET /api/orders/my 304 - - 18.412 ms","service":"bigpharma-api","timestamp":"2026-05-05 18:35:20"}
{"level":"info","message":"OPTIONS /api/orders/my 204 0 - 0.060 ms","service":"bigpharma-api","timestamp":"2026-05-05 18:35:30"}
{"level":"info","message":"GET /api/orders/my 200 - - 22.884 ms","service":"bigpharma-api","timestamp":"2026-05-05 18:35:30"}
{"level":"info","message":"OPTIONS /api/auth/login 204 0 - 0.084 ms","service":"bigpharma-api","timestamp":"2026-05-05 18:35:37"}
{"level":"info","message":"POST /api/auth/login 200 711 - 104.822 ms","service":"bigpharma-api","timestamp":"2026-05-05 18:35:37"}
{"level":"info","message":"OPTIONS /api/products 204 0 - 0.091 ms","service":"bigpharma-api","timestamp":"2026-05-05 18:35:38"}
{"level":"info","message":"OPTIONS /api/sales?page=1&limit=50 204 0 - 0.165 ms","service":"bigpharma-api","timestamp":"2026-05-05 18:35:38"}
{"level":"info","message":"OPTIONS /api/finance 204 0 - 0.447 ms","service":"bigpharma-api","timestamp":"2026-05-05 18:35:38"}
{"level":"info","message":"OPTIONS /api/clients?page=1&limit=50 204 0 - 0.268 ms","service":"bigpharma-api","timestamp":"2026-05-05 18:35:38"}
{"level":"info","message":"OPTIONS /api/activityLogs 204 0 - 0.075 ms","service":"bigpharma-api","timestamp":"2026-05-05 18:35:38"}
{"level":"info","message":"GET /api/finance 304 - - 36.364 ms","service":"bigpharma-api","timestamp":"2026-05-05 18:35:38"}
{"level":"info","message":"GET /api/activityLogs 304 - - 44.366 ms","service":"bigpharma-api","timestamp":"2026-05-05 18:35:38"}
{"level":"info","message":"GET /api/sales?page=1&limit=50 304 - - 56.626 ms","service":"bigpharma-api","timestamp":"2026-05-05 18:35:38"}
{"level":"info","message":"GET /api/products 304 - - 57.525 ms","service":"bigpharma-api","timestamp":"2026-05-05 18:35:38"}
{"level":"info","message":"GET /api/clients?page=1&limit=50 304 - - 66.078 ms","service":"bigpharma-api","timestamp":"2026-05-05 18:35:38"}
{"level":"info","message":"OPTIONS /api/orders/my 204 0 - 0.060 ms","service":"bigpharma-api","timestamp":"2026-05-05 18:35:40"}
{"level":"info","message":"GET /api/orders/my 200 - - 26.294 ms","service":"bigpharma-api","timestamp":"2026-05-05 18:35:40"}
{"level":"info","message":"OPTIONS /api/settings/profile 204 0 - 0.109 ms","service":"bigpharma-api","timestamp":"2026-05-05 18:35:48"}
{"level":"info","message":"GET /api/settings/profile 200 232 - 4.367 ms","service":"bigpharma-api","timestamp":"2026-05-05 18:35:48"}
{"level":"info","message":"OPTIONS /api/orders/my 204 0 - 0.121 ms","service":"bigpharma-api","timestamp":"2026-05-05 18:35:50"}
{"level":"info","message":"GET /api/orders/my 200 - - 18.254 ms","service":"bigpharma-api","timestamp":"2026-05-05 18:35:50"}
{"level":"info","message":"OPTIONS /api/users 204 0 - 0.131 ms","service":"bigpharma-api","timestamp":"2026-05-05 18:35:52"}
{"level":"info","message":"GET /api/users 403 102 - 3.707 ms","service":"bigpharma-api","timestamp":"2026-05-05 18:35:52"}
{"level":"info","message":"OPTIONS /api/orders/my 204 0 - 0.055 ms","service":"bigpharma-api","timestamp":"2026-05-05 18:36:00"}
{"level":"info","message":"GET /api/orders/my 200 - - 14.586 ms","service":"bigpharma-api","timestamp":"2026-05-05 18:36:00"}
{"level":"info","message":"OPTIONS /api/QuestionsClients 204 0 - 0.098 ms","service":"bigpharma-api","timestamp":"2026-05-05 18:36:20"}
{"level":"info","message":"GET /api/QuestionsClients 200 - - 11.514 ms","service":"bigpharma-api","timestamp":"2026-05-05 18:36:20"}
{"level":"info","message":"OPTIONS /api/QuestionsClients/69f8d19ca60e7a97bfc3d3a5/messages 204 0 - 0.065 ms","service":"bigpharma-api","timestamp":"2026-05-05 18:36:31"}
{"level":"info","message":"POST /api/QuestionsClients/69f8d19ca60e7a97bfc3d3a5/messages 200 840 - 13.170 ms","service":"bigpharma-api","timestamp":"2026-05-05 18:36:31"}
{"level":"info","message":"OPTIONS /api/QuestionsClients 204 0 - 0.103 ms","service":"bigpharma-api","timestamp":"2026-05-05 18:36:42"}
{"level":"info","message":"GET /api/QuestionsClients 200 - - 7.472 ms","service":"bigpharma-api","timestamp":"2026-05-05 18:36:42"}
{"level":"info","message":"OPTIONS /api/QuestionsClients/69f8d19ca60e7a97bfc3d3a5/messages 204 0 - 0.238 ms","service":"bigpharma-api","timestamp":"2026-05-05 18:37:22"}
{"level":"info","message":"POST /api/QuestionsClients/69f8d19ca60e7a97bfc3d3a5/messages 200 - - 10.114 ms","service":"bigpharma-api","timestamp":"2026-05-05 18:37:22"}
{"level":"info","message":"OPTIONS /api/products?limit=4 204 0 - 0.093 ms","service":"bigpharma-api","timestamp":"2026-05-05 18:37:36"}
{"level":"info","message":"OPTIONS /api/products?limit=10&page=1 204 0 - 0.086 ms","service":"bigpharma-api","timestamp":"2026-05-05 18:37:36"}
{"level":"info","message":"GET /api/products?limit=4 200 - - 14.450 ms","service":"bigpharma-api","timestamp":"2026-05-05 18:37:36"}
{"level":"info","message":"GET /api/products?limit=10&page=1 200 - - 13.028 ms","service":"bigpharma-api","timestamp":"2026-05-05 18:37:36"}
{"level":"info","message":"OPTIONS /api/QuestionsClients 204 0 - 0.157 ms","service":"bigpharma-api","timestamp":"2026-05-05 18:37:40"}
{"level":"info","message":"GET /api/QuestionsClients 200 - - 17.365 ms","service":"bigpharma-api","timestamp":"2026-05-05 18:37:40"}
{"level":"info","message":"OPTIONS /api/QuestionsClients/69f8d19ca60e7a97bfc3d3a5/close 204 0 - 0.155 ms","service":"bigpharma-api","timestamp":"2026-05-05 18:37:45"}
{"level":"info","message":"PATCH /api/QuestionsClients/69f8d19ca60e7a97bfc3d3a5/close 200 - - 13.122 ms","service":"bigpharma-api","timestamp":"2026-05-05 18:37:45"}
{"level":"info","message":"OPTIONS /api/products 204 0 - 0.171 ms","service":"bigpharma-api","timestamp":"2026-05-05 18:38:30"}
{"level":"info","message":"GET /api/products 304 - - 11.902 ms","service":"bigpharma-api","timestamp":"2026-05-05 18:38:30"}
