{"level":"info","message":"Redis caching disabled (no REDIS_HOST provided)","service":"bigpharma-api","timestamp":"2026-05-22 07:33:53"}
{"level":"info","message":"OPTIONS /api/auth/login 204 0 - 1.525 ms","service":"bigpharma-api","timestamp":"2026-05-22 07:36:16"}
{"level":"info","message":"POST /api/auth/login 200 - - 226.177 ms","service":"bigpharma-api","timestamp":"2026-05-22 07:36:17"}
{"level":"info","message":"OPTIONS /api/notifications 204 0 - 0.391 ms","service":"bigpharma-api","timestamp":"2026-05-22 07:36:17"}
{"level":"info","message":"OPTIONS /api/products 204 0 - 0.416 ms","service":"bigpharma-api","timestamp":"2026-05-22 07:36:17"}
{"level":"info","message":"OPTIONS /api/sales?page=1&limit=50 204 0 - 0.534 ms","service":"bigpharma-api","timestamp":"2026-05-22 07:36:17"}
{"level":"info","message":"OPTIONS /api/finance/summary? 204 0 - 0.319 ms","service":"bigpharma-api","timestamp":"2026-05-22 07:36:17"}
{"level":"info","message":"GET /api/notifications 200 - - 85.516 ms","service":"bigpharma-api","timestamp":"2026-05-22 07:36:17"}
{"level":"info","message":"GET /api/products 200 - - 128.966 ms","service":"bigpharma-api","timestamp":"2026-05-22 07:36:17"}
{"level":"info","message":"GET /api/sales?page=1&limit=50 200 - - 194.981 ms","service":"bigpharma-api","timestamp":"2026-05-22 07:36:17"}
{"level":"info","message":"GET /api/finance/summary? 200 - - 182.445 ms","service":"bigpharma-api","timestamp":"2026-05-22 07:36:17"}
{"level":"info","message":"OPTIONS /api/auth/me 204 0 - 0.385 ms","service":"bigpharma-api","timestamp":"2026-05-22 07:42:08"}
{"level":"info","message":"GET /api/auth/me 200 936 - 16.989 ms","service":"bigpharma-api","timestamp":"2026-05-22 07:42:08"}
{"level":"info","message":"OPTIONS /api/notifications 204 0 - 0.155 ms","service":"bigpharma-api","timestamp":"2026-05-22 07:42:09"}
{"level":"info","message":"OPTIONS /api/sales?page=1&limit=50 204 0 - 0.165 ms","service":"bigpharma-api","timestamp":"2026-05-22 07:42:09"}
{"level":"info","message":"OPTIONS /api/products 204 0 - 0.300 ms","service":"bigpharma-api","timestamp":"2026-05-22 07:42:09"}
{"level":"info","message":"OPTIONS /api/finance/summary? 204 0 - 0.130 ms","service":"bigpharma-api","timestamp":"2026-05-22 07:42:09"}
{"level":"info","message":"GET /api/notifications 304 - - 46.135 ms","service":"bigpharma-api","timestamp":"2026-05-22 07:42:09"}
{"level":"info","message":"GET /api/finance/summary? 304 - - 56.029 ms","service":"bigpharma-api","timestamp":"2026-05-22 07:42:09"}
{"level":"info","message":"GET /api/sales?page=1&limit=50 304 - - 70.742 ms","service":"bigpharma-api","timestamp":"2026-05-22 07:42:09"}
{"level":"info","message":"GET /api/products 200 - - 68.188 ms","service":"bigpharma-api","timestamp":"2026-05-22 07:42:09"}
{"level":"info","message":"OPTIONS /api/auth/me 204 0 - 0.146 ms","service":"bigpharma-api","timestamp":"2026-05-22 07:43:15"}
{"level":"info","message":"GET /api/auth/me 304 - - 13.314 ms","service":"bigpharma-api","timestamp":"2026-05-22 07:43:15"}
{"level":"info","message":"OPTIONS /api/notifications 204 0 - 0.105 ms","service":"bigpharma-api","timestamp":"2026-05-22 07:43:16"}
{"level":"info","message":"OPTIONS /api/products 204 0 - 0.197 ms","service":"bigpharma-api","timestamp":"2026-05-22 07:43:16"}
{"level":"info","message":"OPTIONS /api/sales?page=1&limit=50 204 0 - 0.131 ms","service":"bigpharma-api","timestamp":"2026-05-22 07:43:16"}
{"level":"info","message":"OPTIONS /api/finance/summary? 204 0 - 0.103 ms","service":"bigpharma-api","timestamp":"2026-05-22 07:43:16"}
{"level":"info","message":"GET /api/notifications 304 - - 32.435 ms","service":"bigpharma-api","timestamp":"2026-05-22 07:43:16"}
{"level":"info","message":"GET /api/finance/summary? 304 - - 42.495 ms","service":"bigpharma-api","timestamp":"2026-05-22 07:43:16"}
{"level":"info","message":"GET /api/sales?page=1&limit=50 304 - - 50.685 ms","service":"bigpharma-api","timestamp":"2026-05-22 07:43:16"}
{"level":"info","message":"GET /api/products 200 - - 50.504 ms","service":"bigpharma-api","timestamp":"2026-05-22 07:43:16"}
{"level":"info","message":"OPTIONS /api/auth/me 204 0 - 0.116 ms","service":"bigpharma-api","timestamp":"2026-05-22 08:00:47"}
{"level":"info","message":"GET /api/auth/me 401 115 - 1.796 ms","service":"bigpharma-api","timestamp":"2026-05-22 08:00:47"}
{"level":"info","message":"OPTIONS /api/auth/login 204 0 - 0.059 ms","service":"bigpharma-api","timestamp":"2026-05-22 08:01:13"}
{"level":"info","message":"POST /api/auth/login 200 - - 112.526 ms","service":"bigpharma-api","timestamp":"2026-05-22 08:01:13"}
{"level":"info","message":"OPTIONS /api/notifications 204 0 - 0.187 ms","service":"bigpharma-api","timestamp":"2026-05-22 08:01:13"}
{"level":"info","message":"OPTIONS /api/products 204 0 - 0.092 ms","service":"bigpharma-api","timestamp":"2026-05-22 08:01:13"}
{"level":"info","message":"OPTIONS /api/sales?page=1&limit=50 204 0 - 0.110 ms","service":"bigpharma-api","timestamp":"2026-05-22 08:01:13"}
{"level":"info","message":"OPTIONS /api/finance/summary? 204 0 - 0.168 ms","service":"bigpharma-api","timestamp":"2026-05-22 08:01:13"}
{"level":"info","message":"GET /api/finance/summary? 304 - - 74.097 ms","service":"bigpharma-api","timestamp":"2026-05-22 08:01:14"}
{"level":"info","message":"GET /api/notifications 200 - - 51.011 ms","service":"bigpharma-api","timestamp":"2026-05-22 08:01:14"}
{"level":"info","message":"GET /api/sales?page=1&limit=50 304 - - 91.340 ms","service":"bigpharma-api","timestamp":"2026-05-22 08:01:14"}
{"level":"info","message":"GET /api/products 200 - - 91.999 ms","service":"bigpharma-api","timestamp":"2026-05-22 08:01:14"}
{"level":"info","message":"OPTIONS /api/auth/me 204 0 - 0.142 ms","service":"bigpharma-api","timestamp":"2026-05-22 08:04:07"}
{"level":"info","message":"GET /api/auth/me 200 936 - 8.866 ms","service":"bigpharma-api","timestamp":"2026-05-22 08:04:07"}
{"level":"info","message":"OPTIONS /api/notifications 204 0 - 0.086 ms","service":"bigpharma-api","timestamp":"2026-05-22 08:04:08"}
{"level":"info","message":"OPTIONS /api/products 204 0 - 0.195 ms","service":"bigpharma-api","timestamp":"2026-05-22 08:04:08"}
{"level":"info","message":"OPTIONS /api/sales?page=1&limit=50 204 0 - 0.123 ms","service":"bigpharma-api","timestamp":"2026-05-22 08:04:08"}
{"level":"info","message":"OPTIONS /api/finance/summary? 204 0 - 0.118 ms","service":"bigpharma-api","timestamp":"2026-05-22 08:04:08"}
{"level":"info","message":"GET /api/notifications 304 - - 39.941 ms","service":"bigpharma-api","timestamp":"2026-05-22 08:04:08"}
{"level":"info","message":"GET /api/finance/summary? 304 - - 46.392 ms","service":"bigpharma-api","timestamp":"2026-05-22 08:04:08"}
{"level":"info","message":"GET /api/sales?page=1&limit=50 304 - - 55.226 ms","service":"bigpharma-api","timestamp":"2026-05-22 08:04:08"}
{"level":"info","message":"GET /api/products 200 - - 59.489 ms","service":"bigpharma-api","timestamp":"2026-05-22 08:04:08"}
{"level":"info","message":"OPTIONS /api/auth/login 204 0 - 0.098 ms","service":"bigpharma-api","timestamp":"2026-05-22 08:04:34"}
{"level":"info","message":"POST /api/auth/login 200 - - 94.970 ms","service":"bigpharma-api","timestamp":"2026-05-22 08:04:34"}
{"level":"info","message":"OPTIONS /api/auth/me 204 0 - 0.145 ms","service":"bigpharma-api","timestamp":"2026-05-22 08:11:48"}
{"level":"info","message":"GET /api/auth/me 200 936 - 10.297 ms","service":"bigpharma-api","timestamp":"2026-05-22 08:11:49"}
{"level":"info","message":"OPTIONS /api/notifications 204 0 - 0.097 ms","service":"bigpharma-api","timestamp":"2026-05-22 08:11:49"}
{"level":"info","message":"OPTIONS /api/products 204 0 - 0.131 ms","service":"bigpharma-api","timestamp":"2026-05-22 08:11:49"}
{"level":"info","message":"OPTIONS /api/sales?page=1&limit=50 204 0 - 0.137 ms","service":"bigpharma-api","timestamp":"2026-05-22 08:11:49"}
{"level":"info","message":"OPTIONS /api/finance/summary? 204 0 - 0.108 ms","service":"bigpharma-api","timestamp":"2026-05-22 08:11:49"}
{"level":"info","message":"GET /api/notifications 304 - - 29.518 ms","service":"bigpharma-api","timestamp":"2026-05-22 08:11:49"}
{"level":"info","message":"GET /api/finance/summary? 304 - - 34.683 ms","service":"bigpharma-api","timestamp":"2026-05-22 08:11:49"}
{"level":"info","message":"GET /api/sales?page=1&limit=50 304 - - 43.534 ms","service":"bigpharma-api","timestamp":"2026-05-22 08:11:49"}
{"level":"info","message":"GET /api/products 200 - - 49.371 ms","service":"bigpharma-api","timestamp":"2026-05-22 08:11:49"}
{"level":"info","message":"OPTIONS /api/orders?page=1&limit=10 204 0 - 0.081 ms","service":"bigpharma-api","timestamp":"2026-05-22 08:31:30"}
{"level":"info","message":"GET /api/orders?page=1&limit=10 401 115 - 2.249 ms","service":"bigpharma-api","timestamp":"2026-05-22 08:31:30"}
{"level":"info","message":"OPTIONS /api/auth/login 204 0 - 0.081 ms","service":"bigpharma-api","timestamp":"2026-05-22 08:33:23"}
{"level":"info","message":"POST /api/auth/login 200 - - 104.674 ms","service":"bigpharma-api","timestamp":"2026-05-22 08:33:23"}
{"level":"info","message":"OPTIONS /api/notifications 204 0 - 0.104 ms","service":"bigpharma-api","timestamp":"2026-05-22 08:33:23"}
{"level":"info","message":"OPTIONS /api/sales?page=1&limit=50 204 0 - 0.108 ms","service":"bigpharma-api","timestamp":"2026-05-22 08:33:23"}
{"level":"info","message":"OPTIONS /api/products 204 0 - 0.132 ms","service":"bigpharma-api","timestamp":"2026-05-22 08:33:23"}
{"level":"info","message":"OPTIONS /api/finance/summary? 204 0 - 0.138 ms","service":"bigpharma-api","timestamp":"2026-05-22 08:33:23"}
{"level":"info","message":"GET /api/notifications 200 - - 35.153 ms","service":"bigpharma-api","timestamp":"2026-05-22 08:33:23"}
{"level":"info","message":"GET /api/sales?page=1&limit=50 200 - - 46.872 ms","service":"bigpharma-api","timestamp":"2026-05-22 08:33:23"}
{"level":"info","message":"GET /api/products 200 - - 70.872 ms","service":"bigpharma-api","timestamp":"2026-05-22 08:33:23"}
{"level":"info","message":"GET /api/finance/summary? 200 - - 59.454 ms","service":"bigpharma-api","timestamp":"2026-05-22 08:33:23"}
{"level":"info","message":"OPTIONS /api/orders?page=1&limit=10 204 0 - 0.102 ms","service":"bigpharma-api","timestamp":"2026-05-22 08:33:28"}
{"level":"info","message":"GET /api/orders?page=1&limit=10 200 - - 108.231 ms","service":"bigpharma-api","timestamp":"2026-05-22 08:33:28"}
{"level":"info","message":"OPTIONS /api/orders/6a0b342818266dd1df537b66 204 0 - 0.122 ms","service":"bigpharma-api","timestamp":"2026-05-22 08:33:37"}
{"level":"info","message":"GET /api/orders/6a0b342818266dd1df537b66 200 - - 59.595 ms","service":"bigpharma-api","timestamp":"2026-05-22 08:33:37"}
{"level":"info","message":"OPTIONS /api/orders/6a076f3be9a373bf37e19e12 204 0 - 0.245 ms","service":"bigpharma-api","timestamp":"2026-05-22 08:51:46"}
{"level":"info","message":"GET /api/orders/6a076f3be9a373bf37e19e12 401 115 - 3.709 ms","service":"bigpharma-api","timestamp":"2026-05-22 08:51:46"}
{"level":"info","message":"OPTIONS /api/orders/6a076f3be9a373bf37e19e12/invoice 204 0 - 0.219 ms","service":"bigpharma-api","timestamp":"2026-05-22 08:51:46"}
{"level":"info","message":"GET /api/orders/6a076f3be9a373bf37e19e12/invoice 401 115 - 2.784 ms","service":"bigpharma-api","timestamp":"2026-05-22 08:51:46"}
{"level":"info","message":"OPTIONS /api/auth/login 204 0 - 0.200 ms","service":"bigpharma-api","timestamp":"2026-05-22 08:56:56"}
{"level":"info","message":"POST /api/auth/login 200 - - 212.212 ms","service":"bigpharma-api","timestamp":"2026-05-22 08:56:56"}
{"level":"info","message":"OPTIONS /api/notifications 204 0 - 0.300 ms","service":"bigpharma-api","timestamp":"2026-05-22 08:56:57"}
{"level":"info","message":"OPTIONS /api/sales?page=1&limit=50 204 0 - 0.184 ms","service":"bigpharma-api","timestamp":"2026-05-22 08:56:57"}
{"level":"info","message":"OPTIONS /api/products 204 0 - 0.310 ms","service":"bigpharma-api","timestamp":"2026-05-22 08:56:57"}
{"level":"info","message":"OPTIONS /api/finance/summary? 204 0 - 0.467 ms","service":"bigpharma-api","timestamp":"2026-05-22 08:56:57"}
{"level":"info","message":"GET /api/notifications 200 - - 678.948 ms","service":"bigpharma-api","timestamp":"2026-05-22 08:56:58"}
{"level":"info","message":"GET /api/finance/summary? 200 - - 669.766 ms","service":"bigpharma-api","timestamp":"2026-05-22 08:56:58"}
{"level":"info","message":"GET /api/sales?page=1&limit=50 200 - - 813.285 ms","service":"bigpharma-api","timestamp":"2026-05-22 08:56:58"}
{"level":"info","message":"GET /api/products 200 - - 741.721 ms","service":"bigpharma-api","timestamp":"2026-05-22 08:56:58"}
{"level":"info","message":"OPTIONS /api/orders?page=1&limit=10 204 0 - 0.143 ms","service":"bigpharma-api","timestamp":"2026-05-22 08:57:02"}
{"level":"info","message":"GET /api/orders?page=1&limit=10 200 - - 411.969 ms","service":"bigpharma-api","timestamp":"2026-05-22 08:57:02"}
{"level":"info","message":"OPTIONS /api/orders/6a0b342818266dd1df537b66 204 0 - 0.448 ms","service":"bigpharma-api","timestamp":"2026-05-22 08:57:53"}
{"level":"info","message":"GET /api/orders/6a0b342818266dd1df537b66 200 - - 47.594 ms","service":"bigpharma-api","timestamp":"2026-05-22 08:57:53"}
{"level":"info","message":"OPTIONS /api/orders/6a0b342818266dd1df537b66/invoice 204 0 - 0.439 ms","service":"bigpharma-api","timestamp":"2026-05-22 08:57:54"}
{"level":"info","message":"GET /api/orders/6a0b342818266dd1df537b66/invoice 404 144 - 75.148 ms","service":"bigpharma-api","timestamp":"2026-05-22 08:57:54"}
{"level":"info","message":"OPTIONS /api/orders/6a076f3be9a373bf37e19e12 204 0 - 0.313 ms","service":"bigpharma-api","timestamp":"2026-05-22 08:58:06"}
{"level":"info","message":"GET /api/orders/6a076f3be9a373bf37e19e12 200 - - 189.014 ms","service":"bigpharma-api","timestamp":"2026-05-22 08:58:06"}
{"level":"info","message":"OPTIONS /api/orders/6a076f3be9a373bf37e19e12/invoice 204 0 - 0.400 ms","service":"bigpharma-api","timestamp":"2026-05-22 08:58:06"}
{"level":"info","message":"GET /api/orders/6a076f3be9a373bf37e19e12/invoice 200 723 - 295.917 ms","service":"bigpharma-api","timestamp":"2026-05-22 08:58:07"}
{"level":"info","message":"OPTIONS /api/clients?page=1&limit=50 204 0 - 0.212 ms","service":"bigpharma-api","timestamp":"2026-05-22 08:58:30"}
{"level":"info","message":"GET /api/clients?page=1&limit=50 200 - - 159.095 ms","service":"bigpharma-api","timestamp":"2026-05-22 08:58:30"}
{"level":"info","message":"OPTIONS /api/orders?page=1&limit=10 204 0 - 0.190 ms","service":"bigpharma-api","timestamp":"2026-05-22 08:59:04"}
{"level":"info","message":"GET /api/orders?page=1&limit=10 200 - - 246.550 ms","service":"bigpharma-api","timestamp":"2026-05-22 08:59:04"}
{"level":"info","message":"OPTIONS /api/QuestionsClients 204 0 - 2.084 ms","service":"bigpharma-api","timestamp":"2026-05-22 08:59:27"}
{"level":"info","message":"OPTIONS /api/reviews 204 0 - 0.144 ms","service":"bigpharma-api","timestamp":"2026-05-22 08:59:27"}
{"level":"info","message":"OPTIONS /api/complaints 204 0 - 4.549 ms","service":"bigpharma-api","timestamp":"2026-05-22 08:59:27"}
{"level":"info","message":"GET /api/reviews 200 26 - 1553.087 ms","service":"bigpharma-api","timestamp":"2026-05-22 08:59:29"}
{"level":"info","message":"GET /api/complaints 200 26 - 1813.104 ms","service":"bigpharma-api","timestamp":"2026-05-22 08:59:29"}
{"level":"info","message":"GET /api/QuestionsClients 200 - - 2378.950 ms","service":"bigpharma-api","timestamp":"2026-05-22 08:59:30"}
{"level":"info","message":"OPTIONS /api/finance/summary? 204 0 - 0.319 ms","service":"bigpharma-api","timestamp":"2026-05-22 08:59:34"}
{"level":"info","message":"GET /api/finance/summary? 304 - - 77.527 ms","service":"bigpharma-api","timestamp":"2026-05-22 08:59:34"}
{"level":"info","message":"OPTIONS /api/auth/login 204 0 - 0.285 ms","service":"bigpharma-api","timestamp":"2026-05-22 09:07:27"}
{"level":"info","message":"POST /api/auth/login 401 120 - 530.543 ms","service":"bigpharma-api","timestamp":"2026-05-22 09:07:28"}
{"level":"info","message":"OPTIONS /api/auth/login 204 0 - 1.089 ms","service":"bigpharma-api","timestamp":"2026-05-22 09:07:32"}
{"level":"info","message":"POST /api/auth/login 200 - - 1867.310 ms","service":"bigpharma-api","timestamp":"2026-05-22 09:07:34"}
{"level":"info","message":"OPTIONS /api/notifications 204 0 - 0.319 ms","service":"bigpharma-api","timestamp":"2026-05-22 09:07:35"}
{"level":"info","message":"OPTIONS /api/products?limit=10&page=1 204 0 - 0.276 ms","service":"bigpharma-api","timestamp":"2026-05-22 09:07:35"}
{"level":"info","message":"OPTIONS /api/products?limit=4 204 0 - 0.435 ms","service":"bigpharma-api","timestamp":"2026-05-22 09:07:35"}
{"level":"info","message":"GET /api/products?limit=10&page=1 200 - - 187.362 ms","service":"bigpharma-api","timestamp":"2026-05-22 09:07:35"}
{"level":"info","message":"GET /api/notifications 200 - - 180.486 ms","service":"bigpharma-api","timestamp":"2026-05-22 09:07:35"}
{"level":"info","message":"GET /api/products?limit=4 200 - - 122.877 ms","service":"bigpharma-api","timestamp":"2026-05-22 09:07:35"}
{"level":"info","message":"OPTIONS /api/reviews/product/6a09db295e646783e7c46162 204 0 - 0.479 ms","service":"bigpharma-api","timestamp":"2026-05-22 09:07:55"}
{"level":"info","message":"GET /api/reviews/product/6a09db295e646783e7c46162 200 126 - 23.313 ms","service":"bigpharma-api","timestamp":"2026-05-22 09:07:55"}
{"level":"info","message":"OPTIONS /api/reviews/product/6a09da645e646783e7c46045 204 0 - 0.142 ms","service":"bigpharma-api","timestamp":"2026-05-22 09:08:01"}
{"level":"info","message":"GET /api/reviews/product/6a09da645e646783e7c46045 200 126 - 7.438 ms","service":"bigpharma-api","timestamp":"2026-05-22 09:08:01"}
{"level":"info","message":"OPTIONS /api/reviews/product/6a0768fe770f5ff0925788f5 204 0 - 0.421 ms","service":"bigpharma-api","timestamp":"2026-05-22 09:08:03"}
{"level":"info","message":"GET /api/reviews/product/6a0768fe770f5ff0925788f5 200 126 - 12.856 ms","service":"bigpharma-api","timestamp":"2026-05-22 09:08:03"}
{"level":"info","message":"OPTIONS /api/reviews/product/6a07444d96ac0d223d861dc3 204 0 - 0.215 ms","service":"bigpharma-api","timestamp":"2026-05-22 09:08:06"}
{"level":"info","message":"GET /api/reviews/product/6a07444d96ac0d223d861dc3 200 126 - 7.327 ms","service":"bigpharma-api","timestamp":"2026-05-22 09:08:06"}
{"level":"info","message":"OPTIONS /api/reviews/product/6a09db295e646783e7c46162 204 0 - 0.190 ms","service":"bigpharma-api","timestamp":"2026-05-22 09:08:12"}
{"level":"info","message":"GET /api/reviews/product/6a09db295e646783e7c46162 304 - - 5.432 ms","service":"bigpharma-api","timestamp":"2026-05-22 09:08:12"}
{"level":"info","message":"OPTIONS /api/invoices/my 204 0 - 0.361 ms","service":"bigpharma-api","timestamp":"2026-05-22 09:16:20"}
{"level":"info","message":"OPTIONS /api/auth/me 204 0 - 1.210 ms","service":"bigpharma-api","timestamp":"2026-05-22 09:16:20"}
{"level":"info","message":"GET /api/invoices/my 200 790 - 87.565 ms","service":"bigpharma-api","timestamp":"2026-05-22 09:16:20"}
{"level":"info","message":"GET /api/auth/me 200 944 - 48.926 ms","service":"bigpharma-api","timestamp":"2026-05-22 09:16:20"}
{"level":"info","message":"OPTIONS /api/invoices/6a076fede9a373bf37e19f10/pdf 204 0 - 1.063 ms","service":"bigpharma-api","timestamp":"2026-05-22 09:16:35"}
{"level":"info","message":"GET /api/invoices/6a076fede9a373bf37e19f10/pdf 200 1922 - 2283.039 ms","service":"bigpharma-api","timestamp":"2026-05-22 09:16:37"}
{"level":"info","message":"OPTIONS /api/auth/login 204 0 - 0.196 ms","service":"bigpharma-api","timestamp":"2026-05-22 09:29:24"}
{"level":"info","message":"POST /api/auth/login 401 120 - 8.550 ms","service":"bigpharma-api","timestamp":"2026-05-22 09:29:24"}
{"level":"info","message":"OPTIONS /api/auth/login 204 0 - 0.718 ms","service":"bigpharma-api","timestamp":"2026-05-22 09:29:31"}
{"level":"info","message":"POST /api/auth/login 200 - - 480.757 ms","service":"bigpharma-api","timestamp":"2026-05-22 09:29:31"}
{"level":"info","message":"OPTIONS /api/products?limit=4 204 0 - 0.358 ms","service":"bigpharma-api","timestamp":"2026-05-22 09:29:32"}
{"level":"info","message":"OPTIONS /api/products?limit=10&page=1 204 0 - 0.440 ms","service":"bigpharma-api","timestamp":"2026-05-22 09:29:32"}
{"level":"info","message":"GET /api/products?limit=4 304 - - 48.755 ms","service":"bigpharma-api","timestamp":"2026-05-22 09:29:32"}
{"level":"info","message":"GET /api/products?limit=10&page=1 200 - - 54.703 ms","service":"bigpharma-api","timestamp":"2026-05-22 09:29:32"}
{"level":"info","message":"OPTIONS /api/products 204 0 - 0.160 ms","service":"bigpharma-api","timestamp":"2026-05-22 09:29:58"}
{"level":"info","message":"GET /api/products 200 - - 40.696 ms","service":"bigpharma-api","timestamp":"2026-05-22 09:29:58"}
{"level":"info","message":"OPTIONS /api/products?limit=10&page=1&search=b 204 0 - 0.788 ms","service":"bigpharma-api","timestamp":"2026-05-22 09:30:23"}
{"level":"info","message":"OPTIONS /api/products?limit=4&search=b 204 0 - 0.733 ms","service":"bigpharma-api","timestamp":"2026-05-22 09:30:23"}
{"level":"info","message":"GET /api/products?limit=10&page=1&search=b 200 880 - 52.157 ms","service":"bigpharma-api","timestamp":"2026-05-22 09:30:23"}
{"level":"info","message":"GET /api/products?limit=4&search=b 200 879 - 39.362 ms","service":"bigpharma-api","timestamp":"2026-05-22 09:30:23"}
{"level":"info","message":"OPTIONS /api/products?limit=4 204 0 - 0.349 ms","service":"bigpharma-api","timestamp":"2026-05-22 09:30:26"}
{"level":"info","message":"OPTIONS /api/products?limit=10&page=1 204 0 - 0.292 ms","service":"bigpharma-api","timestamp":"2026-05-22 09:30:26"}
{"level":"info","message":"GET /api/products?limit=10&page=1 200 - - 1853.478 ms","service":"bigpharma-api","timestamp":"2026-05-22 09:30:28"}
{"level":"info","message":"GET /api/products?limit=4 304 - - 2224.257 ms","service":"bigpharma-api","timestamp":"2026-05-22 09:30:28"}
{"level":"info","message":"OPTIONS /api/products/69e36197d74117580fd1e32c 204 0 - 0.301 ms","service":"bigpharma-api","timestamp":"2026-05-22 09:31:22"}
{"level":"info","message":"PUT /api/products/69e36197d74117580fd1e32c 401 115 - 26.107 ms","service":"bigpharma-api","timestamp":"2026-05-22 09:31:23"}
{"level":"info","message":"OPTIONS /api/products/69e36197d74117580fd1e32c 204 0 - 0.283 ms","service":"bigpharma-api","timestamp":"2026-05-22 09:31:52"}
{"level":"info","message":"PUT /api/products/69e36197d74117580fd1e32c 401 115 - 9.124 ms","service":"bigpharma-api","timestamp":"2026-05-22 09:31:52"}
{"level":"info","message":"OPTIONS /api/auth/login 204 0 - 0.166 ms","service":"bigpharma-api","timestamp":"2026-05-22 09:38:25"}
{"level":"info","message":"POST /api/auth/login 200 - - 112.924 ms","service":"bigpharma-api","timestamp":"2026-05-22 09:38:25"}
{"level":"info","message":"OPTIONS /api/products 204 0 - 0.146 ms","service":"bigpharma-api","timestamp":"2026-05-22 09:38:25"}
{"level":"info","message":"OPTIONS /api/finance/summary? 204 0 - 0.134 ms","service":"bigpharma-api","timestamp":"2026-05-22 09:38:25"}
{"level":"info","message":"OPTIONS /api/sales?page=1&limit=50 204 0 - 0.290 ms","service":"bigpharma-api","timestamp":"2026-05-22 09:38:25"}
{"level":"info","message":"GET /api/finance/summary? 304 - - 31.609 ms","service":"bigpharma-api","timestamp":"2026-05-22 09:38:25"}
{"level":"info","message":"GET /api/sales?page=1&limit=50 304 - - 28.793 ms","service":"bigpharma-api","timestamp":"2026-05-22 09:38:25"}
{"level":"info","message":"GET /api/products 200 - - 33.197 ms","service":"bigpharma-api","timestamp":"2026-05-22 09:38:25"}
{"level":"info","message":"OPTIONS /api/products/69e36197d74117580fd1e32c 204 0 - 0.114 ms","service":"bigpharma-api","timestamp":"2026-05-22 09:38:49"}
{"level":"info","message":"PUT /api/products/69e36197d74117580fd1e32c 200 767 - 124.678 ms","service":"bigpharma-api","timestamp":"2026-05-22 09:38:49"}
{"level":"info","message":"OPTIONS /api/products 204 0 - 0.170 ms","service":"bigpharma-api","timestamp":"2026-05-22 09:38:49"}
{"level":"info","message":"GET /api/products 200 - - 14.284 ms","service":"bigpharma-api","timestamp":"2026-05-22 09:38:49"}
{"level":"info","message":"OPTIONS /api/orders?page=1&limit=10 204 0 - 0.206 ms","service":"bigpharma-api","timestamp":"2026-05-22 09:39:38"}
{"level":"info","message":"GET /api/orders?page=1&limit=10 304 - - 50.609 ms","service":"bigpharma-api","timestamp":"2026-05-22 09:39:38"}
{"level":"info","message":"OPTIONS /api/sales 204 0 - 0.101 ms","service":"bigpharma-api","timestamp":"2026-05-22 09:40:05"}
{"level":"info","message":"POST /api/sales 201 667 - 340.771 ms","service":"bigpharma-api","timestamp":"2026-05-22 09:40:06"}
{"level":"info","message":"OPTIONS /api/activityLogs 204 0 - 0.112 ms","service":"bigpharma-api","timestamp":"2026-05-22 09:40:06"}
{"level":"info","message":"POST /api/activityLogs 404 92 - 6.532 ms","service":"bigpharma-api","timestamp":"2026-05-22 09:40:06"}
{"level":"info","message":"OPTIONS /api/auth/me 204 0 - 0.122 ms","service":"bigpharma-api","timestamp":"2026-05-22 09:40:34"}
{"level":"info","message":"GET /api/auth/me 200 944 - 10.393 ms","service":"bigpharma-api","timestamp":"2026-05-22 09:40:34"}
{"level":"info","message":"OPTIONS /api/notifications 204 0 - 0.190 ms","service":"bigpharma-api","timestamp":"2026-05-22 09:40:35"}
{"level":"info","message":"OPTIONS /api/products?limit=4 204 0 - 0.136 ms","service":"bigpharma-api","timestamp":"2026-05-22 09:40:35"}
{"level":"info","message":"OPTIONS /api/products?limit=10&page=1 204 0 - 0.190 ms","service":"bigpharma-api","timestamp":"2026-05-22 09:40:35"}
{"level":"info","message":"GET /api/notifications 304 - - 16.902 ms","service":"bigpharma-api","timestamp":"2026-05-22 09:40:35"}
{"level":"info","message":"GET /api/products?limit=4 304 - - 24.702 ms","service":"bigpharma-api","timestamp":"2026-05-22 09:40:35"}
{"level":"info","message":"GET /api/products?limit=10&page=1 200 - - 22.967 ms","service":"bigpharma-api","timestamp":"2026-05-22 09:40:35"}
{"level":"info","message":"OPTIONS /api/products?limit=4&search=C 204 0 - 0.118 ms","service":"bigpharma-api","timestamp":"2026-05-22 09:40:39"}
{"level":"info","message":"OPTIONS /api/products?limit=10&page=1&search=C 204 0 - 0.113 ms","service":"bigpharma-api","timestamp":"2026-05-22 09:40:39"}
{"level":"info","message":"GET /api/products?limit=4&search=C 200 876 - 16.601 ms","service":"bigpharma-api","timestamp":"2026-05-22 09:40:39"}
{"level":"info","message":"GET /api/products?limit=10&page=1&search=C 200 877 - 15.309 ms","service":"bigpharma-api","timestamp":"2026-05-22 09:40:39"}
{"level":"info","message":"OPTIONS /api/products?limit=4 204 0 - 0.181 ms","service":"bigpharma-api","timestamp":"2026-05-22 09:40:44"}
{"level":"info","message":"OPTIONS /api/products?limit=10&page=1 204 0 - 0.096 ms","service":"bigpharma-api","timestamp":"2026-05-22 09:40:44"}
{"level":"info","message":"GET /api/products?limit=4 304 - - 21.329 ms","service":"bigpharma-api","timestamp":"2026-05-22 09:40:44"}
{"level":"info","message":"GET /api/products?limit=10&page=1 200 - - 20.666 ms","service":"bigpharma-api","timestamp":"2026-05-22 09:40:44"}
{"level":"info","message":"OPTIONS /api/reviews/product/69e36197d74117580fd1e32c 204 0 - 0.104 ms","service":"bigpharma-api","timestamp":"2026-05-22 09:43:32"}
{"level":"info","message":"GET /api/reviews/product/69e36197d74117580fd1e32c 200 126 - 8.200 ms","service":"bigpharma-api","timestamp":"2026-05-22 09:43:32"}
{"level":"info","message":"OPTIONS /api/products 204 0 - 0.129 ms","service":"bigpharma-api","timestamp":"2026-05-22 09:43:44"}
{"level":"info","message":"GET /api/products 200 - - 18.713 ms","service":"bigpharma-api","timestamp":"2026-05-22 09:43:44"}
{"level":"info","message":"OPTIONS /api/auth/login 204 0 - 1.602 ms","service":"bigpharma-api","timestamp":"2026-05-22 14:24:41"}
{"level":"info","message":"POST /api/auth/login 200 - - 132.475 ms","service":"bigpharma-api","timestamp":"2026-05-22 14:24:42"}
{"level":"info","message":"OPTIONS /api/notifications 204 0 - 0.162 ms","service":"bigpharma-api","timestamp":"2026-05-22 14:24:42"}
{"level":"info","message":"OPTIONS /api/products 204 0 - 0.135 ms","service":"bigpharma-api","timestamp":"2026-05-22 14:24:42"}
{"level":"info","message":"OPTIONS /api/sales?page=1&limit=50 204 0 - 0.173 ms","service":"bigpharma-api","timestamp":"2026-05-22 14:24:42"}
{"level":"info","message":"OPTIONS /api/finance/summary? 204 0 - 0.120 ms","service":"bigpharma-api","timestamp":"2026-05-22 14:24:42"}
{"level":"info","message":"GET /api/notifications 200 - - 28.497 ms","service":"bigpharma-api","timestamp":"2026-05-22 14:24:42"}
{"level":"info","message":"GET /api/sales?page=1&limit=50 200 - - 46.410 ms","service":"bigpharma-api","timestamp":"2026-05-22 14:24:42"}
{"level":"info","message":"GET /api/products 200 - - 66.468 ms","service":"bigpharma-api","timestamp":"2026-05-22 14:24:42"}
{"level":"info","message":"GET /api/finance/summary? 200 - - 61.260 ms","service":"bigpharma-api","timestamp":"2026-05-22 14:24:42"}
{"level":"info","message":"OPTIONS /api/products/6a09db295e646783e7c46162 204 0 - 0.097 ms","service":"bigpharma-api","timestamp":"2026-05-22 14:26:25"}
{"level":"info","message":"DELETE /api/products/6a09db295e646783e7c46162 200 68 - 17.776 ms","service":"bigpharma-api","timestamp":"2026-05-22 14:26:25"}
{"level":"info","message":"OPTIONS /api/products 204 0 - 0.091 ms","service":"bigpharma-api","timestamp":"2026-05-22 14:26:25"}
{"level":"info","message":"GET /api/products 200 - - 15.827 ms","service":"bigpharma-api","timestamp":"2026-05-22 14:26:25"}
{"level":"info","message":"OPTIONS /api/activityLogs 204 0 - 0.266 ms","service":"bigpharma-api","timestamp":"2026-05-22 14:26:25"}
{"level":"info","message":"OPTIONS /api/products/6a09da645e646783e7c46045 204 0 - 0.113 ms","service":"bigpharma-api","timestamp":"2026-05-22 14:26:25"}
{"level":"info","message":"POST /api/activityLogs 404 92 - 6.421 ms","service":"bigpharma-api","timestamp":"2026-05-22 14:26:25"}
{"level":"info","message":"DELETE /api/products/6a09da645e646783e7c46045 200 68 - 11.612 ms","service":"bigpharma-api","timestamp":"2026-05-22 14:26:25"}
{"level":"info","message":"GET /api/products 200 - - 10.683 ms","service":"bigpharma-api","timestamp":"2026-05-22 14:26:25"}
{"level":"info","message":"OPTIONS /api/products/69e35eb2d74117580fd1e266 204 0 - 0.128 ms","service":"bigpharma-api","timestamp":"2026-05-22 14:26:25"}
{"level":"info","message":"POST /api/activityLogs 404 92 - 7.708 ms","service":"bigpharma-api","timestamp":"2026-05-22 14:26:25"}
{"level":"info","message":"DELETE /api/products/69e35eb2d74117580fd1e266 200 68 - 16.753 ms","service":"bigpharma-api","timestamp":"2026-05-22 14:26:25"}
{"level":"info","message":"GET /api/products 200 - - 17.948 ms","service":"bigpharma-api","timestamp":"2026-05-22 14:26:25"}
{"level":"info","message":"OPTIONS /api/products/69e36197d74117580fd1e32c 204 0 - 0.176 ms","service":"bigpharma-api","timestamp":"2026-05-22 14:26:25"}
{"level":"info","message":"POST /api/activityLogs 404 92 - 11.620 ms","service":"bigpharma-api","timestamp":"2026-05-22 14:26:25"}
{"level":"info","message":"DELETE /api/products/69e36197d74117580fd1e32c 200 68 - 14.057 ms","service":"bigpharma-api","timestamp":"2026-05-22 14:26:25"}
{"level":"info","message":"GET /api/products 200 - - 13.814 ms","service":"bigpharma-api","timestamp":"2026-05-22 14:26:25"}
{"level":"info","message":"OPTIONS /api/products/69f845079dedc9e218c7cc34 204 0 - 0.149 ms","service":"bigpharma-api","timestamp":"2026-05-22 14:26:25"}
{"level":"info","message":"POST /api/activityLogs 404 92 - 12.010 ms","service":"bigpharma-api","timestamp":"2026-05-22 14:26:25"}
{"level":"info","message":"DELETE /api/products/69f845079dedc9e218c7cc34 200 68 - 12.336 ms","service":"bigpharma-api","timestamp":"2026-05-22 14:26:25"}
{"level":"info","message":"GET /api/products 200 - - 14.634 ms","service":"bigpharma-api","timestamp":"2026-05-22 14:26:25"}
{"level":"info","message":"OPTIONS /api/products/6a0768fe770f5ff0925788f5 204 0 - 0.094 ms","service":"bigpharma-api","timestamp":"2026-05-22 14:26:25"}
{"level":"info","message":"POST /api/activityLogs 404 92 - 9.868 ms","service":"bigpharma-api","timestamp":"2026-05-22 14:26:25"}
{"level":"info","message":"DELETE /api/products/6a0768fe770f5ff0925788f5 200 68 - 12.236 ms","service":"bigpharma-api","timestamp":"2026-05-22 14:26:25"}
{"level":"info","message":"GET /api/products 200 832 - 14.063 ms","service":"bigpharma-api","timestamp":"2026-05-22 14:26:25"}
{"level":"info","message":"OPTIONS /api/products/6a07444d96ac0d223d861dc3 204 0 - 0.096 ms","service":"bigpharma-api","timestamp":"2026-05-22 14:26:25"}
{"level":"info","message":"POST /api/activityLogs 404 92 - 10.037 ms","service":"bigpharma-api","timestamp":"2026-05-22 14:26:25"}
{"level":"info","message":"DELETE /api/products/6a07444d96ac0d223d861dc3 200 68 - 11.370 ms","service":"bigpharma-api","timestamp":"2026-05-22 14:26:25"}
{"level":"info","message":"GET /api/products 200 91 - 7.455 ms","service":"bigpharma-api","timestamp":"2026-05-22 14:26:26"}
{"level":"info","message":"POST /api/activityLogs 404 92 - 3.555 ms","service":"bigpharma-api","timestamp":"2026-05-22 14:26:26"}
{"level":"info","message":"OPTIONS /api/products 204 0 - 0.102 ms","service":"bigpharma-api","timestamp":"2026-05-22 14:32:09"}
{"level":"info","message":"POST /api/products 201 872 - 66.076 ms","service":"bigpharma-api","timestamp":"2026-05-22 14:32:09"}
{"level":"info","message":"GET /api/products 200 984 - 15.296 ms","service":"bigpharma-api","timestamp":"2026-05-22 14:32:09"}
{"level":"info","message":"OPTIONS /api/activityLogs 204 0 - 0.125 ms","service":"bigpharma-api","timestamp":"2026-05-22 14:32:09"}
{"level":"info","message":"POST /api/activityLogs 404 92 - 7.522 ms","service":"bigpharma-api","timestamp":"2026-05-22 14:32:09"}
{"level":"info","message":"GET /api/products 304 - - 13.199 ms","service":"bigpharma-api","timestamp":"2026-05-22 14:32:09"}
{"level":"info","message":"OPTIONS /api/products 204 0 - 0.091 ms","service":"bigpharma-api","timestamp":"2026-05-22 14:33:58"}
{"level":"info","message":"POST /api/products 201 880 - 20.657 ms","service":"bigpharma-api","timestamp":"2026-05-22 14:33:58"}
{"level":"info","message":"GET /api/products 200 - - 15.355 ms","service":"bigpharma-api","timestamp":"2026-05-22 14:33:58"}
{"level":"info","message":"OPTIONS /api/activityLogs 204 0 - 0.169 ms","service":"bigpharma-api","timestamp":"2026-05-22 14:33:58"}
{"level":"info","message":"POST /api/activityLogs 404 92 - 8.623 ms","service":"bigpharma-api","timestamp":"2026-05-22 14:33:58"}
{"level":"info","message":"GET /api/products 304 - - 11.993 ms","service":"bigpharma-api","timestamp":"2026-05-22 14:33:58"}
{"level":"info","message":"OPTIONS /api/products/6a105ad906aec5faf5176dc2 204 0 - 0.077 ms","service":"bigpharma-api","timestamp":"2026-05-22 14:35:14"}
{"level":"info","message":"PUT /api/products/6a105ad906aec5faf5176dc2 200 872 - 19.607 ms","service":"bigpharma-api","timestamp":"2026-05-22 14:35:14"}
{"level":"info","message":"OPTIONS /api/products 204 0 - 0.102 ms","service":"bigpharma-api","timestamp":"2026-05-22 14:35:14"}
{"level":"info","message":"GET /api/products 200 - - 9.822 ms","service":"bigpharma-api","timestamp":"2026-05-22 14:35:14"}
{"level":"info","message":"OPTIONS /api/products 204 0 - 0.102 ms","service":"bigpharma-api","timestamp":"2026-05-22 14:36:48"}
{"level":"info","message":"POST /api/products 201 864 - 19.740 ms","service":"bigpharma-api","timestamp":"2026-05-22 14:36:48"}
{"level":"info","message":"GET /api/products 200 - - 14.463 ms","service":"bigpharma-api","timestamp":"2026-05-22 14:36:48"}
{"level":"info","message":"OPTIONS /api/activityLogs 204 0 - 0.095 ms","service":"bigpharma-api","timestamp":"2026-05-22 14:36:48"}
{"level":"info","message":"POST /api/activityLogs 404 92 - 6.049 ms","service":"bigpharma-api","timestamp":"2026-05-22 14:36:48"}
{"level":"info","message":"GET /api/products 304 - - 19.588 ms","service":"bigpharma-api","timestamp":"2026-05-22 14:36:48"}
{"level":"info","message":"OPTIONS /api/products 204 0 - 0.099 ms","service":"bigpharma-api","timestamp":"2026-05-22 14:38:27"}
{"level":"info","message":"POST /api/products 201 871 - 21.247 ms","service":"bigpharma-api","timestamp":"2026-05-22 14:38:27"}
{"level":"info","message":"GET /api/products 200 - - 14.786 ms","service":"bigpharma-api","timestamp":"2026-05-22 14:38:27"}
{"level":"info","message":"OPTIONS /api/activityLogs 204 0 - 0.093 ms","service":"bigpharma-api","timestamp":"2026-05-22 14:38:27"}
{"level":"info","message":"POST /api/activityLogs 404 92 - 7.828 ms","service":"bigpharma-api","timestamp":"2026-05-22 14:38:27"}
{"level":"info","message":"GET /api/products 304 - - 20.180 ms","service":"bigpharma-api","timestamp":"2026-05-22 14:38:27"}
{"level":"info","message":"OPTIONS /api/auth/refresh-token 204 0 - 0.106 ms","service":"bigpharma-api","timestamp":"2026-05-22 14:39:56"}
{"level":"info","message":"POST /api/auth/refresh-token 200 493 - 17.469 ms","service":"bigpharma-api","timestamp":"2026-05-22 14:39:56"}
{"level":"info","message":"OPTIONS /api/products 204 0 - 0.105 ms","service":"bigpharma-api","timestamp":"2026-05-22 14:39:57"}
{"level":"info","message":"POST /api/products 201 879 - 22.217 ms","service":"bigpharma-api","timestamp":"2026-05-22 14:39:57"}
{"level":"info","message":"GET /api/products 200 - - 15.828 ms","service":"bigpharma-api","timestamp":"2026-05-22 14:39:57"}
{"level":"info","message":"OPTIONS /api/activityLogs 204 0 - 0.100 ms","service":"bigpharma-api","timestamp":"2026-05-22 14:39:57"}
{"level":"info","message":"POST /api/activityLogs 404 92 - 9.904 ms","service":"bigpharma-api","timestamp":"2026-05-22 14:39:57"}
{"level":"info","message":"GET /api/products 304 - - 13.563 ms","service":"bigpharma-api","timestamp":"2026-05-22 14:39:57"}
{"level":"info","message":"OPTIONS /api/products 204 0 - 0.061 ms","service":"bigpharma-api","timestamp":"2026-05-22 14:41:19"}
{"level":"info","message":"POST /api/products 201 862 - 30.565 ms","service":"bigpharma-api","timestamp":"2026-05-22 14:41:20"}
{"level":"info","message":"GET /api/products 200 - - 13.558 ms","service":"bigpharma-api","timestamp":"2026-05-22 14:41:20"}
{"level":"info","message":"OPTIONS /api/activityLogs 204 0 - 0.145 ms","service":"bigpharma-api","timestamp":"2026-05-22 14:41:20"}
{"level":"info","message":"POST /api/activityLogs 404 92 - 7.758 ms","service":"bigpharma-api","timestamp":"2026-05-22 14:41:20"}
{"level":"info","message":"GET /api/products 304 - - 14.911 ms","service":"bigpharma-api","timestamp":"2026-05-22 14:41:20"}
{"level":"info","message":"OPTIONS /api/products 204 0 - 0.159 ms","service":"bigpharma-api","timestamp":"2026-05-22 14:42:37"}
{"level":"info","message":"POST /api/products 201 876 - 18.401 ms","service":"bigpharma-api","timestamp":"2026-05-22 14:42:37"}
{"level":"info","message":"GET /api/products 200 - - 14.766 ms","service":"bigpharma-api","timestamp":"2026-05-22 14:42:37"}
{"level":"info","message":"OPTIONS /api/activityLogs 204 0 - 0.100 ms","service":"bigpharma-api","timestamp":"2026-05-22 14:42:37"}
{"level":"info","message":"POST /api/activityLogs 404 92 - 9.029 ms","service":"bigpharma-api","timestamp":"2026-05-22 14:42:37"}
{"level":"info","message":"GET /api/products 304 - - 16.253 ms","service":"bigpharma-api","timestamp":"2026-05-22 14:42:37"}
{"level":"info","message":"OPTIONS /api/products 204 0 - 0.095 ms","service":"bigpharma-api","timestamp":"2026-05-22 14:43:39"}
{"level":"info","message":"POST /api/products 201 857 - 20.731 ms","service":"bigpharma-api","timestamp":"2026-05-22 14:43:39"}
{"level":"info","message":"GET /api/products 200 - - 15.614 ms","service":"bigpharma-api","timestamp":"2026-05-22 14:43:39"}
{"level":"info","message":"OPTIONS /api/activityLogs 204 0 - 0.169 ms","service":"bigpharma-api","timestamp":"2026-05-22 14:43:39"}
{"level":"info","message":"POST /api/activityLogs 404 92 - 6.569 ms","service":"bigpharma-api","timestamp":"2026-05-22 14:43:39"}
{"level":"info","message":"GET /api/products 304 - - 12.388 ms","service":"bigpharma-api","timestamp":"2026-05-22 14:43:39"}
{"level":"info","message":"OPTIONS /api/products 204 0 - 0.159 ms","service":"bigpharma-api","timestamp":"2026-05-22 14:45:48"}
{"level":"info","message":"POST /api/products 201 877 - 21.581 ms","service":"bigpharma-api","timestamp":"2026-05-22 14:45:49"}
{"level":"info","message":"GET /api/products 200 - - 17.633 ms","service":"bigpharma-api","timestamp":"2026-05-22 14:45:49"}
{"level":"info","message":"OPTIONS /api/activityLogs 204 0 - 0.219 ms","service":"bigpharma-api","timestamp":"2026-05-22 14:45:49"}
{"level":"info","message":"POST /api/activityLogs 404 92 - 12.893 ms","service":"bigpharma-api","timestamp":"2026-05-22 14:45:49"}
{"level":"info","message":"GET /api/products 304 - - 18.447 ms","service":"bigpharma-api","timestamp":"2026-05-22 14:45:49"}
{"level":"info","message":"OPTIONS /api/products/6a105e0d06aec5faf5176f70 204 0 - 0.149 ms","service":"bigpharma-api","timestamp":"2026-05-22 14:47:36"}
{"level":"info","message":"PUT /api/products/6a105e0d06aec5faf5176f70 200 877 - 9.374 ms","service":"bigpharma-api","timestamp":"2026-05-22 14:47:36"}
{"level":"info","message":"OPTIONS /api/products 204 0 - 0.092 ms","service":"bigpharma-api","timestamp":"2026-05-22 14:47:36"}
{"level":"info","message":"GET /api/products 200 - - 11.387 ms","service":"bigpharma-api","timestamp":"2026-05-22 14:47:36"}
{"level":"info","message":"OPTIONS /api/products 204 0 - 0.096 ms","service":"bigpharma-api","timestamp":"2026-05-22 14:48:43"}
{"level":"info","message":"POST /api/products 201 855 - 23.211 ms","service":"bigpharma-api","timestamp":"2026-05-22 14:48:43"}
{"level":"info","message":"GET /api/products 200 - - 20.685 ms","service":"bigpharma-api","timestamp":"2026-05-22 14:48:43"}
{"level":"info","message":"OPTIONS /api/activityLogs 204 0 - 0.125 ms","service":"bigpharma-api","timestamp":"2026-05-22 14:48:43"}
{"level":"info","message":"POST /api/activityLogs 404 92 - 7.677 ms","service":"bigpharma-api","timestamp":"2026-05-22 14:48:43"}
{"level":"info","message":"GET /api/products 304 - - 14.356 ms","service":"bigpharma-api","timestamp":"2026-05-22 14:48:43"}
{"level":"info","message":"OPTIONS /api/products 204 0 - 0.095 ms","service":"bigpharma-api","timestamp":"2026-05-22 14:50:15"}
{"level":"info","message":"POST /api/products 201 910 - 20.413 ms","service":"bigpharma-api","timestamp":"2026-05-22 14:50:15"}
{"level":"info","message":"GET /api/products 200 - - 13.844 ms","service":"bigpharma-api","timestamp":"2026-05-22 14:50:15"}
{"level":"info","message":"OPTIONS /api/activityLogs 204 0 - 0.136 ms","service":"bigpharma-api","timestamp":"2026-05-22 14:50:15"}
{"level":"info","message":"POST /api/activityLogs 404 92 - 10.518 ms","service":"bigpharma-api","timestamp":"2026-05-22 14:50:15"}
{"level":"info","message":"GET /api/products 304 - - 19.770 ms","service":"bigpharma-api","timestamp":"2026-05-22 14:50:15"}
{"level":"info","message":"OPTIONS /api/products 204 0 - 0.097 ms","service":"bigpharma-api","timestamp":"2026-05-22 14:51:24"}
{"level":"info","message":"POST /api/products 201 891 - 24.267 ms","service":"bigpharma-api","timestamp":"2026-05-22 14:51:24"}
{"level":"info","message":"GET /api/products 200 - - 15.511 ms","service":"bigpharma-api","timestamp":"2026-05-22 14:51:24"}
{"level":"info","message":"OPTIONS /api/activityLogs 204 0 - 0.118 ms","service":"bigpharma-api","timestamp":"2026-05-22 14:51:24"}
{"level":"info","message":"POST /api/activityLogs 404 92 - 9.062 ms","service":"bigpharma-api","timestamp":"2026-05-22 14:51:24"}
{"level":"info","message":"GET /api/products 304 - - 17.168 ms","service":"bigpharma-api","timestamp":"2026-05-22 14:51:24"}
{"level":"info","message":"GET /api/products 304 - - 12.770 ms","service":"bigpharma-api","timestamp":"2026-05-22 14:51:29"}
{"level":"info","message":"OPTIONS /api/auth/me 204 0 - 0.137 ms","service":"bigpharma-api","timestamp":"2026-05-22 14:51:37"}
{"level":"info","message":"GET /api/auth/me 200 936 - 8.757 ms","service":"bigpharma-api","timestamp":"2026-05-22 14:51:37"}
{"level":"info","message":"OPTIONS /api/notifications 204 0 - 0.159 ms","service":"bigpharma-api","timestamp":"2026-05-22 14:51:37"}
{"level":"info","message":"OPTIONS /api/products 204 0 - 0.338 ms","service":"bigpharma-api","timestamp":"2026-05-22 14:51:37"}
{"level":"info","message":"OPTIONS /api/sales?page=1&limit=50 204 0 - 0.242 ms","service":"bigpharma-api","timestamp":"2026-05-22 14:51:37"}
{"level":"info","message":"OPTIONS /api/finance/summary? 204 0 - 0.106 ms","service":"bigpharma-api","timestamp":"2026-05-22 14:51:37"}
{"level":"info","message":"GET /api/sales?page=1&limit=50 304 - - 28.463 ms","service":"bigpharma-api","timestamp":"2026-05-22 14:51:37"}
{"level":"info","message":"GET /api/products 304 - - 36.361 ms","service":"bigpharma-api","timestamp":"2026-05-22 14:51:37"}
{"level":"info","message":"GET /api/notifications 304 - - 40.001 ms","service":"bigpharma-api","timestamp":"2026-05-22 14:51:37"}
{"level":"info","message":"GET /api/finance/summary? 304 - - 41.976 ms","service":"bigpharma-api","timestamp":"2026-05-22 14:51:37"}
{"level":"info","message":"OPTIONS /api/auth/login 204 0 - 0.109 ms","service":"bigpharma-api","timestamp":"2026-05-22 14:52:17"}
{"level":"info","message":"POST /api/auth/login 200 - - 106.832 ms","service":"bigpharma-api","timestamp":"2026-05-22 14:52:17"}
{"level":"info","message":"OPTIONS /api/orders?page=1&limit=10 204 0 - 0.263 ms","service":"bigpharma-api","timestamp":"2026-05-22 14:55:49"}
{"level":"info","message":"GET /api/orders?page=1&limit=10 200 - - 39.302 ms","service":"bigpharma-api","timestamp":"2026-05-22 14:55:49"}
{"level":"info","message":"OPTIONS /api/auth/login 204 0 - 0.112 ms","service":"bigpharma-api","timestamp":"2026-05-22 14:59:36"}
{"level":"info","message":"POST /api/auth/login 200 - - 97.816 ms","service":"bigpharma-api","timestamp":"2026-05-22 14:59:36"}
{"level":"info","message":"OPTIONS /api/notifications 204 0 - 0.163 ms","service":"bigpharma-api","timestamp":"2026-05-22 14:59:36"}
{"level":"info","message":"OPTIONS /api/products 204 0 - 0.133 ms","service":"bigpharma-api","timestamp":"2026-05-22 14:59:36"}
{"level":"info","message":"OPTIONS /api/sales?page=1&limit=50 204 0 - 0.326 ms","service":"bigpharma-api","timestamp":"2026-05-22 14:59:36"}
{"level":"info","message":"OPTIONS /api/finance/summary? 204 0 - 0.085 ms","service":"bigpharma-api","timestamp":"2026-05-22 14:59:36"}
{"level":"info","message":"GET /api/notifications 200 - - 30.409 ms","service":"bigpharma-api","timestamp":"2026-05-22 14:59:36"}
{"level":"info","message":"GET /api/finance/summary? 200 - - 41.597 ms","service":"bigpharma-api","timestamp":"2026-05-22 14:59:36"}
{"level":"info","message":"GET /api/sales?page=1&limit=50 200 - - 56.713 ms","service":"bigpharma-api","timestamp":"2026-05-22 14:59:36"}
{"level":"info","message":"GET /api/products 200 - - 60.767 ms","service":"bigpharma-api","timestamp":"2026-05-22 14:59:36"}
{"level":"info","message":"OPTIONS /api/products 204 0 - 0.186 ms","service":"bigpharma-api","timestamp":"2026-05-22 15:04:00"}
{"level":"info","message":"POST /api/products 201 877 - 25.122 ms","service":"bigpharma-api","timestamp":"2026-05-22 15:04:00"}
{"level":"info","message":"GET /api/products 200 - - 18.482 ms","service":"bigpharma-api","timestamp":"2026-05-22 15:04:00"}
{"level":"info","message":"OPTIONS /api/activityLogs 204 0 - 0.122 ms","service":"bigpharma-api","timestamp":"2026-05-22 15:04:01"}
{"level":"info","message":"POST /api/activityLogs 404 92 - 8.525 ms","service":"bigpharma-api","timestamp":"2026-05-22 15:04:01"}
{"level":"info","message":"GET /api/products 304 - - 17.783 ms","service":"bigpharma-api","timestamp":"2026-05-22 15:04:01"}
{"level":"info","message":"OPTIONS /api/products 204 0 - 0.093 ms","service":"bigpharma-api","timestamp":"2026-05-22 15:04:22"}
{"level":"info","message":"GET /api/products 304 - - 23.609 ms","service":"bigpharma-api","timestamp":"2026-05-22 15:04:22"}
{"level":"info","message":"GET /api/products 304 - - 22.018 ms","service":"bigpharma-api","timestamp":"2026-05-22 15:04:23"}
{"level":"info","message":"GET /api/products 304 - - 19.788 ms","service":"bigpharma-api","timestamp":"2026-05-22 15:04:23"}
{"level":"info","message":"GET /api/products 304 - - 14.988 ms","service":"bigpharma-api","timestamp":"2026-05-22 15:04:23"}
{"level":"info","message":"GET /api/products 304 - - 18.698 ms","service":"bigpharma-api","timestamp":"2026-05-22 15:04:23"}
{"level":"info","message":"GET /api/products 304 - - 16.793 ms","service":"bigpharma-api","timestamp":"2026-05-22 15:04:23"}
{"level":"info","message":"GET /api/products 304 - - 18.740 ms","service":"bigpharma-api","timestamp":"2026-05-22 15:04:24"}
{"level":"info","message":"GET /api/products 304 - - 17.260 ms","service":"bigpharma-api","timestamp":"2026-05-22 15:04:24"}
{"level":"info","message":"GET /api/products 304 - - 13.252 ms","service":"bigpharma-api","timestamp":"2026-05-22 15:04:24"}
{"level":"info","message":"GET /api/products 304 - - 21.079 ms","service":"bigpharma-api","timestamp":"2026-05-22 15:04:24"}
{"level":"info","message":"GET /api/products 304 - - 21.549 ms","service":"bigpharma-api","timestamp":"2026-05-22 15:04:24"}
{"level":"info","message":"OPTIONS /api/products 204 0 - 0.095 ms","service":"bigpharma-api","timestamp":"2026-05-22 15:04:30"}
{"level":"info","message":"GET /api/products 304 - - 22.151 ms","service":"bigpharma-api","timestamp":"2026-05-22 15:04:30"}
{"level":"info","message":"OPTIONS /api/auth/login 204 0 - 0.349 ms","service":"bigpharma-api","timestamp":"2026-05-22 15:31:18"}
{"level":"info","message":"POST /api/auth/login 401 120 - 3.948 ms","service":"bigpharma-api","timestamp":"2026-05-22 15:31:18"}
{"level":"info","message":"OPTIONS /api/auth/login 204 0 - 0.058 ms","service":"bigpharma-api","timestamp":"2026-05-22 15:31:38"}
{"level":"info","message":"POST /api/auth/login 200 - - 109.902 ms","service":"bigpharma-api","timestamp":"2026-05-22 15:31:38"}
{"level":"info","message":"OPTIONS /api/notifications 204 0 - 0.060 ms","service":"bigpharma-api","timestamp":"2026-05-22 15:31:38"}
{"level":"info","message":"OPTIONS /api/products?page=1&limit=1000 204 0 - 0.220 ms","service":"bigpharma-api","timestamp":"2026-05-22 15:31:38"}
{"level":"info","message":"OPTIONS /api/sales?page=1&limit=50 204 0 - 0.096 ms","service":"bigpharma-api","timestamp":"2026-05-22 15:31:38"}
{"level":"info","message":"OPTIONS /api/finance/summary? 204 0 - 0.107 ms","service":"bigpharma-api","timestamp":"2026-05-22 15:31:38"}
{"level":"info","message":"GET /api/notifications 200 - - 27.347 ms","service":"bigpharma-api","timestamp":"2026-05-22 15:31:39"}
{"level":"info","message":"GET /api/finance/summary? 200 - - 63.094 ms","service":"bigpharma-api","timestamp":"2026-05-22 15:31:39"}
{"level":"info","message":"GET /api/sales?page=1&limit=50 200 - - 87.089 ms","service":"bigpharma-api","timestamp":"2026-05-22 15:31:39"}
{"level":"info","message":"GET /api/products?page=1&limit=1000 200 - - 86.721 ms","service":"bigpharma-api","timestamp":"2026-05-22 15:31:39"}
{"level":"info","message":"OPTIONS /api/orders?page=1&limit=10 204 0 - 0.235 ms","service":"bigpharma-api","timestamp":"2026-05-22 15:32:12"}
{"level":"info","message":"GET /api/orders?page=1&limit=10 200 - - 42.176 ms","service":"bigpharma-api","timestamp":"2026-05-22 15:32:12"}
{"level":"info","message":"OPTIONS /api/activityLogs 204 0 - 0.117 ms","service":"bigpharma-api","timestamp":"2026-05-22 15:32:42"}
{"level":"info","message":"GET /api/activityLogs 200 - - 22.469 ms","service":"bigpharma-api","timestamp":"2026-05-22 15:32:42"}
{"level":"info","message":"OPTIONS /api/products 204 0 - 0.094 ms","service":"bigpharma-api","timestamp":"2026-05-22 15:34:42"}
{"level":"info","message":"POST /api/products 201 892 - 22.153 ms","service":"bigpharma-api","timestamp":"2026-05-22 15:34:42"}
{"level":"info","message":"OPTIONS /api/products?page=1&limit=1000 204 0 - 0.177 ms","service":"bigpharma-api","timestamp":"2026-05-22 15:34:42"}
{"level":"info","message":"GET /api/products?page=1&limit=1000 200 - - 14.538 ms","service":"bigpharma-api","timestamp":"2026-05-22 15:34:42"}
{"level":"info","message":"OPTIONS /api/activityLogs 204 0 - 0.100 ms","service":"bigpharma-api","timestamp":"2026-05-22 15:34:42"}
{"level":"info","message":"POST /api/activityLogs 404 92 - 7.108 ms","service":"bigpharma-api","timestamp":"2026-05-22 15:34:42"}
{"level":"info","message":"GET /api/products?page=1&limit=1000 304 - - 14.829 ms","service":"bigpharma-api","timestamp":"2026-05-22 15:34:42"}
{"level":"info","message":"OPTIONS /api/products 204 0 - 0.127 ms","service":"bigpharma-api","timestamp":"2026-05-22 15:35:56"}
{"level":"info","message":"POST /api/products 201 869 - 15.406 ms","service":"bigpharma-api","timestamp":"2026-05-22 15:35:56"}
{"level":"info","message":"OPTIONS /api/products?page=1&limit=1000 204 0 - 0.116 ms","service":"bigpharma-api","timestamp":"2026-05-22 15:35:56"}
{"level":"info","message":"GET /api/products?page=1&limit=1000 200 - - 17.415 ms","service":"bigpharma-api","timestamp":"2026-05-22 15:35:56"}
{"level":"info","message":"OPTIONS /api/activityLogs 204 0 - 0.105 ms","service":"bigpharma-api","timestamp":"2026-05-22 15:35:56"}
{"level":"info","message":"POST /api/activityLogs 404 92 - 9.116 ms","service":"bigpharma-api","timestamp":"2026-05-22 15:35:56"}
{"level":"info","message":"GET /api/products?page=1&limit=1000 304 - - 15.874 ms","service":"bigpharma-api","timestamp":"2026-05-22 15:35:56"}
{"level":"info","message":"OPTIONS /api/products 204 0 - 0.146 ms","service":"bigpharma-api","timestamp":"2026-05-22 15:37:12"}
{"level":"info","message":"POST /api/products 201 877 - 17.351 ms","service":"bigpharma-api","timestamp":"2026-05-22 15:37:12"}
{"level":"info","message":"OPTIONS /api/products?page=1&limit=1000 204 0 - 0.097 ms","service":"bigpharma-api","timestamp":"2026-05-22 15:37:12"}
{"level":"info","message":"GET /api/products?page=1&limit=1000 200 - - 18.246 ms","service":"bigpharma-api","timestamp":"2026-05-22 15:37:12"}
{"level":"info","message":"OPTIONS /api/activityLogs 204 0 - 0.117 ms","service":"bigpharma-api","timestamp":"2026-05-22 15:37:12"}
{"level":"info","message":"POST /api/activityLogs 404 92 - 8.747 ms","service":"bigpharma-api","timestamp":"2026-05-22 15:37:12"}
{"level":"info","message":"GET /api/products?page=1&limit=1000 304 - - 15.034 ms","service":"bigpharma-api","timestamp":"2026-05-22 15:37:12"}
{"level":"info","message":"OPTIONS /api/auth/refresh-token 204 0 - 0.083 ms","service":"bigpharma-api","timestamp":"2026-05-22 15:54:29"}
{"level":"info","message":"POST /api/auth/refresh-token 200 493 - 5.965 ms","service":"bigpharma-api","timestamp":"2026-05-22 15:54:29"}
{"level":"info","message":"OPTIONS /api/products 204 0 - 0.123 ms","service":"bigpharma-api","timestamp":"2026-05-22 15:54:29"}
{"level":"info","message":"POST /api/products 201 548 - 12.940 ms","service":"bigpharma-api","timestamp":"2026-05-22 15:54:29"}
{"level":"info","message":"OPTIONS /api/products?page=1&limit=1000 204 0 - 0.083 ms","service":"bigpharma-api","timestamp":"2026-05-22 15:54:29"}
{"level":"info","message":"GET /api/products?page=1&limit=1000 200 - - 10.406 ms","service":"bigpharma-api","timestamp":"2026-05-22 15:54:29"}
{"level":"info","message":"OPTIONS /api/activityLogs 204 0 - 0.085 ms","service":"bigpharma-api","timestamp":"2026-05-22 15:54:29"}
{"level":"info","message":"POST /api/activityLogs 404 92 - 3.989 ms","service":"bigpharma-api","timestamp":"2026-05-22 15:54:29"}
{"level":"info","message":"GET /api/products?page=1&limit=1000 304 - - 11.223 ms","service":"bigpharma-api","timestamp":"2026-05-22 15:54:29"}
{"level":"info","message":"OPTIONS /api/products/6a106e2506aec5faf5177401 204 0 - 0.062 ms","service":"bigpharma-api","timestamp":"2026-05-22 15:55:10"}
{"level":"info","message":"DELETE /api/products/6a106e2506aec5faf5177401 200 68 - 5.863 ms","service":"bigpharma-api","timestamp":"2026-05-22 15:55:10"}
{"level":"info","message":"OPTIONS /api/products?page=1&limit=1000 204 0 - 0.063 ms","service":"bigpharma-api","timestamp":"2026-05-22 15:55:11"}
{"level":"info","message":"GET /api/products?page=1&limit=1000 200 - - 13.900 ms","service":"bigpharma-api","timestamp":"2026-05-22 15:55:11"}
{"level":"info","message":"OPTIONS /api/activityLogs 204 0 - 0.281 ms","service":"bigpharma-api","timestamp":"2026-05-22 15:55:11"}
{"level":"info","message":"POST /api/activityLogs 404 92 - 4.044 ms","service":"bigpharma-api","timestamp":"2026-05-22 15:55:11"}
{"level":"info","message":"OPTIONS /api/products?page=1&limit=1000 204 0 - 0.066 ms","service":"bigpharma-api","timestamp":"2026-05-22 15:55:18"}
{"level":"info","message":"GET /api/products?page=1&limit=1000 304 - - 8.961 ms","service":"bigpharma-api","timestamp":"2026-05-22 15:55:18"}
{"level":"info","message":"OPTIONS /api/auth/me 204 0 - 0.139 ms","service":"bigpharma-api","timestamp":"2026-05-22 15:55:25"}
{"level":"info","message":"GET /api/auth/me 200 936 - 10.966 ms","service":"bigpharma-api","timestamp":"2026-05-22 15:55:25"}
{"level":"info","message":"OPTIONS /api/notifications 204 0 - 0.143 ms","service":"bigpharma-api","timestamp":"2026-05-22 15:55:26"}
{"level":"info","message":"OPTIONS /api/products?page=1&limit=1000 204 0 - 0.206 ms","service":"bigpharma-api","timestamp":"2026-05-22 15:55:26"}
{"level":"info","message":"OPTIONS /api/sales?page=1&limit=50 204 0 - 0.126 ms","service":"bigpharma-api","timestamp":"2026-05-22 15:55:26"}
{"level":"info","message":"OPTIONS /api/finance/summary? 204 0 - 0.083 ms","service":"bigpharma-api","timestamp":"2026-05-22 15:55:26"}
{"level":"info","message":"GET /api/notifications 304 - - 27.475 ms","service":"bigpharma-api","timestamp":"2026-05-22 15:55:26"}
{"level":"info","message":"GET /api/finance/summary? 304 - - 50.724 ms","service":"bigpharma-api","timestamp":"2026-05-22 15:55:26"}
{"level":"info","message":"GET /api/sales?page=1&limit=50 304 - - 56.230 ms","service":"bigpharma-api","timestamp":"2026-05-22 15:55:26"}
{"level":"info","message":"GET /api/products?page=1&limit=1000 304 - - 56.208 ms","service":"bigpharma-api","timestamp":"2026-05-22 15:55:26"}
{"level":"info","message":"OPTIONS /api/activityLogs 204 0 - 0.115 ms","service":"bigpharma-api","timestamp":"2026-05-22 15:57:20"}
{"level":"info","message":"GET /api/activityLogs 200 - - 23.536 ms","service":"bigpharma-api","timestamp":"2026-05-22 15:57:20"}
{"level":"info","message":"OPTIONS /api/products?page=1&limit=1000 204 0 - 0.204 ms","service":"bigpharma-api","timestamp":"2026-05-22 15:58:21"}
{"level":"info","message":"GET /api/products?page=1&limit=1000 304 - - 15.057 ms","service":"bigpharma-api","timestamp":"2026-05-22 15:58:21"}
{"level":"info","message":"OPTIONS /api/orders?page=1&limit=10 204 0 - 0.165 ms","service":"bigpharma-api","timestamp":"2026-05-22 16:01:40"}
{"level":"info","message":"GET /api/orders?page=1&limit=10 304 - - 38.236 ms","service":"bigpharma-api","timestamp":"2026-05-22 16:01:40"}
{"level":"info","message":"OPTIONS /api/orders/6a01ab28c037b33c796d5e56/invoice 204 0 - 0.058 ms","service":"bigpharma-api","timestamp":"2026-05-22 16:02:12"}
{"level":"info","message":"GET /api/orders/6a01ab28c037b33c796d5e56/invoice 200 701 - 43.972 ms","service":"bigpharma-api","timestamp":"2026-05-22 16:02:12"}
{"level":"info","message":"OPTIONS /api/orders?page=1&limit=10 204 0 - 0.122 ms","service":"bigpharma-api","timestamp":"2026-05-22 16:13:06"}
{"level":"info","message":"GET /api/orders?page=1&limit=10 401 115 - 1.748 ms","service":"bigpharma-api","timestamp":"2026-05-22 16:13:06"}
{"level":"info","message":"OPTIONS /api/auth/refresh-token 204 0 - 0.209 ms","service":"bigpharma-api","timestamp":"2026-05-22 16:15:10"}
{"level":"info","message":"POST /api/auth/refresh-token 200 493 - 13.523 ms","service":"bigpharma-api","timestamp":"2026-05-22 16:15:10"}
{"level":"info","message":"OPTIONS /api/clients?page=1&limit=1000 204 0 - 0.128 ms","service":"bigpharma-api","timestamp":"2026-05-22 16:15:10"}
{"level":"info","message":"GET /api/clients?page=1&limit=1000 200 - - 36.762 ms","service":"bigpharma-api","timestamp":"2026-05-22 16:15:10"}
{"level":"info","message":"OPTIONS /api/orders?page=1&limit=10 204 0 - 0.163 ms","service":"bigpharma-api","timestamp":"2026-05-22 16:41:06"}
{"level":"info","message":"GET /api/orders?page=1&limit=10 401 115 - 2.683 ms","service":"bigpharma-api","timestamp":"2026-05-22 16:41:06"}
{"level":"info","message":"OPTIONS /api/orders/6a0b342818266dd1df537b66 204 0 - 0.100 ms","service":"bigpharma-api","timestamp":"2026-05-22 16:41:08"}
{"level":"info","message":"GET /api/orders/6a0b342818266dd1df537b66 401 115 - 2.102 ms","service":"bigpharma-api","timestamp":"2026-05-22 16:41:08"}
{"level":"info","message":"OPTIONS /api/auth/refresh-token 204 0 - 0.244 ms","service":"bigpharma-api","timestamp":"2026-05-22 16:41:08"}
{"level":"info","message":"POST /api/auth/refresh-token 200 493 - 18.417 ms","service":"bigpharma-api","timestamp":"2026-05-22 16:41:08"}
{"level":"info","message":"OPTIONS /api/orders/6a0b342818266dd1df537b66/invoice 204 0 - 0.236 ms","service":"bigpharma-api","timestamp":"2026-05-22 16:41:08"}
{"level":"info","message":"GET /api/orders/6a0b342818266dd1df537b66/invoice 404 144 - 20.761 ms","service":"bigpharma-api","timestamp":"2026-05-22 16:41:08"}
{"level":"info","message":"OPTIONS /api/auth/me 204 0 - 0.138 ms","service":"bigpharma-api","timestamp":"2026-05-22 16:41:14"}
{"level":"info","message":"GET /api/auth/me 304 - - 9.267 ms","service":"bigpharma-api","timestamp":"2026-05-22 16:41:14"}
{"level":"info","message":"OPTIONS /api/notifications 204 0 - 0.101 ms","service":"bigpharma-api","timestamp":"2026-05-22 16:41:15"}
{"level":"info","message":"OPTIONS /api/products?page=1&limit=1000 204 0 - 0.140 ms","service":"bigpharma-api","timestamp":"2026-05-22 16:41:15"}
{"level":"info","message":"OPTIONS /api/sales?page=1&limit=50 204 0 - 0.168 ms","service":"bigpharma-api","timestamp":"2026-05-22 16:41:15"}
{"level":"info","message":"OPTIONS /api/finance/summary? 204 0 - 0.088 ms","service":"bigpharma-api","timestamp":"2026-05-22 16:41:15"}
{"level":"info","message":"GET /api/notifications 304 - - 29.497 ms","service":"bigpharma-api","timestamp":"2026-05-22 16:41:15"}
{"level":"info","message":"GET /api/products?page=1&limit=1000 304 - - 53.560 ms","service":"bigpharma-api","timestamp":"2026-05-22 16:41:15"}
{"level":"info","message":"GET /api/finance/summary? 304 - - 45.478 ms","service":"bigpharma-api","timestamp":"2026-05-22 16:41:15"}
{"level":"info","message":"GET /api/sales?page=1&limit=50 304 - - 53.237 ms","service":"bigpharma-api","timestamp":"2026-05-22 16:41:15"}
{"level":"info","message":"OPTIONS /api/auth/login 204 0 - 0.097 ms","service":"bigpharma-api","timestamp":"2026-05-22 16:43:57"}
{"level":"info","message":"POST /api/auth/login 200 - - 102.128 ms","service":"bigpharma-api","timestamp":"2026-05-22 16:43:57"}
{"level":"info","message":"OPTIONS /api/products?page=1&limit=1000 204 0 - 0.110 ms","service":"bigpharma-api","timestamp":"2026-05-22 16:43:58"}
{"level":"info","message":"OPTIONS /api/sales?page=1&limit=50 204 0 - 0.234 ms","service":"bigpharma-api","timestamp":"2026-05-22 16:43:58"}
{"level":"info","message":"OPTIONS /api/finance/summary? 204 0 - 0.086 ms","service":"bigpharma-api","timestamp":"2026-05-22 16:43:58"}
{"level":"info","message":"GET /api/finance/summary? 304 - - 40.682 ms","service":"bigpharma-api","timestamp":"2026-05-22 16:43:58"}
{"level":"info","message":"GET /api/sales?page=1&limit=50 304 - - 53.376 ms","service":"bigpharma-api","timestamp":"2026-05-22 16:43:58"}
{"level":"info","message":"GET /api/products?page=1&limit=1000 304 - - 52.100 ms","service":"bigpharma-api","timestamp":"2026-05-22 16:43:58"}
{"level":"info","message":"OPTIONS /api/finance/summary? 204 0 - 0.263 ms","service":"bigpharma-api","timestamp":"2026-05-22 16:44:03"}
{"level":"info","message":"GET /api/finance/summary? 304 - - 13.354 ms","service":"bigpharma-api","timestamp":"2026-05-22 16:44:03"}
{"level":"info","message":"OPTIONS /api/orders?page=1&limit=10 204 0 - 0.231 ms","service":"bigpharma-api","timestamp":"2026-05-22 16:44:15"}
{"level":"info","message":"GET /api/orders?page=1&limit=10 304 - - 34.259 ms","service":"bigpharma-api","timestamp":"2026-05-22 16:44:15"}
{"level":"info","message":"OPTIONS /api/orders/6a0b342818266dd1df537b66 204 0 - 0.145 ms","service":"bigpharma-api","timestamp":"2026-05-22 16:44:17"}
{"level":"info","message":"GET /api/orders/6a0b342818266dd1df537b66 200 - - 21.840 ms","service":"bigpharma-api","timestamp":"2026-05-22 16:44:17"}
{"level":"info","message":"OPTIONS /api/orders/6a0b342818266dd1df537b66/invoice 204 0 - 0.099 ms","service":"bigpharma-api","timestamp":"2026-05-22 16:44:17"}
{"level":"info","message":"GET /api/orders/6a0b342818266dd1df537b66/invoice 404 144 - 20.688 ms","service":"bigpharma-api","timestamp":"2026-05-22 16:44:17"}
{"level":"info","message":"OPTIONS /api/finance/summary? 204 0 - 0.107 ms","service":"bigpharma-api","timestamp":"2026-05-22 16:44:30"}
{"level":"info","message":"GET /api/finance/summary? 304 - - 16.600 ms","service":"bigpharma-api","timestamp":"2026-05-22 16:44:30"}
{"level":"info","message":"OPTIONS /api/auth/refresh-token 204 0 - 0.920 ms","service":"bigpharma-api","timestamp":"2026-05-22 17:18:15"}
{"level":"info","message":"POST /api/auth/refresh-token 200 493 - 28.946 ms","service":"bigpharma-api","timestamp":"2026-05-22 17:18:15"}
{"level":"info","message":"OPTIONS /api/auth/me 204 0 - 0.125 ms","service":"bigpharma-api","timestamp":"2026-05-22 17:18:16"}
{"level":"info","message":"GET /api/auth/me 200 936 - 24.029 ms","service":"bigpharma-api","timestamp":"2026-05-22 17:18:16"}
{"level":"info","message":"OPTIONS /api/notifications 204 0 - 0.131 ms","service":"bigpharma-api","timestamp":"2026-05-22 17:18:16"}
{"level":"info","message":"OPTIONS /api/products?page=1&limit=1000 204 0 - 0.218 ms","service":"bigpharma-api","timestamp":"2026-05-22 17:18:16"}
{"level":"info","message":"OPTIONS /api/sales?page=1&limit=50 204 0 - 0.162 ms","service":"bigpharma-api","timestamp":"2026-05-22 17:18:16"}
{"level":"info","message":"OPTIONS /api/finance/summary? 204 0 - 0.109 ms","service":"bigpharma-api","timestamp":"2026-05-22 17:18:16"}
{"level":"info","message":"GET /api/notifications 304 - - 44.529 ms","service":"bigpharma-api","timestamp":"2026-05-22 17:18:16"}
{"level":"info","message":"GET /api/products?page=1&limit=1000 304 - - 72.586 ms","service":"bigpharma-api","timestamp":"2026-05-22 17:18:16"}
{"level":"info","message":"GET /api/finance/summary? 304 - - 59.152 ms","service":"bigpharma-api","timestamp":"2026-05-22 17:18:16"}
{"level":"info","message":"GET /api/sales?page=1&limit=50 304 - - 68.718 ms","service":"bigpharma-api","timestamp":"2026-05-22 17:18:16"}
{"level":"info","message":"OPTIONS /api/finance/summary? 204 0 - 0.118 ms","service":"bigpharma-api","timestamp":"2026-05-22 17:18:22"}
{"level":"info","message":"GET /api/finance/summary? 304 - - 16.325 ms","service":"bigpharma-api","timestamp":"2026-05-22 17:18:22"}
{"level":"info","message":"OPTIONS /api/auth/login 204 0 - 0.439 ms","service":"bigpharma-api","timestamp":"2026-05-22 17:50:03"}
{"level":"info","message":"POST /api/auth/login 200 - - 99.907 ms","service":"bigpharma-api","timestamp":"2026-05-22 17:50:03"}
{"level":"info","message":"OPTIONS /api/notifications 204 0 - 0.181 ms","service":"bigpharma-api","timestamp":"2026-05-22 17:50:03"}
{"level":"info","message":"OPTIONS /api/products?page=1&limit=1000 204 0 - 0.320 ms","service":"bigpharma-api","timestamp":"2026-05-22 17:50:03"}
{"level":"info","message":"OPTIONS /api/sales?page=1&limit=50 204 0 - 0.112 ms","service":"bigpharma-api","timestamp":"2026-05-22 17:50:03"}
{"level":"info","message":"OPTIONS /api/finance/summary? 204 0 - 0.094 ms","service":"bigpharma-api","timestamp":"2026-05-22 17:50:03"}
{"level":"info","message":"GET /api/notifications 200 - - 29.649 ms","service":"bigpharma-api","timestamp":"2026-05-22 17:50:03"}
{"level":"info","message":"GET /api/finance/summary? 200 - - 86.232 ms","service":"bigpharma-api","timestamp":"2026-05-22 17:50:03"}
{"level":"info","message":"GET /api/sales?page=1&limit=50 200 - - 95.290 ms","service":"bigpharma-api","timestamp":"2026-05-22 17:50:03"}
{"level":"info","message":"GET /api/products?page=1&limit=1000 200 - - 101.393 ms","service":"bigpharma-api","timestamp":"2026-05-22 17:50:03"}
{"level":"info","message":"OPTIONS /api/products/6a105d8b06aec5faf5176f35 204 0 - 0.125 ms","service":"bigpharma-api","timestamp":"2026-05-22 17:51:44"}
{"level":"info","message":"PUT /api/products/6a105d8b06aec5faf5176f35 200 857 - 22.212 ms","service":"bigpharma-api","timestamp":"2026-05-22 17:51:44"}
{"level":"info","message":"OPTIONS /api/products?page=1&limit=1000 204 0 - 0.101 ms","service":"bigpharma-api","timestamp":"2026-05-22 17:51:44"}
{"level":"info","message":"GET /api/products?page=1&limit=1000 200 - - 27.952 ms","service":"bigpharma-api","timestamp":"2026-05-22 17:51:44"}
{"level":"info","message":"OPTIONS /api/products?page=1&limit=1000 204 0 - 0.056 ms","service":"bigpharma-api","timestamp":"2026-05-22 17:51:50"}
{"level":"info","message":"GET /api/products?page=1&limit=1000 304 - - 16.446 ms","service":"bigpharma-api","timestamp":"2026-05-22 17:51:50"}
{"level":"info","message":"OPTIONS /api/products/6a105d8b06aec5faf5176f35 204 0 - 0.098 ms","service":"bigpharma-api","timestamp":"2026-05-22 17:52:14"}
{"level":"info","message":"PUT /api/products/6a105d8b06aec5faf5176f35 200 857 - 13.918 ms","service":"bigpharma-api","timestamp":"2026-05-22 17:52:14"}
{"level":"info","message":"OPTIONS /api/products?page=1&limit=1000 204 0 - 0.082 ms","service":"bigpharma-api","timestamp":"2026-05-22 17:52:14"}
{"level":"info","message":"GET /api/products?page=1&limit=1000 200 - - 18.603 ms","service":"bigpharma-api","timestamp":"2026-05-22 17:52:14"}
{"level":"info","message":"OPTIONS /api/products 204 0 - 0.209 ms","service":"bigpharma-api","timestamp":"2026-05-22 17:53:30"}
{"level":"info","message":"POST /api/products 201 773 - 29.560 ms","service":"bigpharma-api","timestamp":"2026-05-22 17:53:30"}
{"level":"info","message":"OPTIONS /api/products?page=1&limit=1000 204 0 - 0.089 ms","service":"bigpharma-api","timestamp":"2026-05-22 17:53:30"}
{"level":"info","message":"GET /api/products?page=1&limit=1000 200 - - 16.464 ms","service":"bigpharma-api","timestamp":"2026-05-22 17:53:30"}
{"level":"info","message":"OPTIONS /api/activityLogs 204 0 - 0.104 ms","service":"bigpharma-api","timestamp":"2026-05-22 17:53:30"}
{"level":"info","message":"POST /api/activityLogs 404 92 - 7.973 ms","service":"bigpharma-api","timestamp":"2026-05-22 17:53:30"}
{"level":"info","message":"GET /api/products?page=1&limit=1000 304 - - 18.392 ms","service":"bigpharma-api","timestamp":"2026-05-22 17:53:30"}
{"level":"info","message":"OPTIONS /api/products 204 0 - 0.101 ms","service":"bigpharma-api","timestamp":"2026-05-22 17:54:46"}
{"level":"info","message":"POST /api/products 201 750 - 20.554 ms","service":"bigpharma-api","timestamp":"2026-05-22 17:54:46"}
{"level":"info","message":"OPTIONS /api/products?page=1&limit=1000 204 0 - 0.141 ms","service":"bigpharma-api","timestamp":"2026-05-22 17:54:46"}
{"level":"info","message":"GET /api/products?page=1&limit=1000 200 - - 24.750 ms","service":"bigpharma-api","timestamp":"2026-05-22 17:54:46"}
{"level":"info","message":"OPTIONS /api/activityLogs 204 0 - 0.152 ms","service":"bigpharma-api","timestamp":"2026-05-22 17:54:46"}
{"level":"info","message":"POST /api/activityLogs 404 92 - 9.248 ms","service":"bigpharma-api","timestamp":"2026-05-22 17:54:46"}
{"level":"info","message":"GET /api/products?page=1&limit=1000 304 - - 20.863 ms","service":"bigpharma-api","timestamp":"2026-05-22 17:54:46"}
{"level":"info","message":"OPTIONS /api/orders?page=1&limit=10 204 0 - 0.210 ms","service":"bigpharma-api","timestamp":"2026-05-22 17:55:00"}
{"level":"info","message":"GET /api/orders?page=1&limit=10 200 - - 40.969 ms","service":"bigpharma-api","timestamp":"2026-05-22 17:55:00"}
{"level":"info","message":"OPTIONS /api/sales 204 0 - 0.110 ms","service":"bigpharma-api","timestamp":"2026-05-22 17:55:24"}
{"level":"info","message":"POST /api/sales 201 677 - 64.181 ms","service":"bigpharma-api","timestamp":"2026-05-22 17:55:24"}
{"level":"info","message":"OPTIONS /api/activityLogs 204 0 - 0.103 ms","service":"bigpharma-api","timestamp":"2026-05-22 17:55:24"}
{"level":"info","message":"OPTIONS /api/finance/summary? 204 0 - 0.223 ms","service":"bigpharma-api","timestamp":"2026-05-22 17:55:24"}
{"level":"info","message":"POST /api/activityLogs 404 92 - 10.783 ms","service":"bigpharma-api","timestamp":"2026-05-22 17:55:24"}
{"level":"info","message":"GET /api/finance/summary? 200 - - 14.454 ms","service":"bigpharma-api","timestamp":"2026-05-22 17:55:24"}
{"level":"info","message":"OPTIONS /api/products?page=1&limit=1000 204 0 - 0.096 ms","service":"bigpharma-api","timestamp":"2026-05-22 17:56:00"}
{"level":"info","message":"GET /api/products?page=1&limit=1000 200 - - 18.974 ms","service":"bigpharma-api","timestamp":"2026-05-22 17:56:00"}
{"level":"info","message":"OPTIONS /api/orders?page=1&limit=10 204 0 - 0.110 ms","service":"bigpharma-api","timestamp":"2026-05-22 17:56:08"}
{"level":"info","message":"GET /api/orders?page=1&limit=10 304 - - 38.641 ms","service":"bigpharma-api","timestamp":"2026-05-22 17:56:09"}
{"level":"info","message":"OPTIONS /api/clients?page=1&limit=1000 204 0 - 0.120 ms","service":"bigpharma-api","timestamp":"2026-05-22 17:56:37"}
{"level":"info","message":"GET /api/clients?page=1&limit=1000 200 - - 27.906 ms","service":"bigpharma-api","timestamp":"2026-05-22 17:56:37"}
{"level":"info","message":"OPTIONS /api/orders?page=1&limit=10 204 0 - 0.129 ms","service":"bigpharma-api","timestamp":"2026-05-22 17:59:08"}
{"level":"info","message":"GET /api/orders?page=1&limit=10 304 - - 43.014 ms","service":"bigpharma-api","timestamp":"2026-05-22 17:59:08"}
{"level":"info","message":"OPTIONS /api/orders/6a0b342818266dd1df537b66/status 204 0 - 0.239 ms","service":"bigpharma-api","timestamp":"2026-05-22 17:59:17"}
{"level":"info","message":"Email sent to karmaceleste426@gmail.com | subject=Commande CMD-2026-0025 : en préparation | messageId=<b4012946-8151-5319-c434-0a159069e0cc@gmail.com>","service":"bigpharma-api","timestamp":"2026-05-22 17:59:21"}
{"level":"info","message":"OPTIONS /api/orders/6a0b342818266dd1df537b66/status 204 0 - 0.213 ms","service":"bigpharma-api","timestamp":"2026-05-22 17:59:24"}
{"level":"info","message":"PUT /api/orders/6a0b342818266dd1df537b66/status 400 124 - 16.410 ms","service":"bigpharma-api","timestamp":"2026-05-22 17:59:24"}
{"level":"info","message":"Email sent to karmaceleste426@gmail.com | subject=Facture FAC-2026-00004 disponible | messageId=<44f883f1-7e71-7d1f-dd05-c7d7fc88d473@gmail.com>","service":"bigpharma-api","timestamp":"2026-05-22 17:59:24"}
{"level":"info","message":"PUT /api/orders/6a0b342818266dd1df537b66/status 200 - - 6988.229 ms","service":"bigpharma-api","timestamp":"2026-05-22 17:59:24"}
{"level":"info","message":"OPTIONS /api/orders?page=1&limit=10 204 0 - 0.219 ms","service":"bigpharma-api","timestamp":"2026-05-22 17:59:24"}
{"level":"info","message":"GET /api/orders?page=1&limit=10 200 - - 53.238 ms","service":"bigpharma-api","timestamp":"2026-05-22 17:59:24"}
{"level":"info","message":"OPTIONS /api/orders/6a0b342818266dd1df537b66/status 204 0 - 0.099 ms","service":"bigpharma-api","timestamp":"2026-05-22 17:59:46"}
{"level":"info","message":"Email sent to karmaceleste426@gmail.com | subject=Commande CMD-2026-0025 : prête pour récupération | messageId=<09b3599e-c298-2a06-3ddf-c8cf3ced1691@gmail.com>","service":"bigpharma-api","timestamp":"2026-05-22 17:59:52"}
{"level":"info","message":"PUT /api/orders/6a0b342818266dd1df537b66/status 200 - - 5217.004 ms","service":"bigpharma-api","timestamp":"2026-05-22 17:59:52"}
{"level":"info","message":"OPTIONS /api/orders?page=1&limit=10 204 0 - 0.103 ms","service":"bigpharma-api","timestamp":"2026-05-22 17:59:52"}
{"level":"info","message":"GET /api/orders?page=1&limit=10 200 - - 33.660 ms","service":"bigpharma-api","timestamp":"2026-05-22 17:59:52"}
{"level":"info","message":"OPTIONS /api/orders/6a0b342818266dd1df537b66/status 204 0 - 0.096 ms","service":"bigpharma-api","timestamp":"2026-05-22 18:00:13"}
{"level":"info","message":"Email sent to karmaceleste426@gmail.com | subject=Commande CMD-2026-0025 : validée (récupérée) | messageId=<280a8258-0a96-6430-5cca-33fcdc97ec4b@gmail.com>","service":"bigpharma-api","timestamp":"2026-05-22 18:00:16"}
{"level":"info","message":"PUT /api/orders/6a0b342818266dd1df537b66/status 200 - - 3003.410 ms","service":"bigpharma-api","timestamp":"2026-05-22 18:00:16"}
{"level":"info","message":"OPTIONS /api/orders?page=1&limit=10 204 0 - 0.095 ms","service":"bigpharma-api","timestamp":"2026-05-22 18:00:16"}
{"level":"info","message":"GET /api/orders?page=1&limit=10 200 - - 31.423 ms","service":"bigpharma-api","timestamp":"2026-05-22 18:00:16"}
{"level":"info","message":"OPTIONS /api/orders/6a0b342818266dd1df537b66 204 0 - 0.097 ms","service":"bigpharma-api","timestamp":"2026-05-22 18:00:25"}
{"level":"info","message":"GET /api/orders/6a0b342818266dd1df537b66 200 - - 27.004 ms","service":"bigpharma-api","timestamp":"2026-05-22 18:00:25"}
{"level":"info","message":"OPTIONS /api/orders/6a0b342818266dd1df537b66/invoice 204 0 - 0.146 ms","service":"bigpharma-api","timestamp":"2026-05-22 18:00:25"}
{"level":"info","message":"GET /api/orders/6a0b342818266dd1df537b66/invoice 200 725 - 28.048 ms","service":"bigpharma-api","timestamp":"2026-05-22 18:00:25"}
{"level":"info","message":"OPTIONS /api/orders/6a0772d2a99d2cb8f2968abc/status 204 0 - 0.074 ms","service":"bigpharma-api","timestamp":"2026-05-22 18:00:53"}
{"level":"info","message":"Email sent to karmaceleste426@gmail.com | subject=Commande CMD-2026-0024 : annulée | messageId=<1bf42bea-1d50-878f-177c-dc97e6ce7142@gmail.com>","service":"bigpharma-api","timestamp":"2026-05-22 18:00:59"}
{"level":"info","message":"PUT /api/orders/6a0772d2a99d2cb8f2968abc/status 200 - - 5742.470 ms","service":"bigpharma-api","timestamp":"2026-05-22 18:00:59"}
{"level":"info","message":"OPTIONS /api/orders?page=1&limit=10 204 0 - 0.208 ms","service":"bigpharma-api","timestamp":"2026-05-22 18:00:59"}
{"level":"info","message":"GET /api/orders?page=1&limit=10 200 - - 34.061 ms","service":"bigpharma-api","timestamp":"2026-05-22 18:00:59"}
{"level":"info","message":"OPTIONS /api/orders/6a0772d2a99d2cb8f2968abc 204 0 - 0.117 ms","service":"bigpharma-api","timestamp":"2026-05-22 18:01:06"}
{"level":"info","message":"GET /api/orders/6a0772d2a99d2cb8f2968abc 200 - - 27.478 ms","service":"bigpharma-api","timestamp":"2026-05-22 18:01:06"}
{"level":"info","message":"OPTIONS /api/orders/6a0772d2a99d2cb8f2968abc/invoice 204 0 - 0.218 ms","service":"bigpharma-api","timestamp":"2026-05-22 18:01:06"}
{"level":"info","message":"GET /api/orders/6a0772d2a99d2cb8f2968abc/invoice 404 144 - 22.834 ms","service":"bigpharma-api","timestamp":"2026-05-22 18:01:06"}
{"level":"info","message":"OPTIONS /api/QuestionsClients 204 0 - 0.173 ms","service":"bigpharma-api","timestamp":"2026-05-22 18:01:16"}
{"level":"info","message":"OPTIONS /api/reviews 204 0 - 0.146 ms","service":"bigpharma-api","timestamp":"2026-05-22 18:01:16"}
{"level":"info","message":"OPTIONS /api/complaints 204 0 - 0.203 ms","service":"bigpharma-api","timestamp":"2026-05-22 18:01:16"}
{"level":"info","message":"GET /api/reviews 200 26 - 12.424 ms","service":"bigpharma-api","timestamp":"2026-05-22 18:01:16"}
{"level":"info","message":"GET /api/complaints 200 26 - 13.836 ms","service":"bigpharma-api","timestamp":"2026-05-22 18:01:16"}
{"level":"info","message":"GET /api/QuestionsClients 200 - - 23.183 ms","service":"bigpharma-api","timestamp":"2026-05-22 18:01:16"}
{"level":"info","message":"OPTIONS /api/finance/summary? 204 0 - 0.135 ms","service":"bigpharma-api","timestamp":"2026-05-22 18:02:06"}
{"level":"info","message":"GET /api/finance/summary? 200 - - 13.165 ms","service":"bigpharma-api","timestamp":"2026-05-22 18:02:06"}
{"level":"info","message":"OPTIONS /api/settings/profile 204 0 - 0.123 ms","service":"bigpharma-api","timestamp":"2026-05-22 18:04:15"}
{"level":"info","message":"GET /api/settings/profile 200 234 - 15.286 ms","service":"bigpharma-api","timestamp":"2026-05-22 18:04:15"}
{"level":"info","message":"OPTIONS /api/auth/me 204 0 - 0.229 ms","service":"bigpharma-api","timestamp":"2026-05-22 18:04:18"}
{"level":"info","message":"GET /api/auth/me 200 936 - 17.301 ms","service":"bigpharma-api","timestamp":"2026-05-22 18:04:18"}
{"level":"info","message":"GET /api/settings/profile 304 - - 15.671 ms","service":"bigpharma-api","timestamp":"2026-05-22 18:04:18"}
{"level":"info","message":"OPTIONS /api/products?page=1&limit=1000 204 0 - 0.108 ms","service":"bigpharma-api","timestamp":"2026-05-22 18:04:18"}
{"level":"info","message":"OPTIONS /api/sales?page=1&limit=50 204 0 - 0.108 ms","service":"bigpharma-api","timestamp":"2026-05-22 18:04:18"}
{"level":"info","message":"OPTIONS /api/finance/summary? 204 0 - 0.145 ms","service":"bigpharma-api","timestamp":"2026-05-22 18:04:18"}
{"level":"info","message":"GET /api/finance/summary? 304 - - 38.843 ms","service":"bigpharma-api","timestamp":"2026-05-22 18:04:18"}
{"level":"info","message":"GET /api/products?page=1&limit=1000 304 - - 52.059 ms","service":"bigpharma-api","timestamp":"2026-05-22 18:04:18"}
{"level":"info","message":"GET /api/sales?page=1&limit=50 200 - - 50.011 ms","service":"bigpharma-api","timestamp":"2026-05-22 18:04:18"}
{"level":"info","message":"OPTIONS /api/users/staff 204 0 - 0.276 ms","service":"bigpharma-api","timestamp":"2026-05-22 18:04:26"}
{"level":"info","message":"GET /api/users/staff 200 - - 18.067 ms","service":"bigpharma-api","timestamp":"2026-05-22 18:04:26"}
{"level":"info","message":"OPTIONS /api/auth/refresh-token 204 0 - 0.104 ms","service":"bigpharma-api","timestamp":"2026-05-22 18:04:42"}
{"level":"info","message":"POST /api/auth/refresh-token 200 493 - 13.554 ms","service":"bigpharma-api","timestamp":"2026-05-22 18:04:42"}
{"level":"info","message":"OPTIONS /api/users/staff 204 0 - 0.289 ms","service":"bigpharma-api","timestamp":"2026-05-22 18:04:42"}
{"level":"info","message":"GET /api/users/staff 200 - - 17.367 ms","service":"bigpharma-api","timestamp":"2026-05-22 18:04:42"}
{"level":"info","message":"OPTIONS /api/settings/profile 204 0 - 0.110 ms","service":"bigpharma-api","timestamp":"2026-05-22 18:05:16"}
{"level":"info","message":"GET /api/settings/profile 304 - - 17.520 ms","service":"bigpharma-api","timestamp":"2026-05-22 18:05:16"}
{"level":"info","message":"OPTIONS /api/users/staff 204 0 - 0.169 ms","service":"bigpharma-api","timestamp":"2026-05-22 18:05:18"}
{"level":"info","message":"GET /api/users/staff 304 - - 21.613 ms","service":"bigpharma-api","timestamp":"2026-05-22 18:05:18"}
{"level":"info","message":"OPTIONS /api/auth/login 204 0 - 0.095 ms","service":"bigpharma-api","timestamp":"2026-05-22 18:05:45"}
{"level":"info","message":"POST /api/auth/login 401 120 - 98.975 ms","service":"bigpharma-api","timestamp":"2026-05-22 18:05:45"}
{"level":"info","message":"OPTIONS /api/auth/login 204 0 - 0.102 ms","service":"bigpharma-api","timestamp":"2026-05-22 18:06:02"}
{"level":"info","message":"POST /api/auth/login 200 - - 103.553 ms","service":"bigpharma-api","timestamp":"2026-05-22 18:06:02"}
{"level":"info","message":"OPTIONS /api/orders?page=1&limit=10 204 0 - 0.144 ms","service":"bigpharma-api","timestamp":"2026-05-22 18:06:21"}
{"level":"info","message":"GET /api/orders?page=1&limit=10 304 - - 36.058 ms","service":"bigpharma-api","timestamp":"2026-05-22 18:06:21"}
{"level":"info","message":"OPTIONS /api/clients?page=1&limit=1000 204 0 - 0.134 ms","service":"bigpharma-api","timestamp":"2026-05-22 18:06:27"}
{"level":"info","message":"GET /api/clients?page=1&limit=1000 304 - - 33.760 ms","service":"bigpharma-api","timestamp":"2026-05-22 18:06:27"}
{"level":"info","message":"OPTIONS /api/QuestionsClients 204 0 - 0.236 ms","service":"bigpharma-api","timestamp":"2026-05-22 18:06:39"}
{"level":"info","message":"OPTIONS /api/reviews 204 0 - 0.148 ms","service":"bigpharma-api","timestamp":"2026-05-22 18:06:39"}
{"level":"info","message":"OPTIONS /api/complaints 204 0 - 0.087 ms","service":"bigpharma-api","timestamp":"2026-05-22 18:06:39"}
{"level":"info","message":"GET /api/QuestionsClients 304 - - 24.208 ms","service":"bigpharma-api","timestamp":"2026-05-22 18:06:39"}
{"level":"info","message":"GET /api/reviews 304 - - 18.279 ms","service":"bigpharma-api","timestamp":"2026-05-22 18:06:39"}
{"level":"info","message":"GET /api/complaints 304 - - 19.025 ms","service":"bigpharma-api","timestamp":"2026-05-22 18:06:39"}
{"level":"info","message":"OPTIONS /api/auth/me 204 0 - 0.127 ms","service":"bigpharma-api","timestamp":"2026-05-22 18:06:51"}
{"level":"info","message":"GET /api/auth/me 200 901 - 8.362 ms","service":"bigpharma-api","timestamp":"2026-05-22 18:06:51"}
{"level":"info","message":"OPTIONS /api/notifications 204 0 - 0.116 ms","service":"bigpharma-api","timestamp":"2026-05-22 18:06:52"}
{"level":"info","message":"OPTIONS /api/products?page=1&limit=1000 204 0 - 0.194 ms","service":"bigpharma-api","timestamp":"2026-05-22 18:06:52"}
{"level":"info","message":"GET /api/notifications 200 - - 17.355 ms","service":"bigpharma-api","timestamp":"2026-05-22 18:06:52"}
{"level":"info","message":"GET /api/products?page=1&limit=1000 304 - - 28.129 ms","service":"bigpharma-api","timestamp":"2026-05-22 18:06:52"}
{"level":"info","message":"OPTIONS /api/auth/login 204 0 - 0.096 ms","service":"bigpharma-api","timestamp":"2026-05-22 18:07:26"}
{"level":"info","message":"POST /api/auth/login 200 - - 96.237 ms","service":"bigpharma-api","timestamp":"2026-05-22 18:07:26"}
{"level":"info","message":"OPTIONS /api/sales?page=1&limit=50 204 0 - 0.151 ms","service":"bigpharma-api","timestamp":"2026-05-22 18:07:26"}
{"level":"info","message":"OPTIONS /api/finance/summary? 204 0 - 0.302 ms","service":"bigpharma-api","timestamp":"2026-05-22 18:07:26"}
{"level":"info","message":"GET /api/finance/summary? 304 - - 20.728 ms","service":"bigpharma-api","timestamp":"2026-05-22 18:07:26"}
{"level":"info","message":"GET /api/sales?page=1&limit=50 304 - - 28.384 ms","service":"bigpharma-api","timestamp":"2026-05-22 18:07:26"}
{"level":"info","message":"OPTIONS /api/settings/profile 204 0 - 0.095 ms","service":"bigpharma-api","timestamp":"2026-05-22 18:07:30"}
{"level":"info","message":"GET /api/settings/profile 304 - - 16.563 ms","service":"bigpharma-api","timestamp":"2026-05-22 18:07:30"}
{"level":"info","message":"OPTIONS /api/users/staff 204 0 - 0.109 ms","service":"bigpharma-api","timestamp":"2026-05-22 18:07:34"}
{"level":"info","message":"GET /api/users/staff 200 - - 17.910 ms","service":"bigpharma-api","timestamp":"2026-05-22 18:07:34"}
{"level":"info","message":"OPTIONS /api/users/staff 204 0 - 0.116 ms","service":"bigpharma-api","timestamp":"2026-05-22 18:07:43"}
{"level":"info","message":"GET /api/users/staff 304 - - 16.182 ms","service":"bigpharma-api","timestamp":"2026-05-22 18:07:43"}
{"level":"info","message":"OPTIONS /api/users/staff/6a0321db1acacdc31140a9d2 204 0 - 0.064 ms","service":"bigpharma-api","timestamp":"2026-05-22 18:08:02"}
{"level":"info","message":"PATCH /api/users/staff/6a0321db1acacdc31140a9d2 200 - - 26.215 ms","service":"bigpharma-api","timestamp":"2026-05-22 18:08:03"}
{"level":"info","message":"OPTIONS /api/users/staff 204 0 - 0.118 ms","service":"bigpharma-api","timestamp":"2026-05-22 18:08:03"}
{"level":"info","message":"GET /api/users/staff 200 - - 16.291 ms","service":"bigpharma-api","timestamp":"2026-05-22 18:08:03"}
{"level":"info","message":"GET /api/users/staff 304 - - 24.405 ms","service":"bigpharma-api","timestamp":"2026-05-22 18:08:03"}
{"level":"info","message":"OPTIONS /api/auth/login 204 0 - 0.103 ms","service":"bigpharma-api","timestamp":"2026-05-22 18:08:28"}
{"level":"info","message":"POST /api/auth/login 200 - - 99.660 ms","service":"bigpharma-api","timestamp":"2026-05-22 18:08:28"}
{"level":"info","message":"OPTIONS /api/products?page=1&limit=1000 204 0 - 0.105 ms","service":"bigpharma-api","timestamp":"2026-05-22 18:08:28"}
{"level":"info","message":"OPTIONS /api/sales?page=1&limit=50 204 0 - 0.099 ms","service":"bigpharma-api","timestamp":"2026-05-22 18:08:28"}
{"level":"info","message":"OPTIONS /api/finance/summary? 204 0 - 0.175 ms","service":"bigpharma-api","timestamp":"2026-05-22 18:08:28"}
{"level":"info","message":"GET /api/finance/summary? 403 112 - 22.695 ms","service":"bigpharma-api","timestamp":"2026-05-22 18:08:28"}
{"level":"info","message":"GET /api/sales?page=1&limit=50 304 - - 41.184 ms","service":"bigpharma-api","timestamp":"2026-05-22 18:08:28"}
{"level":"info","message":"GET /api/products?page=1&limit=1000 304 - - 39.210 ms","service":"bigpharma-api","timestamp":"2026-05-22 18:08:28"}
{"level":"info","message":"OPTIONS /api/products?page=1&limit=1000 204 0 - 0.104 ms","service":"bigpharma-api","timestamp":"2026-05-22 18:10:47"}
{"level":"info","message":"GET /api/products?page=1&limit=1000 304 - - 17.868 ms","service":"bigpharma-api","timestamp":"2026-05-22 18:10:47"}
{"level":"info","message":"OPTIONS /api/products/6a108a5606aec5faf51778db 204 0 - 0.058 ms","service":"bigpharma-api","timestamp":"2026-05-22 18:11:00"}
{"level":"info","message":"DELETE /api/products/6a108a5606aec5faf51778db 200 68 - 11.242 ms","service":"bigpharma-api","timestamp":"2026-05-22 18:11:00"}
{"level":"info","message":"OPTIONS /api/products?page=1&limit=1000 204 0 - 0.134 ms","service":"bigpharma-api","timestamp":"2026-05-22 18:11:00"}
{"level":"info","message":"GET /api/products?page=1&limit=1000 200 - - 21.925 ms","service":"bigpharma-api","timestamp":"2026-05-22 18:11:00"}
{"level":"info","message":"OPTIONS /api/activityLogs 204 0 - 0.106 ms","service":"bigpharma-api","timestamp":"2026-05-22 18:11:00"}
{"level":"info","message":"POST /api/activityLogs 404 92 - 6.978 ms","service":"bigpharma-api","timestamp":"2026-05-22 18:11:00"}
{"level":"info","message":"OPTIONS /api/auth/me 204 0 - 0.087 ms","service":"bigpharma-api","timestamp":"2026-05-22 18:11:24"}
{"level":"info","message":"GET /api/auth/me 200 900 - 11.286 ms","service":"bigpharma-api","timestamp":"2026-05-22 18:11:24"}
{"level":"info","message":"OPTIONS /api/notifications 204 0 - 0.120 ms","service":"bigpharma-api","timestamp":"2026-05-22 18:11:25"}
{"level":"info","message":"OPTIONS /api/products?page=1&limit=1000 204 0 - 0.108 ms","service":"bigpharma-api","timestamp":"2026-05-22 18:11:25"}
{"level":"info","message":"OPTIONS /api/sales?page=1&limit=50 204 0 - 0.578 ms","service":"bigpharma-api","timestamp":"2026-05-22 18:11:25"}
{"level":"info","message":"OPTIONS /api/finance/summary? 204 0 - 0.383 ms","service":"bigpharma-api","timestamp":"2026-05-22 18:11:25"}
{"level":"info","message":"GET /api/notifications 304 - - 28.167 ms","service":"bigpharma-api","timestamp":"2026-05-22 18:11:25"}
{"level":"info","message":"GET /api/finance/summary? 403 112 - 31.126 ms","service":"bigpharma-api","timestamp":"2026-05-22 18:11:25"}
{"level":"info","message":"GET /api/products?page=1&limit=1000 304 - - 50.359 ms","service":"bigpharma-api","timestamp":"2026-05-22 18:11:25"}
{"level":"info","message":"GET /api/sales?page=1&limit=50 304 - - 47.075 ms","service":"bigpharma-api","timestamp":"2026-05-22 18:11:25"}
{"level":"info","message":"OPTIONS /api/finance/summary? 204 0 - 0.260 ms","service":"bigpharma-api","timestamp":"2026-05-22 18:11:43"}
{"level":"info","message":"GET /api/finance/summary? 403 112 - 15.509 ms","service":"bigpharma-api","timestamp":"2026-05-22 18:11:43"}
{"level":"info","message":"OPTIONS /api/auth/login 204 0 - 0.205 ms","service":"bigpharma-api","timestamp":"2026-05-22 18:12:22"}
{"level":"info","message":"POST /api/auth/login 200 - - 113.947 ms","service":"bigpharma-api","timestamp":"2026-05-22 18:12:22"}
{"level":"info","message":"OPTIONS /api/finance/summary? 204 0 - 0.129 ms","service":"bigpharma-api","timestamp":"2026-05-22 18:12:23"}
{"level":"info","message":"GET /api/finance/summary? 200 - - 16.563 ms","service":"bigpharma-api","timestamp":"2026-05-22 18:12:23"}
{"level":"info","message":"OPTIONS /api/products/6a108a0a06aec5faf517787e 204 0 - 0.113 ms","service":"bigpharma-api","timestamp":"2026-05-22 18:12:38"}
{"level":"info","message":"DELETE /api/products/6a108a0a06aec5faf517787e 200 68 - 15.805 ms","service":"bigpharma-api","timestamp":"2026-05-22 18:12:38"}
{"level":"info","message":"OPTIONS /api/products?page=1&limit=1000 204 0 - 0.193 ms","service":"bigpharma-api","timestamp":"2026-05-22 18:12:38"}
{"level":"info","message":"GET /api/products?page=1&limit=1000 200 - - 24.645 ms","service":"bigpharma-api","timestamp":"2026-05-22 18:12:38"}
{"level":"info","message":"OPTIONS /api/activityLogs 204 0 - 0.227 ms","service":"bigpharma-api","timestamp":"2026-05-22 18:12:38"}
{"level":"info","message":"POST /api/activityLogs 404 92 - 7.283 ms","service":"bigpharma-api","timestamp":"2026-05-22 18:12:38"}
{"level":"info","message":"OPTIONS /api/activityLogs 204 0 - 0.106 ms","service":"bigpharma-api","timestamp":"2026-05-22 18:12:57"}
{"level":"info","message":"GET /api/activityLogs 200 - - 19.908 ms","service":"bigpharma-api","timestamp":"2026-05-22 18:12:57"}
{"level":"info","message":"OPTIONS /api/activityLogs 204 0 - 0.112 ms","service":"bigpharma-api","timestamp":"2026-05-22 18:15:14"}
{"level":"info","message":"GET /api/activityLogs 304 - - 16.357 ms","service":"bigpharma-api","timestamp":"2026-05-22 18:15:14"}
{"level":"info","message":"OPTIONS /api/finance/summary? 204 0 - 0.135 ms","service":"bigpharma-api","timestamp":"2026-05-22 18:15:22"}
{"level":"info","message":"GET /api/finance/summary? 304 - - 19.147 ms","service":"bigpharma-api","timestamp":"2026-05-22 18:15:22"}
{"level":"info","message":"OPTIONS /api/products?page=1&limit=1000 204 0 - 0.131 ms","service":"bigpharma-api","timestamp":"2026-05-22 18:17:02"}
{"level":"info","message":"OPTIONS /api/sales?page=1&limit=50 204 0 - 0.102 ms","service":"bigpharma-api","timestamp":"2026-05-22 18:17:02"}
{"level":"info","message":"GET /api/products?page=1&limit=1000 304 - - 26.291 ms","service":"bigpharma-api","timestamp":"2026-05-22 18:17:03"}
{"level":"info","message":"GET /api/sales?page=1&limit=50 304 - - 25.635 ms","service":"bigpharma-api","timestamp":"2026-05-22 18:17:03"}
