{"level":"info","message":"Redis caching disabled (no REDIS_HOST provided)","service":"bigpharma-api","timestamp":"2026-05-11 10:02:35"}
{"level":"info","message":"[SEED] Default company created.","service":"bigpharma-api","timestamp":"2026-05-11 10:02:35"}
{"level":"info","message":"[SEED] Default administrator created: laflorale8@gmail.com / laflorale123","service":"bigpharma-api","timestamp":"2026-05-11 10:02:35"}
{"level":"info","message":"Redis caching disabled (no REDIS_HOST provided)","service":"bigpharma-api","timestamp":"2026-05-11 10:07:13"}
{"level":"info","message":"Redis caching disabled (no REDIS_HOST provided)","service":"bigpharma-api","timestamp":"2026-05-11 10:08:14"}
{"level":"info","message":"OPTIONS /api/auth/login 204 0 - 1.491 ms","service":"bigpharma-api","timestamp":"2026-05-11 10:10:14"}
{"level":"info","message":"POST /api/auth/login 401 109 - 181.977 ms","service":"bigpharma-api","timestamp":"2026-05-11 10:10:14"}
{"level":"info","message":"OPTIONS /api/auth/login 204 0 - 0.339 ms","service":"bigpharma-api","timestamp":"2026-05-11 10:10:34"}
{"level":"info","message":"POST /api/auth/login 200 709 - 160.555 ms","service":"bigpharma-api","timestamp":"2026-05-11 10:10:34"}
{"level":"info","message":"OPTIONS /api/products?limit=4 204 0 - 0.182 ms","service":"bigpharma-api","timestamp":"2026-05-11 10:10:34"}
{"level":"info","message":"OPTIONS /api/products?limit=10&page=1 204 0 - 0.220 ms","service":"bigpharma-api","timestamp":"2026-05-11 10:10:34"}
{"level":"info","message":"GET /api/products?limit=10&page=1 200 - - 62.073 ms","service":"bigpharma-api","timestamp":"2026-05-11 10:10:34"}
{"level":"info","message":"GET /api/products?limit=4 200 - - 77.521 ms","service":"bigpharma-api","timestamp":"2026-05-11 10:10:34"}
{"level":"info","message":"OPTIONS /api/auth/login 204 0 - 0.170 ms","service":"bigpharma-api","timestamp":"2026-05-11 10:11:07"}
{"level":"error","message":"ValidationError: User validation failed: role: `admin` is not a valid enum value for path `role`.","method":"POST","path":"/api/auth/login","requestId":"bc21397a-c413-4f21-a487-619dc4b12b57","service":"bigpharma-api","stack":"ValidationError: User validation failed: role: `admin` is not a valid enum value for path `role`.\n    at model.validate (D:\\Projets\\BigPharma 1.2\\api\\node_modules\\mongoose\\lib\\document.js:2864:36)\n    at async model.$__save (D:\\Projets\\BigPharma 1.2\\api\\node_modules\\mongoose\\lib\\model.js:389:7)\n    at async model.save (D:\\Projets\\BigPharma 1.2\\api\\node_modules\\mongoose\\lib\\model.js:663:5)\n    at async generateRefreshToken (D:\\Projets\\BigPharma 1.2\\api\\controllers\\authController.js:28:3)\n    at async exports.login (D:\\Projets\\BigPharma 1.2\\api\\controllers\\authController.js:174:26)","timestamp":"2026-05-11 10:11:07"}
{"level":"info","message":"POST /api/auth/login 400 776 - 91.555 ms","service":"bigpharma-api","timestamp":"2026-05-11 10:11:07"}
{"level":"info","message":"Redis caching disabled (no REDIS_HOST provided)","service":"bigpharma-api","timestamp":"2026-05-11 10:21:46"}
{"level":"info","message":"Redis caching disabled (no REDIS_HOST provided)","service":"bigpharma-api","timestamp":"2026-05-11 10:23:02"}
{"level":"info","message":"Redis caching disabled (no REDIS_HOST provided)","service":"bigpharma-api","timestamp":"2026-05-11 10:23:40"}
{"level":"info","message":"OPTIONS /api/auth/login 204 0 - 1.198 ms","service":"bigpharma-api","timestamp":"2026-05-11 10:25:28"}
{"level":"error","message":"TypeError: Cannot set property query of #<IncomingMessage> which has only a getter","method":"POST","path":"/api/auth/login","requestId":"8204d3de-4b31-4ace-a864-060ae80449a4","service":"bigpharma-api","stack":"TypeError: Cannot set property query of #<IncomingMessage> which has only a getter\n    at D:\\Projets\\BigPharma 1.2\\api\\node_modules\\xss-clean\\lib\\index.js:8:30\n    at Layer.handleRequest (D:\\Projets\\BigPharma 1.2\\api\\node_modules\\router\\lib\\layer.js:152:17)\n    at trimPrefix (D:\\Projets\\BigPharma 1.2\\api\\node_modules\\router\\index.js:342:13)\n    at D:\\Projets\\BigPharma 1.2\\api\\node_modules\\router\\index.js:297:9\n    at processParams (D:\\Projets\\BigPharma 1.2\\api\\node_modules\\router\\index.js:582:12)\n    at next (D:\\Projets\\BigPharma 1.2\\api\\node_modules\\router\\index.js:291:5)\n    at internalNext (D:\\Projets\\BigPharma 1.2\\api\\node_modules\\helmet\\index.cjs:537:6)\n    at xXssProtectionMiddleware (D:\\Projets\\BigPharma 1.2\\api\\node_modules\\helmet\\index.cjs:315:3)\n    at internalNext (D:\\Projets\\BigPharma 1.2\\api\\node_modules\\helmet\\index.cjs:535:6)\n    at xPoweredByMiddleware (D:\\Projets\\BigPharma 1.2\\api\\node_modules\\helmet\\index.cjs:308:3)","timestamp":"2026-05-11 10:25:28"}
{"level":"info","message":"POST /api/auth/login 500 - - 25.353 ms","service":"bigpharma-api","timestamp":"2026-05-11 10:25:28"}
{"level":"info","message":"Redis caching disabled (no REDIS_HOST provided)","service":"bigpharma-api","timestamp":"2026-05-11 10:31:51"}
{"level":"info","message":"Redis caching disabled (no REDIS_HOST provided)","service":"bigpharma-api","timestamp":"2026-05-11 10:33:22"}
{"level":"info","message":"Redis caching disabled (no REDIS_HOST provided)","service":"bigpharma-api","timestamp":"2026-05-11 10:34:19"}
{"level":"info","message":"Redis caching disabled (no REDIS_HOST provided)","service":"bigpharma-api","timestamp":"2026-05-11 10:34:40"}
{"level":"info","message":"Redis caching disabled (no REDIS_HOST provided)","service":"bigpharma-api","timestamp":"2026-05-11 10:35:51"}
{"level":"info","message":"Redis caching disabled (no REDIS_HOST provided)","service":"bigpharma-api","timestamp":"2026-05-11 10:36:09"}
{"level":"info","message":"Redis caching disabled (no REDIS_HOST provided)","service":"bigpharma-api","timestamp":"2026-05-11 10:38:01"}
{"level":"info","message":"Redis caching disabled (no REDIS_HOST provided)","service":"bigpharma-api","timestamp":"2026-05-11 10:38:48"}
{"level":"info","message":"Redis caching disabled (no REDIS_HOST provided)","service":"bigpharma-api","timestamp":"2026-05-11 10:39:59"}
{"level":"info","message":"Redis caching disabled (no REDIS_HOST provided)","service":"bigpharma-api","timestamp":"2026-05-11 10:41:18"}
{"level":"info","message":"Redis caching disabled (no REDIS_HOST provided)","service":"bigpharma-api","timestamp":"2026-05-11 10:41:54"}
{"level":"info","message":"Redis caching disabled (no REDIS_HOST provided)","service":"bigpharma-api","timestamp":"2026-05-11 10:45:45"}
{"level":"info","message":"OPTIONS /api/auth/login 204 0 - 3.272 ms","service":"bigpharma-api","timestamp":"2026-05-11 10:47:34"}
{"level":"error","message":"TypeError: Cannot set property query of #<IncomingMessage> which has only a getter","method":"POST","path":"/api/auth/login","requestId":"b1ce1fc8-b5a2-4a6e-b4ab-7604e60d8e5d","service":"bigpharma-api","stack":"TypeError: Cannot set property query of #<IncomingMessage> which has only a getter\n    at D:\\Projets\\BigPharma 1.2\\api\\node_modules\\xss-clean\\lib\\index.js:8:30\n    at Layer.handleRequest (D:\\Projets\\BigPharma 1.2\\api\\node_modules\\router\\lib\\layer.js:152:17)\n    at trimPrefix (D:\\Projets\\BigPharma 1.2\\api\\node_modules\\router\\index.js:342:13)\n    at D:\\Projets\\BigPharma 1.2\\api\\node_modules\\router\\index.js:297:9\n    at processParams (D:\\Projets\\BigPharma 1.2\\api\\node_modules\\router\\index.js:582:12)\n    at next (D:\\Projets\\BigPharma 1.2\\api\\node_modules\\router\\index.js:291:5)\n    at internalNext (D:\\Projets\\BigPharma 1.2\\api\\node_modules\\helmet\\index.cjs:537:6)\n    at xXssProtectionMiddleware (D:\\Projets\\BigPharma 1.2\\api\\node_modules\\helmet\\index.cjs:315:3)\n    at internalNext (D:\\Projets\\BigPharma 1.2\\api\\node_modules\\helmet\\index.cjs:535:6)\n    at xPoweredByMiddleware (D:\\Projets\\BigPharma 1.2\\api\\node_modules\\helmet\\index.cjs:308:3)","timestamp":"2026-05-11 10:47:34"}
{"level":"info","message":"POST /api/auth/login 500 - - 54.837 ms","service":"bigpharma-api","timestamp":"2026-05-11 10:47:34"}
{"level":"info","message":"OPTIONS /api/auth/login 204 0 - 0.144 ms","service":"bigpharma-api","timestamp":"2026-05-11 10:48:24"}
{"level":"error","message":"TypeError: Cannot set property query of #<IncomingMessage> which has only a getter","method":"POST","path":"/api/auth/login","requestId":"2455b5b1-bf84-4b24-8a25-1d4c71b95cea","service":"bigpharma-api","stack":"TypeError: Cannot set property query of #<IncomingMessage> which has only a getter\n    at D:\\Projets\\BigPharma 1.2\\api\\node_modules\\xss-clean\\lib\\index.js:8:30\n    at Layer.handleRequest (D:\\Projets\\BigPharma 1.2\\api\\node_modules\\router\\lib\\layer.js:152:17)\n    at trimPrefix (D:\\Projets\\BigPharma 1.2\\api\\node_modules\\router\\index.js:342:13)\n    at D:\\Projets\\BigPharma 1.2\\api\\node_modules\\router\\index.js:297:9\n    at processParams (D:\\Projets\\BigPharma 1.2\\api\\node_modules\\router\\index.js:582:12)\n    at next (D:\\Projets\\BigPharma 1.2\\api\\node_modules\\router\\index.js:291:5)\n    at internalNext (D:\\Projets\\BigPharma 1.2\\api\\node_modules\\helmet\\index.cjs:537:6)\n    at xXssProtectionMiddleware (D:\\Projets\\BigPharma 1.2\\api\\node_modules\\helmet\\index.cjs:315:3)\n    at internalNext (D:\\Projets\\BigPharma 1.2\\api\\node_modules\\helmet\\index.cjs:535:6)\n    at xPoweredByMiddleware (D:\\Projets\\BigPharma 1.2\\api\\node_modules\\helmet\\index.cjs:308:3)","timestamp":"2026-05-11 10:48:24"}
{"level":"info","message":"POST /api/auth/login 500 - - 1.611 ms","service":"bigpharma-api","timestamp":"2026-05-11 10:48:24"}
{"level":"info","message":"OPTIONS /api/auth/login 204 0 - 0.146 ms","service":"bigpharma-api","timestamp":"2026-05-11 10:48:47"}
{"level":"error","message":"TypeError: Cannot set property query of #<IncomingMessage> which has only a getter","method":"POST","path":"/api/auth/login","requestId":"32f56771-e378-4a80-8b8d-833b9a53bf50","service":"bigpharma-api","stack":"TypeError: Cannot set property query of #<IncomingMessage> which has only a getter\n    at D:\\Projets\\BigPharma 1.2\\api\\node_modules\\xss-clean\\lib\\index.js:8:30\n    at Layer.handleRequest (D:\\Projets\\BigPharma 1.2\\api\\node_modules\\router\\lib\\layer.js:152:17)\n    at trimPrefix (D:\\Projets\\BigPharma 1.2\\api\\node_modules\\router\\index.js:342:13)\n    at D:\\Projets\\BigPharma 1.2\\api\\node_modules\\router\\index.js:297:9\n    at processParams (D:\\Projets\\BigPharma 1.2\\api\\node_modules\\router\\index.js:582:12)\n    at next (D:\\Projets\\BigPharma 1.2\\api\\node_modules\\router\\index.js:291:5)\n    at internalNext (D:\\Projets\\BigPharma 1.2\\api\\node_modules\\helmet\\index.cjs:537:6)\n    at xXssProtectionMiddleware (D:\\Projets\\BigPharma 1.2\\api\\node_modules\\helmet\\index.cjs:315:3)\n    at internalNext (D:\\Projets\\BigPharma 1.2\\api\\node_modules\\helmet\\index.cjs:535:6)\n    at xPoweredByMiddleware (D:\\Projets\\BigPharma 1.2\\api\\node_modules\\helmet\\index.cjs:308:3)","timestamp":"2026-05-11 10:48:47"}
{"level":"info","message":"POST /api/auth/login 500 - - 2.210 ms","service":"bigpharma-api","timestamp":"2026-05-11 10:48:47"}
{"level":"info","message":"Redis caching disabled (no REDIS_HOST provided)","service":"bigpharma-api","timestamp":"2026-05-11 10:50:22"}
{"level":"info","message":"OPTIONS /api/auth/login 204 0 - 1.164 ms","service":"bigpharma-api","timestamp":"2026-05-11 10:50:29"}
{"level":"info","message":"POST /api/auth/login 200 709 - 213.193 ms","service":"bigpharma-api","timestamp":"2026-05-11 10:50:29"}
{"level":"info","message":"OPTIONS /api/products?limit=4 204 0 - 0.280 ms","service":"bigpharma-api","timestamp":"2026-05-11 10:50:29"}
{"level":"info","message":"OPTIONS /api/products?limit=10&page=1 204 0 - 0.301 ms","service":"bigpharma-api","timestamp":"2026-05-11 10:50:29"}
{"level":"info","message":"GET /api/products?limit=10&page=1 200 - - 77.853 ms","service":"bigpharma-api","timestamp":"2026-05-11 10:50:29"}
{"level":"info","message":"GET /api/products?limit=4 200 - - 83.581 ms","service":"bigpharma-api","timestamp":"2026-05-11 10:50:29"}
{"level":"info","message":"OPTIONS /api/auth/login 204 0 - 0.121 ms","service":"bigpharma-api","timestamp":"2026-05-11 10:50:52"}
{"level":"info","message":"POST /api/auth/login 401 109 - 88.026 ms","service":"bigpharma-api","timestamp":"2026-05-11 10:50:53"}
{"level":"info","message":"OPTIONS /api/auth/login 204 0 - 0.070 ms","service":"bigpharma-api","timestamp":"2026-05-11 10:56:31"}
{"level":"info","message":"POST /api/auth/login 200 754 - 84.908 ms","service":"bigpharma-api","timestamp":"2026-05-11 10:56:31"}
{"level":"info","message":"OPTIONS /api/products 204 0 - 0.134 ms","service":"bigpharma-api","timestamp":"2026-05-11 10:56:32"}
{"level":"info","message":"OPTIONS /api/sales?page=1&limit=50 204 0 - 0.114 ms","service":"bigpharma-api","timestamp":"2026-05-11 10:56:32"}
{"level":"info","message":"OPTIONS /api/finance 204 0 - 0.094 ms","service":"bigpharma-api","timestamp":"2026-05-11 10:56:32"}
{"level":"info","message":"OPTIONS /api/clients?page=1&limit=50 204 0 - 0.201 ms","service":"bigpharma-api","timestamp":"2026-05-11 10:56:32"}
{"level":"info","message":"OPTIONS /api/activityLogs 204 0 - 0.097 ms","service":"bigpharma-api","timestamp":"2026-05-11 10:56:32"}
{"level":"info","message":"GET /api/finance 404 92 - 32.425 ms","service":"bigpharma-api","timestamp":"2026-05-11 10:56:32"}
{"level":"info","message":"GET /api/sales?page=1&limit=50 200 26 - 41.550 ms","service":"bigpharma-api","timestamp":"2026-05-11 10:56:32"}
{"level":"info","message":"GET /api/products 200 - - 44.606 ms","service":"bigpharma-api","timestamp":"2026-05-11 10:56:32"}
{"level":"info","message":"GET /api/activityLogs 200 81 - 40.419 ms","service":"bigpharma-api","timestamp":"2026-05-11 10:56:32"}
{"level":"info","message":"GET /api/clients?page=1&limit=50 200 - - 57.913 ms","service":"bigpharma-api","timestamp":"2026-05-11 10:56:32"}
{"level":"info","message":"OPTIONS /api/products 204 0 - 0.118 ms","service":"bigpharma-api","timestamp":"2026-05-11 10:56:50"}
{"level":"info","message":"GET /api/products 304 - - 16.466 ms","service":"bigpharma-api","timestamp":"2026-05-11 10:56:50"}
{"level":"info","message":"OPTIONS /api/finance 204 0 - 0.075 ms","service":"bigpharma-api","timestamp":"2026-05-11 10:56:55"}
{"level":"info","message":"OPTIONS /api/sales?page=1&limit=50 204 0 - 0.113 ms","service":"bigpharma-api","timestamp":"2026-05-11 10:56:55"}
{"level":"info","message":"OPTIONS /api/clients?page=1&limit=50 204 0 - 0.366 ms","service":"bigpharma-api","timestamp":"2026-05-11 10:56:55"}
{"level":"info","message":"OPTIONS /api/activityLogs 204 0 - 0.059 ms","service":"bigpharma-api","timestamp":"2026-05-11 10:56:55"}
{"level":"info","message":"GET /api/finance 404 92 - 24.750 ms","service":"bigpharma-api","timestamp":"2026-05-11 10:56:55"}
{"level":"info","message":"GET /api/sales?page=1&limit=50 304 - - 31.950 ms","service":"bigpharma-api","timestamp":"2026-05-11 10:56:55"}
{"level":"info","message":"GET /api/products 304 - - 43.635 ms","service":"bigpharma-api","timestamp":"2026-05-11 10:56:55"}
{"level":"info","message":"GET /api/activityLogs 304 - - 28.982 ms","service":"bigpharma-api","timestamp":"2026-05-11 10:56:55"}
{"level":"info","message":"GET /api/clients?page=1&limit=50 304 - - 42.750 ms","service":"bigpharma-api","timestamp":"2026-05-11 10:56:55"}
{"level":"info","message":"OPTIONS /api/settings/profile 204 0 - 0.108 ms","service":"bigpharma-api","timestamp":"2026-05-11 10:59:01"}
{"level":"info","message":"GET /api/settings/profile 404 92 - 5.691 ms","service":"bigpharma-api","timestamp":"2026-05-11 10:59:01"}
{"level":"info","message":"OPTIONS /api/users 204 0 - 0.089 ms","service":"bigpharma-api","timestamp":"2026-05-11 10:59:03"}
{"level":"info","message":"GET /api/users 404 92 - 6.810 ms","service":"bigpharma-api","timestamp":"2026-05-11 10:59:03"}
{"level":"info","message":"OPTIONS /api/settings/profile 204 0 - 0.085 ms","service":"bigpharma-api","timestamp":"2026-05-11 10:59:11"}
{"level":"info","message":"GET /api/settings/profile 404 92 - 7.950 ms","service":"bigpharma-api","timestamp":"2026-05-11 10:59:11"}
{"level":"info","message":"OPTIONS /api/clients?page=1&limit=50 204 0 - 0.124 ms","service":"bigpharma-api","timestamp":"2026-05-11 10:59:36"}
{"level":"info","message":"GET /api/clients?page=1&limit=50 304 - - 15.582 ms","service":"bigpharma-api","timestamp":"2026-05-11 10:59:36"}
{"level":"info","message":"OPTIONS /api/orders?page=1&limit=10 204 0 - 0.053 ms","service":"bigpharma-api","timestamp":"2026-05-11 10:59:41"}
{"level":"info","message":"GET /api/orders?page=1&limit=10 200 186 - 24.502 ms","service":"bigpharma-api","timestamp":"2026-05-11 10:59:41"}
{"level":"info","message":"OPTIONS /api/orders?page=1&limit=10 204 0 - 0.073 ms","service":"bigpharma-api","timestamp":"2026-05-11 10:59:51"}
{"level":"info","message":"GET /api/orders?page=1&limit=10 304 - - 13.554 ms","service":"bigpharma-api","timestamp":"2026-05-11 10:59:51"}
{"level":"info","message":"OPTIONS /api/orders?page=1&limit=10 204 0 - 0.072 ms","service":"bigpharma-api","timestamp":"2026-05-11 11:00:01"}
{"level":"info","message":"GET /api/orders?page=1&limit=10 304 - - 6.532 ms","service":"bigpharma-api","timestamp":"2026-05-11 11:00:01"}
{"level":"info","message":"OPTIONS /api/orders?page=1&limit=10 204 0 - 0.083 ms","service":"bigpharma-api","timestamp":"2026-05-11 11:00:11"}
{"level":"info","message":"GET /api/orders?page=1&limit=10 304 - - 8.053 ms","service":"bigpharma-api","timestamp":"2026-05-11 11:00:11"}
{"level":"info","message":"OPTIONS /api/orders?page=1&limit=10 204 0 - 0.077 ms","service":"bigpharma-api","timestamp":"2026-05-11 11:00:21"}
{"level":"info","message":"GET /api/orders?page=1&limit=10 304 - - 12.009 ms","service":"bigpharma-api","timestamp":"2026-05-11 11:00:21"}
{"level":"info","message":"OPTIONS /api/orders?page=1&limit=10 204 0 - 0.066 ms","service":"bigpharma-api","timestamp":"2026-05-11 11:00:31"}
{"level":"info","message":"GET /api/orders?page=1&limit=10 304 - - 9.411 ms","service":"bigpharma-api","timestamp":"2026-05-11 11:00:31"}
{"level":"info","message":"OPTIONS /api/orders?page=1&limit=10 204 0 - 0.081 ms","service":"bigpharma-api","timestamp":"2026-05-11 11:00:41"}
{"level":"info","message":"GET /api/orders?page=1&limit=10 304 - - 7.582 ms","service":"bigpharma-api","timestamp":"2026-05-11 11:00:41"}
{"level":"info","message":"OPTIONS /api/orders?page=1&limit=10 204 0 - 0.087 ms","service":"bigpharma-api","timestamp":"2026-05-11 11:00:51"}
{"level":"info","message":"GET /api/orders?page=1&limit=10 304 - - 11.155 ms","service":"bigpharma-api","timestamp":"2026-05-11 11:00:51"}
{"level":"info","message":"OPTIONS /api/orders?page=1&limit=10 204 0 - 0.086 ms","service":"bigpharma-api","timestamp":"2026-05-11 11:01:01"}
{"level":"info","message":"GET /api/orders?page=1&limit=10 304 - - 9.847 ms","service":"bigpharma-api","timestamp":"2026-05-11 11:01:01"}
{"level":"info","message":"OPTIONS /api/orders?page=1&limit=10 204 0 - 0.096 ms","service":"bigpharma-api","timestamp":"2026-05-11 11:01:11"}
{"level":"info","message":"GET /api/orders?page=1&limit=10 304 - - 9.154 ms","service":"bigpharma-api","timestamp":"2026-05-11 11:01:11"}
{"level":"info","message":"OPTIONS /api/orders?page=1&limit=10 204 0 - 0.074 ms","service":"bigpharma-api","timestamp":"2026-05-11 11:01:21"}
{"level":"info","message":"GET /api/orders?page=1&limit=10 304 - - 8.136 ms","service":"bigpharma-api","timestamp":"2026-05-11 11:01:21"}
{"level":"info","message":"OPTIONS /api/orders?page=1&limit=10 204 0 - 0.092 ms","service":"bigpharma-api","timestamp":"2026-05-11 11:01:31"}
{"level":"info","message":"GET /api/orders?page=1&limit=10 304 - - 8.781 ms","service":"bigpharma-api","timestamp":"2026-05-11 11:01:31"}
{"level":"info","message":"OPTIONS /api/orders?page=1&limit=10 204 0 - 0.109 ms","service":"bigpharma-api","timestamp":"2026-05-11 11:01:41"}
{"level":"info","message":"GET /api/orders?page=1&limit=10 304 - - 8.396 ms","service":"bigpharma-api","timestamp":"2026-05-11 11:01:41"}
{"level":"info","message":"OPTIONS /api/orders?page=1&limit=10 204 0 - 0.080 ms","service":"bigpharma-api","timestamp":"2026-05-11 11:01:51"}
{"level":"info","message":"GET /api/orders?page=1&limit=10 304 - - 7.573 ms","service":"bigpharma-api","timestamp":"2026-05-11 11:01:51"}
{"level":"info","message":"OPTIONS /api/orders?page=1&limit=10 204 0 - 0.085 ms","service":"bigpharma-api","timestamp":"2026-05-11 11:02:01"}
{"level":"info","message":"GET /api/orders?page=1&limit=10 304 - - 7.999 ms","service":"bigpharma-api","timestamp":"2026-05-11 11:02:01"}
{"level":"info","message":"OPTIONS /api/orders?page=1&limit=10 204 0 - 0.070 ms","service":"bigpharma-api","timestamp":"2026-05-11 11:02:11"}
{"level":"info","message":"GET /api/orders?page=1&limit=10 304 - - 7.750 ms","service":"bigpharma-api","timestamp":"2026-05-11 11:02:11"}
{"level":"info","message":"OPTIONS /api/orders?page=1&limit=10 204 0 - 0.080 ms","service":"bigpharma-api","timestamp":"2026-05-11 11:02:21"}
{"level":"info","message":"GET /api/orders?page=1&limit=10 304 - - 8.638 ms","service":"bigpharma-api","timestamp":"2026-05-11 11:02:21"}
{"level":"info","message":"OPTIONS /api/orders?page=1&limit=10 204 0 - 0.088 ms","service":"bigpharma-api","timestamp":"2026-05-11 11:02:31"}
{"level":"info","message":"GET /api/orders?page=1&limit=10 304 - - 7.685 ms","service":"bigpharma-api","timestamp":"2026-05-11 11:02:31"}
{"level":"info","message":"OPTIONS /api/orders?page=1&limit=10 204 0 - 0.062 ms","service":"bigpharma-api","timestamp":"2026-05-11 11:02:41"}
{"level":"info","message":"GET /api/orders?page=1&limit=10 304 - - 8.253 ms","service":"bigpharma-api","timestamp":"2026-05-11 11:02:41"}
{"level":"info","message":"OPTIONS /api/orders?page=1&limit=10 204 0 - 0.084 ms","service":"bigpharma-api","timestamp":"2026-05-11 11:02:51"}
{"level":"info","message":"GET /api/orders?page=1&limit=10 304 - - 6.904 ms","service":"bigpharma-api","timestamp":"2026-05-11 11:02:51"}
{"level":"info","message":"OPTIONS /api/orders?page=1&limit=10 204 0 - 0.099 ms","service":"bigpharma-api","timestamp":"2026-05-11 11:03:01"}
{"level":"info","message":"GET /api/orders?page=1&limit=10 304 - - 8.559 ms","service":"bigpharma-api","timestamp":"2026-05-11 11:03:01"}
{"level":"info","message":"OPTIONS /api/orders?page=1&limit=10 204 0 - 0.117 ms","service":"bigpharma-api","timestamp":"2026-05-11 11:03:11"}
{"level":"info","message":"GET /api/orders?page=1&limit=10 304 - - 20.785 ms","service":"bigpharma-api","timestamp":"2026-05-11 11:03:11"}
{"level":"info","message":"OPTIONS /api/orders?page=1&limit=10 204 0 - 0.056 ms","service":"bigpharma-api","timestamp":"2026-05-11 11:03:21"}
{"level":"info","message":"GET /api/orders?page=1&limit=10 304 - - 11.320 ms","service":"bigpharma-api","timestamp":"2026-05-11 11:03:21"}
{"level":"info","message":"OPTIONS /api/orders?page=1&limit=10 204 0 - 0.074 ms","service":"bigpharma-api","timestamp":"2026-05-11 11:03:31"}
{"level":"info","message":"GET /api/orders?page=1&limit=10 304 - - 8.688 ms","service":"bigpharma-api","timestamp":"2026-05-11 11:03:31"}
{"level":"info","message":"OPTIONS /api/orders?page=1&limit=10 204 0 - 0.074 ms","service":"bigpharma-api","timestamp":"2026-05-11 11:03:41"}
{"level":"info","message":"GET /api/orders?page=1&limit=10 304 - - 8.078 ms","service":"bigpharma-api","timestamp":"2026-05-11 11:03:41"}
{"level":"info","message":"OPTIONS /api/orders?page=1&limit=10 204 0 - 0.089 ms","service":"bigpharma-api","timestamp":"2026-05-11 11:03:51"}
{"level":"info","message":"GET /api/orders?page=1&limit=10 304 - - 8.130 ms","service":"bigpharma-api","timestamp":"2026-05-11 11:03:51"}
{"level":"info","message":"OPTIONS /api/orders?page=1&limit=10 204 0 - 0.048 ms","service":"bigpharma-api","timestamp":"2026-05-11 11:04:01"}
{"level":"info","message":"GET /api/orders?page=1&limit=10 304 - - 9.411 ms","service":"bigpharma-api","timestamp":"2026-05-11 11:04:01"}
{"level":"info","message":"OPTIONS /api/orders?page=1&limit=10 204 0 - 0.067 ms","service":"bigpharma-api","timestamp":"2026-05-11 11:04:11"}
{"level":"info","message":"GET /api/orders?page=1&limit=10 304 - - 6.906 ms","service":"bigpharma-api","timestamp":"2026-05-11 11:04:11"}
{"level":"info","message":"OPTIONS /api/orders?page=1&limit=10 204 0 - 0.092 ms","service":"bigpharma-api","timestamp":"2026-05-11 11:04:21"}
{"level":"info","message":"GET /api/orders?page=1&limit=10 304 - - 7.555 ms","service":"bigpharma-api","timestamp":"2026-05-11 11:04:21"}
{"level":"info","message":"OPTIONS /api/orders?page=1&limit=10 204 0 - 0.080 ms","service":"bigpharma-api","timestamp":"2026-05-11 11:04:31"}
{"level":"info","message":"GET /api/orders?page=1&limit=10 304 - - 8.326 ms","service":"bigpharma-api","timestamp":"2026-05-11 11:04:31"}
{"level":"info","message":"OPTIONS /api/orders?page=1&limit=10 204 0 - 0.385 ms","service":"bigpharma-api","timestamp":"2026-05-11 11:04:41"}
{"level":"info","message":"GET /api/orders?page=1&limit=10 304 - - 13.929 ms","service":"bigpharma-api","timestamp":"2026-05-11 11:04:41"}
{"level":"info","message":"OPTIONS /api/orders?page=1&limit=10 204 0 - 0.089 ms","service":"bigpharma-api","timestamp":"2026-05-11 11:04:51"}
{"level":"info","message":"GET /api/orders?page=1&limit=10 304 - - 8.178 ms","service":"bigpharma-api","timestamp":"2026-05-11 11:04:51"}
{"level":"info","message":"OPTIONS /api/orders?page=1&limit=10 204 0 - 0.073 ms","service":"bigpharma-api","timestamp":"2026-05-11 11:05:01"}
{"level":"info","message":"GET /api/orders?page=1&limit=10 304 - - 12.637 ms","service":"bigpharma-api","timestamp":"2026-05-11 11:05:01"}
{"level":"info","message":"OPTIONS /api/orders?page=1&limit=10 204 0 - 0.089 ms","service":"bigpharma-api","timestamp":"2026-05-11 11:05:11"}
{"level":"info","message":"GET /api/orders?page=1&limit=10 304 - - 7.892 ms","service":"bigpharma-api","timestamp":"2026-05-11 11:05:11"}
{"level":"info","message":"OPTIONS /api/orders?page=1&limit=10 204 0 - 0.071 ms","service":"bigpharma-api","timestamp":"2026-05-11 11:05:21"}
{"level":"info","message":"GET /api/orders?page=1&limit=10 304 - - 10.010 ms","service":"bigpharma-api","timestamp":"2026-05-11 11:05:21"}
{"level":"info","message":"OPTIONS /api/orders?page=1&limit=10 204 0 - 0.050 ms","service":"bigpharma-api","timestamp":"2026-05-11 11:05:31"}
{"level":"info","message":"GET /api/orders?page=1&limit=10 304 - - 6.941 ms","service":"bigpharma-api","timestamp":"2026-05-11 11:05:31"}
{"level":"info","message":"OPTIONS /api/orders?page=1&limit=10 204 0 - 0.130 ms","service":"bigpharma-api","timestamp":"2026-05-11 11:05:41"}
{"level":"info","message":"GET /api/orders?page=1&limit=10 304 - - 8.378 ms","service":"bigpharma-api","timestamp":"2026-05-11 11:05:41"}
{"level":"info","message":"OPTIONS /api/orders?page=1&limit=10 204 0 - 0.096 ms","service":"bigpharma-api","timestamp":"2026-05-11 11:05:51"}
{"level":"info","message":"GET /api/orders?page=1&limit=10 304 - - 8.185 ms","service":"bigpharma-api","timestamp":"2026-05-11 11:05:51"}
{"level":"info","message":"OPTIONS /api/orders?page=1&limit=10 204 0 - 0.064 ms","service":"bigpharma-api","timestamp":"2026-05-11 11:06:01"}
{"level":"info","message":"GET /api/orders?page=1&limit=10 304 - - 7.474 ms","service":"bigpharma-api","timestamp":"2026-05-11 11:06:01"}
{"level":"info","message":"OPTIONS /api/orders?page=1&limit=10 204 0 - 0.128 ms","service":"bigpharma-api","timestamp":"2026-05-11 11:06:11"}
{"level":"info","message":"GET /api/orders?page=1&limit=10 304 - - 7.400 ms","service":"bigpharma-api","timestamp":"2026-05-11 11:06:11"}
{"level":"info","message":"OPTIONS /api/orders?page=1&limit=10 204 0 - 0.118 ms","service":"bigpharma-api","timestamp":"2026-05-11 11:06:21"}
{"level":"info","message":"GET /api/orders?page=1&limit=10 304 - - 6.454 ms","service":"bigpharma-api","timestamp":"2026-05-11 11:06:21"}
{"level":"info","message":"OPTIONS /api/orders?page=1&limit=10 204 0 - 0.063 ms","service":"bigpharma-api","timestamp":"2026-05-11 11:06:31"}
{"level":"info","message":"GET /api/orders?page=1&limit=10 304 - - 8.263 ms","service":"bigpharma-api","timestamp":"2026-05-11 11:06:31"}
{"level":"info","message":"OPTIONS /api/orders?page=1&limit=10 204 0 - 0.060 ms","service":"bigpharma-api","timestamp":"2026-05-11 11:06:41"}
{"level":"info","message":"GET /api/orders?page=1&limit=10 304 - - 8.368 ms","service":"bigpharma-api","timestamp":"2026-05-11 11:06:41"}
{"level":"info","message":"OPTIONS /api/orders?page=1&limit=10 204 0 - 0.068 ms","service":"bigpharma-api","timestamp":"2026-05-11 11:06:51"}
{"level":"info","message":"GET /api/orders?page=1&limit=10 304 - - 7.339 ms","service":"bigpharma-api","timestamp":"2026-05-11 11:06:51"}
{"level":"info","message":"OPTIONS /api/orders?page=1&limit=10 204 0 - 0.091 ms","service":"bigpharma-api","timestamp":"2026-05-11 11:07:01"}
{"level":"info","message":"GET /api/orders?page=1&limit=10 304 - - 7.271 ms","service":"bigpharma-api","timestamp":"2026-05-11 11:07:01"}
{"level":"info","message":"OPTIONS /api/orders?page=1&limit=10 204 0 - 0.067 ms","service":"bigpharma-api","timestamp":"2026-05-11 11:07:11"}
{"level":"info","message":"GET /api/orders?page=1&limit=10 304 - - 7.446 ms","service":"bigpharma-api","timestamp":"2026-05-11 11:07:11"}
{"level":"info","message":"OPTIONS /api/orders?page=1&limit=10 204 0 - 0.091 ms","service":"bigpharma-api","timestamp":"2026-05-11 11:07:21"}
{"level":"info","message":"GET /api/orders?page=1&limit=10 304 - - 5.872 ms","service":"bigpharma-api","timestamp":"2026-05-11 11:07:21"}
{"level":"info","message":"OPTIONS /api/orders?page=1&limit=10 204 0 - 0.063 ms","service":"bigpharma-api","timestamp":"2026-05-11 11:07:31"}
{"level":"info","message":"GET /api/orders?page=1&limit=10 304 - - 6.821 ms","service":"bigpharma-api","timestamp":"2026-05-11 11:07:31"}
{"level":"info","message":"OPTIONS /api/orders?page=1&limit=10 204 0 - 0.071 ms","service":"bigpharma-api","timestamp":"2026-05-11 11:07:41"}
{"level":"info","message":"GET /api/orders?page=1&limit=10 304 - - 7.666 ms","service":"bigpharma-api","timestamp":"2026-05-11 11:07:41"}
{"level":"info","message":"OPTIONS /api/orders?page=1&limit=10 204 0 - 0.131 ms","service":"bigpharma-api","timestamp":"2026-05-11 11:07:51"}
{"level":"info","message":"GET /api/orders?page=1&limit=10 304 - - 6.927 ms","service":"bigpharma-api","timestamp":"2026-05-11 11:07:51"}
{"level":"info","message":"OPTIONS /api/orders?page=1&limit=10 204 0 - 0.071 ms","service":"bigpharma-api","timestamp":"2026-05-11 11:08:01"}
{"level":"info","message":"GET /api/orders?page=1&limit=10 304 - - 6.919 ms","service":"bigpharma-api","timestamp":"2026-05-11 11:08:01"}
{"level":"info","message":"OPTIONS /api/orders?page=1&limit=10 204 0 - 0.059 ms","service":"bigpharma-api","timestamp":"2026-05-11 11:08:11"}
{"level":"info","message":"GET /api/orders?page=1&limit=10 304 - - 7.331 ms","service":"bigpharma-api","timestamp":"2026-05-11 11:08:11"}
{"level":"info","message":"OPTIONS /api/orders?page=1&limit=10 204 0 - 0.070 ms","service":"bigpharma-api","timestamp":"2026-05-11 11:08:21"}
{"level":"info","message":"GET /api/orders?page=1&limit=10 304 - - 8.236 ms","service":"bigpharma-api","timestamp":"2026-05-11 11:08:21"}
{"level":"info","message":"OPTIONS /api/orders?page=1&limit=10 204 0 - 0.118 ms","service":"bigpharma-api","timestamp":"2026-05-11 11:08:31"}
{"level":"info","message":"GET /api/orders?page=1&limit=10 304 - - 9.001 ms","service":"bigpharma-api","timestamp":"2026-05-11 11:08:31"}
{"level":"info","message":"OPTIONS /api/orders?page=1&limit=10 204 0 - 0.076 ms","service":"bigpharma-api","timestamp":"2026-05-11 11:08:41"}
{"level":"info","message":"GET /api/orders?page=1&limit=10 304 - - 6.999 ms","service":"bigpharma-api","timestamp":"2026-05-11 11:08:41"}
{"level":"info","message":"OPTIONS /api/orders?page=1&limit=10 204 0 - 0.057 ms","service":"bigpharma-api","timestamp":"2026-05-11 11:08:51"}
{"level":"info","message":"GET /api/orders?page=1&limit=10 304 - - 6.564 ms","service":"bigpharma-api","timestamp":"2026-05-11 11:08:51"}
{"level":"info","message":"OPTIONS /api/products 204 0 - 0.069 ms","service":"bigpharma-api","timestamp":"2026-05-11 11:09:10"}
{"level":"info","message":"GET /api/products 304 - - 13.444 ms","service":"bigpharma-api","timestamp":"2026-05-11 11:09:10"}
{"level":"info","message":"OPTIONS /api/clients?page=1&limit=50 204 0 - 0.104 ms","service":"bigpharma-api","timestamp":"2026-05-11 11:09:37"}
{"level":"info","message":"GET /api/clients?page=1&limit=50 304 - - 18.703 ms","service":"bigpharma-api","timestamp":"2026-05-11 11:09:37"}
{"level":"info","message":"OPTIONS /api/orders?page=1&limit=10 204 0 - 0.059 ms","service":"bigpharma-api","timestamp":"2026-05-11 11:09:45"}
{"level":"info","message":"GET /api/orders?page=1&limit=10 304 - - 12.037 ms","service":"bigpharma-api","timestamp":"2026-05-11 11:09:45"}
{"level":"info","message":"OPTIONS /api/orders?page=1&limit=10 204 0 - 0.048 ms","service":"bigpharma-api","timestamp":"2026-05-11 11:09:55"}
{"level":"info","message":"GET /api/orders?page=1&limit=10 304 - - 7.327 ms","service":"bigpharma-api","timestamp":"2026-05-11 11:09:55"}
{"level":"info","message":"OPTIONS /api/orders?page=1&limit=10 204 0 - 0.064 ms","service":"bigpharma-api","timestamp":"2026-05-11 11:10:05"}
{"level":"info","message":"GET /api/orders?page=1&limit=10 304 - - 6.978 ms","service":"bigpharma-api","timestamp":"2026-05-11 11:10:05"}
{"level":"info","message":"OPTIONS /api/orders?page=1&limit=10 204 0 - 0.096 ms","service":"bigpharma-api","timestamp":"2026-05-11 11:10:15"}
{"level":"info","message":"GET /api/orders?page=1&limit=10 304 - - 13.576 ms","service":"bigpharma-api","timestamp":"2026-05-11 11:10:15"}
{"level":"info","message":"OPTIONS /api/orders?page=1&limit=10 204 0 - 0.065 ms","service":"bigpharma-api","timestamp":"2026-05-11 11:10:25"}
{"level":"info","message":"GET /api/orders?page=1&limit=10 304 - - 12.287 ms","service":"bigpharma-api","timestamp":"2026-05-11 11:10:25"}
{"level":"info","message":"OPTIONS /api/orders?page=1&limit=10 204 0 - 0.489 ms","service":"bigpharma-api","timestamp":"2026-05-11 11:10:35"}
{"level":"info","message":"GET /api/orders?page=1&limit=10 304 - - 8.371 ms","service":"bigpharma-api","timestamp":"2026-05-11 11:10:35"}
{"level":"info","message":"OPTIONS /api/auth/login 204 0 - 0.050 ms","service":"bigpharma-api","timestamp":"2026-05-11 11:10:36"}
{"level":"info","message":"POST /api/auth/login 200 709 - 73.614 ms","service":"bigpharma-api","timestamp":"2026-05-11 11:10:36"}
{"level":"info","message":"OPTIONS /api/products?limit=4 204 0 - 0.325 ms","service":"bigpharma-api","timestamp":"2026-05-11 11:10:36"}
{"level":"info","message":"OPTIONS /api/products?limit=10&page=1 204 0 - 0.053 ms","service":"bigpharma-api","timestamp":"2026-05-11 11:10:36"}
{"level":"info","message":"GET /api/products?limit=4 200 - - 13.830 ms","service":"bigpharma-api","timestamp":"2026-05-11 11:10:36"}
{"level":"info","message":"GET /api/products?limit=10&page=1 200 - - 14.059 ms","service":"bigpharma-api","timestamp":"2026-05-11 11:10:36"}
{"level":"info","message":"OPTIONS /api/orders?page=1&limit=10 204 0 - 0.049 ms","service":"bigpharma-api","timestamp":"2026-05-11 11:10:45"}
{"level":"info","message":"GET /api/orders?page=1&limit=10 304 - - 13.795 ms","service":"bigpharma-api","timestamp":"2026-05-11 11:10:45"}
{"level":"info","message":"OPTIONS /api/orders 204 0 - 0.046 ms","service":"bigpharma-api","timestamp":"2026-05-11 11:10:48"}
{"level":"info","message":"POST /api/orders 201 933 - 47.151 ms","service":"bigpharma-api","timestamp":"2026-05-11 11:10:49"}
{"level":"info","message":"OPTIONS /api/orders/my 204 0 - 0.087 ms","service":"bigpharma-api","timestamp":"2026-05-11 11:10:49"}
{"level":"info","message":"GET /api/orders/my 200 - - 29.185 ms","service":"bigpharma-api","timestamp":"2026-05-11 11:10:49"}
{"level":"info","message":"GET /api/orders/my 304 - - 27.364 ms","service":"bigpharma-api","timestamp":"2026-05-11 11:10:49"}
{"level":"info","message":"OPTIONS /api/orders?page=1&limit=10 204 0 - 0.055 ms","service":"bigpharma-api","timestamp":"2026-05-11 11:10:55"}
{"level":"info","message":"GET /api/orders?page=1&limit=10 304 - - 15.068 ms","service":"bigpharma-api","timestamp":"2026-05-11 11:10:55"}
{"level":"info","message":"OPTIONS /api/orders/my 204 0 - 0.066 ms","service":"bigpharma-api","timestamp":"2026-05-11 11:10:59"}
{"level":"info","message":"GET /api/orders/my 200 - - 34.864 ms","service":"bigpharma-api","timestamp":"2026-05-11 11:10:59"}
{"level":"info","message":"OPTIONS /api/orders?page=1&limit=10 204 0 - 0.068 ms","service":"bigpharma-api","timestamp":"2026-05-11 11:11:05"}
{"level":"info","message":"GET /api/orders?page=1&limit=10 304 - - 8.766 ms","service":"bigpharma-api","timestamp":"2026-05-11 11:11:05"}
{"level":"info","message":"OPTIONS /api/orders/my 204 0 - 0.137 ms","service":"bigpharma-api","timestamp":"2026-05-11 11:11:09"}
{"level":"info","message":"GET /api/orders/my 200 - - 32.182 ms","service":"bigpharma-api","timestamp":"2026-05-11 11:11:09"}
{"level":"info","message":"OPTIONS /api/auth/me 204 0 - 0.091 ms","service":"bigpharma-api","timestamp":"2026-05-11 11:11:15"}
{"level":"info","message":"GET /api/auth/me 200 211 - 8.479 ms","service":"bigpharma-api","timestamp":"2026-05-11 11:11:15"}
{"level":"info","message":"OPTIONS /api/products 204 0 - 0.057 ms","service":"bigpharma-api","timestamp":"2026-05-11 11:11:15"}
{"level":"info","message":"OPTIONS /api/sales?page=1&limit=50 204 0 - 0.067 ms","service":"bigpharma-api","timestamp":"2026-05-11 11:11:15"}
{"level":"info","message":"OPTIONS /api/finance 204 0 - 0.060 ms","service":"bigpharma-api","timestamp":"2026-05-11 11:11:15"}
{"level":"info","message":"OPTIONS /api/clients?page=1&limit=50 204 0 - 0.049 ms","service":"bigpharma-api","timestamp":"2026-05-11 11:11:15"}
{"level":"info","message":"OPTIONS /api/activityLogs 204 0 - 0.041 ms","service":"bigpharma-api","timestamp":"2026-05-11 11:11:15"}
{"level":"info","message":"GET /api/finance 404 92 - 23.853 ms","service":"bigpharma-api","timestamp":"2026-05-11 11:11:15"}
{"level":"info","message":"GET /api/sales?page=1&limit=50 304 - - 30.386 ms","service":"bigpharma-api","timestamp":"2026-05-11 11:11:15"}
{"level":"info","message":"GET /api/products 304 - - 34.126 ms","service":"bigpharma-api","timestamp":"2026-05-11 11:11:15"}
{"level":"info","message":"GET /api/activityLogs 304 - - 26.819 ms","service":"bigpharma-api","timestamp":"2026-05-11 11:11:15"}
{"level":"info","message":"GET /api/clients?page=1&limit=50 304 - - 39.552 ms","service":"bigpharma-api","timestamp":"2026-05-11 11:11:15"}
{"level":"info","message":"OPTIONS /api/orders/my 204 0 - 0.075 ms","service":"bigpharma-api","timestamp":"2026-05-11 11:11:19"}
{"level":"info","message":"GET /api/orders/my 200 - - 25.142 ms","service":"bigpharma-api","timestamp":"2026-05-11 11:11:19"}
{"level":"info","message":"OPTIONS /api/orders?page=1&limit=10 204 0 - 0.075 ms","service":"bigpharma-api","timestamp":"2026-05-11 11:11:20"}
{"level":"info","message":"GET /api/orders?page=1&limit=10 304 - - 11.503 ms","service":"bigpharma-api","timestamp":"2026-05-11 11:11:20"}
{"level":"info","message":"OPTIONS /api/orders/my 204 0 - 0.117 ms","service":"bigpharma-api","timestamp":"2026-05-11 11:11:29"}
{"level":"info","message":"GET /api/orders/my 200 - - 23.190 ms","service":"bigpharma-api","timestamp":"2026-05-11 11:11:29"}
{"level":"info","message":"OPTIONS /api/orders?page=1&limit=10 204 0 - 0.105 ms","service":"bigpharma-api","timestamp":"2026-05-11 11:11:30"}
{"level":"info","message":"GET /api/orders?page=1&limit=10 304 - - 9.121 ms","service":"bigpharma-api","timestamp":"2026-05-11 11:11:30"}
{"level":"info","message":"OPTIONS /api/orders/my 204 0 - 0.065 ms","service":"bigpharma-api","timestamp":"2026-05-11 11:11:39"}
{"level":"info","message":"GET /api/orders/my 200 - - 23.541 ms","service":"bigpharma-api","timestamp":"2026-05-11 11:11:39"}
{"level":"info","message":"OPTIONS /api/orders?page=1&limit=10 204 0 - 0.056 ms","service":"bigpharma-api","timestamp":"2026-05-11 11:11:40"}
{"level":"info","message":"GET /api/orders?page=1&limit=10 401 123 - 1.351 ms","service":"bigpharma-api","timestamp":"2026-05-11 11:11:40"}
{"level":"info","message":"OPTIONS /api/orders/my 204 0 - 0.068 ms","service":"bigpharma-api","timestamp":"2026-05-11 11:11:49"}
{"level":"info","message":"GET /api/orders/my 304 - - 20.791 ms","service":"bigpharma-api","timestamp":"2026-05-11 11:11:49"}
{"level":"info","message":"OPTIONS /api/orders?page=1&limit=10 204 0 - 0.067 ms","service":"bigpharma-api","timestamp":"2026-05-11 11:11:50"}
{"level":"info","message":"GET /api/orders?page=1&limit=10 401 123 - 0.752 ms","service":"bigpharma-api","timestamp":"2026-05-11 11:11:50"}
{"level":"info","message":"OPTIONS /api/orders/my 204 0 - 0.076 ms","service":"bigpharma-api","timestamp":"2026-05-11 11:11:59"}
{"level":"info","message":"GET /api/orders/my 200 - - 24.758 ms","service":"bigpharma-api","timestamp":"2026-05-11 11:11:59"}
{"level":"info","message":"OPTIONS /api/orders?page=1&limit=10 204 0 - 0.087 ms","service":"bigpharma-api","timestamp":"2026-05-11 11:12:00"}
{"level":"info","message":"GET /api/orders?page=1&limit=10 401 123 - 1.146 ms","service":"bigpharma-api","timestamp":"2026-05-11 11:12:00"}
{"level":"info","message":"OPTIONS /api/orders/my 204 0 - 0.047 ms","service":"bigpharma-api","timestamp":"2026-05-11 11:12:09"}
{"level":"info","message":"GET /api/orders/my 200 - - 20.823 ms","service":"bigpharma-api","timestamp":"2026-05-11 11:12:09"}
{"level":"info","message":"OPTIONS /api/orders?page=1&limit=10 204 0 - 0.043 ms","service":"bigpharma-api","timestamp":"2026-05-11 11:12:10"}
{"level":"info","message":"GET /api/orders?page=1&limit=10 401 123 - 0.706 ms","service":"bigpharma-api","timestamp":"2026-05-11 11:12:10"}
{"level":"info","message":"OPTIONS /api/orders/my 204 0 - 0.063 ms","service":"bigpharma-api","timestamp":"2026-05-11 11:12:19"}
{"level":"info","message":"GET /api/orders/my 200 - - 19.770 ms","service":"bigpharma-api","timestamp":"2026-05-11 11:12:19"}
{"level":"info","message":"OPTIONS /api/orders?page=1&limit=10 204 0 - 0.048 ms","service":"bigpharma-api","timestamp":"2026-05-11 11:12:20"}
{"level":"info","message":"GET /api/orders?page=1&limit=10 401 123 - 0.696 ms","service":"bigpharma-api","timestamp":"2026-05-11 11:12:20"}
{"level":"info","message":"OPTIONS /api/orders/my 204 0 - 0.046 ms","service":"bigpharma-api","timestamp":"2026-05-11 11:12:29"}
{"level":"info","message":"GET /api/orders/my 200 - - 18.541 ms","service":"bigpharma-api","timestamp":"2026-05-11 11:12:29"}
{"level":"info","message":"OPTIONS /api/orders?page=1&limit=10 204 0 - 0.096 ms","service":"bigpharma-api","timestamp":"2026-05-11 11:12:30"}
{"level":"info","message":"GET /api/orders?page=1&limit=10 401 123 - 0.897 ms","service":"bigpharma-api","timestamp":"2026-05-11 11:12:30"}
{"level":"info","message":"OPTIONS /api/orders/my 204 0 - 0.053 ms","service":"bigpharma-api","timestamp":"2026-05-11 11:12:39"}
{"level":"info","message":"GET /api/orders/my 200 - - 21.015 ms","service":"bigpharma-api","timestamp":"2026-05-11 11:12:39"}
{"level":"info","message":"OPTIONS /api/orders?page=1&limit=10 204 0 - 0.056 ms","service":"bigpharma-api","timestamp":"2026-05-11 11:12:40"}
{"level":"info","message":"GET /api/orders?page=1&limit=10 401 123 - 0.922 ms","service":"bigpharma-api","timestamp":"2026-05-11 11:12:40"}
{"level":"info","message":"OPTIONS /api/orders/my 204 0 - 0.052 ms","service":"bigpharma-api","timestamp":"2026-05-11 11:12:49"}
{"level":"info","message":"GET /api/orders/my 200 - - 30.120 ms","service":"bigpharma-api","timestamp":"2026-05-11 11:12:49"}
{"level":"info","message":"OPTIONS /api/orders?page=1&limit=10 204 0 - 0.059 ms","service":"bigpharma-api","timestamp":"2026-05-11 11:12:50"}
{"level":"info","message":"GET /api/orders?page=1&limit=10 401 123 - 0.789 ms","service":"bigpharma-api","timestamp":"2026-05-11 11:12:50"}
{"level":"info","message":"OPTIONS /api/orders/my 204 0 - 0.054 ms","service":"bigpharma-api","timestamp":"2026-05-11 11:12:59"}
{"level":"info","message":"GET /api/orders/my 200 - - 27.629 ms","service":"bigpharma-api","timestamp":"2026-05-11 11:12:59"}
{"level":"info","message":"OPTIONS /api/orders?page=1&limit=10 204 0 - 0.042 ms","service":"bigpharma-api","timestamp":"2026-05-11 11:13:00"}
{"level":"info","message":"GET /api/orders?page=1&limit=10 401 123 - 1.195 ms","service":"bigpharma-api","timestamp":"2026-05-11 11:13:00"}
{"level":"info","message":"OPTIONS /api/orders/my 204 0 - 0.059 ms","service":"bigpharma-api","timestamp":"2026-05-11 11:13:09"}
{"level":"info","message":"GET /api/orders/my 200 - - 18.479 ms","service":"bigpharma-api","timestamp":"2026-05-11 11:13:09"}
{"level":"info","message":"OPTIONS /api/orders?page=1&limit=10 204 0 - 0.045 ms","service":"bigpharma-api","timestamp":"2026-05-11 11:13:10"}
{"level":"info","message":"GET /api/orders?page=1&limit=10 401 123 - 0.924 ms","service":"bigpharma-api","timestamp":"2026-05-11 11:13:10"}
{"level":"info","message":"OPTIONS /api/auth/me 204 0 - 0.072 ms","service":"bigpharma-api","timestamp":"2026-05-11 11:13:14"}
{"level":"info","message":"GET /api/auth/me 401 123 - 2.430 ms","service":"bigpharma-api","timestamp":"2026-05-11 11:13:14"}
{"level":"info","message":"OPTIONS /api/products 204 0 - 0.067 ms","service":"bigpharma-api","timestamp":"2026-05-11 11:13:15"}
{"level":"info","message":"OPTIONS /api/sales?page=1&limit=50 204 0 - 0.071 ms","service":"bigpharma-api","timestamp":"2026-05-11 11:13:15"}
{"level":"info","message":"OPTIONS /api/finance 204 0 - 0.081 ms","service":"bigpharma-api","timestamp":"2026-05-11 11:13:15"}
{"level":"info","message":"OPTIONS /api/clients?page=1&limit=50 204 0 - 0.086 ms","service":"bigpharma-api","timestamp":"2026-05-11 11:13:15"}
{"level":"info","message":"OPTIONS /api/activityLogs 204 0 - 0.059 ms","service":"bigpharma-api","timestamp":"2026-05-11 11:13:15"}
{"level":"info","message":"GET /api/sales?page=1&limit=50 401 111 - 0.246 ms","service":"bigpharma-api","timestamp":"2026-05-11 11:13:15"}
{"level":"info","message":"GET /api/finance 401 111 - 0.128 ms","service":"bigpharma-api","timestamp":"2026-05-11 11:13:15"}
{"level":"info","message":"GET /api/clients?page=1&limit=50 401 111 - 0.147 ms","service":"bigpharma-api","timestamp":"2026-05-11 11:13:15"}
{"level":"info","message":"GET /api/activityLogs 401 111 - 0.288 ms","service":"bigpharma-api","timestamp":"2026-05-11 11:13:15"}
{"level":"info","message":"GET /api/products 304 - - 17.746 ms","service":"bigpharma-api","timestamp":"2026-05-11 11:13:15"}
{"level":"info","message":"OPTIONS /api/orders/my 204 0 - 0.073 ms","service":"bigpharma-api","timestamp":"2026-05-11 11:13:19"}
{"level":"info","message":"GET /api/orders/my 200 - - 19.394 ms","service":"bigpharma-api","timestamp":"2026-05-11 11:13:19"}
{"level":"info","message":"OPTIONS /api/orders?page=1&limit=10 204 0 - 0.055 ms","service":"bigpharma-api","timestamp":"2026-05-11 11:13:24"}
{"level":"info","message":"GET /api/orders?page=1&limit=10 401 119 - 0.654 ms","service":"bigpharma-api","timestamp":"2026-05-11 11:13:24"}
{"level":"info","message":"OPTIONS /api/orders/my 204 0 - 0.072 ms","service":"bigpharma-api","timestamp":"2026-05-11 11:13:29"}
{"level":"info","message":"GET /api/orders/my 200 - - 28.377 ms","service":"bigpharma-api","timestamp":"2026-05-11 11:13:29"}
{"level":"info","message":"OPTIONS /api/orders?page=1&limit=10 204 0 - 0.056 ms","service":"bigpharma-api","timestamp":"2026-05-11 11:13:32"}
{"level":"info","message":"GET /api/orders?page=1&limit=10 401 119 - 0.247 ms","service":"bigpharma-api","timestamp":"2026-05-11 11:13:32"}
{"level":"info","message":"GET /api/orders?page=1&limit=10 401 119 - 0.277 ms","service":"bigpharma-api","timestamp":"2026-05-11 11:13:33"}
{"level":"info","message":"GET /api/orders?page=1&limit=10 401 119 - 0.470 ms","service":"bigpharma-api","timestamp":"2026-05-11 11:13:33"}
{"level":"info","message":"GET /api/orders?page=1&limit=10 401 119 - 0.241 ms","service":"bigpharma-api","timestamp":"2026-05-11 11:13:33"}
{"level":"info","message":"GET /api/orders?page=1&limit=10 401 119 - 0.798 ms","service":"bigpharma-api","timestamp":"2026-05-11 11:13:34"}
{"level":"info","message":"OPTIONS /api/orders/my 204 0 - 0.059 ms","service":"bigpharma-api","timestamp":"2026-05-11 11:13:39"}
{"level":"info","message":"GET /api/orders/my 304 - - 25.605 ms","service":"bigpharma-api","timestamp":"2026-05-11 11:13:39"}
{"level":"info","message":"OPTIONS /api/orders?page=1&limit=10 204 0 - 0.071 ms","service":"bigpharma-api","timestamp":"2026-05-11 11:13:44"}
{"level":"info","message":"GET /api/orders?page=1&limit=10 401 119 - 0.366 ms","service":"bigpharma-api","timestamp":"2026-05-11 11:13:44"}
{"level":"info","message":"OPTIONS /api/orders/my 204 0 - 0.062 ms","service":"bigpharma-api","timestamp":"2026-05-11 11:13:49"}
{"level":"info","message":"GET /api/orders/my 200 - - 19.609 ms","service":"bigpharma-api","timestamp":"2026-05-11 11:13:49"}
{"level":"info","message":"OPTIONS /api/orders?page=1&limit=10 204 0 - 0.063 ms","service":"bigpharma-api","timestamp":"2026-05-11 11:13:54"}
{"level":"info","message":"GET /api/orders?page=1&limit=10 401 119 - 0.337 ms","service":"bigpharma-api","timestamp":"2026-05-11 11:13:54"}
{"level":"info","message":"OPTIONS /api/orders/my 204 0 - 0.074 ms","service":"bigpharma-api","timestamp":"2026-05-11 11:13:59"}
{"level":"info","message":"GET /api/orders/my 200 - - 19.835 ms","service":"bigpharma-api","timestamp":"2026-05-11 11:13:59"}
{"level":"info","message":"OPTIONS /api/orders?page=1&limit=10 204 0 - 0.062 ms","service":"bigpharma-api","timestamp":"2026-05-11 11:14:04"}
{"level":"info","message":"GET /api/orders?page=1&limit=10 401 119 - 0.259 ms","service":"bigpharma-api","timestamp":"2026-05-11 11:14:04"}
{"level":"info","message":"OPTIONS /api/orders/my 204 0 - 0.129 ms","service":"bigpharma-api","timestamp":"2026-05-11 11:14:09"}
{"level":"info","message":"GET /api/orders/my 200 - - 19.510 ms","service":"bigpharma-api","timestamp":"2026-05-11 11:14:09"}
{"level":"info","message":"OPTIONS /api/orders?page=1&limit=10 204 0 - 0.047 ms","service":"bigpharma-api","timestamp":"2026-05-11 11:14:14"}
{"level":"info","message":"GET /api/orders?page=1&limit=10 401 119 - 0.212 ms","service":"bigpharma-api","timestamp":"2026-05-11 11:14:14"}
{"level":"info","message":"OPTIONS /api/orders/my 204 0 - 0.062 ms","service":"bigpharma-api","timestamp":"2026-05-11 11:14:19"}
{"level":"info","message":"GET /api/orders/my 200 - - 36.387 ms","service":"bigpharma-api","timestamp":"2026-05-11 11:14:19"}
{"level":"info","message":"OPTIONS /api/orders/my 204 0 - 0.042 ms","service":"bigpharma-api","timestamp":"2026-05-11 11:14:29"}
{"level":"info","message":"GET /api/orders/my 304 - - 18.373 ms","service":"bigpharma-api","timestamp":"2026-05-11 11:14:29"}
{"level":"info","message":"OPTIONS /api/orders/my 204 0 - 0.050 ms","service":"bigpharma-api","timestamp":"2026-05-11 11:14:39"}
{"level":"info","message":"GET /api/orders/my 304 - - 38.093 ms","service":"bigpharma-api","timestamp":"2026-05-11 11:14:39"}
{"level":"info","message":"OPTIONS /api/orders/my 204 0 - 0.063 ms","service":"bigpharma-api","timestamp":"2026-05-11 11:14:49"}
{"level":"info","message":"GET /api/orders/my 304 - - 24.214 ms","service":"bigpharma-api","timestamp":"2026-05-11 11:14:49"}
{"level":"info","message":"OPTIONS /api/activityLogs 204 0 - 0.075 ms","service":"bigpharma-api","timestamp":"2026-05-11 11:14:49"}
{"level":"info","message":"GET /api/activityLogs 401 111 - 0.478 ms","service":"bigpharma-api","timestamp":"2026-05-11 11:14:49"}
{"level":"info","message":"OPTIONS /api/orders/my 204 0 - 0.088 ms","service":"bigpharma-api","timestamp":"2026-05-11 11:14:59"}
{"level":"info","message":"GET /api/orders/my 304 - - 18.900 ms","service":"bigpharma-api","timestamp":"2026-05-11 11:14:59"}
{"level":"info","message":"OPTIONS /api/orders/my 204 0 - 0.048 ms","service":"bigpharma-api","timestamp":"2026-05-11 11:15:09"}
{"level":"info","message":"GET /api/orders/my 200 - - 18.655 ms","service":"bigpharma-api","timestamp":"2026-05-11 11:15:09"}
{"level":"info","message":"OPTIONS /api/orders/my 204 0 - 0.124 ms","service":"bigpharma-api","timestamp":"2026-05-11 11:15:19"}
{"level":"info","message":"GET /api/orders/my 200 - - 19.724 ms","service":"bigpharma-api","timestamp":"2026-05-11 11:15:19"}
{"level":"info","message":"OPTIONS /api/orders/my 204 0 - 0.067 ms","service":"bigpharma-api","timestamp":"2026-05-11 11:15:29"}
{"level":"info","message":"GET /api/orders/my 200 - - 16.182 ms","service":"bigpharma-api","timestamp":"2026-05-11 11:15:29"}
{"level":"info","message":"OPTIONS /api/orders/my 204 0 - 0.106 ms","service":"bigpharma-api","timestamp":"2026-05-11 11:15:39"}
{"level":"info","message":"GET /api/orders/my 200 - - 25.163 ms","service":"bigpharma-api","timestamp":"2026-05-11 11:15:39"}
{"level":"info","message":"OPTIONS /api/orders/my 204 0 - 0.090 ms","service":"bigpharma-api","timestamp":"2026-05-11 11:15:49"}
{"level":"info","message":"GET /api/orders/my 200 - - 22.829 ms","service":"bigpharma-api","timestamp":"2026-05-11 11:15:49"}
{"level":"info","message":"OPTIONS /api/orders/my 204 0 - 0.057 ms","service":"bigpharma-api","timestamp":"2026-05-11 11:15:59"}
{"level":"info","message":"GET /api/orders/my 304 - - 23.573 ms","service":"bigpharma-api","timestamp":"2026-05-11 11:15:59"}
{"level":"info","message":"OPTIONS /api/orders/my 204 0 - 0.058 ms","service":"bigpharma-api","timestamp":"2026-05-11 11:16:09"}
{"level":"info","message":"GET /api/orders/my 200 - - 19.577 ms","service":"bigpharma-api","timestamp":"2026-05-11 11:16:09"}
{"level":"info","message":"OPTIONS /api/orders/my 204 0 - 0.053 ms","service":"bigpharma-api","timestamp":"2026-05-11 11:16:19"}
{"level":"info","message":"GET /api/orders/my 200 - - 20.711 ms","service":"bigpharma-api","timestamp":"2026-05-11 11:16:19"}
{"level":"info","message":"OPTIONS /api/orders/my 204 0 - 0.064 ms","service":"bigpharma-api","timestamp":"2026-05-11 11:16:29"}
{"level":"info","message":"GET /api/orders/my 200 - - 25.657 ms","service":"bigpharma-api","timestamp":"2026-05-11 11:16:29"}
{"level":"info","message":"OPTIONS /api/orders/my 204 0 - 0.041 ms","service":"bigpharma-api","timestamp":"2026-05-11 11:16:39"}
{"level":"info","message":"GET /api/orders/my 200 - - 27.792 ms","service":"bigpharma-api","timestamp":"2026-05-11 11:16:39"}
{"level":"info","message":"OPTIONS /api/orders/my 204 0 - 0.078 ms","service":"bigpharma-api","timestamp":"2026-05-11 11:16:49"}
{"level":"info","message":"GET /api/orders/my 200 - - 17.874 ms","service":"bigpharma-api","timestamp":"2026-05-11 11:16:49"}
{"level":"info","message":"OPTIONS /api/orders/my 204 0 - 0.077 ms","service":"bigpharma-api","timestamp":"2026-05-11 11:16:59"}
{"level":"info","message":"GET /api/orders/my 200 - - 23.697 ms","service":"bigpharma-api","timestamp":"2026-05-11 11:16:59"}
{"level":"info","message":"OPTIONS /api/orders/my 204 0 - 0.075 ms","service":"bigpharma-api","timestamp":"2026-05-11 11:17:09"}
{"level":"info","message":"GET /api/orders/my 304 - - 26.104 ms","service":"bigpharma-api","timestamp":"2026-05-11 11:17:09"}
{"level":"info","message":"OPTIONS /api/orders/my 204 0 - 0.048 ms","service":"bigpharma-api","timestamp":"2026-05-11 11:17:19"}
{"level":"info","message":"GET /api/orders/my 304 - - 26.644 ms","service":"bigpharma-api","timestamp":"2026-05-11 11:17:19"}
{"level":"info","message":"OPTIONS /api/orders/my 204 0 - 0.106 ms","service":"bigpharma-api","timestamp":"2026-05-11 11:17:29"}
{"level":"info","message":"GET /api/orders/my 304 - - 14.047 ms","service":"bigpharma-api","timestamp":"2026-05-11 11:17:29"}
{"level":"info","message":"OPTIONS /api/orders/my 204 0 - 0.053 ms","service":"bigpharma-api","timestamp":"2026-05-11 11:17:39"}
{"level":"info","message":"GET /api/orders/my 304 - - 23.436 ms","service":"bigpharma-api","timestamp":"2026-05-11 11:17:39"}
{"level":"info","message":"OPTIONS /api/orders?page=1&limit=10 204 0 - 0.064 ms","service":"bigpharma-api","timestamp":"2026-05-11 11:17:41"}
{"level":"info","message":"GET /api/orders?page=1&limit=10 401 119 - 0.565 ms","service":"bigpharma-api","timestamp":"2026-05-11 11:17:41"}
{"level":"info","message":"OPTIONS /api/orders/my 204 0 - 0.064 ms","service":"bigpharma-api","timestamp":"2026-05-11 11:17:49"}
{"level":"info","message":"GET /api/orders/my 304 - - 20.770 ms","service":"bigpharma-api","timestamp":"2026-05-11 11:17:49"}
{"level":"info","message":"OPTIONS /api/orders/my 204 0 - 0.075 ms","service":"bigpharma-api","timestamp":"2026-05-11 11:17:59"}
{"level":"info","message":"GET /api/orders/my 200 - - 20.523 ms","service":"bigpharma-api","timestamp":"2026-05-11 11:17:59"}
{"level":"info","message":"OPTIONS /api/orders/my 204 0 - 0.097 ms","service":"bigpharma-api","timestamp":"2026-05-11 11:18:09"}
{"level":"info","message":"GET /api/orders/my 200 - - 17.048 ms","service":"bigpharma-api","timestamp":"2026-05-11 11:18:09"}
{"level":"info","message":"OPTIONS /api/auth/login 204 0 - 0.073 ms","service":"bigpharma-api","timestamp":"2026-05-11 11:18:13"}
{"level":"info","message":"POST /api/auth/login 200 745 - 102.137 ms","service":"bigpharma-api","timestamp":"2026-05-11 11:18:13"}
{"level":"info","message":"OPTIONS /api/products 204 0 - 0.057 ms","service":"bigpharma-api","timestamp":"2026-05-11 11:18:13"}
{"level":"info","message":"OPTIONS /api/sales?page=1&limit=50 204 0 - 0.123 ms","service":"bigpharma-api","timestamp":"2026-05-11 11:18:13"}
{"level":"info","message":"OPTIONS /api/finance 204 0 - 0.037 ms","service":"bigpharma-api","timestamp":"2026-05-11 11:18:13"}
{"level":"info","message":"OPTIONS /api/clients?page=1&limit=50 204 0 - 0.045 ms","service":"bigpharma-api","timestamp":"2026-05-11 11:18:13"}
{"level":"info","message":"OPTIONS /api/activityLogs 204 0 - 0.045 ms","service":"bigpharma-api","timestamp":"2026-05-11 11:18:13"}
{"level":"info","message":"GET /api/finance 404 92 - 22.587 ms","service":"bigpharma-api","timestamp":"2026-05-11 11:18:13"}
{"level":"info","message":"GET /api/products 304 - - 48.682 ms","service":"bigpharma-api","timestamp":"2026-05-11 11:18:13"}
{"level":"info","message":"GET /api/activityLogs 200 - - 42.114 ms","service":"bigpharma-api","timestamp":"2026-05-11 11:18:13"}
{"level":"info","message":"GET /api/clients?page=1&limit=50 304 - - 52.060 ms","service":"bigpharma-api","timestamp":"2026-05-11 11:18:13"}
{"level":"info","message":"GET /api/sales?page=1&limit=50 200 - - 50.418 ms","service":"bigpharma-api","timestamp":"2026-05-11 11:18:14"}
{"level":"info","message":"OPTIONS /api/orders/my 204 0 - 0.044 ms","service":"bigpharma-api","timestamp":"2026-05-11 11:18:19"}
{"level":"info","message":"GET /api/orders/my 200 - - 33.970 ms","service":"bigpharma-api","timestamp":"2026-05-11 11:18:19"}
{"level":"info","message":"OPTIONS /api/orders?page=1&limit=10 204 0 - 0.047 ms","service":"bigpharma-api","timestamp":"2026-05-11 11:18:20"}
{"level":"info","message":"GET /api/orders?page=1&limit=10 200 - - 35.391 ms","service":"bigpharma-api","timestamp":"2026-05-11 11:18:20"}
{"level":"info","message":"OPTIONS /api/orders/my 204 0 - 0.042 ms","service":"bigpharma-api","timestamp":"2026-05-11 11:18:29"}
{"level":"info","message":"GET /api/orders/my 304 - - 16.441 ms","service":"bigpharma-api","timestamp":"2026-05-11 11:18:29"}
{"level":"info","message":"OPTIONS /api/orders?page=1&limit=10 204 0 - 0.058 ms","service":"bigpharma-api","timestamp":"2026-05-11 11:18:30"}
{"level":"info","message":"GET /api/orders?page=1&limit=10 304 - - 23.723 ms","service":"bigpharma-api","timestamp":"2026-05-11 11:18:30"}
{"level":"info","message":"OPTIONS /api/orders/6a01ab28c037b33c796d5e56/status 204 0 - 0.054 ms","service":"bigpharma-api","timestamp":"2026-05-11 11:18:33"}
{"level":"info","message":"PUT /api/orders/6a01ab28c037b33c796d5e56/status 200 - - 35.011 ms","service":"bigpharma-api","timestamp":"2026-05-11 11:18:33"}
{"level":"info","message":"GET /api/orders?page=1&limit=10 200 - - 29.284 ms","service":"bigpharma-api","timestamp":"2026-05-11 11:18:33"}
{"level":"info","message":"PUT /api/orders/6a01ab28c037b33c796d5e56/status 200 - - 21.743 ms","service":"bigpharma-api","timestamp":"2026-05-11 11:18:34"}
{"level":"info","message":"GET /api/orders?page=1&limit=10 200 - - 32.876 ms","service":"bigpharma-api","timestamp":"2026-05-11 11:18:34"}
{"level":"info","message":"OPTIONS /api/orders/my 204 0 - 0.120 ms","service":"bigpharma-api","timestamp":"2026-05-11 11:18:39"}
{"level":"info","message":"GET /api/orders/my 200 - - 18.827 ms","service":"bigpharma-api","timestamp":"2026-05-11 11:18:39"}
{"level":"info","message":"OPTIONS /api/orders?page=1&limit=10 204 0 - 0.101 ms","service":"bigpharma-api","timestamp":"2026-05-11 11:18:40"}
{"level":"info","message":"GET /api/orders?page=1&limit=10 200 - - 18.145 ms","service":"bigpharma-api","timestamp":"2026-05-11 11:18:40"}
{"level":"info","message":"OPTIONS /api/orders/my 204 0 - 0.046 ms","service":"bigpharma-api","timestamp":"2026-05-11 11:18:49"}
{"level":"info","message":"GET /api/orders/my 304 - - 15.866 ms","service":"bigpharma-api","timestamp":"2026-05-11 11:18:49"}
{"level":"info","message":"OPTIONS /api/orders/6a01ab28c037b33c796d5e56/status 204 0 - 0.132 ms","service":"bigpharma-api","timestamp":"2026-05-11 11:18:49"}
{"level":"info","message":"PUT /api/orders/6a01ab28c037b33c796d5e56/status 200 - - 25.662 ms","service":"bigpharma-api","timestamp":"2026-05-11 11:18:49"}
{"level":"info","message":"OPTIONS /api/orders?page=1&limit=10 204 0 - 0.046 ms","service":"bigpharma-api","timestamp":"2026-05-11 11:18:49"}
{"level":"info","message":"GET /api/orders?page=1&limit=10 200 - - 29.818 ms","service":"bigpharma-api","timestamp":"2026-05-11 11:18:49"}
{"level":"info","message":"GET /api/orders?page=1&limit=10 304 - - 21.236 ms","service":"bigpharma-api","timestamp":"2026-05-11 11:18:50"}
{"level":"info","message":"OPTIONS /api/orders/my 204 0 - 0.064 ms","service":"bigpharma-api","timestamp":"2026-05-11 11:18:59"}
{"level":"info","message":"GET /api/orders/my 200 - - 19.724 ms","service":"bigpharma-api","timestamp":"2026-05-11 11:18:59"}
{"level":"info","message":"OPTIONS /api/products 204 0 - 0.079 ms","service":"bigpharma-api","timestamp":"2026-05-11 11:19:02"}
{"level":"info","message":"OPTIONS /api/sales?page=1&limit=50 204 0 - 0.096 ms","service":"bigpharma-api","timestamp":"2026-05-11 11:19:02"}
{"level":"info","message":"OPTIONS /api/finance 204 0 - 0.125 ms","service":"bigpharma-api","timestamp":"2026-05-11 11:19:02"}
{"level":"info","message":"OPTIONS /api/clients?page=1&limit=50 204 0 - 0.048 ms","service":"bigpharma-api","timestamp":"2026-05-11 11:19:02"}
{"level":"info","message":"OPTIONS /api/activityLogs 204 0 - 0.034 ms","service":"bigpharma-api","timestamp":"2026-05-11 11:19:02"}
{"level":"info","message":"GET /api/finance 404 92 - 13.639 ms","service":"bigpharma-api","timestamp":"2026-05-11 11:19:02"}
{"level":"info","message":"GET /api/sales?page=1&limit=50 304 - - 41.395 ms","service":"bigpharma-api","timestamp":"2026-05-11 11:19:02"}
{"level":"info","message":"GET /api/products 200 - - 43.033 ms","service":"bigpharma-api","timestamp":"2026-05-11 11:19:02"}
{"level":"info","message":"GET /api/activityLogs 200 - - 34.572 ms","service":"bigpharma-api","timestamp":"2026-05-11 11:19:02"}
{"level":"info","message":"GET /api/clients?page=1&limit=50 304 - - 52.252 ms","service":"bigpharma-api","timestamp":"2026-05-11 11:19:02"}
{"level":"info","message":"OPTIONS /api/auth/me 204 0 - 0.082 ms","service":"bigpharma-api","timestamp":"2026-05-11 11:19:08"}
{"level":"info","message":"GET /api/auth/me 200 211 - 8.647 ms","service":"bigpharma-api","timestamp":"2026-05-11 11:19:08"}
{"level":"info","message":"OPTIONS /api/orders/my 204 0 - 0.068 ms","service":"bigpharma-api","timestamp":"2026-05-11 11:19:09"}
{"level":"info","message":"GET /api/orders/my 304 - - 30.082 ms","service":"bigpharma-api","timestamp":"2026-05-11 11:19:09"}
{"level":"info","message":"OPTIONS /api/products 204 0 - 0.073 ms","service":"bigpharma-api","timestamp":"2026-05-11 11:19:09"}
{"level":"info","message":"OPTIONS /api/sales?page=1&limit=50 204 0 - 0.125 ms","service":"bigpharma-api","timestamp":"2026-05-11 11:19:09"}
{"level":"info","message":"OPTIONS /api/finance 204 0 - 0.113 ms","service":"bigpharma-api","timestamp":"2026-05-11 11:19:09"}
{"level":"info","message":"OPTIONS /api/clients?page=1&limit=50 204 0 - 0.048 ms","service":"bigpharma-api","timestamp":"2026-05-11 11:19:09"}
{"level":"info","message":"OPTIONS /api/activityLogs 204 0 - 0.119 ms","service":"bigpharma-api","timestamp":"2026-05-11 11:19:09"}
{"level":"info","message":"GET /api/finance 404 92 - 28.170 ms","service":"bigpharma-api","timestamp":"2026-05-11 11:19:09"}
{"level":"info","message":"GET /api/products 304 - - 51.246 ms","service":"bigpharma-api","timestamp":"2026-05-11 11:19:09"}
{"level":"info","message":"GET /api/activityLogs 304 - - 39.693 ms","service":"bigpharma-api","timestamp":"2026-05-11 11:19:09"}
{"level":"info","message":"GET /api/sales?page=1&limit=50 304 - - 52.136 ms","service":"bigpharma-api","timestamp":"2026-05-11 11:19:09"}
{"level":"info","message":"GET /api/clients?page=1&limit=50 304 - - 55.080 ms","service":"bigpharma-api","timestamp":"2026-05-11 11:19:09"}
{"level":"info","message":"OPTIONS /api/products 204 0 - 0.124 ms","service":"bigpharma-api","timestamp":"2026-05-11 11:19:18"}
{"level":"info","message":"GET /api/products 304 - - 8.996 ms","service":"bigpharma-api","timestamp":"2026-05-11 11:19:18"}
{"level":"info","message":"OPTIONS /api/orders/my 204 0 - 0.040 ms","service":"bigpharma-api","timestamp":"2026-05-11 11:19:19"}
{"level":"info","message":"GET /api/orders/my 200 - - 14.260 ms","service":"bigpharma-api","timestamp":"2026-05-11 11:19:19"}
{"level":"info","message":"OPTIONS /api/orders/my 204 0 - 0.061 ms","service":"bigpharma-api","timestamp":"2026-05-11 11:19:29"}
{"level":"info","message":"GET /api/orders/my 200 - - 17.214 ms","service":"bigpharma-api","timestamp":"2026-05-11 11:19:29"}
{"level":"info","message":"OPTIONS /api/clients?page=1&limit=50 204 0 - 0.297 ms","service":"bigpharma-api","timestamp":"2026-05-11 11:19:33"}
{"level":"info","message":"GET /api/clients?page=1&limit=50 304 - - 20.233 ms","service":"bigpharma-api","timestamp":"2026-05-11 11:19:33"}
{"level":"info","message":"OPTIONS /api/activityLogs 204 0 - 0.081 ms","service":"bigpharma-api","timestamp":"2026-05-11 11:19:38"}
{"level":"info","message":"GET /api/activityLogs 304 - - 18.521 ms","service":"bigpharma-api","timestamp":"2026-05-11 11:19:38"}
{"level":"info","message":"OPTIONS /api/orders/my 204 0 - 0.050 ms","service":"bigpharma-api","timestamp":"2026-05-11 11:19:39"}
{"level":"info","message":"GET /api/orders/my 304 - - 20.348 ms","service":"bigpharma-api","timestamp":"2026-05-11 11:19:39"}
{"level":"info","message":"OPTIONS /api/orders/my 204 0 - 0.039 ms","service":"bigpharma-api","timestamp":"2026-05-11 11:19:49"}
{"level":"info","message":"GET /api/orders/my 200 - - 17.259 ms","service":"bigpharma-api","timestamp":"2026-05-11 11:19:49"}
{"level":"info","message":"OPTIONS /api/orders/my 204 0 - 0.058 ms","service":"bigpharma-api","timestamp":"2026-05-11 11:19:59"}
{"level":"info","message":"GET /api/orders/my 200 - - 17.311 ms","service":"bigpharma-api","timestamp":"2026-05-11 11:19:59"}
{"level":"info","message":"OPTIONS /api/settings/profile 204 0 - 0.082 ms","service":"bigpharma-api","timestamp":"2026-05-11 11:20:05"}
{"level":"info","message":"GET /api/settings/profile 404 92 - 5.979 ms","service":"bigpharma-api","timestamp":"2026-05-11 11:20:05"}
{"level":"info","message":"OPTIONS /api/users 204 0 - 0.109 ms","service":"bigpharma-api","timestamp":"2026-05-11 11:20:06"}
{"level":"info","message":"GET /api/users 404 92 - 5.679 ms","service":"bigpharma-api","timestamp":"2026-05-11 11:20:06"}
{"level":"info","message":"OPTIONS /api/orders/my 204 0 - 0.063 ms","service":"bigpharma-api","timestamp":"2026-05-11 11:20:09"}
{"level":"info","message":"GET /api/orders/my 304 - - 22.283 ms","service":"bigpharma-api","timestamp":"2026-05-11 11:20:09"}
{"level":"info","message":"OPTIONS /api/clients?page=1&limit=50 204 0 - 0.086 ms","service":"bigpharma-api","timestamp":"2026-05-11 11:20:14"}
{"level":"info","message":"GET /api/clients?page=1&limit=50 200 - - 17.330 ms","service":"bigpharma-api","timestamp":"2026-05-11 11:20:14"}
{"level":"info","message":"OPTIONS /api/orders/my 204 0 - 0.056 ms","service":"bigpharma-api","timestamp":"2026-05-11 11:20:19"}
{"level":"info","message":"GET /api/orders/my 200 - - 28.895 ms","service":"bigpharma-api","timestamp":"2026-05-11 11:20:19"}
{"level":"info","message":"OPTIONS /api/orders?page=1&limit=10 204 0 - 0.078 ms","service":"bigpharma-api","timestamp":"2026-05-11 11:20:22"}
{"level":"info","message":"GET /api/orders?page=1&limit=10 304 - - 21.825 ms","service":"bigpharma-api","timestamp":"2026-05-11 11:20:22"}
{"level":"info","message":"OPTIONS /api/orders/my 204 0 - 0.043 ms","service":"bigpharma-api","timestamp":"2026-05-11 11:20:29"}
{"level":"info","message":"GET /api/orders/my 200 - - 13.510 ms","service":"bigpharma-api","timestamp":"2026-05-11 11:20:29"}
{"level":"info","message":"OPTIONS /api/orders?page=1&limit=10 204 0 - 0.051 ms","service":"bigpharma-api","timestamp":"2026-05-11 11:20:32"}
{"level":"info","message":"GET /api/orders?page=1&limit=10 200 - - 20.822 ms","service":"bigpharma-api","timestamp":"2026-05-11 11:20:32"}
{"level":"info","message":"OPTIONS /api/orders/my 204 0 - 0.085 ms","service":"bigpharma-api","timestamp":"2026-05-11 11:20:39"}
{"level":"info","message":"GET /api/orders/my 304 - - 14.654 ms","service":"bigpharma-api","timestamp":"2026-05-11 11:20:39"}
{"level":"info","message":"OPTIONS /api/orders?page=1&limit=10 204 0 - 0.070 ms","service":"bigpharma-api","timestamp":"2026-05-11 11:20:42"}
{"level":"info","message":"GET /api/orders?page=1&limit=10 200 - - 18.511 ms","service":"bigpharma-api","timestamp":"2026-05-11 11:20:42"}
{"level":"info","message":"OPTIONS /api/orders/my 204 0 - 0.047 ms","service":"bigpharma-api","timestamp":"2026-05-11 11:20:49"}
{"level":"info","message":"GET /api/orders/my 304 - - 25.718 ms","service":"bigpharma-api","timestamp":"2026-05-11 11:20:49"}
{"level":"info","message":"OPTIONS /api/orders?page=1&limit=10 204 0 - 0.105 ms","service":"bigpharma-api","timestamp":"2026-05-11 11:20:52"}
{"level":"info","message":"GET /api/orders?page=1&limit=10 200 - - 43.921 ms","service":"bigpharma-api","timestamp":"2026-05-11 11:20:52"}
{"level":"info","message":"OPTIONS /api/orders?page=1&limit=10 204 0 - 0.108 ms","service":"bigpharma-api","timestamp":"2026-05-11 11:21:02"}
{"level":"info","message":"GET /api/orders?page=1&limit=10 200 - - 18.698 ms","service":"bigpharma-api","timestamp":"2026-05-11 11:21:02"}
{"level":"info","message":"OPTIONS /api/orders?page=1&limit=10 204 0 - 0.043 ms","service":"bigpharma-api","timestamp":"2026-05-11 11:21:12"}
{"level":"info","message":"GET /api/orders?page=1&limit=10 304 - - 14.280 ms","service":"bigpharma-api","timestamp":"2026-05-11 11:21:12"}
