{"level":"info","message":"Redis caching disabled (no REDIS_HOST provided)","service":"bigpharma-api","timestamp":"2026-05-04 07:56:57"}
{"level":"info","message":"OPTIONS /api/auth/login 204 0 - 1.782 ms","service":"bigpharma-api","timestamp":"2026-05-04 08:02:43"}
{"level":"info","message":"POST /api/auth/login 200 709 - 332.985 ms","service":"bigpharma-api","timestamp":"2026-05-04 08:02:43"}
{"level":"info","message":"OPTIONS /api/products?limit=4 204 0 - 0.276 ms","service":"bigpharma-api","timestamp":"2026-05-04 08:02:44"}
{"level":"info","message":"OPTIONS /api/products?limit=10&page=1 204 0 - 0.462 ms","service":"bigpharma-api","timestamp":"2026-05-04 08:02:44"}
{"level":"info","message":"GET /api/products?limit=4 200 - - 89.810 ms","service":"bigpharma-api","timestamp":"2026-05-04 08:02:44"}
{"level":"info","message":"GET /api/products?limit=10&page=1 200 - - 84.205 ms","service":"bigpharma-api","timestamp":"2026-05-04 08:02:44"}
{"level":"info","message":"OPTIONS /api/auth/login 204 0 - 0.139 ms","service":"bigpharma-api","timestamp":"2026-05-04 08:03:04"}
{"level":"info","message":"POST /api/auth/login 200 710 - 120.228 ms","service":"bigpharma-api","timestamp":"2026-05-04 08:03:04"}
{"level":"info","message":"OPTIONS /api/products 204 0 - 0.252 ms","service":"bigpharma-api","timestamp":"2026-05-04 08:03:05"}
{"level":"info","message":"OPTIONS /api/clients?page=1&limit=50 204 0 - 0.324 ms","service":"bigpharma-api","timestamp":"2026-05-04 08:03:05"}
{"level":"info","message":"OPTIONS /api/sales?page=1&limit=50 204 0 - 0.631 ms","service":"bigpharma-api","timestamp":"2026-05-04 08:03:05"}
{"level":"info","message":"OPTIONS /api/finance 204 0 - 0.116 ms","service":"bigpharma-api","timestamp":"2026-05-04 08:03:05"}
{"level":"info","message":"OPTIONS /api/activityLogs 204 0 - 0.076 ms","service":"bigpharma-api","timestamp":"2026-05-04 08:03:05"}
{"level":"info","message":"GET /api/products 200 - - 47.859 ms","service":"bigpharma-api","timestamp":"2026-05-04 08:03:05"}
{"level":"info","message":"GET /api/clients?page=1&limit=50 200 - - 73.077 ms","service":"bigpharma-api","timestamp":"2026-05-04 08:03:05"}
{"level":"info","message":"GET /api/finance 200 - - 81.123 ms","service":"bigpharma-api","timestamp":"2026-05-04 08:03:05"}
{"level":"info","message":"GET /api/sales?page=1&limit=50 200 - - 124.175 ms","service":"bigpharma-api","timestamp":"2026-05-04 08:03:05"}
{"level":"info","message":"GET /api/activityLogs 200 - - 143.789 ms","service":"bigpharma-api","timestamp":"2026-05-04 08:03:05"}
{"level":"info","message":"OPTIONS /api/products 204 0 - 0.340 ms","service":"bigpharma-api","timestamp":"2026-05-04 08:03:12"}
{"level":"info","message":"GET /api/products 304 - - 21.120 ms","service":"bigpharma-api","timestamp":"2026-05-04 08:03:12"}
{"level":"info","message":"OPTIONS /api/products 204 0 - 0.067 ms","service":"bigpharma-api","timestamp":"2026-05-04 08:04:39"}
{"level":"info","message":"POST /api/products 201 644 - 156.147 ms","service":"bigpharma-api","timestamp":"2026-05-04 08:04:39"}
{"level":"info","message":"GET /api/products 200 - - 12.745 ms","service":"bigpharma-api","timestamp":"2026-05-04 08:04:39"}
{"level":"info","message":"OPTIONS /api/activityLogs 204 0 - 0.111 ms","service":"bigpharma-api","timestamp":"2026-05-04 08:04:39"}
{"level":"info","message":"POST /api/activityLogs 404 92 - 6.408 ms","service":"bigpharma-api","timestamp":"2026-05-04 08:04:39"}
{"level":"info","message":"GET /api/products 304 - - 15.175 ms","service":"bigpharma-api","timestamp":"2026-05-04 08:04:39"}
{"level":"info","message":"OPTIONS /api/orders?page=1&limit=10 204 0 - 0.083 ms","service":"bigpharma-api","timestamp":"2026-05-04 08:04:55"}
{"level":"info","message":"GET /api/orders?page=1&limit=10 200 - - 85.684 ms","service":"bigpharma-api","timestamp":"2026-05-04 08:04:55"}
{"level":"info","message":"OPTIONS /api/clients?page=1&limit=50 204 0 - 0.122 ms","service":"bigpharma-api","timestamp":"2026-05-04 08:05:05"}
{"level":"info","message":"GET /api/clients?page=1&limit=50 304 - - 27.759 ms","service":"bigpharma-api","timestamp":"2026-05-04 08:05:05"}
{"level":"info","message":"OPTIONS /api/products 204 0 - 0.133 ms","service":"bigpharma-api","timestamp":"2026-05-04 08:05:19"}
{"level":"info","message":"GET /api/products 304 - - 11.690 ms","service":"bigpharma-api","timestamp":"2026-05-04 08:05:19"}
{"level":"info","message":"OPTIONS /api/products?limit=4 204 0 - 0.146 ms","service":"bigpharma-api","timestamp":"2026-05-04 08:05:35"}
{"level":"info","message":"OPTIONS /api/products?limit=10&page=1 204 0 - 0.184 ms","service":"bigpharma-api","timestamp":"2026-05-04 08:05:35"}
{"level":"info","message":"GET /api/products?limit=4 200 - - 22.741 ms","service":"bigpharma-api","timestamp":"2026-05-04 08:05:35"}
{"level":"info","message":"GET /api/products?limit=10&page=1 200 - - 19.496 ms","service":"bigpharma-api","timestamp":"2026-05-04 08:05:35"}
{"level":"info","message":"OPTIONS /api/clients?page=1&limit=50 204 0 - 0.214 ms","service":"bigpharma-api","timestamp":"2026-05-04 08:06:30"}
{"level":"info","message":"GET /api/clients?page=1&limit=50 304 - - 39.180 ms","service":"bigpharma-api","timestamp":"2026-05-04 08:06:30"}
{"level":"info","message":"OPTIONS /api/settings/profile 204 0 - 0.095 ms","service":"bigpharma-api","timestamp":"2026-05-04 08:06:36"}
{"level":"info","message":"GET /api/settings/profile 200 318 - 6.697 ms","service":"bigpharma-api","timestamp":"2026-05-04 08:06:36"}
{"level":"info","message":"OPTIONS /api/settings/profile 204 0 - 0.118 ms","service":"bigpharma-api","timestamp":"2026-05-04 08:06:52"}
{"level":"info","message":"GET /api/settings/profile 304 - - 7.129 ms","service":"bigpharma-api","timestamp":"2026-05-04 08:06:52"}
{"level":"info","message":"OPTIONS /api/users 204 0 - 0.156 ms","service":"bigpharma-api","timestamp":"2026-05-04 08:07:01"}
{"level":"info","message":"GET /api/users 200 - - 24.030 ms","service":"bigpharma-api","timestamp":"2026-05-04 08:07:01"}
{"level":"info","message":"OPTIONS /api/orders?page=1&limit=10 204 0 - 0.145 ms","service":"bigpharma-api","timestamp":"2026-05-04 08:09:14"}
{"level":"info","message":"GET /api/orders?page=1&limit=10 304 - - 50.557 ms","service":"bigpharma-api","timestamp":"2026-05-04 08:09:14"}
{"level":"info","message":"OPTIONS /api/orders?page=1&limit=10 204 0 - 0.094 ms","service":"bigpharma-api","timestamp":"2026-05-04 08:09:24"}
{"level":"info","message":"GET /api/orders?page=1&limit=10 304 - - 33.583 ms","service":"bigpharma-api","timestamp":"2026-05-04 08:09:24"}
{"level":"info","message":"OPTIONS /api/products 204 0 - 0.090 ms","service":"bigpharma-api","timestamp":"2026-05-04 08:22:44"}
{"level":"info","message":"GET /api/products 304 - - 11.163 ms","service":"bigpharma-api","timestamp":"2026-05-04 08:22:44"}
{"level":"info","message":"OPTIONS /api/clients?page=1&limit=50 204 0 - 0.190 ms","service":"bigpharma-api","timestamp":"2026-05-04 08:27:22"}
{"level":"info","message":"GET /api/clients?page=1&limit=50 401 115 - 2.834 ms","service":"bigpharma-api","timestamp":"2026-05-04 08:27:22"}
{"level":"info","message":"OPTIONS /api/orders?page=1&limit=10 204 0 - 0.086 ms","service":"bigpharma-api","timestamp":"2026-05-04 08:27:29"}
{"level":"info","message":"GET /api/orders?page=1&limit=10 401 115 - 1.230 ms","service":"bigpharma-api","timestamp":"2026-05-04 08:27:29"}
{"level":"info","message":"OPTIONS /api/orders?page=1&limit=10 204 0 - 0.062 ms","service":"bigpharma-api","timestamp":"2026-05-04 08:27:39"}
{"level":"info","message":"GET /api/orders?page=1&limit=10 401 115 - 1.072 ms","service":"bigpharma-api","timestamp":"2026-05-04 08:27:39"}
{"level":"info","message":"OPTIONS /api/activityLogs 204 0 - 0.119 ms","service":"bigpharma-api","timestamp":"2026-05-04 08:27:51"}
{"level":"info","message":"GET /api/activityLogs 401 115 - 2.304 ms","service":"bigpharma-api","timestamp":"2026-05-04 08:27:51"}
{"level":"info","message":"OPTIONS /api/products 204 0 - 0.086 ms","service":"bigpharma-api","timestamp":"2026-05-04 08:28:43"}
{"level":"info","message":"OPTIONS /api/sales?page=1&limit=50 204 0 - 0.100 ms","service":"bigpharma-api","timestamp":"2026-05-04 08:28:43"}
{"level":"info","message":"OPTIONS /api/finance 204 0 - 0.103 ms","service":"bigpharma-api","timestamp":"2026-05-04 08:28:43"}
{"level":"info","message":"OPTIONS /api/clients?page=1&limit=50 204 0 - 0.218 ms","service":"bigpharma-api","timestamp":"2026-05-04 08:28:43"}
{"level":"info","message":"OPTIONS /api/activityLogs 204 0 - 0.125 ms","service":"bigpharma-api","timestamp":"2026-05-04 08:28:43"}
{"level":"info","message":"GET /api/sales?page=1&limit=50 401 115 - 1.191 ms","service":"bigpharma-api","timestamp":"2026-05-04 08:28:43"}
{"level":"info","message":"GET /api/finance 401 115 - 1.456 ms","service":"bigpharma-api","timestamp":"2026-05-04 08:28:43"}
{"level":"info","message":"GET /api/clients?page=1&limit=50 401 115 - 0.668 ms","service":"bigpharma-api","timestamp":"2026-05-04 08:28:43"}
{"level":"info","message":"GET /api/activityLogs 401 115 - 0.680 ms","service":"bigpharma-api","timestamp":"2026-05-04 08:28:43"}
{"level":"info","message":"GET /api/products 304 - - 18.742 ms","service":"bigpharma-api","timestamp":"2026-05-04 08:28:43"}
{"level":"info","message":"OPTIONS /api/products 204 0 - 0.105 ms","service":"bigpharma-api","timestamp":"2026-05-04 08:29:18"}
{"level":"info","message":"GET /api/products 304 - - 11.223 ms","service":"bigpharma-api","timestamp":"2026-05-04 08:29:18"}
{"level":"info","message":"OPTIONS /api/clients?page=1&limit=50 204 0 - 0.281 ms","service":"bigpharma-api","timestamp":"2026-05-04 08:30:11"}
{"level":"info","message":"GET /api/clients?page=1&limit=50 401 115 - 5.366 ms","service":"bigpharma-api","timestamp":"2026-05-04 08:30:11"}
{"level":"info","message":"OPTIONS /api/products 204 0 - 0.114 ms","service":"bigpharma-api","timestamp":"2026-05-04 08:30:45"}
{"level":"info","message":"GET /api/products 304 - - 13.751 ms","service":"bigpharma-api","timestamp":"2026-05-04 08:30:45"}
{"level":"info","message":"OPTIONS /api/clients?page=1&limit=50 204 0 - 0.187 ms","service":"bigpharma-api","timestamp":"2026-05-04 08:31:09"}
{"level":"info","message":"GET /api/clients?page=1&limit=50 401 115 - 1.131 ms","service":"bigpharma-api","timestamp":"2026-05-04 08:31:09"}
{"level":"info","message":"OPTIONS /api/orders?page=1&limit=10 204 0 - 0.122 ms","service":"bigpharma-api","timestamp":"2026-05-04 08:31:13"}
{"level":"info","message":"GET /api/orders?page=1&limit=10 401 115 - 1.590 ms","service":"bigpharma-api","timestamp":"2026-05-04 08:31:13"}
{"level":"info","message":"OPTIONS /api/orders?page=1&limit=10 204 0 - 0.069 ms","service":"bigpharma-api","timestamp":"2026-05-04 08:31:23"}
{"level":"info","message":"GET /api/orders?page=1&limit=10 401 115 - 1.011 ms","service":"bigpharma-api","timestamp":"2026-05-04 08:31:23"}
{"level":"info","message":"OPTIONS /api/orders?page=1&limit=10 204 0 - 0.124 ms","service":"bigpharma-api","timestamp":"2026-05-04 08:31:33"}
{"level":"info","message":"GET /api/orders?page=1&limit=10 401 115 - 1.630 ms","service":"bigpharma-api","timestamp":"2026-05-04 08:31:33"}
{"level":"info","message":"OPTIONS /api/orders?page=1&limit=10 204 0 - 0.110 ms","service":"bigpharma-api","timestamp":"2026-05-04 08:31:43"}
{"level":"info","message":"GET /api/orders?page=1&limit=10 401 115 - 1.296 ms","service":"bigpharma-api","timestamp":"2026-05-04 08:31:43"}
{"level":"info","message":"OPTIONS /api/activityLogs 204 0 - 0.139 ms","service":"bigpharma-api","timestamp":"2026-05-04 08:31:48"}
{"level":"info","message":"GET /api/activityLogs 401 115 - 2.056 ms","service":"bigpharma-api","timestamp":"2026-05-04 08:31:48"}
{"level":"info","message":"OPTIONS /api/clients?page=1&limit=50 204 0 - 0.110 ms","service":"bigpharma-api","timestamp":"2026-05-04 08:32:10"}
{"level":"info","message":"GET /api/clients?page=1&limit=50 401 115 - 3.107 ms","service":"bigpharma-api","timestamp":"2026-05-04 08:32:10"}
{"level":"info","message":"OPTIONS /api/products 204 0 - 0.102 ms","service":"bigpharma-api","timestamp":"2026-05-04 08:36:36"}
{"level":"info","message":"GET /api/products 304 - - 9.971 ms","service":"bigpharma-api","timestamp":"2026-05-04 08:36:36"}
{"level":"info","message":"OPTIONS /api/clients?page=1&limit=50 204 0 - 0.204 ms","service":"bigpharma-api","timestamp":"2026-05-04 08:38:12"}
{"level":"info","message":"GET /api/clients?page=1&limit=50 401 115 - 3.204 ms","service":"bigpharma-api","timestamp":"2026-05-04 08:38:12"}
{"level":"info","message":"OPTIONS /api/products 204 0 - 0.123 ms","service":"bigpharma-api","timestamp":"2026-05-04 08:43:58"}
{"level":"info","message":"GET /api/products 304 - - 12.630 ms","service":"bigpharma-api","timestamp":"2026-05-04 08:43:58"}
{"level":"info","message":"OPTIONS /api/clients?page=1&limit=50 204 0 - 0.203 ms","service":"bigpharma-api","timestamp":"2026-05-04 08:58:32"}
{"level":"info","message":"GET /api/clients?page=1&limit=50 401 115 - 1.836 ms","service":"bigpharma-api","timestamp":"2026-05-04 08:58:32"}
{"level":"info","message":"OPTIONS /api/orders?page=1&limit=10 204 0 - 0.112 ms","service":"bigpharma-api","timestamp":"2026-05-04 08:58:36"}
{"level":"info","message":"GET /api/orders?page=1&limit=10 401 115 - 1.692 ms","service":"bigpharma-api","timestamp":"2026-05-04 08:58:36"}
{"level":"info","message":"OPTIONS /api/orders?page=1&limit=10 204 0 - 0.065 ms","service":"bigpharma-api","timestamp":"2026-05-04 08:58:46"}
{"level":"info","message":"GET /api/orders?page=1&limit=10 401 115 - 0.956 ms","service":"bigpharma-api","timestamp":"2026-05-04 08:58:46"}
{"level":"info","message":"OPTIONS /api/auth/me 204 0 - 0.183 ms","service":"bigpharma-api","timestamp":"2026-05-04 09:05:41"}
{"level":"info","message":"GET /api/auth/me 401 115 - 5.597 ms","service":"bigpharma-api","timestamp":"2026-05-04 09:05:41"}
{"level":"info","message":"OPTIONS /api/products 204 0 - 0.142 ms","service":"bigpharma-api","timestamp":"2026-05-04 09:05:42"}
{"level":"info","message":"OPTIONS /api/sales?page=1&limit=50 204 0 - 0.206 ms","service":"bigpharma-api","timestamp":"2026-05-04 09:05:42"}
{"level":"info","message":"OPTIONS /api/finance 204 0 - 0.152 ms","service":"bigpharma-api","timestamp":"2026-05-04 09:05:42"}
{"level":"info","message":"OPTIONS /api/clients?page=1&limit=50 204 0 - 0.164 ms","service":"bigpharma-api","timestamp":"2026-05-04 09:05:42"}
{"level":"info","message":"OPTIONS /api/activityLogs 204 0 - 0.198 ms","service":"bigpharma-api","timestamp":"2026-05-04 09:05:42"}
{"level":"info","message":"GET /api/finance 401 111 - 0.847 ms","service":"bigpharma-api","timestamp":"2026-05-04 09:05:42"}
{"level":"info","message":"GET /api/clients?page=1&limit=50 401 111 - 0.336 ms","service":"bigpharma-api","timestamp":"2026-05-04 09:05:42"}
{"level":"info","message":"GET /api/activityLogs 401 111 - 0.338 ms","service":"bigpharma-api","timestamp":"2026-05-04 09:05:42"}
{"level":"info","message":"GET /api/sales?page=1&limit=50 401 111 - 1.094 ms","service":"bigpharma-api","timestamp":"2026-05-04 09:05:42"}
{"level":"info","message":"GET /api/products 304 - - 54.526 ms","service":"bigpharma-api","timestamp":"2026-05-04 09:05:42"}
{"level":"info","message":"OPTIONS /api/orders?page=1&limit=10 204 0 - 0.194 ms","service":"bigpharma-api","timestamp":"2026-05-04 09:06:37"}
{"level":"info","message":"GET /api/orders?page=1&limit=10 401 115 - 1.344 ms","service":"bigpharma-api","timestamp":"2026-05-04 09:06:37"}
{"level":"info","message":"OPTIONS /api/orders?page=1&limit=10 204 0 - 0.286 ms","service":"bigpharma-api","timestamp":"2026-05-04 09:06:47"}
{"level":"info","message":"GET /api/orders?page=1&limit=10 401 115 - 2.421 ms","service":"bigpharma-api","timestamp":"2026-05-04 09:06:47"}
{"level":"info","message":"OPTIONS /api/orders?page=1&limit=10 204 0 - 0.189 ms","service":"bigpharma-api","timestamp":"2026-05-04 09:06:57"}
{"level":"info","message":"GET /api/orders?page=1&limit=10 401 115 - 0.798 ms","service":"bigpharma-api","timestamp":"2026-05-04 09:06:57"}
{"level":"info","message":"Redis caching disabled (no REDIS_HOST provided)","service":"bigpharma-api","timestamp":"2026-05-04 10:24:24"}
{"level":"info","message":"OPTIONS /api/auth/login 204 0 - 0.832 ms","service":"bigpharma-api","timestamp":"2026-05-04 10:41:01"}
{"level":"info","message":"POST /api/auth/login 200 709 - 265.380 ms","service":"bigpharma-api","timestamp":"2026-05-04 10:41:01"}
{"level":"info","message":"OPTIONS /api/products?limit=4 204 0 - 0.303 ms","service":"bigpharma-api","timestamp":"2026-05-04 10:41:01"}
{"level":"info","message":"OPTIONS /api/products?limit=10&page=1 204 0 - 0.176 ms","service":"bigpharma-api","timestamp":"2026-05-04 10:41:01"}
{"level":"info","message":"GET /api/products?limit=10&page=1 200 - - 37.254 ms","service":"bigpharma-api","timestamp":"2026-05-04 10:41:01"}
{"level":"info","message":"GET /api/products?limit=4 200 - - 42.962 ms","service":"bigpharma-api","timestamp":"2026-05-04 10:41:01"}
{"level":"info","message":"OPTIONS /api/auth/login 204 0 - 0.072 ms","service":"bigpharma-api","timestamp":"2026-05-04 10:42:13"}
{"level":"info","message":"POST /api/auth/login 200 710 - 99.353 ms","service":"bigpharma-api","timestamp":"2026-05-04 10:42:13"}
{"level":"info","message":"OPTIONS /api/products 204 0 - 0.111 ms","service":"bigpharma-api","timestamp":"2026-05-04 10:42:14"}
{"level":"info","message":"OPTIONS /api/finance 204 0 - 0.144 ms","service":"bigpharma-api","timestamp":"2026-05-04 10:42:14"}
{"level":"info","message":"OPTIONS /api/sales?page=1&limit=50 204 0 - 0.139 ms","service":"bigpharma-api","timestamp":"2026-05-04 10:42:14"}
{"level":"info","message":"OPTIONS /api/clients?page=1&limit=50 204 0 - 0.066 ms","service":"bigpharma-api","timestamp":"2026-05-04 10:42:14"}
{"level":"info","message":"OPTIONS /api/activityLogs 204 0 - 0.159 ms","service":"bigpharma-api","timestamp":"2026-05-04 10:42:14"}
{"level":"info","message":"GET /api/finance 200 - - 47.909 ms","service":"bigpharma-api","timestamp":"2026-05-04 10:42:14"}
{"level":"info","message":"GET /api/activityLogs 200 - - 57.110 ms","service":"bigpharma-api","timestamp":"2026-05-04 10:42:14"}
{"level":"info","message":"GET /api/sales?page=1&limit=50 200 - - 63.043 ms","service":"bigpharma-api","timestamp":"2026-05-04 10:42:14"}
{"level":"info","message":"GET /api/products 200 - - 70.561 ms","service":"bigpharma-api","timestamp":"2026-05-04 10:42:14"}
{"level":"info","message":"GET /api/clients?page=1&limit=50 200 - - 80.793 ms","service":"bigpharma-api","timestamp":"2026-05-04 10:42:14"}
{"level":"info","message":"OPTIONS /api/QuestionsClients 204 0 - 0.254 ms","service":"bigpharma-api","timestamp":"2026-05-04 10:42:33"}
{"level":"info","message":"GET /api/QuestionsClients 200 26 - 22.613 ms","service":"bigpharma-api","timestamp":"2026-05-04 10:42:33"}
{"level":"info","message":"OPTIONS /api/products 204 0 - 0.182 ms","service":"bigpharma-api","timestamp":"2026-05-04 10:42:41"}
{"level":"info","message":"GET /api/products 304 - - 16.063 ms","service":"bigpharma-api","timestamp":"2026-05-04 10:42:41"}
{"level":"info","message":"OPTIONS /api/clients?page=1&limit=50 204 0 - 0.098 ms","service":"bigpharma-api","timestamp":"2026-05-04 10:42:54"}
{"level":"info","message":"GET /api/clients?page=1&limit=50 304 - - 28.210 ms","service":"bigpharma-api","timestamp":"2026-05-04 10:42:54"}
{"level":"info","message":"OPTIONS /api/orders?page=1&limit=10 204 0 - 0.131 ms","service":"bigpharma-api","timestamp":"2026-05-04 10:43:00"}
{"level":"info","message":"GET /api/orders?page=1&limit=10 200 - - 43.960 ms","service":"bigpharma-api","timestamp":"2026-05-04 10:43:01"}
{"level":"info","message":"OPTIONS /api/activityLogs 204 0 - 0.191 ms","service":"bigpharma-api","timestamp":"2026-05-04 10:43:13"}
{"level":"info","message":"GET /api/activityLogs 304 - - 22.974 ms","service":"bigpharma-api","timestamp":"2026-05-04 10:43:13"}
{"level":"info","message":"OPTIONS /api/orders?page=1&limit=10 204 0 - 0.110 ms","service":"bigpharma-api","timestamp":"2026-05-04 10:44:11"}
{"level":"info","message":"GET /api/orders?page=1&limit=10 200 - - 43.800 ms","service":"bigpharma-api","timestamp":"2026-05-04 10:44:11"}
{"level":"info","message":"OPTIONS /api/orders?page=1&limit=10&search=2 204 0 - 0.110 ms","service":"bigpharma-api","timestamp":"2026-05-04 10:44:14"}
{"level":"info","message":"GET /api/orders?page=1&limit=10&search=2 200 - - 61.330 ms","service":"bigpharma-api","timestamp":"2026-05-04 10:44:14"}
{"level":"info","message":"OPTIONS /api/orders?page=1&limit=10&search=22 204 0 - 0.066 ms","service":"bigpharma-api","timestamp":"2026-05-04 10:44:14"}
{"level":"info","message":"GET /api/orders?page=1&limit=10&search=22 200 186 - 10.970 ms","service":"bigpharma-api","timestamp":"2026-05-04 10:44:14"}
{"level":"info","message":"GET /api/orders?page=1&limit=10&search=2 200 - - 38.509 ms","service":"bigpharma-api","timestamp":"2026-05-04 10:44:15"}
{"level":"info","message":"GET /api/orders?page=1&limit=10 200 - - 39.862 ms","service":"bigpharma-api","timestamp":"2026-05-04 10:44:16"}
{"level":"info","message":"OPTIONS /api/orders?page=1&limit=10&search=3 204 0 - 0.095 ms","service":"bigpharma-api","timestamp":"2026-05-04 10:44:18"}
{"level":"info","message":"GET /api/orders?page=1&limit=10&search=3 200 - - 30.555 ms","service":"bigpharma-api","timestamp":"2026-05-04 10:44:18"}
{"level":"info","message":"OPTIONS /api/orders?page=1&limit=10&search=30 204 0 - 0.090 ms","service":"bigpharma-api","timestamp":"2026-05-04 10:44:19"}
{"level":"info","message":"GET /api/orders?page=1&limit=10&search=30 200 186 - 11.667 ms","service":"bigpharma-api","timestamp":"2026-05-04 10:44:19"}
{"level":"info","message":"GET /api/orders?page=1&limit=10&search=3 200 - - 37.209 ms","service":"bigpharma-api","timestamp":"2026-05-04 10:44:20"}
{"level":"info","message":"OPTIONS /api/orders?page=1&limit=10 204 0 - 0.118 ms","service":"bigpharma-api","timestamp":"2026-05-04 10:44:21"}
{"level":"info","message":"GET /api/orders?page=1&limit=10 304 - - 23.805 ms","service":"bigpharma-api","timestamp":"2026-05-04 10:44:21"}
{"level":"info","message":"GET /api/orders?page=1&limit=10 304 - - 22.890 ms","service":"bigpharma-api","timestamp":"2026-05-04 10:44:21"}
{"level":"info","message":"OPTIONS /api/orders?page=1&limit=10&search=0 204 0 - 0.093 ms","service":"bigpharma-api","timestamp":"2026-05-04 10:44:28"}
{"level":"info","message":"GET /api/orders?page=1&limit=10&search=0 200 - - 29.122 ms","service":"bigpharma-api","timestamp":"2026-05-04 10:44:28"}
{"level":"info","message":"OPTIONS /api/orders?page=1&limit=10&search=00 204 0 - 0.123 ms","service":"bigpharma-api","timestamp":"2026-05-04 10:44:28"}
{"level":"info","message":"GET /api/orders?page=1&limit=10&search=00 200 - - 40.052 ms","service":"bigpharma-api","timestamp":"2026-05-04 10:44:28"}
{"level":"info","message":"OPTIONS /api/orders?page=1&limit=10&search=001 204 0 - 0.073 ms","service":"bigpharma-api","timestamp":"2026-05-04 10:44:30"}
{"level":"info","message":"GET /api/orders?page=1&limit=10&search=001 200 - - 21.657 ms","service":"bigpharma-api","timestamp":"2026-05-04 10:44:30"}
{"level":"info","message":"OPTIONS /api/orders?page=1&limit=10&search=0013 204 0 - 0.055 ms","service":"bigpharma-api","timestamp":"2026-05-04 10:44:30"}
{"level":"info","message":"GET /api/orders?page=1&limit=10&search=0013 200 - - 13.901 ms","service":"bigpharma-api","timestamp":"2026-05-04 10:44:30"}
{"level":"info","message":"GET /api/orders?page=1&limit=10&search=0013 304 - - 14.976 ms","service":"bigpharma-api","timestamp":"2026-05-04 10:44:31"}
{"level":"info","message":"OPTIONS /api/clients?page=1&limit=50 204 0 - 0.098 ms","service":"bigpharma-api","timestamp":"2026-05-04 10:44:52"}
{"level":"info","message":"GET /api/clients?page=1&limit=50 304 - - 19.275 ms","service":"bigpharma-api","timestamp":"2026-05-04 10:44:52"}
{"level":"info","message":"OPTIONS /api/QuestionsClients 204 0 - 0.210 ms","service":"bigpharma-api","timestamp":"2026-05-04 10:45:07"}
{"level":"info","message":"GET /api/QuestionsClients 304 - - 10.962 ms","service":"bigpharma-api","timestamp":"2026-05-04 10:45:07"}
{"level":"info","message":"OPTIONS /api/products?limit=4 204 0 - 0.110 ms","service":"bigpharma-api","timestamp":"2026-05-04 10:48:04"}
{"level":"info","message":"OPTIONS /api/products?limit=10&page=1 204 0 - 0.086 ms","service":"bigpharma-api","timestamp":"2026-05-04 10:48:04"}
{"level":"info","message":"GET /api/products?limit=4 304 - - 18.090 ms","service":"bigpharma-api","timestamp":"2026-05-04 10:48:04"}
{"level":"info","message":"GET /api/products?limit=10&page=1 304 - - 16.927 ms","service":"bigpharma-api","timestamp":"2026-05-04 10:48:04"}
{"level":"info","message":"OPTIONS /api/products?limit=4 204 0 - 0.111 ms","service":"bigpharma-api","timestamp":"2026-05-04 10:54:25"}
{"level":"info","message":"OPTIONS /api/products?limit=10&page=1 204 0 - 0.056 ms","service":"bigpharma-api","timestamp":"2026-05-04 10:54:25"}
{"level":"info","message":"GET /api/products?limit=4 304 - - 12.914 ms","service":"bigpharma-api","timestamp":"2026-05-04 10:54:25"}
{"level":"info","message":"GET /api/products?limit=10&page=1 304 - - 12.115 ms","service":"bigpharma-api","timestamp":"2026-05-04 10:54:25"}
{"level":"info","message":"OPTIONS /api/products?limit=4 204 0 - 0.109 ms","service":"bigpharma-api","timestamp":"2026-05-04 11:05:18"}
{"level":"info","message":"OPTIONS /api/products?limit=10&page=1 204 0 - 0.117 ms","service":"bigpharma-api","timestamp":"2026-05-04 11:05:18"}
{"level":"info","message":"GET /api/products?limit=4 304 - - 13.887 ms","service":"bigpharma-api","timestamp":"2026-05-04 11:05:18"}
{"level":"info","message":"GET /api/products?limit=10&page=1 304 - - 10.824 ms","service":"bigpharma-api","timestamp":"2026-05-04 11:05:18"}
{"level":"info","message":"OPTIONS /api/QuestionsClients 204 0 - 0.114 ms","service":"bigpharma-api","timestamp":"2026-05-04 11:05:23"}
{"level":"info","message":"GET /api/QuestionsClients 401 115 - 3.057 ms","service":"bigpharma-api","timestamp":"2026-05-04 11:05:23"}
{"level":"info","message":"OPTIONS /api/QuestionsClients 204 0 - 0.117 ms","service":"bigpharma-api","timestamp":"2026-05-04 11:05:38"}
{"level":"info","message":"POST /api/QuestionsClients 401 115 - 1.411 ms","service":"bigpharma-api","timestamp":"2026-05-04 11:05:38"}
{"level":"info","message":"OPTIONS /api/products?limit=4 204 0 - 0.159 ms","service":"bigpharma-api","timestamp":"2026-05-04 11:05:57"}
{"level":"info","message":"OPTIONS /api/products?limit=10&page=1 204 0 - 0.104 ms","service":"bigpharma-api","timestamp":"2026-05-04 11:05:57"}
{"level":"info","message":"GET /api/products?limit=4 304 - - 13.817 ms","service":"bigpharma-api","timestamp":"2026-05-04 11:05:57"}
{"level":"info","message":"GET /api/products?limit=10&page=1 304 - - 12.933 ms","service":"bigpharma-api","timestamp":"2026-05-04 11:05:57"}
{"level":"info","message":"OPTIONS /api/QuestionsClients 204 0 - 0.180 ms","service":"bigpharma-api","timestamp":"2026-05-04 11:09:18"}
{"level":"info","message":"GET /api/QuestionsClients 401 115 - 1.785 ms","service":"bigpharma-api","timestamp":"2026-05-04 11:09:18"}
{"level":"info","message":"OPTIONS /api/QuestionsClients 204 0 - 0.104 ms","service":"bigpharma-api","timestamp":"2026-05-04 11:13:20"}
{"level":"info","message":"POST /api/QuestionsClients 401 115 - 2.117 ms","service":"bigpharma-api","timestamp":"2026-05-04 11:13:20"}
{"level":"info","message":"OPTIONS /api/QuestionsClients 204 0 - 0.097 ms","service":"bigpharma-api","timestamp":"2026-05-04 11:13:28"}
{"level":"info","message":"POST /api/QuestionsClients 401 115 - 1.491 ms","service":"bigpharma-api","timestamp":"2026-05-04 11:13:28"}
{"level":"info","message":"OPTIONS /api/QuestionsClients 204 0 - 0.175 ms","service":"bigpharma-api","timestamp":"2026-05-04 11:15:38"}
{"level":"info","message":"POST /api/QuestionsClients 401 115 - 2.143 ms","service":"bigpharma-api","timestamp":"2026-05-04 11:15:38"}
{"level":"info","message":"POST /api/QuestionsClients 401 115 - 2.795 ms","service":"bigpharma-api","timestamp":"2026-05-04 11:15:41"}
{"level":"info","message":"OPTIONS /api/products?limit=4 204 0 - 0.104 ms","service":"bigpharma-api","timestamp":"2026-05-04 11:15:47"}
{"level":"info","message":"OPTIONS /api/products?limit=10&page=1 204 0 - 0.164 ms","service":"bigpharma-api","timestamp":"2026-05-04 11:15:47"}
{"level":"info","message":"GET /api/products?limit=4 304 - - 15.938 ms","service":"bigpharma-api","timestamp":"2026-05-04 11:15:47"}
{"level":"info","message":"GET /api/products?limit=10&page=1 304 - - 15.101 ms","service":"bigpharma-api","timestamp":"2026-05-04 11:15:47"}
{"level":"info","message":"OPTIONS /api/QuestionsClients 204 0 - 0.111 ms","service":"bigpharma-api","timestamp":"2026-05-04 11:15:50"}
{"level":"info","message":"GET /api/QuestionsClients 401 115 - 1.830 ms","service":"bigpharma-api","timestamp":"2026-05-04 11:15:50"}
{"level":"info","message":"OPTIONS /api/QuestionsClients 204 0 - 0.102 ms","service":"bigpharma-api","timestamp":"2026-05-04 11:15:59"}
{"level":"info","message":"POST /api/QuestionsClients 401 115 - 1.915 ms","service":"bigpharma-api","timestamp":"2026-05-04 11:15:59"}
{"level":"info","message":"OPTIONS /api/QuestionsClients 204 0 - 0.097 ms","service":"bigpharma-api","timestamp":"2026-05-04 11:16:05"}
{"level":"info","message":"POST /api/QuestionsClients 401 115 - 3.811 ms","service":"bigpharma-api","timestamp":"2026-05-04 11:16:05"}
{"level":"info","message":"OPTIONS /api/QuestionsClients 204 0 - 0.222 ms","service":"bigpharma-api","timestamp":"2026-05-04 11:17:49"}
{"level":"info","message":"POST /api/QuestionsClients 401 115 - 2.307 ms","service":"bigpharma-api","timestamp":"2026-05-04 11:17:49"}
{"level":"info","message":"OPTIONS /api/QuestionsClients 204 0 - 0.101 ms","service":"bigpharma-api","timestamp":"2026-05-04 11:17:56"}
{"level":"info","message":"POST /api/QuestionsClients 401 115 - 1.521 ms","service":"bigpharma-api","timestamp":"2026-05-04 11:17:56"}
{"level":"info","message":"OPTIONS /api/QuestionsClients 204 0 - 0.100 ms","service":"bigpharma-api","timestamp":"2026-05-04 11:18:57"}
{"level":"info","message":"POST /api/QuestionsClients 401 115 - 0.965 ms","service":"bigpharma-api","timestamp":"2026-05-04 11:18:57"}
{"level":"info","message":"OPTIONS /api/QuestionsClients 204 0 - 0.101 ms","service":"bigpharma-api","timestamp":"2026-05-04 11:19:04"}
{"level":"info","message":"POST /api/QuestionsClients 401 115 - 1.978 ms","service":"bigpharma-api","timestamp":"2026-05-04 11:19:04"}
{"level":"info","message":"OPTIONS /api/QuestionsClients 204 0 - 0.110 ms","service":"bigpharma-api","timestamp":"2026-05-04 11:21:27"}
{"level":"info","message":"POST /api/QuestionsClients 401 115 - 0.953 ms","service":"bigpharma-api","timestamp":"2026-05-04 11:21:27"}
{"level":"info","message":"OPTIONS /api/QuestionsClients 204 0 - 0.103 ms","service":"bigpharma-api","timestamp":"2026-05-04 11:21:49"}
{"level":"info","message":"POST /api/QuestionsClients 401 115 - 2.011 ms","service":"bigpharma-api","timestamp":"2026-05-04 11:21:49"}
{"level":"info","message":"OPTIONS /api/QuestionsClients 204 0 - 0.122 ms","service":"bigpharma-api","timestamp":"2026-05-04 11:24:15"}
{"level":"info","message":"POST /api/QuestionsClients 401 115 - 2.313 ms","service":"bigpharma-api","timestamp":"2026-05-04 11:24:15"}
{"level":"info","message":"OPTIONS /api/QuestionsClients 204 0 - 0.097 ms","service":"bigpharma-api","timestamp":"2026-05-04 11:24:21"}
{"level":"info","message":"POST /api/QuestionsClients 401 115 - 1.685 ms","service":"bigpharma-api","timestamp":"2026-05-04 11:24:21"}
