{"level":"info","message":"OPTIONS /api/auth/login 204 0 - 1.817 ms","service":"bigpharma-api","timestamp":"2026-05-20 09:22:09"}
{"level":"info","message":"POST /api/auth/login 200 - - 159.127 ms","service":"bigpharma-api","timestamp":"2026-05-20 09:22:10"}
{"level":"info","message":"OPTIONS /api/notifications 204 0 - 0.326 ms","service":"bigpharma-api","timestamp":"2026-05-20 09:22:10"}
{"level":"info","message":"OPTIONS /api/products 204 0 - 0.171 ms","service":"bigpharma-api","timestamp":"2026-05-20 09:22:10"}
{"level":"info","message":"OPTIONS /api/sales?page=1&limit=50 204 0 - 0.230 ms","service":"bigpharma-api","timestamp":"2026-05-20 09:22:10"}
{"level":"info","message":"OPTIONS /api/finance/summary? 204 0 - 0.767 ms","service":"bigpharma-api","timestamp":"2026-05-20 09:22:10"}
{"level":"info","message":"GET /api/notifications 200 - - 55.868 ms","service":"bigpharma-api","timestamp":"2026-05-20 09:22:10"}
{"level":"info","message":"GET /api/products 200 - - 97.306 ms","service":"bigpharma-api","timestamp":"2026-05-20 09:22:10"}
{"level":"info","message":"GET /api/finance/summary? 200 - - 81.867 ms","service":"bigpharma-api","timestamp":"2026-05-20 09:22:10"}
{"level":"info","message":"GET /api/sales?page=1&limit=50 200 - - 101.804 ms","service":"bigpharma-api","timestamp":"2026-05-20 09:22:10"}
{"level":"info","message":"OPTIONS /api/auth/me 204 0 - 0.278 ms","service":"bigpharma-api","timestamp":"2026-05-20 09:23:13"}
{"level":"info","message":"GET /api/auth/me 200 936 - 31.123 ms","service":"bigpharma-api","timestamp":"2026-05-20 09:23:13"}
{"level":"info","message":"OPTIONS /api/notifications 204 0 - 0.474 ms","service":"bigpharma-api","timestamp":"2026-05-20 09:23:15"}
{"level":"info","message":"OPTIONS /api/finance/summary? 204 0 - 0.267 ms","service":"bigpharma-api","timestamp":"2026-05-20 09:23:15"}
{"level":"info","message":"OPTIONS /api/products 204 0 - 0.223 ms","service":"bigpharma-api","timestamp":"2026-05-20 09:23:15"}
{"level":"info","message":"OPTIONS /api/sales?page=1&limit=50 204 0 - 0.447 ms","service":"bigpharma-api","timestamp":"2026-05-20 09:23:15"}
{"level":"info","message":"GET /api/notifications 304 - - 66.951 ms","service":"bigpharma-api","timestamp":"2026-05-20 09:23:15"}
{"level":"info","message":"GET /api/finance/summary? 304 - - 94.342 ms","service":"bigpharma-api","timestamp":"2026-05-20 09:23:15"}
{"level":"info","message":"GET /api/sales?page=1&limit=50 304 - - 114.747 ms","service":"bigpharma-api","timestamp":"2026-05-20 09:23:15"}
{"level":"info","message":"GET /api/products 200 - - 116.519 ms","service":"bigpharma-api","timestamp":"2026-05-20 09:23:15"}
{"level":"info","message":"OPTIONS /api/auth/me 204 0 - 0.281 ms","service":"bigpharma-api","timestamp":"2026-05-20 09:25:17"}
{"level":"info","message":"GET /api/auth/me 304 - - 54.159 ms","service":"bigpharma-api","timestamp":"2026-05-20 09:25:17"}
{"level":"info","message":"OPTIONS /api/notifications 204 0 - 0.245 ms","service":"bigpharma-api","timestamp":"2026-05-20 09:25:19"}
{"level":"info","message":"OPTIONS /api/products 204 0 - 0.277 ms","service":"bigpharma-api","timestamp":"2026-05-20 09:25:19"}
{"level":"info","message":"OPTIONS /api/sales?page=1&limit=50 204 0 - 0.273 ms","service":"bigpharma-api","timestamp":"2026-05-20 09:25:19"}
{"level":"info","message":"OPTIONS /api/finance/summary? 204 0 - 0.308 ms","service":"bigpharma-api","timestamp":"2026-05-20 09:25:19"}
{"level":"info","message":"GET /api/notifications 304 - - 72.684 ms","service":"bigpharma-api","timestamp":"2026-05-20 09:25:19"}
{"level":"info","message":"GET /api/finance/summary? 304 - - 102.948 ms","service":"bigpharma-api","timestamp":"2026-05-20 09:25:19"}
{"level":"info","message":"GET /api/sales?page=1&limit=50 304 - - 122.960 ms","service":"bigpharma-api","timestamp":"2026-05-20 09:25:19"}
{"level":"info","message":"GET /api/products 200 - - 126.913 ms","service":"bigpharma-api","timestamp":"2026-05-20 09:25:19"}
{"level":"info","message":"OPTIONS /api/clients?page=1&limit=50 204 0 - 0.148 ms","service":"bigpharma-api","timestamp":"2026-05-20 09:25:24"}
{"level":"info","message":"GET /api/clients?page=1&limit=50 200 - - 53.733 ms","service":"bigpharma-api","timestamp":"2026-05-20 09:25:24"}
{"level":"info","message":"OPTIONS /api/orders?page=1&limit=10 204 0 - 0.148 ms","service":"bigpharma-api","timestamp":"2026-05-20 09:25:34"}
{"level":"info","message":"GET /api/orders?page=1&limit=10 200 - - 82.010 ms","service":"bigpharma-api","timestamp":"2026-05-20 09:25:34"}
{"level":"info","message":"OPTIONS /api/QuestionsClients 204 0 - 0.250 ms","service":"bigpharma-api","timestamp":"2026-05-20 09:25:45"}
{"level":"info","message":"OPTIONS /api/reviews 204 0 - 0.131 ms","service":"bigpharma-api","timestamp":"2026-05-20 09:25:45"}
{"level":"info","message":"OPTIONS /api/complaints 204 0 - 0.094 ms","service":"bigpharma-api","timestamp":"2026-05-20 09:25:45"}
{"level":"info","message":"GET /api/complaints 200 26 - 29.494 ms","service":"bigpharma-api","timestamp":"2026-05-20 09:25:45"}
{"level":"info","message":"GET /api/reviews 200 26 - 24.971 ms","service":"bigpharma-api","timestamp":"2026-05-20 09:25:45"}
{"level":"info","message":"GET /api/QuestionsClients 200 - - 41.383 ms","service":"bigpharma-api","timestamp":"2026-05-20 09:25:45"}
{"level":"info","message":"OPTIONS /api/finance/summary? 204 0 - 0.239 ms","service":"bigpharma-api","timestamp":"2026-05-20 09:25:48"}
{"level":"info","message":"GET /api/finance/summary? 304 - - 19.510 ms","service":"bigpharma-api","timestamp":"2026-05-20 09:25:48"}
{"level":"info","message":"OPTIONS /api/settings/profile 204 0 - 0.112 ms","service":"bigpharma-api","timestamp":"2026-05-20 09:26:34"}
{"level":"info","message":"GET /api/settings/profile 200 234 - 18.654 ms","service":"bigpharma-api","timestamp":"2026-05-20 09:26:34"}
{"level":"info","message":"OPTIONS /api/auth/me 204 0 - 0.150 ms","service":"bigpharma-api","timestamp":"2026-05-20 09:26:37"}
{"level":"info","message":"GET /api/settings/profile 304 - - 22.434 ms","service":"bigpharma-api","timestamp":"2026-05-20 09:26:37"}
{"level":"info","message":"GET /api/auth/me 304 - - 19.990 ms","service":"bigpharma-api","timestamp":"2026-05-20 09:26:37"}
{"level":"info","message":"OPTIONS /api/auth/me 204 0 - 2.952 ms","service":"bigpharma-api","timestamp":"2026-05-20 09:39:27"}
{"level":"info","message":"GET /api/auth/me 401 115 - 5.081 ms","service":"bigpharma-api","timestamp":"2026-05-20 09:39:27"}
{"level":"info","message":"OPTIONS /api/notifications 204 0 - 0.125 ms","service":"bigpharma-api","timestamp":"2026-05-20 09:39:28"}
{"level":"info","message":"OPTIONS /api/products 204 0 - 0.144 ms","service":"bigpharma-api","timestamp":"2026-05-20 09:39:28"}
{"level":"info","message":"OPTIONS /api/sales?page=1&limit=50 204 0 - 0.228 ms","service":"bigpharma-api","timestamp":"2026-05-20 09:39:28"}
{"level":"info","message":"OPTIONS /api/finance/summary? 204 0 - 0.245 ms","service":"bigpharma-api","timestamp":"2026-05-20 09:39:28"}
{"level":"info","message":"GET /api/sales?page=1&limit=50 401 111 - 0.780 ms","service":"bigpharma-api","timestamp":"2026-05-20 09:39:28"}
{"level":"info","message":"GET /api/notifications 401 115 - 1.381 ms","service":"bigpharma-api","timestamp":"2026-05-20 09:39:28"}
{"level":"info","message":"GET /api/finance/summary? 401 111 - 0.392 ms","service":"bigpharma-api","timestamp":"2026-05-20 09:39:28"}
{"level":"info","message":"GET /api/products 200 - - 12.132 ms","service":"bigpharma-api","timestamp":"2026-05-20 09:39:28"}
{"level":"info","message":"OPTIONS /api/auth/login 204 0 - 0.083 ms","service":"bigpharma-api","timestamp":"2026-05-20 09:54:41"}
{"level":"info","message":"POST /api/auth/login 200 - - 115.613 ms","service":"bigpharma-api","timestamp":"2026-05-20 09:54:41"}
{"level":"info","message":"OPTIONS /api/notifications 204 0 - 0.148 ms","service":"bigpharma-api","timestamp":"2026-05-20 09:54:42"}
{"level":"info","message":"OPTIONS /api/products 204 0 - 0.115 ms","service":"bigpharma-api","timestamp":"2026-05-20 09:54:42"}
{"level":"info","message":"OPTIONS /api/sales?page=1&limit=50 204 0 - 0.138 ms","service":"bigpharma-api","timestamp":"2026-05-20 09:54:42"}
{"level":"info","message":"OPTIONS /api/finance/summary? 204 0 - 0.134 ms","service":"bigpharma-api","timestamp":"2026-05-20 09:54:42"}
{"level":"info","message":"GET /api/notifications 200 - - 111.998 ms","service":"bigpharma-api","timestamp":"2026-05-20 09:54:42"}
{"level":"info","message":"GET /api/finance/summary? 200 - - 131.290 ms","service":"bigpharma-api","timestamp":"2026-05-20 09:54:42"}
{"level":"info","message":"GET /api/sales?page=1&limit=50 200 - - 137.978 ms","service":"bigpharma-api","timestamp":"2026-05-20 09:54:42"}
{"level":"info","message":"GET /api/products 200 - - 138.730 ms","service":"bigpharma-api","timestamp":"2026-05-20 09:54:42"}
{"level":"info","message":"OPTIONS /api/auth/me 204 0 - 0.476 ms","service":"bigpharma-api","timestamp":"2026-05-20 09:55:07"}
{"level":"info","message":"GET /api/auth/me 200 936 - 20.318 ms","service":"bigpharma-api","timestamp":"2026-05-20 09:55:07"}
{"level":"info","message":"OPTIONS /api/notifications 204 0 - 0.100 ms","service":"bigpharma-api","timestamp":"2026-05-20 09:55:08"}
{"level":"info","message":"OPTIONS /api/products 204 0 - 0.188 ms","service":"bigpharma-api","timestamp":"2026-05-20 09:55:08"}
{"level":"info","message":"OPTIONS /api/sales?page=1&limit=50 204 0 - 0.231 ms","service":"bigpharma-api","timestamp":"2026-05-20 09:55:08"}
{"level":"info","message":"OPTIONS /api/finance/summary? 204 0 - 0.686 ms","service":"bigpharma-api","timestamp":"2026-05-20 09:55:08"}
{"level":"info","message":"GET /api/notifications 304 - - 35.641 ms","service":"bigpharma-api","timestamp":"2026-05-20 09:55:08"}
{"level":"info","message":"GET /api/finance/summary? 304 - - 43.469 ms","service":"bigpharma-api","timestamp":"2026-05-20 09:55:08"}
{"level":"info","message":"GET /api/sales?page=1&limit=50 304 - - 51.043 ms","service":"bigpharma-api","timestamp":"2026-05-20 09:55:08"}
{"level":"info","message":"GET /api/products 200 - - 58.561 ms","service":"bigpharma-api","timestamp":"2026-05-20 09:55:08"}
{"level":"info","message":"OPTIONS /api/sales 204 0 - 0.086 ms","service":"bigpharma-api","timestamp":"2026-05-20 09:55:24"}
{"level":"info","message":"POST /api/sales 201 667 - 98.972 ms","service":"bigpharma-api","timestamp":"2026-05-20 09:55:24"}
{"level":"info","message":"OPTIONS /api/activityLogs 204 0 - 0.222 ms","service":"bigpharma-api","timestamp":"2026-05-20 09:55:24"}
{"level":"info","message":"POST /api/activityLogs 404 92 - 7.597 ms","service":"bigpharma-api","timestamp":"2026-05-20 09:55:24"}
{"level":"info","message":"OPTIONS /api/auth/me 204 0 - 0.199 ms","service":"bigpharma-api","timestamp":"2026-05-20 09:55:43"}
{"level":"info","message":"GET /api/auth/me 304 - - 27.585 ms","service":"bigpharma-api","timestamp":"2026-05-20 09:55:43"}
{"level":"info","message":"OPTIONS /api/notifications 204 0 - 0.217 ms","service":"bigpharma-api","timestamp":"2026-05-20 09:55:44"}
{"level":"info","message":"OPTIONS /api/products 204 0 - 0.292 ms","service":"bigpharma-api","timestamp":"2026-05-20 09:55:44"}
{"level":"info","message":"OPTIONS /api/sales?page=1&limit=50 204 0 - 0.594 ms","service":"bigpharma-api","timestamp":"2026-05-20 09:55:44"}
{"level":"info","message":"OPTIONS /api/finance/summary? 204 0 - 0.315 ms","service":"bigpharma-api","timestamp":"2026-05-20 09:55:44"}
{"level":"info","message":"GET /api/notifications 304 - - 59.265 ms","service":"bigpharma-api","timestamp":"2026-05-20 09:55:44"}
{"level":"info","message":"GET /api/finance/summary? 200 - - 78.435 ms","service":"bigpharma-api","timestamp":"2026-05-20 09:55:44"}
{"level":"info","message":"GET /api/products 200 - - 96.056 ms","service":"bigpharma-api","timestamp":"2026-05-20 09:55:44"}
{"level":"info","message":"GET /api/sales?page=1&limit=50 200 - - 86.152 ms","service":"bigpharma-api","timestamp":"2026-05-20 09:55:44"}
{"level":"info","message":"OPTIONS /api/finance/summary? 204 0 - 0.714 ms","service":"bigpharma-api","timestamp":"2026-05-20 10:11:17"}
{"level":"info","message":"GET /api/finance/summary? 401 115 - 3.035 ms","service":"bigpharma-api","timestamp":"2026-05-20 10:11:17"}
{"level":"info","message":"OPTIONS /api/QuestionsClients 204 0 - 0.093 ms","service":"bigpharma-api","timestamp":"2026-05-20 10:11:21"}
{"level":"info","message":"GET /api/QuestionsClients 401 115 - 1.781 ms","service":"bigpharma-api","timestamp":"2026-05-20 10:11:21"}
{"level":"info","message":"OPTIONS /api/reviews 204 0 - 0.068 ms","service":"bigpharma-api","timestamp":"2026-05-20 10:11:21"}
{"level":"info","message":"OPTIONS /api/complaints 204 0 - 0.092 ms","service":"bigpharma-api","timestamp":"2026-05-20 10:11:21"}
{"level":"info","message":"GET /api/reviews 401 115 - 2.995 ms","service":"bigpharma-api","timestamp":"2026-05-20 10:11:21"}
{"level":"info","message":"GET /api/complaints 401 115 - 1.349 ms","service":"bigpharma-api","timestamp":"2026-05-20 10:11:21"}
{"level":"info","message":"OPTIONS /api/products 204 0 - 0.075 ms","service":"bigpharma-api","timestamp":"2026-05-20 10:11:37"}
{"level":"info","message":"OPTIONS /api/sales?page=1&limit=50 204 0 - 0.101 ms","service":"bigpharma-api","timestamp":"2026-05-20 10:11:37"}
{"level":"info","message":"OPTIONS /api/finance/summary? 204 0 - 0.062 ms","service":"bigpharma-api","timestamp":"2026-05-20 10:11:37"}
{"level":"info","message":"GET /api/sales?page=1&limit=50 401 115 - 1.407 ms","service":"bigpharma-api","timestamp":"2026-05-20 10:11:37"}
{"level":"info","message":"GET /api/finance/summary? 401 115 - 1.027 ms","service":"bigpharma-api","timestamp":"2026-05-20 10:11:37"}
{"level":"info","message":"GET /api/products 200 - - 19.506 ms","service":"bigpharma-api","timestamp":"2026-05-20 10:11:37"}
{"level":"info","message":"OPTIONS /api/sales?page=1&limit=50 204 0 - 0.144 ms","service":"bigpharma-api","timestamp":"2026-05-20 10:11:53"}
{"level":"info","message":"GET /api/sales?page=1&limit=50 401 115 - 2.512 ms","service":"bigpharma-api","timestamp":"2026-05-20 10:11:53"}
{"level":"info","message":"OPTIONS /api/auth/me 204 0 - 4.154 ms","service":"bigpharma-api","timestamp":"2026-05-20 10:16:04"}
{"level":"info","message":"GET /api/auth/me 401 115 - 5.672 ms","service":"bigpharma-api","timestamp":"2026-05-20 10:16:04"}
{"level":"info","message":"OPTIONS /api/notifications 204 0 - 0.160 ms","service":"bigpharma-api","timestamp":"2026-05-20 10:16:05"}
{"level":"info","message":"GET /api/notifications 401 115 - 1.487 ms","service":"bigpharma-api","timestamp":"2026-05-20 10:16:05"}
{"level":"info","message":"OPTIONS /api/products 204 0 - 0.098 ms","service":"bigpharma-api","timestamp":"2026-05-20 10:16:05"}
{"level":"info","message":"OPTIONS /api/sales?page=1&limit=50 204 0 - 0.219 ms","service":"bigpharma-api","timestamp":"2026-05-20 10:16:05"}
{"level":"info","message":"OPTIONS /api/finance/summary? 204 0 - 0.117 ms","service":"bigpharma-api","timestamp":"2026-05-20 10:16:05"}
{"level":"info","message":"GET /api/sales?page=1&limit=50 401 111 - 1.156 ms","service":"bigpharma-api","timestamp":"2026-05-20 10:16:05"}
{"level":"info","message":"GET /api/finance/summary? 401 111 - 0.531 ms","service":"bigpharma-api","timestamp":"2026-05-20 10:16:05"}
{"level":"info","message":"GET /api/products 200 - - 21.772 ms","service":"bigpharma-api","timestamp":"2026-05-20 10:16:05"}
{"level":"info","message":"OPTIONS /api/auth/login 204 0 - 0.222 ms","service":"bigpharma-api","timestamp":"2026-05-20 10:24:17"}
{"level":"info","message":"POST /api/auth/login 200 - - 3373.292 ms","service":"bigpharma-api","timestamp":"2026-05-20 10:24:20"}
{"level":"info","message":"OPTIONS /api/notifications 204 0 - 0.819 ms","service":"bigpharma-api","timestamp":"2026-05-20 10:24:21"}
{"level":"info","message":"OPTIONS /api/products 204 0 - 0.283 ms","service":"bigpharma-api","timestamp":"2026-05-20 10:24:21"}
{"level":"info","message":"OPTIONS /api/sales?page=1&limit=50 204 0 - 2.514 ms","service":"bigpharma-api","timestamp":"2026-05-20 10:24:21"}
{"level":"info","message":"OPTIONS /api/finance/summary? 204 0 - 0.303 ms","service":"bigpharma-api","timestamp":"2026-05-20 10:24:21"}
{"level":"info","message":"GET /api/notifications 200 - - 465.298 ms","service":"bigpharma-api","timestamp":"2026-05-20 10:24:21"}
{"level":"info","message":"GET /api/finance/summary? 200 - - 306.045 ms","service":"bigpharma-api","timestamp":"2026-05-20 10:24:21"}
{"level":"info","message":"GET /api/sales?page=1&limit=50 200 - - 335.238 ms","service":"bigpharma-api","timestamp":"2026-05-20 10:24:21"}
{"level":"info","message":"GET /api/products 200 - - 338.390 ms","service":"bigpharma-api","timestamp":"2026-05-20 10:24:21"}
{"level":"info","message":"OPTIONS /api/auth/me 204 0 - 0.212 ms","service":"bigpharma-api","timestamp":"2026-05-20 10:24:58"}
{"level":"info","message":"GET /api/auth/me 200 936 - 492.151 ms","service":"bigpharma-api","timestamp":"2026-05-20 10:24:59"}
{"level":"info","message":"OPTIONS /api/notifications 204 0 - 4.890 ms","service":"bigpharma-api","timestamp":"2026-05-20 10:25:00"}
{"level":"info","message":"OPTIONS /api/products 204 0 - 29.073 ms","service":"bigpharma-api","timestamp":"2026-05-20 10:25:00"}
{"level":"info","message":"OPTIONS /api/sales?page=1&limit=50 204 0 - 0.266 ms","service":"bigpharma-api","timestamp":"2026-05-20 10:25:00"}
{"level":"info","message":"OPTIONS /api/finance/summary? 204 0 - 91.249 ms","service":"bigpharma-api","timestamp":"2026-05-20 10:25:01"}
{"level":"info","message":"GET /api/notifications 304 - - 1904.307 ms","service":"bigpharma-api","timestamp":"2026-05-20 10:25:02"}
{"level":"info","message":"GET /api/finance/summary? 304 - - 1185.498 ms","service":"bigpharma-api","timestamp":"2026-05-20 10:25:03"}
{"level":"info","message":"GET /api/sales?page=1&limit=50 304 - - 1563.819 ms","service":"bigpharma-api","timestamp":"2026-05-20 10:25:03"}
{"level":"info","message":"GET /api/products 200 - - 2473.011 ms","service":"bigpharma-api","timestamp":"2026-05-20 10:25:03"}
{"level":"info","message":"OPTIONS /api/finance/summary? 204 0 - 0.352 ms","service":"bigpharma-api","timestamp":"2026-05-20 10:25:13"}
{"level":"info","message":"GET /api/finance/summary? 304 - - 198.905 ms","service":"bigpharma-api","timestamp":"2026-05-20 10:25:14"}
