{"level":"info","message":"Redis caching disabled (no REDIS_HOST provided)","service":"bigpharma-api","timestamp":"2026-05-13 10:18:51"}
{"level":"info","message":"[SEED] Default administrator created: laflorale@gmail.com / admin","service":"bigpharma-api","timestamp":"2026-05-13 10:18:52"}
{"level":"info","message":"OPTIONS /api/auth/login 204 0 - 0.766 ms","service":"bigpharma-api","timestamp":"2026-05-13 10:21:33"}
{"level":"info","message":"POST /api/auth/login 200 759 - 170.259 ms","service":"bigpharma-api","timestamp":"2026-05-13 10:21:33"}
{"level":"info","message":"OPTIONS /api/notifications 204 0 - 0.329 ms","service":"bigpharma-api","timestamp":"2026-05-13 10:21:33"}
{"level":"info","message":"OPTIONS /api/clients?page=1&limit=50 204 0 - 0.974 ms","service":"bigpharma-api","timestamp":"2026-05-13 10:21:33"}
{"level":"info","message":"OPTIONS /api/products 204 0 - 0.257 ms","service":"bigpharma-api","timestamp":"2026-05-13 10:21:33"}
{"level":"info","message":"OPTIONS /api/sales?page=1&limit=50 204 0 - 0.100 ms","service":"bigpharma-api","timestamp":"2026-05-13 10:21:33"}
{"level":"info","message":"OPTIONS /api/finance/summary? 204 0 - 0.128 ms","service":"bigpharma-api","timestamp":"2026-05-13 10:21:33"}
{"level":"info","message":"OPTIONS /api/activityLogs 204 0 - 0.129 ms","service":"bigpharma-api","timestamp":"2026-05-13 10:21:33"}
{"level":"info","message":"GET /api/finance/summary? 200 - - 81.859 ms","service":"bigpharma-api","timestamp":"2026-05-13 10:21:33"}
{"level":"info","message":"GET /api/notifications 200 - - 101.117 ms","service":"bigpharma-api","timestamp":"2026-05-13 10:21:33"}
{"level":"info","message":"GET /api/activityLogs 200 - - 92.870 ms","service":"bigpharma-api","timestamp":"2026-05-13 10:21:33"}
{"level":"info","message":"GET /api/clients?page=1&limit=50 200 - - 129.182 ms","service":"bigpharma-api","timestamp":"2026-05-13 10:21:33"}
{"level":"info","message":"GET /api/products 200 - - 87.892 ms","service":"bigpharma-api","timestamp":"2026-05-13 10:21:33"}
{"level":"info","message":"GET /api/sales?page=1&limit=50 200 - - 83.547 ms","service":"bigpharma-api","timestamp":"2026-05-13 10:21:33"}
{"level":"info","message":"OPTIONS /api/settings/profile 204 0 - 0.121 ms","service":"bigpharma-api","timestamp":"2026-05-13 10:21:37"}
{"level":"info","message":"GET /api/settings/profile 200 235 - 11.726 ms","service":"bigpharma-api","timestamp":"2026-05-13 10:21:37"}
{"level":"info","message":"OPTIONS /api/auth/me 204 0 - 0.319 ms","service":"bigpharma-api","timestamp":"2026-05-13 10:27:24"}
{"level":"info","message":"GET /api/auth/me 200 225 - 9.125 ms","service":"bigpharma-api","timestamp":"2026-05-13 10:27:24"}
{"level":"info","message":"OPTIONS /api/notifications 204 0 - 0.091 ms","service":"bigpharma-api","timestamp":"2026-05-13 10:27:24"}
{"level":"info","message":"OPTIONS /api/products 204 0 - 0.159 ms","service":"bigpharma-api","timestamp":"2026-05-13 10:27:24"}
{"level":"info","message":"OPTIONS /api/sales?page=1&limit=50 204 0 - 0.129 ms","service":"bigpharma-api","timestamp":"2026-05-13 10:27:24"}
{"level":"info","message":"OPTIONS /api/finance/summary? 204 0 - 0.086 ms","service":"bigpharma-api","timestamp":"2026-05-13 10:27:24"}
{"level":"info","message":"OPTIONS /api/activityLogs 204 0 - 0.084 ms","service":"bigpharma-api","timestamp":"2026-05-13 10:27:24"}
{"level":"info","message":"OPTIONS /api/clients?page=1&limit=50 204 0 - 0.073 ms","service":"bigpharma-api","timestamp":"2026-05-13 10:27:24"}
{"level":"info","message":"GET /api/notifications 304 - - 68.130 ms","service":"bigpharma-api","timestamp":"2026-05-13 10:27:24"}
{"level":"info","message":"GET /api/finance/summary? 304 - - 69.519 ms","service":"bigpharma-api","timestamp":"2026-05-13 10:27:24"}
{"level":"info","message":"GET /api/activityLogs 304 - - 72.075 ms","service":"bigpharma-api","timestamp":"2026-05-13 10:27:24"}
{"level":"info","message":"GET /api/sales?page=1&limit=50 304 - - 84.987 ms","service":"bigpharma-api","timestamp":"2026-05-13 10:27:24"}
{"level":"info","message":"GET /api/products 304 - - 75.017 ms","service":"bigpharma-api","timestamp":"2026-05-13 10:27:24"}
{"level":"info","message":"GET /api/clients?page=1&limit=50 304 - - 75.105 ms","service":"bigpharma-api","timestamp":"2026-05-13 10:27:24"}
{"level":"info","message":"OPTIONS /api/settings/profile 204 0 - 0.075 ms","service":"bigpharma-api","timestamp":"2026-05-13 10:27:28"}
{"level":"info","message":"GET /api/settings/profile 304 - - 11.191 ms","service":"bigpharma-api","timestamp":"2026-05-13 10:27:28"}
{"level":"info","message":"OPTIONS /api/users/staff 204 0 - 0.133 ms","service":"bigpharma-api","timestamp":"2026-05-13 10:27:34"}
{"level":"info","message":"GET /api/users/staff 200 - - 16.734 ms","service":"bigpharma-api","timestamp":"2026-05-13 10:27:34"}
{"level":"info","message":"OPTIONS /api/settings/profile 204 0 - 0.069 ms","service":"bigpharma-api","timestamp":"2026-05-13 10:27:44"}
{"level":"info","message":"GET /api/settings/profile 304 - - 10.780 ms","service":"bigpharma-api","timestamp":"2026-05-13 10:27:44"}
{"level":"info","message":"OPTIONS /api/auth/login 204 0 - 0.246 ms","service":"bigpharma-api","timestamp":"2026-05-13 10:28:28"}
{"level":"info","message":"POST /api/auth/login 200 759 - 216.564 ms","service":"bigpharma-api","timestamp":"2026-05-13 10:28:29"}
{"level":"info","message":"OPTIONS /api/products 204 0 - 1.182 ms","service":"bigpharma-api","timestamp":"2026-05-13 10:28:29"}
{"level":"info","message":"OPTIONS /api/clients?page=1&limit=50 204 0 - 0.359 ms","service":"bigpharma-api","timestamp":"2026-05-13 10:28:29"}
{"level":"info","message":"OPTIONS /api/sales?page=1&limit=50 204 0 - 0.321 ms","service":"bigpharma-api","timestamp":"2026-05-13 10:28:29"}
{"level":"info","message":"OPTIONS /api/finance/summary? 204 0 - 0.283 ms","service":"bigpharma-api","timestamp":"2026-05-13 10:28:29"}
{"level":"info","message":"OPTIONS /api/activityLogs 204 0 - 3.939 ms","service":"bigpharma-api","timestamp":"2026-05-13 10:28:29"}
{"level":"info","message":"GET /api/finance/summary? 304 - - 151.511 ms","service":"bigpharma-api","timestamp":"2026-05-13 10:28:30"}
{"level":"info","message":"GET /api/products 304 - - 236.918 ms","service":"bigpharma-api","timestamp":"2026-05-13 10:28:30"}
{"level":"info","message":"GET /api/activityLogs 304 - - 161.092 ms","service":"bigpharma-api","timestamp":"2026-05-13 10:28:30"}
{"level":"info","message":"GET /api/clients?page=1&limit=50 304 - - 377.388 ms","service":"bigpharma-api","timestamp":"2026-05-13 10:28:30"}
{"level":"info","message":"GET /api/sales?page=1&limit=50 304 - - 252.218 ms","service":"bigpharma-api","timestamp":"2026-05-13 10:28:30"}
{"level":"info","message":"OPTIONS /api/settings/profile 204 0 - 0.352 ms","service":"bigpharma-api","timestamp":"2026-05-13 10:28:33"}
{"level":"info","message":"GET /api/settings/profile 304 - - 22.590 ms","service":"bigpharma-api","timestamp":"2026-05-13 10:28:33"}
{"level":"info","message":"OPTIONS /api/users/staff 204 0 - 0.167 ms","service":"bigpharma-api","timestamp":"2026-05-13 10:34:33"}
{"level":"info","message":"GET /api/users/staff 200 - - 14.810 ms","service":"bigpharma-api","timestamp":"2026-05-13 10:34:33"}
{"level":"info","message":"GET /api/users/staff 304 - - 15.346 ms","service":"bigpharma-api","timestamp":"2026-05-13 10:34:36"}
{"level":"info","message":"OPTIONS /api/users/staff 204 0 - 0.131 ms","service":"bigpharma-api","timestamp":"2026-05-13 10:38:18"}
{"level":"info","message":"GET /api/users/staff 304 - - 17.059 ms","service":"bigpharma-api","timestamp":"2026-05-13 10:38:18"}
{"level":"info","message":"Redis caching disabled (no REDIS_HOST provided)","service":"bigpharma-api","timestamp":"2026-05-13 11:09:52"}
{"level":"info","message":"POST /api/auth/register 401 111 - 15.773 ms","service":"bigpharma-api","timestamp":"2026-05-13 11:09:52"}
{"level":"info","message":"POST /api/auth/register 401 111 - 0.772 ms","service":"bigpharma-api","timestamp":"2026-05-13 11:09:52"}
{"level":"info","message":"POST /api/auth/register 401 111 - 0.664 ms","service":"bigpharma-api","timestamp":"2026-05-13 11:09:52"}
{"level":"info","message":"POST /api/auth/register 401 111 - 0.511 ms","service":"bigpharma-api","timestamp":"2026-05-13 11:09:52"}
{"level":"info","message":"POST /api/auth/register 401 111 - 0.717 ms","service":"bigpharma-api","timestamp":"2026-05-13 11:09:52"}
{"level":"info","message":"GET /api/sales 401 111 - 0.326 ms","service":"bigpharma-api","timestamp":"2026-05-13 11:09:52"}
{"level":"info","message":"GET /api/finance 401 111 - 0.307 ms","service":"bigpharma-api","timestamp":"2026-05-13 11:09:52"}
{"level":"info","message":"GET /api/activityLogs 401 111 - 0.220 ms","service":"bigpharma-api","timestamp":"2026-05-13 11:09:52"}
{"level":"info","message":"GET /api/QuestionsClients 401 111 - 0.401 ms","service":"bigpharma-api","timestamp":"2026-05-13 11:09:52"}
{"level":"info","message":"GET /api/dashboard/summary 401 111 - 0.352 ms","service":"bigpharma-api","timestamp":"2026-05-13 11:09:52"}
{"level":"info","message":"GET /api/settings/profile 401 111 - 0.391 ms","service":"bigpharma-api","timestamp":"2026-05-13 11:09:52"}
{"level":"info","message":"POST /api/auth/register 401 111 - 0.563 ms","service":"bigpharma-api","timestamp":"2026-05-13 11:09:52"}
{"level":"info","message":"Redis caching disabled (no REDIS_HOST provided)","service":"bigpharma-api","timestamp":"2026-05-13 11:10:29"}
{"level":"info","message":"POST /api/auth/register 201 - - 243.485 ms","service":"bigpharma-api","timestamp":"2026-05-13 11:10:29"}
{"level":"info","message":"POST /api/auth/login 200 - - 78.265 ms","service":"bigpharma-api","timestamp":"2026-05-13 11:10:30"}
{"level":"info","message":"POST /api/auth/register 201 - - 71.581 ms","service":"bigpharma-api","timestamp":"2026-05-13 11:10:30"}
{"level":"info","message":"POST /api/auth/login 200 - - 66.332 ms","service":"bigpharma-api","timestamp":"2026-05-13 11:10:30"}
{"level":"info","message":"POST /api/auth/forgot-password 200 127 - 8.909 ms","service":"bigpharma-api","timestamp":"2026-05-13 11:10:30"}
{"level":"info","message":"POST /api/auth/forgot-password 200 85 - 1.821 ms","service":"bigpharma-api","timestamp":"2026-05-13 11:10:30"}
{"level":"info","message":"POST /api/auth/register 201 - - 65.382 ms","service":"bigpharma-api","timestamp":"2026-05-13 11:10:30"}
{"level":"info","message":"POST /api/auth/login 200 - - 64.868 ms","service":"bigpharma-api","timestamp":"2026-05-13 11:10:30"}
{"level":"info","message":"POST /api/auth/forgot-password 200 127 - 5.331 ms","service":"bigpharma-api","timestamp":"2026-05-13 11:10:30"}
{"level":"info","message":"POST /api/auth/reset-password 400 126 - 0.814 ms","service":"bigpharma-api","timestamp":"2026-05-13 11:10:30"}
{"level":"info","message":"POST /api/auth/register 201 - - 65.078 ms","service":"bigpharma-api","timestamp":"2026-05-13 11:10:30"}
{"level":"info","message":"POST /api/auth/login 200 - - 64.683 ms","service":"bigpharma-api","timestamp":"2026-05-13 11:10:30"}
{"level":"info","message":"PUT /api/auth/me 200 903 - 14.024 ms","service":"bigpharma-api","timestamp":"2026-05-13 11:10:30"}
{"level":"info","message":"POST /api/auth/register 201 - - 64.203 ms","service":"bigpharma-api","timestamp":"2026-05-13 11:10:30"}
{"level":"info","message":"POST /api/auth/login 200 - - 64.683 ms","service":"bigpharma-api","timestamp":"2026-05-13 11:10:30"}
{"level":"info","message":"POST /api/users 404 92 - 4.769 ms","service":"bigpharma-api","timestamp":"2026-05-13 11:10:30"}
{"level":"info","message":"GET /api/sales 401 111 - 0.250 ms","service":"bigpharma-api","timestamp":"2026-05-13 11:10:30"}
{"level":"info","message":"GET /api/finance 401 111 - 0.242 ms","service":"bigpharma-api","timestamp":"2026-05-13 11:10:30"}
{"level":"info","message":"GET /api/activityLogs 401 111 - 0.226 ms","service":"bigpharma-api","timestamp":"2026-05-13 11:10:30"}
{"level":"info","message":"GET /api/QuestionsClients 401 111 - 0.212 ms","service":"bigpharma-api","timestamp":"2026-05-13 11:10:30"}
{"level":"info","message":"GET /api/dashboard/summary 401 111 - 0.202 ms","service":"bigpharma-api","timestamp":"2026-05-13 11:10:30"}
{"level":"info","message":"GET /api/settings/profile 401 111 - 0.266 ms","service":"bigpharma-api","timestamp":"2026-05-13 11:10:30"}
{"level":"info","message":"POST /api/auth/register 201 - - 65.409 ms","service":"bigpharma-api","timestamp":"2026-05-13 11:10:30"}
{"level":"info","message":"POST /api/auth/login 200 - - 63.130 ms","service":"bigpharma-api","timestamp":"2026-05-13 11:10:30"}
{"level":"info","message":"GET /api/finance 404 92 - 4.385 ms","service":"bigpharma-api","timestamp":"2026-05-13 11:10:30"}
{"level":"info","message":"Redis caching disabled (no REDIS_HOST provided)","service":"bigpharma-api","timestamp":"2026-05-13 11:11:22"}
{"level":"info","message":"POST /api/auth/register 201 - - 182.560 ms","service":"bigpharma-api","timestamp":"2026-05-13 11:11:22"}
{"level":"info","message":"POST /api/auth/login 200 - - 76.191 ms","service":"bigpharma-api","timestamp":"2026-05-13 11:11:22"}
{"level":"info","message":"POST /api/auth/register 201 - - 70.947 ms","service":"bigpharma-api","timestamp":"2026-05-13 11:11:22"}
{"level":"info","message":"POST /api/auth/login 200 - - 64.949 ms","service":"bigpharma-api","timestamp":"2026-05-13 11:11:22"}
{"level":"info","message":"POST /api/auth/forgot-password 200 127 - 4.577 ms","service":"bigpharma-api","timestamp":"2026-05-13 11:11:22"}
{"level":"info","message":"POST /api/auth/forgot-password 200 85 - 1.623 ms","service":"bigpharma-api","timestamp":"2026-05-13 11:11:22"}
{"level":"info","message":"POST /api/auth/register 201 - - 64.820 ms","service":"bigpharma-api","timestamp":"2026-05-13 11:11:22"}
{"level":"info","message":"POST /api/auth/login 200 - - 61.826 ms","service":"bigpharma-api","timestamp":"2026-05-13 11:11:23"}
{"level":"info","message":"POST /api/auth/forgot-password 200 127 - 4.771 ms","service":"bigpharma-api","timestamp":"2026-05-13 11:11:23"}
{"level":"info","message":"POST /api/auth/reset-password 200 65 - 60.065 ms","service":"bigpharma-api","timestamp":"2026-05-13 11:11:23"}
{"level":"info","message":"POST /api/auth/login 200 - - 62.654 ms","service":"bigpharma-api","timestamp":"2026-05-13 11:11:23"}
{"level":"info","message":"POST /api/auth/reset-password 400 114 - 2.099 ms","service":"bigpharma-api","timestamp":"2026-05-13 11:11:23"}
{"level":"info","message":"POST /api/auth/register 201 - - 63.586 ms","service":"bigpharma-api","timestamp":"2026-05-13 11:11:23"}
{"level":"info","message":"POST /api/auth/login 200 - - 61.336 ms","service":"bigpharma-api","timestamp":"2026-05-13 11:11:23"}
{"level":"info","message":"PUT /api/auth/me 200 914 - 12.643 ms","service":"bigpharma-api","timestamp":"2026-05-13 11:11:23"}
{"level":"info","message":"POST /api/auth/register 201 - - 63.215 ms","service":"bigpharma-api","timestamp":"2026-05-13 11:11:23"}
{"level":"info","message":"POST /api/auth/login 200 - - 67.442 ms","service":"bigpharma-api","timestamp":"2026-05-13 11:11:23"}
{"level":"info","message":"POST /api/users 201 - - 63.878 ms","service":"bigpharma-api","timestamp":"2026-05-13 11:11:23"}
{"level":"info","message":"POST /api/auth/login 200 - - 60.956 ms","service":"bigpharma-api","timestamp":"2026-05-13 11:11:23"}
{"level":"info","message":"POST /api/users 403 112 - 4.488 ms","service":"bigpharma-api","timestamp":"2026-05-13 11:11:23"}
{"level":"info","message":"GET /api/sales 401 111 - 0.197 ms","service":"bigpharma-api","timestamp":"2026-05-13 11:11:23"}
{"level":"info","message":"GET /api/finance 401 111 - 0.212 ms","service":"bigpharma-api","timestamp":"2026-05-13 11:11:23"}
{"level":"info","message":"GET /api/activityLogs 401 111 - 0.232 ms","service":"bigpharma-api","timestamp":"2026-05-13 11:11:23"}
{"level":"info","message":"GET /api/QuestionsClients 401 111 - 0.188 ms","service":"bigpharma-api","timestamp":"2026-05-13 11:11:23"}
{"level":"info","message":"GET /api/dashboard/summary 401 111 - 0.185 ms","service":"bigpharma-api","timestamp":"2026-05-13 11:11:23"}
{"level":"info","message":"GET /api/settings/profile 401 111 - 0.184 ms","service":"bigpharma-api","timestamp":"2026-05-13 11:11:23"}
{"level":"info","message":"POST /api/auth/register 201 - - 64.473 ms","service":"bigpharma-api","timestamp":"2026-05-13 11:11:23"}
{"level":"info","message":"POST /api/auth/login 200 - - 63.052 ms","service":"bigpharma-api","timestamp":"2026-05-13 11:11:23"}
{"level":"info","message":"GET /api/finance 200 114 - 8.014 ms","service":"bigpharma-api","timestamp":"2026-05-13 11:11:23"}
{"level":"info","message":"GET /api/activityLogs 200 81 - 5.704 ms","service":"bigpharma-api","timestamp":"2026-05-13 11:11:23"}
{"level":"info","message":"GET /api/QuestionsClients 200 26 - 5.008 ms","service":"bigpharma-api","timestamp":"2026-05-13 11:11:23"}
{"level":"info","message":"OPTIONS /api/settings/profile 204 0 - 1.961 ms","service":"bigpharma-api","timestamp":"2026-05-13 11:12:13"}
{"level":"info","message":"GET /api/settings/profile 401 123 - 10.872 ms","service":"bigpharma-api","timestamp":"2026-05-13 11:12:13"}
{"level":"info","message":"OPTIONS /api/users/staff 204 0 - 0.239 ms","service":"bigpharma-api","timestamp":"2026-05-13 11:12:20"}
{"level":"info","message":"GET /api/users/staff 401 123 - 3.412 ms","service":"bigpharma-api","timestamp":"2026-05-13 11:12:20"}
{"level":"info","message":"OPTIONS /api/auth/login 204 0 - 0.109 ms","service":"bigpharma-api","timestamp":"2026-05-13 11:12:56"}
{"level":"info","message":"POST /api/auth/login 200 759 - 171.394 ms","service":"bigpharma-api","timestamp":"2026-05-13 11:12:57"}
{"level":"info","message":"OPTIONS /api/products 204 0 - 0.165 ms","service":"bigpharma-api","timestamp":"2026-05-13 11:12:57"}
{"level":"info","message":"OPTIONS /api/sales?page=1&limit=50 204 0 - 0.463 ms","service":"bigpharma-api","timestamp":"2026-05-13 11:12:57"}
{"level":"info","message":"OPTIONS /api/activityLogs 204 0 - 0.136 ms","service":"bigpharma-api","timestamp":"2026-05-13 11:12:57"}
{"level":"info","message":"OPTIONS /api/finance/summary? 204 0 - 0.156 ms","service":"bigpharma-api","timestamp":"2026-05-13 11:12:57"}
{"level":"info","message":"OPTIONS /api/clients?page=1&limit=50 204 0 - 0.119 ms","service":"bigpharma-api","timestamp":"2026-05-13 11:12:57"}
{"level":"info","message":"GET /api/finance/summary? 304 - - 99.692 ms","service":"bigpharma-api","timestamp":"2026-05-13 11:12:57"}
{"level":"info","message":"GET /api/sales?page=1&limit=50 304 - - 113.517 ms","service":"bigpharma-api","timestamp":"2026-05-13 11:12:57"}
{"level":"info","message":"GET /api/products 304 - - 132.643 ms","service":"bigpharma-api","timestamp":"2026-05-13 11:12:57"}
{"level":"info","message":"GET /api/activityLogs 304 - - 125.962 ms","service":"bigpharma-api","timestamp":"2026-05-13 11:12:57"}
{"level":"info","message":"GET /api/clients?page=1&limit=50 304 - - 124.373 ms","service":"bigpharma-api","timestamp":"2026-05-13 11:12:57"}
{"level":"info","message":"OPTIONS /api/settings/profile 204 0 - 0.134 ms","service":"bigpharma-api","timestamp":"2026-05-13 11:13:00"}
{"level":"info","message":"GET /api/settings/profile 304 - - 22.276 ms","service":"bigpharma-api","timestamp":"2026-05-13 11:13:00"}
{"level":"info","message":"OPTIONS /api/users/staff 204 0 - 0.141 ms","service":"bigpharma-api","timestamp":"2026-05-13 11:13:03"}
{"level":"info","message":"GET /api/users/staff 200 - - 14.770 ms","service":"bigpharma-api","timestamp":"2026-05-13 11:13:03"}
{"level":"info","message":"OPTIONS /api/auth/login 204 0 - 0.117 ms","service":"bigpharma-api","timestamp":"2026-05-13 11:13:42"}
{"level":"error","message":"ValidationError: User validation failed: role: `caissier` is not a valid enum value for path `role`.","method":"POST","path":"/api/auth/login","requestId":"d73a80a3-85cd-49b0-8010-33414332174c","service":"bigpharma-api","stack":"ValidationError: User validation failed: role: `caissier` is not a valid enum value for path `role`.\n    at model.validate (D:\\Projets\\BigPharma 1.2\\api\\node_modules\\mongoose\\lib\\document.js:2864:36)\n    at async model.$__save (D:\\Projets\\BigPharma 1.2\\api\\node_modules\\mongoose\\lib\\model.js:389:7)\n    at async model.save (D:\\Projets\\BigPharma 1.2\\api\\node_modules\\mongoose\\lib\\model.js:663:5)\n    at async generateRefreshToken (D:\\Projets\\BigPharma 1.2\\api\\controllers\\authController.js:30:3)\n    at async exports.login (D:\\Projets\\BigPharma 1.2\\api\\controllers\\authController.js:186:26)","timestamp":"2026-05-13 11:13:42"}
{"level":"info","message":"POST /api/auth/login 400 782 - 129.089 ms","service":"bigpharma-api","timestamp":"2026-05-13 11:13:42"}
{"level":"info","message":"OPTIONS /api/auth/login 204 0 - 0.104 ms","service":"bigpharma-api","timestamp":"2026-05-13 11:14:01"}
{"level":"info","message":"POST /api/auth/login 200 715 - 98.952 ms","service":"bigpharma-api","timestamp":"2026-05-13 11:14:01"}
{"level":"info","message":"OPTIONS /api/products 204 0 - 0.120 ms","service":"bigpharma-api","timestamp":"2026-05-13 11:14:01"}
{"level":"info","message":"GET /api/products 304 - - 14.490 ms","service":"bigpharma-api","timestamp":"2026-05-13 11:14:01"}
{"level":"info","message":"OPTIONS /api/clients?page=1&limit=50 204 0 - 0.107 ms","service":"bigpharma-api","timestamp":"2026-05-13 11:14:18"}
{"level":"info","message":"GET /api/clients?page=1&limit=50 304 - - 18.620 ms","service":"bigpharma-api","timestamp":"2026-05-13 11:14:18"}
{"level":"info","message":"OPTIONS /api/orders?page=1&limit=10 204 0 - 0.127 ms","service":"bigpharma-api","timestamp":"2026-05-13 11:14:21"}
{"level":"info","message":"GET /api/orders?page=1&limit=10 200 - - 67.545 ms","service":"bigpharma-api","timestamp":"2026-05-13 11:14:21"}
{"level":"info","message":"OPTIONS /api/QuestionsClients 204 0 - 0.140 ms","service":"bigpharma-api","timestamp":"2026-05-13 11:14:29"}
{"level":"info","message":"GET /api/QuestionsClients 200 - - 21.688 ms","service":"bigpharma-api","timestamp":"2026-05-13 11:14:29"}
{"level":"info","message":"OPTIONS /api/settings/profile 204 0 - 0.152 ms","service":"bigpharma-api","timestamp":"2026-05-13 11:14:34"}
{"level":"info","message":"GET /api/settings/profile 403 128 - 10.488 ms","service":"bigpharma-api","timestamp":"2026-05-13 11:14:34"}
{"level":"info","message":"OPTIONS /api/auth/me 204 0 - 0.275 ms","service":"bigpharma-api","timestamp":"2026-05-13 11:14:38"}
{"level":"info","message":"GET /api/settings/profile 403 128 - 15.337 ms","service":"bigpharma-api","timestamp":"2026-05-13 11:14:38"}
{"level":"info","message":"GET /api/auth/me 200 181 - 15.507 ms","service":"bigpharma-api","timestamp":"2026-05-13 11:14:38"}
{"level":"info","message":"OPTIONS /api/products 204 0 - 0.119 ms","service":"bigpharma-api","timestamp":"2026-05-13 11:14:38"}
{"level":"info","message":"GET /api/products 304 - - 34.586 ms","service":"bigpharma-api","timestamp":"2026-05-13 11:14:38"}
{"level":"info","message":"OPTIONS /api/settings/profile 204 0 - 0.514 ms","service":"bigpharma-api","timestamp":"2026-05-13 11:20:14"}
{"level":"info","message":"GET /api/settings/profile 403 128 - 14.393 ms","service":"bigpharma-api","timestamp":"2026-05-13 11:20:14"}
{"level":"info","message":"OPTIONS /api/settings/profile 204 0 - 0.064 ms","service":"bigpharma-api","timestamp":"2026-05-13 11:20:26"}
{"level":"info","message":"OPTIONS /api/auth/me 204 0 - 0.116 ms","service":"bigpharma-api","timestamp":"2026-05-13 11:20:26"}
{"level":"info","message":"GET /api/settings/profile 403 128 - 14.698 ms","service":"bigpharma-api","timestamp":"2026-05-13 11:20:26"}
{"level":"info","message":"GET /api/auth/me 304 - - 16.864 ms","service":"bigpharma-api","timestamp":"2026-05-13 11:20:26"}
{"level":"info","message":"OPTIONS /api/products 204 0 - 0.142 ms","service":"bigpharma-api","timestamp":"2026-05-13 11:20:27"}
{"level":"info","message":"GET /api/products 304 - - 18.265 ms","service":"bigpharma-api","timestamp":"2026-05-13 11:20:27"}
{"level":"info","message":"OPTIONS /api/settings/profile 204 0 - 0.218 ms","service":"bigpharma-api","timestamp":"2026-05-13 11:26:27"}
{"level":"info","message":"GET /api/settings/profile 403 128 - 7.213 ms","service":"bigpharma-api","timestamp":"2026-05-13 11:26:27"}
{"level":"info","message":"OPTIONS /api/auth/me 204 0 - 0.118 ms","service":"bigpharma-api","timestamp":"2026-05-13 11:26:29"}
{"level":"info","message":"GET /api/settings/profile 403 128 - 12.922 ms","service":"bigpharma-api","timestamp":"2026-05-13 11:26:29"}
{"level":"info","message":"GET /api/auth/me 304 - - 12.001 ms","service":"bigpharma-api","timestamp":"2026-05-13 11:26:29"}
{"level":"info","message":"OPTIONS /api/products 204 0 - 0.140 ms","service":"bigpharma-api","timestamp":"2026-05-13 11:26:29"}
{"level":"info","message":"GET /api/products 304 - - 15.177 ms","service":"bigpharma-api","timestamp":"2026-05-13 11:26:29"}
{"level":"info","message":"OPTIONS /api/auth/login 204 0 - 0.108 ms","service":"bigpharma-api","timestamp":"2026-05-13 11:27:39"}
{"level":"info","message":"POST /api/auth/login 200 715 - 110.086 ms","service":"bigpharma-api","timestamp":"2026-05-13 11:27:39"}
{"level":"info","message":"OPTIONS /api/products 204 0 - 0.162 ms","service":"bigpharma-api","timestamp":"2026-05-13 11:27:40"}
{"level":"info","message":"GET /api/products 304 - - 20.403 ms","service":"bigpharma-api","timestamp":"2026-05-13 11:27:40"}
{"level":"info","message":"OPTIONS /api/settings/profile 204 0 - 0.127 ms","service":"bigpharma-api","timestamp":"2026-05-13 11:27:45"}
{"level":"info","message":"GET /api/settings/profile 403 128 - 8.814 ms","service":"bigpharma-api","timestamp":"2026-05-13 11:27:45"}
{"level":"info","message":"OPTIONS /api/auth/me 204 0 - 0.115 ms","service":"bigpharma-api","timestamp":"2026-05-13 11:27:48"}
{"level":"info","message":"GET /api/settings/profile 403 128 - 11.645 ms","service":"bigpharma-api","timestamp":"2026-05-13 11:27:48"}
{"level":"info","message":"GET /api/auth/me 304 - - 13.343 ms","service":"bigpharma-api","timestamp":"2026-05-13 11:27:48"}
{"level":"info","message":"OPTIONS /api/products 204 0 - 0.121 ms","service":"bigpharma-api","timestamp":"2026-05-13 11:27:48"}
{"level":"info","message":"GET /api/products 304 - - 14.426 ms","service":"bigpharma-api","timestamp":"2026-05-13 11:27:48"}
{"level":"info","message":"OPTIONS /api/settings/profile 204 0 - 0.138 ms","service":"bigpharma-api","timestamp":"2026-05-13 11:28:06"}
{"level":"info","message":"GET /api/settings/profile 403 128 - 6.919 ms","service":"bigpharma-api","timestamp":"2026-05-13 11:28:06"}
{"level":"info","message":"OPTIONS /api/auth/me 204 0 - 0.209 ms","service":"bigpharma-api","timestamp":"2026-05-13 11:28:07"}
{"level":"info","message":"GET /api/settings/profile 403 128 - 12.769 ms","service":"bigpharma-api","timestamp":"2026-05-13 11:28:07"}
{"level":"info","message":"GET /api/auth/me 304 - - 13.150 ms","service":"bigpharma-api","timestamp":"2026-05-13 11:28:07"}
{"level":"info","message":"OPTIONS /api/products 204 0 - 0.180 ms","service":"bigpharma-api","timestamp":"2026-05-13 11:28:08"}
{"level":"info","message":"GET /api/products 304 - - 11.362 ms","service":"bigpharma-api","timestamp":"2026-05-13 11:28:08"}
{"level":"info","message":"OPTIONS /api/users/staff 204 0 - 0.129 ms","service":"bigpharma-api","timestamp":"2026-05-13 11:28:11"}
{"level":"info","message":"GET /api/users/staff 403 128 - 10.670 ms","service":"bigpharma-api","timestamp":"2026-05-13 11:28:11"}
{"level":"info","message":"OPTIONS /api/users/staff 204 0 - 0.108 ms","service":"bigpharma-api","timestamp":"2026-05-13 11:28:19"}
{"level":"info","message":"GET /api/users/staff 403 128 - 8.464 ms","service":"bigpharma-api","timestamp":"2026-05-13 11:28:19"}
{"level":"info","message":"OPTIONS /api/auth/login 204 0 - 0.098 ms","service":"bigpharma-api","timestamp":"2026-05-13 11:28:51"}
{"level":"info","message":"POST /api/auth/login 200 759 - 105.251 ms","service":"bigpharma-api","timestamp":"2026-05-13 11:28:51"}
{"level":"info","message":"OPTIONS /api/products 204 0 - 0.121 ms","service":"bigpharma-api","timestamp":"2026-05-13 11:28:52"}
{"level":"info","message":"OPTIONS /api/sales?page=1&limit=50 204 0 - 0.229 ms","service":"bigpharma-api","timestamp":"2026-05-13 11:28:52"}
{"level":"info","message":"OPTIONS /api/clients?page=1&limit=50 204 0 - 0.120 ms","service":"bigpharma-api","timestamp":"2026-05-13 11:28:52"}
{"level":"info","message":"OPTIONS /api/activityLogs 204 0 - 0.127 ms","service":"bigpharma-api","timestamp":"2026-05-13 11:28:52"}
{"level":"info","message":"OPTIONS /api/finance/summary? 204 0 - 0.087 ms","service":"bigpharma-api","timestamp":"2026-05-13 11:28:52"}
{"level":"info","message":"GET /api/activityLogs 304 - - 51.887 ms","service":"bigpharma-api","timestamp":"2026-05-13 11:28:52"}
{"level":"info","message":"GET /api/finance/summary? 304 - - 54.980 ms","service":"bigpharma-api","timestamp":"2026-05-13 11:28:52"}
{"level":"info","message":"GET /api/sales?page=1&limit=50 304 - - 64.537 ms","service":"bigpharma-api","timestamp":"2026-05-13 11:28:52"}
{"level":"info","message":"GET /api/products 304 - - 66.568 ms","service":"bigpharma-api","timestamp":"2026-05-13 11:28:52"}
{"level":"info","message":"GET /api/clients?page=1&limit=50 304 - - 73.753 ms","service":"bigpharma-api","timestamp":"2026-05-13 11:28:52"}
{"level":"info","message":"OPTIONS /api/settings/profile 204 0 - 0.063 ms","service":"bigpharma-api","timestamp":"2026-05-13 11:28:56"}
{"level":"info","message":"GET /api/settings/profile 200 235 - 14.670 ms","service":"bigpharma-api","timestamp":"2026-05-13 11:28:56"}
{"level":"info","message":"OPTIONS /api/users/staff 204 0 - 0.336 ms","service":"bigpharma-api","timestamp":"2026-05-13 11:29:03"}
{"level":"info","message":"GET /api/users/staff 200 - - 15.959 ms","service":"bigpharma-api","timestamp":"2026-05-13 11:29:03"}
{"level":"info","message":"OPTIONS /api/users/staff 204 0 - 0.103 ms","service":"bigpharma-api","timestamp":"2026-05-13 11:29:40"}
{"level":"error","message":"ValidationError: User validation failed: role: `caissier` is not a valid enum value for path `role`.","method":"POST","path":"/api/users/staff","requestId":"f3d69891-2a75-4317-86ed-0dcc29a1f259","service":"bigpharma-api","stack":"ValidationError: User validation failed: role: `caissier` is not a valid enum value for path `role`.\n    at model.validate (D:\\Projets\\BigPharma 1.2\\api\\node_modules\\mongoose\\lib\\document.js:2864:36)\n    at process.processTicksAndRejections (node:internal/process/task_queues:105:5)\n    at async model.$__save (D:\\Projets\\BigPharma 1.2\\api\\node_modules\\mongoose\\lib\\model.js:389:7)\n    at async model.save (D:\\Projets\\BigPharma 1.2\\api\\node_modules\\mongoose\\lib\\model.js:663:5)\n    at async Function.create (D:\\Projets\\BigPharma 1.2\\api\\node_modules\\mongoose\\lib\\model.js:2750:5)\n    at async exports.createStaff (D:\\Projets\\BigPharma 1.2\\api\\controllers\\userController.js:29:21)","timestamp":"2026-05-13 11:29:40"}
{"level":"info","message":"POST /api/users/staff 400 875 - 24.755 ms","service":"bigpharma-api","timestamp":"2026-05-13 11:29:40"}
{"level":"info","message":"OPTIONS /api/users/staff 204 0 - 0.060 ms","service":"bigpharma-api","timestamp":"2026-05-13 11:29:46"}
{"level":"error","message":"ValidationError: User validation failed: role: `caissier` is not a valid enum value for path `role`.","method":"POST","path":"/api/users/staff","requestId":"eab16b10-afdb-4a7b-abf7-f02acc2162b7","service":"bigpharma-api","stack":"ValidationError: User validation failed: role: `caissier` is not a valid enum value for path `role`.\n    at model.validate (D:\\Projets\\BigPharma 1.2\\api\\node_modules\\mongoose\\lib\\document.js:2864:36)\n    at process.processTicksAndRejections (node:internal/process/task_queues:105:5)\n    at async model.$__save (D:\\Projets\\BigPharma 1.2\\api\\node_modules\\mongoose\\lib\\model.js:389:7)\n    at async model.save (D:\\Projets\\BigPharma 1.2\\api\\node_modules\\mongoose\\lib\\model.js:663:5)\n    at async Function.create (D:\\Projets\\BigPharma 1.2\\api\\node_modules\\mongoose\\lib\\model.js:2750:5)\n    at async exports.createStaff (D:\\Projets\\BigPharma 1.2\\api\\controllers\\userController.js:29:21)","timestamp":"2026-05-13 11:29:46"}
{"level":"info","message":"POST /api/users/staff 400 875 - 15.554 ms","service":"bigpharma-api","timestamp":"2026-05-13 11:29:46"}
{"level":"info","message":"OPTIONS /api/auth/me 204 0 - 0.114 ms","service":"bigpharma-api","timestamp":"2026-05-13 11:38:29"}
{"level":"info","message":"GET /api/auth/me 200 225 - 12.624 ms","service":"bigpharma-api","timestamp":"2026-05-13 11:38:29"}
{"level":"info","message":"OPTIONS /api/notifications 204 0 - 0.119 ms","service":"bigpharma-api","timestamp":"2026-05-13 11:38:30"}
{"level":"info","message":"OPTIONS /api/products 204 0 - 0.199 ms","service":"bigpharma-api","timestamp":"2026-05-13 11:38:30"}
{"level":"info","message":"OPTIONS /api/sales?page=1&limit=50 204 0 - 0.121 ms","service":"bigpharma-api","timestamp":"2026-05-13 11:38:30"}
{"level":"info","message":"OPTIONS /api/finance/summary? 204 0 - 0.340 ms","service":"bigpharma-api","timestamp":"2026-05-13 11:38:30"}
{"level":"info","message":"OPTIONS /api/clients?page=1&limit=50 204 0 - 0.098 ms","service":"bigpharma-api","timestamp":"2026-05-13 11:38:30"}
{"level":"info","message":"OPTIONS /api/activityLogs 204 0 - 1.618 ms","service":"bigpharma-api","timestamp":"2026-05-13 11:38:30"}
{"level":"info","message":"GET /api/notifications 304 - - 54.052 ms","service":"bigpharma-api","timestamp":"2026-05-13 11:38:30"}
{"level":"info","message":"GET /api/finance/summary? 304 - - 53.194 ms","service":"bigpharma-api","timestamp":"2026-05-13 11:38:30"}
{"level":"info","message":"GET /api/activityLogs 304 - - 62.772 ms","service":"bigpharma-api","timestamp":"2026-05-13 11:38:30"}
{"level":"info","message":"GET /api/products 304 - - 73.917 ms","service":"bigpharma-api","timestamp":"2026-05-13 11:38:30"}
{"level":"info","message":"GET /api/sales?page=1&limit=50 304 - - 70.823 ms","service":"bigpharma-api","timestamp":"2026-05-13 11:38:30"}
{"level":"info","message":"GET /api/clients?page=1&limit=50 304 - - 80.926 ms","service":"bigpharma-api","timestamp":"2026-05-13 11:38:30"}
{"level":"info","message":"OPTIONS /api/settings/profile 204 0 - 0.160 ms","service":"bigpharma-api","timestamp":"2026-05-13 11:38:37"}
{"level":"info","message":"GET /api/settings/profile 304 - - 13.458 ms","service":"bigpharma-api","timestamp":"2026-05-13 11:38:37"}
{"level":"info","message":"OPTIONS /api/auth/login 204 0 - 0.071 ms","service":"bigpharma-api","timestamp":"2026-05-13 11:39:04"}
{"level":"info","message":"POST /api/auth/login 200 759 - 116.065 ms","service":"bigpharma-api","timestamp":"2026-05-13 11:39:04"}
{"level":"info","message":"OPTIONS /api/products 204 0 - 0.064 ms","service":"bigpharma-api","timestamp":"2026-05-13 11:39:04"}
{"level":"info","message":"OPTIONS /api/sales?page=1&limit=50 204 0 - 0.104 ms","service":"bigpharma-api","timestamp":"2026-05-13 11:39:04"}
{"level":"info","message":"OPTIONS /api/finance/summary? 204 0 - 0.117 ms","service":"bigpharma-api","timestamp":"2026-05-13 11:39:04"}
{"level":"info","message":"OPTIONS /api/clients?page=1&limit=50 204 0 - 0.209 ms","service":"bigpharma-api","timestamp":"2026-05-13 11:39:04"}
{"level":"info","message":"OPTIONS /api/activityLogs 204 0 - 0.129 ms","service":"bigpharma-api","timestamp":"2026-05-13 11:39:04"}
{"level":"info","message":"GET /api/finance/summary? 304 - - 66.871 ms","service":"bigpharma-api","timestamp":"2026-05-13 11:39:04"}
{"level":"info","message":"GET /api/products 304 - - 84.088 ms","service":"bigpharma-api","timestamp":"2026-05-13 11:39:04"}
{"level":"info","message":"GET /api/activityLogs 304 - - 70.124 ms","service":"bigpharma-api","timestamp":"2026-05-13 11:39:04"}
{"level":"info","message":"GET /api/sales?page=1&limit=50 304 - - 83.714 ms","service":"bigpharma-api","timestamp":"2026-05-13 11:39:04"}
{"level":"info","message":"GET /api/clients?page=1&limit=50 304 - - 91.789 ms","service":"bigpharma-api","timestamp":"2026-05-13 11:39:04"}
{"level":"info","message":"OPTIONS /api/settings/profile 204 0 - 0.134 ms","service":"bigpharma-api","timestamp":"2026-05-13 11:39:08"}
{"level":"info","message":"GET /api/settings/profile 304 - - 15.468 ms","service":"bigpharma-api","timestamp":"2026-05-13 11:39:08"}
{"level":"info","message":"OPTIONS /api/users/staff 204 0 - 0.061 ms","service":"bigpharma-api","timestamp":"2026-05-13 11:39:10"}
{"level":"info","message":"GET /api/users/staff 200 - - 11.586 ms","service":"bigpharma-api","timestamp":"2026-05-13 11:39:10"}
{"level":"info","message":"OPTIONS /api/users/staff 204 0 - 0.107 ms","service":"bigpharma-api","timestamp":"2026-05-13 11:39:39"}
{"level":"error","message":"ValidationError: User validation failed: role: `caissier` is not a valid enum value for path `role`.","method":"POST","path":"/api/users/staff","requestId":"32083d50-0895-4b84-a718-20761ba0c04c","service":"bigpharma-api","stack":"ValidationError: User validation failed: role: `caissier` is not a valid enum value for path `role`.\n    at model.validate (D:\\Projets\\BigPharma 1.2\\api\\node_modules\\mongoose\\lib\\document.js:2864:36)\n    at process.processTicksAndRejections (node:internal/process/task_queues:105:5)\n    at async model.$__save (D:\\Projets\\BigPharma 1.2\\api\\node_modules\\mongoose\\lib\\model.js:389:7)\n    at async model.save (D:\\Projets\\BigPharma 1.2\\api\\node_modules\\mongoose\\lib\\model.js:663:5)\n    at async Function.create (D:\\Projets\\BigPharma 1.2\\api\\node_modules\\mongoose\\lib\\model.js:2750:5)\n    at async exports.createStaff (D:\\Projets\\BigPharma 1.2\\api\\controllers\\userController.js:29:21)","timestamp":"2026-05-13 11:39:39"}
{"level":"info","message":"POST /api/users/staff 400 875 - 14.743 ms","service":"bigpharma-api","timestamp":"2026-05-13 11:39:39"}
{"level":"info","message":"OPTIONS /api/users/staff 204 0 - 0.096 ms","service":"bigpharma-api","timestamp":"2026-05-13 11:39:44"}
{"level":"error","message":"ValidationError: User validation failed: role: `caissier` is not a valid enum value for path `role`.","method":"POST","path":"/api/users/staff","requestId":"625af505-7d00-407c-a829-68d443c57813","service":"bigpharma-api","stack":"ValidationError: User validation failed: role: `caissier` is not a valid enum value for path `role`.\n    at model.validate (D:\\Projets\\BigPharma 1.2\\api\\node_modules\\mongoose\\lib\\document.js:2864:36)\n    at process.processTicksAndRejections (node:internal/process/task_queues:105:5)\n    at async model.$__save (D:\\Projets\\BigPharma 1.2\\api\\node_modules\\mongoose\\lib\\model.js:389:7)\n    at async model.save (D:\\Projets\\BigPharma 1.2\\api\\node_modules\\mongoose\\lib\\model.js:663:5)\n    at async Function.create (D:\\Projets\\BigPharma 1.2\\api\\node_modules\\mongoose\\lib\\model.js:2750:5)\n    at async exports.createStaff (D:\\Projets\\BigPharma 1.2\\api\\controllers\\userController.js:29:21)","timestamp":"2026-05-13 11:39:44"}
{"level":"info","message":"POST /api/users/staff 400 875 - 10.480 ms","service":"bigpharma-api","timestamp":"2026-05-13 11:39:44"}
{"level":"info","message":"Redis caching disabled (no REDIS_HOST provided)","service":"bigpharma-api","timestamp":"2026-05-13 11:46:55"}
{"level":"info","message":"OPTIONS /api/settings/profile 204 0 - 1.936 ms","service":"bigpharma-api","timestamp":"2026-05-13 11:47:59"}
{"level":"info","message":"GET /api/settings/profile 200 221 - 45.752 ms","service":"bigpharma-api","timestamp":"2026-05-13 11:47:59"}
{"level":"info","message":"OPTIONS /api/users/staff 204 0 - 0.110 ms","service":"bigpharma-api","timestamp":"2026-05-13 11:48:00"}
{"level":"info","message":"GET /api/users/staff 200 - - 24.409 ms","service":"bigpharma-api","timestamp":"2026-05-13 11:48:00"}
{"level":"info","message":"OPTIONS /api/users/staff 204 0 - 0.136 ms","service":"bigpharma-api","timestamp":"2026-05-13 11:48:20"}
{"level":"info","message":"POST /api/users/staff 201 - - 173.671 ms","service":"bigpharma-api","timestamp":"2026-05-13 11:48:20"}
{"level":"info","message":"GET /api/users/staff 200 - - 16.002 ms","service":"bigpharma-api","timestamp":"2026-05-13 11:48:20"}
{"level":"info","message":"OPTIONS /api/auth/login 204 0 - 0.115 ms","service":"bigpharma-api","timestamp":"2026-05-13 11:48:52"}
{"level":"info","message":"POST /api/auth/login 200 - - 114.366 ms","service":"bigpharma-api","timestamp":"2026-05-13 11:48:52"}
{"level":"info","message":"OPTIONS /api/products 204 0 - 0.204 ms","service":"bigpharma-api","timestamp":"2026-05-13 11:48:52"}
{"level":"info","message":"GET /api/products 304 - - 24.971 ms","service":"bigpharma-api","timestamp":"2026-05-13 11:48:53"}
{"level":"info","message":"OPTIONS /api/settings/profile 204 0 - 0.202 ms","service":"bigpharma-api","timestamp":"2026-05-13 11:49:11"}
{"level":"info","message":"GET /api/settings/profile 200 827 - 10.191 ms","service":"bigpharma-api","timestamp":"2026-05-13 11:49:11"}
{"level":"info","message":"OPTIONS /api/auth/me 204 0 - 0.143 ms","service":"bigpharma-api","timestamp":"2026-05-13 11:49:12"}
{"level":"info","message":"GET /api/settings/profile 304 - - 19.664 ms","service":"bigpharma-api","timestamp":"2026-05-13 11:49:12"}
{"level":"info","message":"GET /api/auth/me 200 891 - 18.790 ms","service":"bigpharma-api","timestamp":"2026-05-13 11:49:12"}
{"level":"info","message":"OPTIONS /api/products 204 0 - 0.195 ms","service":"bigpharma-api","timestamp":"2026-05-13 11:49:13"}
{"level":"info","message":"GET /api/products 304 - - 18.321 ms","service":"bigpharma-api","timestamp":"2026-05-13 11:49:13"}
