{"level":"info","message":"Redis caching disabled (no REDIS_HOST provided)","service":"bigpharma-api","timestamp":"2026-05-31 07:29:39"}
{"level":"info","message":"OPTIONS /api/auth/login 204 0 - 5.424 ms","service":"bigpharma-api","timestamp":"2026-05-31 09:07:43"}
{"level":"info","message":"POST /api/auth/login 401 120 - 367.053 ms","service":"bigpharma-api","timestamp":"2026-05-31 09:07:43"}
{"level":"info","message":"OPTIONS /api/auth/login 204 0 - 2.395 ms","service":"bigpharma-api","timestamp":"2026-05-31 09:08:11"}
{"level":"info","message":"POST /api/auth/login 200 - - 190.154 ms","service":"bigpharma-api","timestamp":"2026-05-31 09:08:12"}
{"level":"info","message":"OPTIONS /api/notifications 204 0 - 0.251 ms","service":"bigpharma-api","timestamp":"2026-05-31 09:08:12"}
{"level":"info","message":"OPTIONS /api/products?page=1&limit=1000 204 0 - 0.203 ms","service":"bigpharma-api","timestamp":"2026-05-31 09:08:12"}
{"level":"info","message":"OPTIONS /api/finance/summary? 204 0 - 0.160 ms","service":"bigpharma-api","timestamp":"2026-05-31 09:08:12"}
{"level":"info","message":"OPTIONS /api/sales?page=1&limit=50 204 0 - 0.149 ms","service":"bigpharma-api","timestamp":"2026-05-31 09:08:12"}
{"level":"info","message":"GET /api/notifications 200 - - 99.873 ms","service":"bigpharma-api","timestamp":"2026-05-31 09:08:12"}
{"level":"info","message":"GET /api/finance/summary? 200 - - 102.578 ms","service":"bigpharma-api","timestamp":"2026-05-31 09:08:12"}
{"level":"info","message":"GET /api/products?page=1&limit=1000 200 - - 112.481 ms","service":"bigpharma-api","timestamp":"2026-05-31 09:08:12"}
{"level":"info","message":"GET /api/sales?page=1&limit=50 200 - - 94.050 ms","service":"bigpharma-api","timestamp":"2026-05-31 09:08:12"}
{"level":"info","message":"OPTIONS /api/orders?page=1&limit=10 204 0 - 0.205 ms","service":"bigpharma-api","timestamp":"2026-05-31 09:09:15"}
{"level":"info","message":"GET /api/orders?page=1&limit=10 200 - - 70.880 ms","service":"bigpharma-api","timestamp":"2026-05-31 09:09:15"}
{"level":"info","message":"OPTIONS /api/orders?page=1&limit=10 204 0 - 0.134 ms","service":"bigpharma-api","timestamp":"2026-05-31 09:10:45"}
{"level":"info","message":"GET /api/orders?page=1&limit=10 304 - - 36.203 ms","service":"bigpharma-api","timestamp":"2026-05-31 09:10:45"}
{"level":"info","message":"OPTIONS /api/products?page=1&limit=1000 204 0 - 0.141 ms","service":"bigpharma-api","timestamp":"2026-05-31 09:10:57"}
{"level":"info","message":"GET /api/products?page=1&limit=1000 304 - - 31.743 ms","service":"bigpharma-api","timestamp":"2026-05-31 09:10:57"}
{"level":"info","message":"OPTIONS /api/auth/login 204 0 - 0.187 ms","service":"bigpharma-api","timestamp":"2026-05-31 09:22:12"}
{"level":"info","message":"POST /api/auth/login 200 - - 113.036 ms","service":"bigpharma-api","timestamp":"2026-05-31 09:22:12"}
{"level":"info","message":"OPTIONS /api/products?page=1&limit=1000 204 0 - 0.106 ms","service":"bigpharma-api","timestamp":"2026-05-31 09:22:12"}
{"level":"info","message":"OPTIONS /api/sales?page=1&limit=50 204 0 - 0.108 ms","service":"bigpharma-api","timestamp":"2026-05-31 09:22:12"}
{"level":"info","message":"OPTIONS /api/finance/summary? 204 0 - 0.094 ms","service":"bigpharma-api","timestamp":"2026-05-31 09:22:12"}
{"level":"info","message":"GET /api/finance/summary? 304 - - 44.930 ms","service":"bigpharma-api","timestamp":"2026-05-31 09:22:12"}
{"level":"info","message":"GET /api/products?page=1&limit=1000 304 - - 57.464 ms","service":"bigpharma-api","timestamp":"2026-05-31 09:22:12"}
{"level":"info","message":"GET /api/sales?page=1&limit=50 304 - - 54.756 ms","service":"bigpharma-api","timestamp":"2026-05-31 09:22:12"}
{"level":"info","message":"OPTIONS /api/settings/profile 204 0 - 0.071 ms","service":"bigpharma-api","timestamp":"2026-05-31 09:22:18"}
{"level":"info","message":"GET /api/settings/profile 200 234 - 11.224 ms","service":"bigpharma-api","timestamp":"2026-05-31 09:22:18"}
{"level":"info","message":"OPTIONS /api/users/staff 204 0 - 0.133 ms","service":"bigpharma-api","timestamp":"2026-05-31 09:22:24"}
{"level":"info","message":"GET /api/users/staff 200 - - 20.509 ms","service":"bigpharma-api","timestamp":"2026-05-31 09:22:24"}
{"level":"info","message":"OPTIONS /api/users/staff 204 0 - 0.179 ms","service":"bigpharma-api","timestamp":"2026-05-31 09:22:45"}
{"level":"info","message":"GET /api/users/staff 304 - - 18.791 ms","service":"bigpharma-api","timestamp":"2026-05-31 09:22:45"}
{"level":"info","message":"OPTIONS /api/users/staff 204 0 - 0.150 ms","service":"bigpharma-api","timestamp":"2026-05-31 09:22:53"}
{"level":"info","message":"GET /api/users/staff 304 - - 16.732 ms","service":"bigpharma-api","timestamp":"2026-05-31 09:22:53"}
{"level":"info","message":"OPTIONS /api/users/staff 204 0 - 0.114 ms","service":"bigpharma-api","timestamp":"2026-05-31 09:23:00"}
{"level":"info","message":"GET /api/users/staff 304 - - 16.472 ms","service":"bigpharma-api","timestamp":"2026-05-31 09:23:00"}
{"level":"info","message":"OPTIONS /api/auth/refresh-token 204 0 - 1.065 ms","service":"bigpharma-api","timestamp":"2026-05-31 10:05:55"}
{"level":"info","message":"POST /api/auth/refresh-token 200 493 - 40.351 ms","service":"bigpharma-api","timestamp":"2026-05-31 10:05:55"}
{"level":"info","message":"OPTIONS /api/auth/me 204 0 - 0.131 ms","service":"bigpharma-api","timestamp":"2026-05-31 10:05:56"}
{"level":"info","message":"GET /api/auth/me 200 936 - 21.342 ms","service":"bigpharma-api","timestamp":"2026-05-31 10:05:56"}
{"level":"info","message":"OPTIONS /api/notifications 204 0 - 0.111 ms","service":"bigpharma-api","timestamp":"2026-05-31 10:05:56"}
{"level":"info","message":"OPTIONS /api/products?page=1&limit=1000 204 0 - 0.149 ms","service":"bigpharma-api","timestamp":"2026-05-31 10:05:56"}
{"level":"info","message":"OPTIONS /api/sales?page=1&limit=50 204 0 - 0.156 ms","service":"bigpharma-api","timestamp":"2026-05-31 10:05:56"}
{"level":"info","message":"OPTIONS /api/finance/summary? 204 0 - 0.098 ms","service":"bigpharma-api","timestamp":"2026-05-31 10:05:56"}
{"level":"info","message":"GET /api/notifications 304 - - 43.648 ms","service":"bigpharma-api","timestamp":"2026-05-31 10:05:56"}
{"level":"info","message":"GET /api/finance/summary? 304 - - 49.669 ms","service":"bigpharma-api","timestamp":"2026-05-31 10:05:56"}
{"level":"info","message":"GET /api/products?page=1&limit=1000 304 - - 72.161 ms","service":"bigpharma-api","timestamp":"2026-05-31 10:05:56"}
{"level":"info","message":"GET /api/sales?page=1&limit=50 304 - - 62.142 ms","service":"bigpharma-api","timestamp":"2026-05-31 10:05:56"}
{"level":"info","message":"OPTIONS /api/settings/profile 204 0 - 0.110 ms","service":"bigpharma-api","timestamp":"2026-05-31 10:06:00"}
{"level":"info","message":"GET /api/settings/profile 304 - - 11.672 ms","service":"bigpharma-api","timestamp":"2026-05-31 10:06:00"}
{"level":"info","message":"OPTIONS /api/activityLogs 204 0 - 0.068 ms","service":"bigpharma-api","timestamp":"2026-05-31 10:06:31"}
{"level":"info","message":"GET /api/activityLogs 200 - - 28.884 ms","service":"bigpharma-api","timestamp":"2026-05-31 10:06:31"}
{"level":"info","message":"OPTIONS /api/auth/login 204 0 - 0.317 ms","service":"bigpharma-api","timestamp":"2026-05-31 10:54:40"}
{"level":"info","message":"POST /api/auth/login 200 - - 121.659 ms","service":"bigpharma-api","timestamp":"2026-05-31 10:54:40"}
{"level":"info","message":"OPTIONS /api/products?page=1&limit=1000 204 0 - 0.140 ms","service":"bigpharma-api","timestamp":"2026-05-31 10:54:40"}
{"level":"info","message":"OPTIONS /api/sales?page=1&limit=50 204 0 - 0.334 ms","service":"bigpharma-api","timestamp":"2026-05-31 10:54:40"}
{"level":"info","message":"OPTIONS /api/finance/summary? 204 0 - 0.270 ms","service":"bigpharma-api","timestamp":"2026-05-31 10:54:40"}
{"level":"info","message":"GET /api/finance/summary? 304 - - 44.403 ms","service":"bigpharma-api","timestamp":"2026-05-31 10:54:40"}
{"level":"info","message":"GET /api/sales?page=1&limit=50 304 - - 53.245 ms","service":"bigpharma-api","timestamp":"2026-05-31 10:54:40"}
{"level":"info","message":"GET /api/products?page=1&limit=1000 304 - - 51.339 ms","service":"bigpharma-api","timestamp":"2026-05-31 10:54:40"}
{"level":"info","message":"OPTIONS /api/settings/profile 204 0 - 0.117 ms","service":"bigpharma-api","timestamp":"2026-05-31 10:54:44"}
{"level":"info","message":"GET /api/settings/profile 304 - - 14.673 ms","service":"bigpharma-api","timestamp":"2026-05-31 10:54:44"}
{"level":"info","message":"OPTIONS /api/users/staff 204 0 - 0.190 ms","service":"bigpharma-api","timestamp":"2026-05-31 10:54:59"}
{"level":"info","message":"GET /api/users/staff 200 - - 22.122 ms","service":"bigpharma-api","timestamp":"2026-05-31 10:54:59"}
