{"level":"info","message":"Redis caching disabled (no REDIS_HOST provided)","service":"bigpharma-api","timestamp":"2026-05-08 16:00:15"}
{"level":"info","message":"OPTIONS /api/auth/login 204 0 - 8.187 ms","service":"bigpharma-api","timestamp":"2026-05-08 16:33:26"}
{"level":"info","message":"POST /api/auth/login 200 709 - 846.618 ms","service":"bigpharma-api","timestamp":"2026-05-08 16:33:27"}
{"level":"info","message":"OPTIONS /api/products?limit=4 204 0 - 2.328 ms","service":"bigpharma-api","timestamp":"2026-05-08 16:33:28"}
{"level":"info","message":"OPTIONS /api/products?limit=10&page=1 204 0 - 0.672 ms","service":"bigpharma-api","timestamp":"2026-05-08 16:33:28"}
{"level":"info","message":"GET /api/products?limit=10&page=1 200 - - 119.624 ms","service":"bigpharma-api","timestamp":"2026-05-08 16:33:28"}
{"level":"info","message":"GET /api/products?limit=4 200 - - 142.409 ms","service":"bigpharma-api","timestamp":"2026-05-08 16:33:28"}
{"level":"info","message":"OPTIONS /api/auth/login 204 0 - 0.187 ms","service":"bigpharma-api","timestamp":"2026-05-08 16:33:41"}
{"level":"info","message":"POST /api/auth/login 200 710 - 284.410 ms","service":"bigpharma-api","timestamp":"2026-05-08 16:33:41"}
{"level":"info","message":"OPTIONS /api/products 204 0 - 0.195 ms","service":"bigpharma-api","timestamp":"2026-05-08 16:33:42"}
{"level":"info","message":"OPTIONS /api/sales?page=1&limit=50 204 0 - 0.184 ms","service":"bigpharma-api","timestamp":"2026-05-08 16:33:42"}
{"level":"info","message":"OPTIONS /api/finance 204 0 - 0.330 ms","service":"bigpharma-api","timestamp":"2026-05-08 16:33:42"}
{"level":"info","message":"OPTIONS /api/clients?page=1&limit=50 204 0 - 0.188 ms","service":"bigpharma-api","timestamp":"2026-05-08 16:33:42"}
{"level":"info","message":"OPTIONS /api/activityLogs 204 0 - 0.225 ms","service":"bigpharma-api","timestamp":"2026-05-08 16:33:42"}
{"level":"info","message":"GET /api/sales?page=1&limit=50 200 - - 67.741 ms","service":"bigpharma-api","timestamp":"2026-05-08 16:33:42"}
{"level":"info","message":"GET /api/products 200 - - 87.101 ms","service":"bigpharma-api","timestamp":"2026-05-08 16:33:42"}
{"level":"info","message":"GET /api/activityLogs 200 - - 103.189 ms","service":"bigpharma-api","timestamp":"2026-05-08 16:33:42"}
{"level":"info","message":"GET /api/finance 200 - - 254.472 ms","service":"bigpharma-api","timestamp":"2026-05-08 16:33:42"}
{"level":"info","message":"GET /api/clients?page=1&limit=50 200 - - 312.881 ms","service":"bigpharma-api","timestamp":"2026-05-08 16:33:42"}
{"level":"info","message":"OPTIONS /api/QuestionsClients 204 0 - 0.259 ms","service":"bigpharma-api","timestamp":"2026-05-08 16:33:49"}
{"level":"info","message":"GET /api/QuestionsClients 200 - - 47.874 ms","service":"bigpharma-api","timestamp":"2026-05-08 16:33:49"}
{"level":"info","message":"OPTIONS /api/QuestionsClients 204 0 - 0.600 ms","service":"bigpharma-api","timestamp":"2026-05-08 16:34:03"}
{"level":"info","message":"POST /api/QuestionsClients 201 457 - 130.988 ms","service":"bigpharma-api","timestamp":"2026-05-08 16:34:03"}
{"level":"info","message":"OPTIONS /api/QuestionsClients 204 0 - 0.300 ms","service":"bigpharma-api","timestamp":"2026-05-08 16:34:08"}
{"level":"info","message":"GET /api/QuestionsClients 200 - - 30.231 ms","service":"bigpharma-api","timestamp":"2026-05-08 16:34:08"}
{"level":"info","message":"OPTIONS /api/QuestionsClients/69fe026b4a654862db9de014/messages 204 0 - 0.205 ms","service":"bigpharma-api","timestamp":"2026-05-08 16:34:15"}
{"level":"info","message":"POST /api/QuestionsClients/69fe026b4a654862db9de014/messages 200 646 - 43.149 ms","service":"bigpharma-api","timestamp":"2026-05-08 16:34:15"}
{"level":"info","message":"OPTIONS /api/products?limit=4 204 0 - 0.470 ms","service":"bigpharma-api","timestamp":"2026-05-08 16:34:28"}
{"level":"info","message":"OPTIONS /api/products?limit=10&page=1 204 0 - 0.442 ms","service":"bigpharma-api","timestamp":"2026-05-08 16:34:28"}
{"level":"info","message":"GET /api/products?limit=4 304 - - 133.613 ms","service":"bigpharma-api","timestamp":"2026-05-08 16:34:29"}
{"level":"info","message":"GET /api/products?limit=10&page=1 304 - - 133.527 ms","service":"bigpharma-api","timestamp":"2026-05-08 16:34:29"}
{"level":"info","message":"OPTIONS /api/QuestionsClients 204 0 - 0.231 ms","service":"bigpharma-api","timestamp":"2026-05-08 16:34:35"}
{"level":"info","message":"GET /api/QuestionsClients 200 - - 169.308 ms","service":"bigpharma-api","timestamp":"2026-05-08 16:34:35"}
{"level":"info","message":"OPTIONS /api/QuestionsClients/69fe026b4a654862db9de014/close 204 0 - 0.279 ms","service":"bigpharma-api","timestamp":"2026-05-08 16:34:54"}
{"level":"info","message":"PATCH /api/QuestionsClients/69fe026b4a654862db9de014/close 200 644 - 40.488 ms","service":"bigpharma-api","timestamp":"2026-05-08 16:34:54"}
{"level":"info","message":"OPTIONS /api/QuestionsClients 204 0 - 0.146 ms","service":"bigpharma-api","timestamp":"2026-05-08 16:35:02"}
{"level":"info","message":"GET /api/QuestionsClients 200 - - 75.183 ms","service":"bigpharma-api","timestamp":"2026-05-08 16:35:02"}
{"level":"info","message":"OPTIONS /api/orders?page=1&limit=10 204 0 - 0.176 ms","service":"bigpharma-api","timestamp":"2026-05-08 16:35:41"}
{"level":"info","message":"GET /api/orders?page=1&limit=10 200 - - 230.740 ms","service":"bigpharma-api","timestamp":"2026-05-08 16:35:41"}
{"level":"info","message":"OPTIONS /api/orders?page=1&limit=10 204 0 - 0.154 ms","service":"bigpharma-api","timestamp":"2026-05-08 16:35:50"}
{"level":"info","message":"GET /api/orders?page=1&limit=10 200 - - 165.978 ms","service":"bigpharma-api","timestamp":"2026-05-08 16:35:50"}
{"level":"info","message":"OPTIONS /api/orders?page=1&limit=10 204 0 - 0.291 ms","service":"bigpharma-api","timestamp":"2026-05-08 16:36:01"}
{"level":"info","message":"GET /api/orders?page=1&limit=10 200 - - 204.018 ms","service":"bigpharma-api","timestamp":"2026-05-08 16:36:01"}
{"level":"info","message":"OPTIONS /api/products 204 0 - 0.185 ms","service":"bigpharma-api","timestamp":"2026-05-08 16:36:06"}
{"level":"info","message":"GET /api/products 304 - - 142.295 ms","service":"bigpharma-api","timestamp":"2026-05-08 16:36:06"}
{"level":"info","message":"OPTIONS /api/clients?page=1&limit=50 204 0 - 0.193 ms","service":"bigpharma-api","timestamp":"2026-05-08 16:36:19"}
{"level":"info","message":"GET /api/clients?page=1&limit=50 304 - - 586.904 ms","service":"bigpharma-api","timestamp":"2026-05-08 16:36:19"}
{"level":"info","message":"OPTIONS /api/activityLogs 204 0 - 0.431 ms","service":"bigpharma-api","timestamp":"2026-05-08 16:36:53"}
{"level":"info","message":"GET /api/activityLogs 304 - - 125.505 ms","service":"bigpharma-api","timestamp":"2026-05-08 16:36:53"}
{"level":"info","message":"OPTIONS /api/activityLogs 204 0 - 0.311 ms","service":"bigpharma-api","timestamp":"2026-05-08 16:37:39"}
{"level":"info","message":"GET /api/activityLogs 304 - - 67.268 ms","service":"bigpharma-api","timestamp":"2026-05-08 16:37:39"}
{"level":"info","message":"OPTIONS /api/settings/profile 204 0 - 0.312 ms","service":"bigpharma-api","timestamp":"2026-05-08 16:38:54"}
{"level":"info","message":"GET /api/settings/profile 200 318 - 40.940 ms","service":"bigpharma-api","timestamp":"2026-05-08 16:38:54"}
{"level":"info","message":"OPTIONS /api/users 204 0 - 0.163 ms","service":"bigpharma-api","timestamp":"2026-05-08 16:39:28"}
{"level":"info","message":"GET /api/users 200 - - 217.788 ms","service":"bigpharma-api","timestamp":"2026-05-08 16:39:28"}
{"level":"info","message":"OPTIONS /api/auth/login 204 0 - 0.198 ms","service":"bigpharma-api","timestamp":"2026-05-08 16:40:03"}
{"level":"info","message":"POST /api/auth/login 200 709 - 316.383 ms","service":"bigpharma-api","timestamp":"2026-05-08 16:40:04"}
{"level":"info","message":"OPTIONS /api/products?limit=4 204 0 - 0.130 ms","service":"bigpharma-api","timestamp":"2026-05-08 16:40:04"}
{"level":"info","message":"OPTIONS /api/products?limit=10&page=1 204 0 - 0.134 ms","service":"bigpharma-api","timestamp":"2026-05-08 16:40:04"}
{"level":"info","message":"GET /api/products?limit=4 304 - - 29.930 ms","service":"bigpharma-api","timestamp":"2026-05-08 16:40:04"}
{"level":"info","message":"GET /api/products?limit=10&page=1 304 - - 29.322 ms","service":"bigpharma-api","timestamp":"2026-05-08 16:40:04"}
{"level":"info","message":"OPTIONS /api/settings/profile 204 0 - 0.104 ms","service":"bigpharma-api","timestamp":"2026-05-08 16:40:14"}
{"level":"info","message":"GET /api/settings/profile 304 - - 11.133 ms","service":"bigpharma-api","timestamp":"2026-05-08 16:40:14"}
{"level":"info","message":"OPTIONS /api/users 204 0 - 0.174 ms","service":"bigpharma-api","timestamp":"2026-05-08 16:40:16"}
{"level":"info","message":"GET /api/users 200 - - 33.245 ms","service":"bigpharma-api","timestamp":"2026-05-08 16:40:16"}
{"level":"info","message":"OPTIONS /api/orders?page=1&limit=10 204 0 - 0.215 ms","service":"bigpharma-api","timestamp":"2026-05-08 16:43:43"}
{"level":"info","message":"GET /api/orders?page=1&limit=10 304 - - 129.835 ms","service":"bigpharma-api","timestamp":"2026-05-08 16:43:43"}
{"level":"info","message":"OPTIONS /api/orders?page=1&limit=10&search=c 204 0 - 0.419 ms","service":"bigpharma-api","timestamp":"2026-05-08 16:43:52"}
{"level":"info","message":"OPTIONS /api/orders?page=1&limit=10&search=cc 204 0 - 0.175 ms","service":"bigpharma-api","timestamp":"2026-05-08 16:43:52"}
{"level":"info","message":"GET /api/orders?page=1&limit=10&search=c 200 - - 253.629 ms","service":"bigpharma-api","timestamp":"2026-05-08 16:43:53"}
{"level":"info","message":"GET /api/orders?page=1&limit=10&search=cc 200 187 - 229.070 ms","service":"bigpharma-api","timestamp":"2026-05-08 16:43:53"}
{"level":"info","message":"GET /api/orders?page=1&limit=10&search=cc 304 - - 52.107 ms","service":"bigpharma-api","timestamp":"2026-05-08 16:43:53"}
{"level":"info","message":"GET /api/orders?page=1&limit=10&search=c 200 - - 68.418 ms","service":"bigpharma-api","timestamp":"2026-05-08 16:43:54"}
{"level":"info","message":"OPTIONS /api/orders?page=1&limit=10 204 0 - 0.257 ms","service":"bigpharma-api","timestamp":"2026-05-08 16:43:57"}
{"level":"info","message":"GET /api/orders?page=1&limit=10 200 - - 219.139 ms","service":"bigpharma-api","timestamp":"2026-05-08 16:43:57"}
{"level":"info","message":"OPTIONS /api/orders?page=1&limit=10&search=%C3%A0 204 0 - 0.168 ms","service":"bigpharma-api","timestamp":"2026-05-08 16:43:58"}
{"level":"info","message":"GET /api/orders?page=1&limit=10&search=%C3%A0 200 187 - 48.788 ms","service":"bigpharma-api","timestamp":"2026-05-08 16:43:58"}
{"level":"info","message":"OPTIONS /api/orders?page=1&limit=10&search=%C3%A0%C3%A0 204 0 - 0.147 ms","service":"bigpharma-api","timestamp":"2026-05-08 16:43:58"}
{"level":"info","message":"GET /api/orders?page=1&limit=10&search=%C3%A0%C3%A0 200 187 - 17.630 ms","service":"bigpharma-api","timestamp":"2026-05-08 16:43:58"}
{"level":"info","message":"OPTIONS /api/orders?page=1&limit=10&search=%C3%A0%C3%A0& 204 0 - 0.184 ms","service":"bigpharma-api","timestamp":"2026-05-08 16:43:59"}
{"level":"info","message":"GET /api/orders?page=1&limit=10&search=%C3%A0%C3%A0& 200 187 - 34.061 ms","service":"bigpharma-api","timestamp":"2026-05-08 16:43:59"}
{"level":"info","message":"GET /api/orders?page=1&limit=10&search=%C3%A0%C3%A0 304 - - 34.043 ms","service":"bigpharma-api","timestamp":"2026-05-08 16:44:00"}
{"level":"info","message":"GET /api/orders?page=1&limit=10&search=%C3%A0 304 - - 20.737 ms","service":"bigpharma-api","timestamp":"2026-05-08 16:44:00"}
{"level":"info","message":"GET /api/orders?page=1&limit=10 200 - - 231.218 ms","service":"bigpharma-api","timestamp":"2026-05-08 16:44:01"}
{"level":"info","message":"OPTIONS /api/orders?page=1&limit=10&search=0 204 0 - 1.144 ms","service":"bigpharma-api","timestamp":"2026-05-08 16:44:02"}
{"level":"info","message":"GET /api/orders?page=1&limit=10&search=0 200 - - 69.026 ms","service":"bigpharma-api","timestamp":"2026-05-08 16:44:02"}
{"level":"info","message":"OPTIONS /api/orders?page=1&limit=10&search=00 204 0 - 0.148 ms","service":"bigpharma-api","timestamp":"2026-05-08 16:44:03"}
{"level":"info","message":"GET /api/orders?page=1&limit=10&search=00 200 - - 138.253 ms","service":"bigpharma-api","timestamp":"2026-05-08 16:44:03"}
{"level":"info","message":"GET /api/orders?page=1&limit=10&search=00 200 - - 50.504 ms","service":"bigpharma-api","timestamp":"2026-05-08 16:44:03"}
{"level":"info","message":"OPTIONS /api/orders?page=1&limit=10&search=001 204 0 - 0.163 ms","service":"bigpharma-api","timestamp":"2026-05-08 16:44:03"}
{"level":"info","message":"GET /api/orders?page=1&limit=10&search=001 200 - - 46.234 ms","service":"bigpharma-api","timestamp":"2026-05-08 16:44:03"}
{"level":"info","message":"OPTIONS /api/orders?page=1&limit=10&search=0015 204 0 - 0.213 ms","service":"bigpharma-api","timestamp":"2026-05-08 16:44:04"}
{"level":"info","message":"GET /api/orders?page=1&limit=10&search=0015 200 - - 60.214 ms","service":"bigpharma-api","timestamp":"2026-05-08 16:44:04"}
{"level":"info","message":"OPTIONS /api/orders?page=1&limit=10&search=0015 204 0 - 0.206 ms","service":"bigpharma-api","timestamp":"2026-05-08 16:44:13"}
{"level":"info","message":"GET /api/orders?page=1&limit=10&search=0015 304 - - 35.957 ms","service":"bigpharma-api","timestamp":"2026-05-08 16:44:13"}
{"level":"info","message":"OPTIONS /api/orders?page=1&limit=10&search=0015 204 0 - 0.426 ms","service":"bigpharma-api","timestamp":"2026-05-08 16:44:23"}
{"level":"info","message":"GET /api/orders?page=1&limit=10&search=0015 304 - - 183.766 ms","service":"bigpharma-api","timestamp":"2026-05-08 16:44:23"}
{"level":"info","message":"OPTIONS /api/orders?page=1&limit=10&search=0015 204 0 - 0.183 ms","service":"bigpharma-api","timestamp":"2026-05-08 16:44:32"}
{"level":"info","message":"GET /api/orders?page=1&limit=10&search=0015 304 - - 49.331 ms","service":"bigpharma-api","timestamp":"2026-05-08 16:44:33"}
{"level":"info","message":"OPTIONS /api/orders?page=1&limit=10&search=0015 204 0 - 0.220 ms","service":"bigpharma-api","timestamp":"2026-05-08 16:44:43"}
{"level":"info","message":"GET /api/orders?page=1&limit=10&search=0015 304 - - 41.852 ms","service":"bigpharma-api","timestamp":"2026-05-08 16:44:43"}
{"level":"info","message":"OPTIONS /api/orders?page=1&limit=10&search=0015 204 0 - 0.178 ms","service":"bigpharma-api","timestamp":"2026-05-08 16:44:53"}
{"level":"info","message":"GET /api/orders?page=1&limit=10&search=0015 304 - - 42.356 ms","service":"bigpharma-api","timestamp":"2026-05-08 16:44:53"}
{"level":"info","message":"OPTIONS /api/orders?page=1&limit=10&search=0015 204 0 - 0.163 ms","service":"bigpharma-api","timestamp":"2026-05-08 16:45:03"}
{"level":"info","message":"GET /api/orders?page=1&limit=10&search=0015 200 - - 55.688 ms","service":"bigpharma-api","timestamp":"2026-05-08 16:45:03"}
{"level":"info","message":"OPTIONS /api/orders?page=1&limit=10&search=0015 204 0 - 0.209 ms","service":"bigpharma-api","timestamp":"2026-05-08 16:45:13"}
{"level":"info","message":"GET /api/orders?page=1&limit=10&search=0015 200 - - 44.650 ms","service":"bigpharma-api","timestamp":"2026-05-08 16:45:13"}
{"level":"info","message":"OPTIONS /api/orders?page=1&limit=10&search=0015 204 0 - 0.253 ms","service":"bigpharma-api","timestamp":"2026-05-08 16:45:23"}
{"level":"info","message":"GET /api/orders?page=1&limit=10&search=0015 304 - - 39.870 ms","service":"bigpharma-api","timestamp":"2026-05-08 16:45:23"}
{"level":"info","message":"OPTIONS /api/orders?page=1&limit=10&search=0015 204 0 - 0.235 ms","service":"bigpharma-api","timestamp":"2026-05-08 16:45:33"}
{"level":"info","message":"GET /api/orders?page=1&limit=10&search=0015 304 - - 39.958 ms","service":"bigpharma-api","timestamp":"2026-05-08 16:45:33"}
{"level":"info","message":"OPTIONS /api/orders?page=1&limit=10&search=0015 204 0 - 0.236 ms","service":"bigpharma-api","timestamp":"2026-05-08 16:45:43"}
{"level":"info","message":"GET /api/orders?page=1&limit=10&search=0015 304 - - 42.070 ms","service":"bigpharma-api","timestamp":"2026-05-08 16:45:43"}
{"level":"info","message":"OPTIONS /api/orders?page=1&limit=10&search=0015 204 0 - 0.222 ms","service":"bigpharma-api","timestamp":"2026-05-08 16:45:53"}
{"level":"info","message":"GET /api/orders?page=1&limit=10&search=0015 304 - - 49.104 ms","service":"bigpharma-api","timestamp":"2026-05-08 16:45:53"}
{"level":"info","message":"OPTIONS /api/orders?page=1&limit=10&search=0015 204 0 - 0.481 ms","service":"bigpharma-api","timestamp":"2026-05-08 16:46:03"}
{"level":"info","message":"GET /api/orders?page=1&limit=10&search=0015 304 - - 47.567 ms","service":"bigpharma-api","timestamp":"2026-05-08 16:46:03"}
{"level":"info","message":"OPTIONS /api/orders?page=1&limit=10&search=0015 204 0 - 0.158 ms","service":"bigpharma-api","timestamp":"2026-05-08 16:46:13"}
{"level":"info","message":"GET /api/orders?page=1&limit=10&search=0015 304 - - 47.779 ms","service":"bigpharma-api","timestamp":"2026-05-08 16:46:13"}
{"level":"info","message":"OPTIONS /api/orders?page=1&limit=10&search=0015 204 0 - 0.151 ms","service":"bigpharma-api","timestamp":"2026-05-08 16:46:23"}
{"level":"info","message":"GET /api/orders?page=1&limit=10&search=0015 304 - - 46.143 ms","service":"bigpharma-api","timestamp":"2026-05-08 16:46:23"}
{"level":"info","message":"OPTIONS /api/orders?page=1&limit=10&search=0015 204 0 - 0.328 ms","service":"bigpharma-api","timestamp":"2026-05-08 16:46:33"}
{"level":"info","message":"GET /api/orders?page=1&limit=10&search=0015 304 - - 32.963 ms","service":"bigpharma-api","timestamp":"2026-05-08 16:46:33"}
{"level":"info","message":"OPTIONS /api/orders?page=1&limit=10&search=0015 204 0 - 0.155 ms","service":"bigpharma-api","timestamp":"2026-05-08 16:46:43"}
{"level":"info","message":"GET /api/orders?page=1&limit=10&search=0015 304 - - 48.360 ms","service":"bigpharma-api","timestamp":"2026-05-08 16:46:43"}
{"level":"info","message":"OPTIONS /api/orders?page=1&limit=10&search=0015 204 0 - 0.156 ms","service":"bigpharma-api","timestamp":"2026-05-08 16:46:53"}
{"level":"info","message":"GET /api/orders?page=1&limit=10&search=0015 304 - - 43.442 ms","service":"bigpharma-api","timestamp":"2026-05-08 16:46:53"}
{"level":"info","message":"OPTIONS /api/orders?page=1&limit=10&search=0015 204 0 - 0.228 ms","service":"bigpharma-api","timestamp":"2026-05-08 16:47:03"}
{"level":"info","message":"GET /api/orders?page=1&limit=10&search=0015 304 - - 39.894 ms","service":"bigpharma-api","timestamp":"2026-05-08 16:47:03"}
{"level":"info","message":"OPTIONS /api/orders?page=1&limit=10&search=0015 204 0 - 0.162 ms","service":"bigpharma-api","timestamp":"2026-05-08 16:47:13"}
{"level":"info","message":"GET /api/orders?page=1&limit=10&search=0015 304 - - 37.903 ms","service":"bigpharma-api","timestamp":"2026-05-08 16:47:13"}
{"level":"info","message":"OPTIONS /api/orders?page=1&limit=10&search=0015 204 0 - 0.168 ms","service":"bigpharma-api","timestamp":"2026-05-08 16:47:23"}
{"level":"info","message":"GET /api/orders?page=1&limit=10&search=0015 304 - - 42.235 ms","service":"bigpharma-api","timestamp":"2026-05-08 16:47:23"}
{"level":"info","message":"OPTIONS /api/orders?page=1&limit=10&search=0015 204 0 - 0.273 ms","service":"bigpharma-api","timestamp":"2026-05-08 16:47:33"}
{"level":"info","message":"GET /api/orders?page=1&limit=10&search=0015 304 - - 32.846 ms","service":"bigpharma-api","timestamp":"2026-05-08 16:47:33"}
{"level":"info","message":"OPTIONS /api/orders?page=1&limit=10&search=0015 204 0 - 0.171 ms","service":"bigpharma-api","timestamp":"2026-05-08 16:47:43"}
{"level":"info","message":"GET /api/orders?page=1&limit=10&search=0015 304 - - 37.608 ms","service":"bigpharma-api","timestamp":"2026-05-08 16:47:43"}
{"level":"info","message":"OPTIONS /api/orders?page=1&limit=10&search=0015 204 0 - 0.168 ms","service":"bigpharma-api","timestamp":"2026-05-08 16:47:53"}
{"level":"info","message":"GET /api/orders?page=1&limit=10&search=0015 304 - - 39.359 ms","service":"bigpharma-api","timestamp":"2026-05-08 16:47:53"}
{"level":"info","message":"OPTIONS /api/orders?page=1&limit=10&search=0015 204 0 - 0.215 ms","service":"bigpharma-api","timestamp":"2026-05-08 16:48:03"}
{"level":"info","message":"GET /api/orders?page=1&limit=10&search=0015 200 - - 42.328 ms","service":"bigpharma-api","timestamp":"2026-05-08 16:48:03"}
{"level":"info","message":"OPTIONS /api/orders?page=1&limit=10&search=0015 204 0 - 0.212 ms","service":"bigpharma-api","timestamp":"2026-05-08 16:48:13"}
{"level":"info","message":"GET /api/orders?page=1&limit=10&search=0015 200 - - 42.096 ms","service":"bigpharma-api","timestamp":"2026-05-08 16:48:13"}
{"level":"info","message":"OPTIONS /api/orders?page=1&limit=10&search=0015 204 0 - 0.149 ms","service":"bigpharma-api","timestamp":"2026-05-08 16:48:23"}
{"level":"info","message":"GET /api/orders?page=1&limit=10&search=0015 304 - - 37.538 ms","service":"bigpharma-api","timestamp":"2026-05-08 16:48:23"}
{"level":"info","message":"OPTIONS /api/orders?page=1&limit=10&search=0015 204 0 - 0.184 ms","service":"bigpharma-api","timestamp":"2026-05-08 16:48:33"}
{"level":"info","message":"GET /api/orders?page=1&limit=10&search=0015 304 - - 35.180 ms","service":"bigpharma-api","timestamp":"2026-05-08 16:48:33"}
{"level":"info","message":"OPTIONS /api/orders?page=1&limit=10&search=0015 204 0 - 0.236 ms","service":"bigpharma-api","timestamp":"2026-05-08 16:48:43"}
{"level":"info","message":"GET /api/orders?page=1&limit=10&search=0015 401 123 - 2.642 ms","service":"bigpharma-api","timestamp":"2026-05-08 16:48:43"}
{"level":"info","message":"OPTIONS /api/orders?page=1&limit=10&search=0015 204 0 - 0.155 ms","service":"bigpharma-api","timestamp":"2026-05-08 16:48:53"}
{"level":"info","message":"GET /api/orders?page=1&limit=10&search=0015 401 123 - 3.083 ms","service":"bigpharma-api","timestamp":"2026-05-08 16:48:53"}
{"level":"info","message":"OPTIONS /api/orders?page=1&limit=10&search=0015 204 0 - 0.157 ms","service":"bigpharma-api","timestamp":"2026-05-08 16:49:03"}
{"level":"info","message":"GET /api/orders?page=1&limit=10&search=0015 401 123 - 3.387 ms","service":"bigpharma-api","timestamp":"2026-05-08 16:49:03"}
{"level":"info","message":"OPTIONS /api/orders?page=1&limit=10&search=0015 204 0 - 0.240 ms","service":"bigpharma-api","timestamp":"2026-05-08 16:49:13"}
{"level":"info","message":"GET /api/orders?page=1&limit=10&search=0015 401 123 - 2.341 ms","service":"bigpharma-api","timestamp":"2026-05-08 16:49:13"}
{"level":"info","message":"OPTIONS /api/orders?page=1&limit=10&search=0015 204 0 - 0.147 ms","service":"bigpharma-api","timestamp":"2026-05-08 16:49:23"}
{"level":"info","message":"GET /api/orders?page=1&limit=10&search=0015 401 123 - 2.612 ms","service":"bigpharma-api","timestamp":"2026-05-08 16:49:23"}
{"level":"info","message":"OPTIONS /api/orders?page=1&limit=10&search=0015 204 0 - 0.157 ms","service":"bigpharma-api","timestamp":"2026-05-08 16:49:33"}
{"level":"info","message":"GET /api/orders?page=1&limit=10&search=0015 401 123 - 2.285 ms","service":"bigpharma-api","timestamp":"2026-05-08 16:49:33"}
{"level":"info","message":"OPTIONS /api/orders?page=1&limit=10&search=0015 204 0 - 0.314 ms","service":"bigpharma-api","timestamp":"2026-05-08 16:49:43"}
{"level":"info","message":"GET /api/orders?page=1&limit=10&search=0015 401 123 - 2.324 ms","service":"bigpharma-api","timestamp":"2026-05-08 16:49:43"}
{"level":"info","message":"OPTIONS /api/orders?page=1&limit=10&search=0015 204 0 - 0.246 ms","service":"bigpharma-api","timestamp":"2026-05-08 16:49:53"}
{"level":"info","message":"GET /api/orders?page=1&limit=10&search=0015 401 123 - 3.118 ms","service":"bigpharma-api","timestamp":"2026-05-08 16:49:53"}
{"level":"info","message":"OPTIONS /api/orders?page=1&limit=10&search=0015 204 0 - 0.153 ms","service":"bigpharma-api","timestamp":"2026-05-08 16:50:03"}
{"level":"info","message":"GET /api/orders?page=1&limit=10&search=0015 401 123 - 3.209 ms","service":"bigpharma-api","timestamp":"2026-05-08 16:50:03"}
{"level":"info","message":"OPTIONS /api/orders?page=1&limit=10&search=0015 204 0 - 0.236 ms","service":"bigpharma-api","timestamp":"2026-05-08 16:50:13"}
{"level":"info","message":"GET /api/orders?page=1&limit=10&search=0015 401 123 - 2.070 ms","service":"bigpharma-api","timestamp":"2026-05-08 16:50:13"}
{"level":"info","message":"OPTIONS /api/orders?page=1&limit=10&search=0015 204 0 - 0.226 ms","service":"bigpharma-api","timestamp":"2026-05-08 16:50:23"}
{"level":"info","message":"GET /api/orders?page=1&limit=10&search=0015 401 123 - 2.285 ms","service":"bigpharma-api","timestamp":"2026-05-08 16:50:23"}
{"level":"info","message":"OPTIONS /api/orders?page=1&limit=10&search=0015 204 0 - 0.249 ms","service":"bigpharma-api","timestamp":"2026-05-08 16:50:33"}
{"level":"info","message":"GET /api/orders?page=1&limit=10&search=0015 401 123 - 2.396 ms","service":"bigpharma-api","timestamp":"2026-05-08 16:50:33"}
{"level":"info","message":"OPTIONS /api/orders?page=1&limit=10&search=0015 204 0 - 0.175 ms","service":"bigpharma-api","timestamp":"2026-05-08 16:50:43"}
{"level":"info","message":"GET /api/orders?page=1&limit=10&search=0015 401 123 - 3.082 ms","service":"bigpharma-api","timestamp":"2026-05-08 16:50:43"}
{"level":"info","message":"OPTIONS /api/orders?page=1&limit=10&search=0015 204 0 - 0.144 ms","service":"bigpharma-api","timestamp":"2026-05-08 16:50:53"}
{"level":"info","message":"GET /api/orders?page=1&limit=10&search=0015 401 123 - 2.335 ms","service":"bigpharma-api","timestamp":"2026-05-08 16:50:53"}
{"level":"info","message":"OPTIONS /api/orders?page=1&limit=10&search=0015 204 0 - 0.354 ms","service":"bigpharma-api","timestamp":"2026-05-08 16:51:03"}
{"level":"info","message":"GET /api/orders?page=1&limit=10&search=0015 401 123 - 2.486 ms","service":"bigpharma-api","timestamp":"2026-05-08 16:51:03"}
{"level":"info","message":"OPTIONS /api/orders?page=1&limit=10&search=0015 204 0 - 0.123 ms","service":"bigpharma-api","timestamp":"2026-05-08 16:51:13"}
{"level":"info","message":"GET /api/orders?page=1&limit=10&search=0015 401 123 - 2.520 ms","service":"bigpharma-api","timestamp":"2026-05-08 16:51:13"}
{"level":"info","message":"OPTIONS /api/orders?page=1&limit=10&search=0015 204 0 - 0.330 ms","service":"bigpharma-api","timestamp":"2026-05-08 16:51:23"}
{"level":"info","message":"GET /api/orders?page=1&limit=10&search=0015 401 123 - 2.803 ms","service":"bigpharma-api","timestamp":"2026-05-08 16:51:23"}
{"level":"info","message":"OPTIONS /api/orders?page=1&limit=10&search=0015 204 0 - 0.208 ms","service":"bigpharma-api","timestamp":"2026-05-08 16:51:33"}
{"level":"info","message":"GET /api/orders?page=1&limit=10&search=0015 401 123 - 2.297 ms","service":"bigpharma-api","timestamp":"2026-05-08 16:51:33"}
{"level":"info","message":"OPTIONS /api/orders?page=1&limit=10&search=0015 204 0 - 0.159 ms","service":"bigpharma-api","timestamp":"2026-05-08 16:51:43"}
{"level":"info","message":"GET /api/orders?page=1&limit=10&search=0015 401 123 - 2.207 ms","service":"bigpharma-api","timestamp":"2026-05-08 16:51:43"}
{"level":"info","message":"OPTIONS /api/orders?page=1&limit=10&search=0015 204 0 - 0.134 ms","service":"bigpharma-api","timestamp":"2026-05-08 16:51:53"}
{"level":"info","message":"GET /api/orders?page=1&limit=10&search=0015 401 123 - 2.968 ms","service":"bigpharma-api","timestamp":"2026-05-08 16:51:53"}
{"level":"info","message":"OPTIONS /api/orders?page=1&limit=10&search=0015 204 0 - 0.222 ms","service":"bigpharma-api","timestamp":"2026-05-08 16:52:03"}
{"level":"info","message":"GET /api/orders?page=1&limit=10&search=0015 401 123 - 2.349 ms","service":"bigpharma-api","timestamp":"2026-05-08 16:52:03"}
{"level":"info","message":"OPTIONS /api/orders?page=1&limit=10&search=0015 204 0 - 0.171 ms","service":"bigpharma-api","timestamp":"2026-05-08 16:52:13"}
{"level":"info","message":"GET /api/orders?page=1&limit=10&search=0015 401 123 - 2.235 ms","service":"bigpharma-api","timestamp":"2026-05-08 16:52:13"}
{"level":"info","message":"OPTIONS /api/orders?page=1&limit=10&search=0015 204 0 - 0.226 ms","service":"bigpharma-api","timestamp":"2026-05-08 16:52:23"}
{"level":"info","message":"GET /api/orders?page=1&limit=10&search=0015 401 123 - 2.907 ms","service":"bigpharma-api","timestamp":"2026-05-08 16:52:23"}
{"level":"info","message":"OPTIONS /api/orders?page=1&limit=10&search=0015 204 0 - 0.212 ms","service":"bigpharma-api","timestamp":"2026-05-08 16:52:33"}
{"level":"info","message":"GET /api/orders?page=1&limit=10&search=0015 401 123 - 2.173 ms","service":"bigpharma-api","timestamp":"2026-05-08 16:52:33"}
{"level":"info","message":"OPTIONS /api/orders?page=1&limit=10&search=0015 204 0 - 0.162 ms","service":"bigpharma-api","timestamp":"2026-05-08 16:52:43"}
{"level":"info","message":"GET /api/orders?page=1&limit=10&search=0015 401 123 - 3.286 ms","service":"bigpharma-api","timestamp":"2026-05-08 16:52:43"}
{"level":"info","message":"OPTIONS /api/orders?page=1&limit=10&search=0015 204 0 - 0.220 ms","service":"bigpharma-api","timestamp":"2026-05-08 16:52:53"}
{"level":"info","message":"GET /api/orders?page=1&limit=10&search=0015 401 123 - 2.223 ms","service":"bigpharma-api","timestamp":"2026-05-08 16:52:53"}
{"level":"info","message":"OPTIONS /api/orders?page=1&limit=10&search=0015 204 0 - 0.153 ms","service":"bigpharma-api","timestamp":"2026-05-08 16:53:03"}
{"level":"info","message":"GET /api/orders?page=1&limit=10&search=0015 401 123 - 2.997 ms","service":"bigpharma-api","timestamp":"2026-05-08 16:53:03"}
{"level":"info","message":"OPTIONS /api/orders?page=1&limit=10&search=0015 204 0 - 0.266 ms","service":"bigpharma-api","timestamp":"2026-05-08 16:53:13"}
{"level":"info","message":"GET /api/orders?page=1&limit=10&search=0015 401 123 - 2.918 ms","service":"bigpharma-api","timestamp":"2026-05-08 16:53:13"}
{"level":"info","message":"OPTIONS /api/orders?page=1&limit=10&search=0015 204 0 - 0.209 ms","service":"bigpharma-api","timestamp":"2026-05-08 16:53:23"}
{"level":"info","message":"GET /api/orders?page=1&limit=10&search=0015 401 123 - 2.108 ms","service":"bigpharma-api","timestamp":"2026-05-08 16:53:23"}
{"level":"info","message":"OPTIONS /api/orders?page=1&limit=10&search=0015 204 0 - 0.297 ms","service":"bigpharma-api","timestamp":"2026-05-08 16:53:33"}
{"level":"info","message":"GET /api/orders?page=1&limit=10&search=0015 401 123 - 2.107 ms","service":"bigpharma-api","timestamp":"2026-05-08 16:53:33"}
{"level":"info","message":"OPTIONS /api/orders?page=1&limit=10&search=0015 204 0 - 0.377 ms","service":"bigpharma-api","timestamp":"2026-05-08 16:53:43"}
{"level":"info","message":"GET /api/orders?page=1&limit=10&search=0015 401 123 - 2.148 ms","service":"bigpharma-api","timestamp":"2026-05-08 16:53:43"}
{"level":"info","message":"OPTIONS /api/orders?page=1&limit=10&search=0015 204 0 - 0.160 ms","service":"bigpharma-api","timestamp":"2026-05-08 16:53:53"}
{"level":"info","message":"GET /api/orders?page=1&limit=10&search=0015 401 123 - 2.964 ms","service":"bigpharma-api","timestamp":"2026-05-08 16:53:53"}
{"level":"info","message":"OPTIONS /api/orders?page=1&limit=10&search=0015 204 0 - 0.282 ms","service":"bigpharma-api","timestamp":"2026-05-08 16:54:03"}
{"level":"info","message":"GET /api/orders?page=1&limit=10&search=0015 401 123 - 2.293 ms","service":"bigpharma-api","timestamp":"2026-05-08 16:54:03"}
{"level":"info","message":"OPTIONS /api/orders?page=1&limit=10&search=0015 204 0 - 0.193 ms","service":"bigpharma-api","timestamp":"2026-05-08 16:54:13"}
{"level":"info","message":"GET /api/orders?page=1&limit=10&search=0015 401 123 - 2.287 ms","service":"bigpharma-api","timestamp":"2026-05-08 16:54:13"}
{"level":"info","message":"OPTIONS /api/orders?page=1&limit=10&search=0015 204 0 - 0.143 ms","service":"bigpharma-api","timestamp":"2026-05-08 16:54:23"}
{"level":"info","message":"GET /api/orders?page=1&limit=10&search=0015 401 123 - 2.708 ms","service":"bigpharma-api","timestamp":"2026-05-08 16:54:23"}
{"level":"info","message":"OPTIONS /api/orders?page=1&limit=10&search=0015 204 0 - 0.212 ms","service":"bigpharma-api","timestamp":"2026-05-08 16:54:33"}
{"level":"info","message":"GET /api/orders?page=1&limit=10&search=0015 401 123 - 2.455 ms","service":"bigpharma-api","timestamp":"2026-05-08 16:54:33"}
{"level":"info","message":"OPTIONS /api/orders?page=1&limit=10&search=0015 204 0 - 0.151 ms","service":"bigpharma-api","timestamp":"2026-05-08 16:54:43"}
{"level":"info","message":"GET /api/orders?page=1&limit=10&search=0015 401 123 - 2.947 ms","service":"bigpharma-api","timestamp":"2026-05-08 16:54:43"}
{"level":"info","message":"OPTIONS /api/orders?page=1&limit=10&search=0015 204 0 - 0.370 ms","service":"bigpharma-api","timestamp":"2026-05-08 16:54:53"}
{"level":"info","message":"GET /api/orders?page=1&limit=10&search=0015 401 123 - 3.997 ms","service":"bigpharma-api","timestamp":"2026-05-08 16:54:53"}
{"level":"info","message":"OPTIONS /api/orders?page=1&limit=10&search=0015 204 0 - 0.158 ms","service":"bigpharma-api","timestamp":"2026-05-08 16:55:03"}
{"level":"info","message":"GET /api/orders?page=1&limit=10&search=0015 401 123 - 2.663 ms","service":"bigpharma-api","timestamp":"2026-05-08 16:55:03"}
{"level":"info","message":"OPTIONS /api/orders?page=1&limit=10&search=0015 204 0 - 0.228 ms","service":"bigpharma-api","timestamp":"2026-05-08 16:55:13"}
{"level":"info","message":"GET /api/orders?page=1&limit=10&search=0015 401 123 - 2.058 ms","service":"bigpharma-api","timestamp":"2026-05-08 16:55:13"}
{"level":"info","message":"OPTIONS /api/orders?page=1&limit=10&search=0015 204 0 - 0.230 ms","service":"bigpharma-api","timestamp":"2026-05-08 16:55:23"}
{"level":"info","message":"GET /api/orders?page=1&limit=10&search=0015 401 123 - 2.623 ms","service":"bigpharma-api","timestamp":"2026-05-08 16:55:23"}
{"level":"info","message":"OPTIONS /api/orders?page=1&limit=10&search=0015 204 0 - 1.770 ms","service":"bigpharma-api","timestamp":"2026-05-08 16:55:33"}
{"level":"info","message":"GET /api/orders?page=1&limit=10&search=0015 401 123 - 4.291 ms","service":"bigpharma-api","timestamp":"2026-05-08 16:55:33"}
{"level":"info","message":"OPTIONS /api/orders?page=1&limit=10&search=0015 204 0 - 0.231 ms","service":"bigpharma-api","timestamp":"2026-05-08 16:55:43"}
{"level":"info","message":"GET /api/orders?page=1&limit=10&search=0015 401 123 - 2.799 ms","service":"bigpharma-api","timestamp":"2026-05-08 16:55:43"}
{"level":"info","message":"OPTIONS /api/orders?page=1&limit=10&search=0015 204 0 - 0.797 ms","service":"bigpharma-api","timestamp":"2026-05-08 16:55:53"}
{"level":"info","message":"GET /api/orders?page=1&limit=10&search=0015 401 123 - 2.956 ms","service":"bigpharma-api","timestamp":"2026-05-08 16:55:53"}
{"level":"info","message":"OPTIONS /api/orders?page=1&limit=10&search=0015 204 0 - 0.161 ms","service":"bigpharma-api","timestamp":"2026-05-08 16:56:03"}
{"level":"info","message":"GET /api/orders?page=1&limit=10&search=0015 401 123 - 3.216 ms","service":"bigpharma-api","timestamp":"2026-05-08 16:56:03"}
{"level":"info","message":"OPTIONS /api/orders?page=1&limit=10&search=0015 204 0 - 0.206 ms","service":"bigpharma-api","timestamp":"2026-05-08 16:56:13"}
{"level":"info","message":"GET /api/orders?page=1&limit=10&search=0015 401 123 - 3.360 ms","service":"bigpharma-api","timestamp":"2026-05-08 16:56:13"}
{"level":"info","message":"OPTIONS /api/orders?page=1&limit=10&search=0015 204 0 - 0.157 ms","service":"bigpharma-api","timestamp":"2026-05-08 16:56:23"}
{"level":"info","message":"GET /api/orders?page=1&limit=10&search=0015 401 123 - 2.655 ms","service":"bigpharma-api","timestamp":"2026-05-08 16:56:23"}
{"level":"info","message":"OPTIONS /api/orders?page=1&limit=10&search=0015 204 0 - 0.208 ms","service":"bigpharma-api","timestamp":"2026-05-08 16:56:33"}
{"level":"info","message":"GET /api/orders?page=1&limit=10&search=0015 401 123 - 3.011 ms","service":"bigpharma-api","timestamp":"2026-05-08 16:56:33"}
{"level":"info","message":"OPTIONS /api/orders?page=1&limit=10&search=0015 204 0 - 1.160 ms","service":"bigpharma-api","timestamp":"2026-05-08 16:56:43"}
{"level":"info","message":"GET /api/orders?page=1&limit=10&search=0015 401 123 - 3.648 ms","service":"bigpharma-api","timestamp":"2026-05-08 16:56:43"}
{"level":"info","message":"OPTIONS /api/orders?page=1&limit=10&search=0015 204 0 - 0.229 ms","service":"bigpharma-api","timestamp":"2026-05-08 16:56:53"}
{"level":"info","message":"GET /api/orders?page=1&limit=10&search=0015 401 123 - 3.238 ms","service":"bigpharma-api","timestamp":"2026-05-08 16:56:53"}
{"level":"info","message":"OPTIONS /api/orders?page=1&limit=10&search=0015 204 0 - 0.112 ms","service":"bigpharma-api","timestamp":"2026-05-08 16:57:03"}
{"level":"info","message":"GET /api/orders?page=1&limit=10&search=0015 401 123 - 3.050 ms","service":"bigpharma-api","timestamp":"2026-05-08 16:57:03"}
{"level":"info","message":"OPTIONS /api/orders?page=1&limit=10&search=0015 204 0 - 0.211 ms","service":"bigpharma-api","timestamp":"2026-05-08 16:57:13"}
{"level":"info","message":"GET /api/orders?page=1&limit=10&search=0015 401 123 - 2.512 ms","service":"bigpharma-api","timestamp":"2026-05-08 16:57:13"}
{"level":"info","message":"OPTIONS /api/orders?page=1&limit=10&search=0015 204 0 - 0.154 ms","service":"bigpharma-api","timestamp":"2026-05-08 16:57:23"}
{"level":"info","message":"GET /api/orders?page=1&limit=10&search=0015 401 123 - 3.384 ms","service":"bigpharma-api","timestamp":"2026-05-08 16:57:23"}
{"level":"info","message":"OPTIONS /api/orders?page=1&limit=10&search=0015 204 0 - 0.203 ms","service":"bigpharma-api","timestamp":"2026-05-08 16:57:33"}
{"level":"info","message":"GET /api/orders?page=1&limit=10&search=0015 401 123 - 2.205 ms","service":"bigpharma-api","timestamp":"2026-05-08 16:57:33"}
{"level":"info","message":"OPTIONS /api/orders?page=1&limit=10&search=0015 204 0 - 0.214 ms","service":"bigpharma-api","timestamp":"2026-05-08 16:57:43"}
{"level":"info","message":"GET /api/orders?page=1&limit=10&search=0015 401 123 - 2.123 ms","service":"bigpharma-api","timestamp":"2026-05-08 16:57:43"}
{"level":"info","message":"OPTIONS /api/orders?page=1&limit=10&search=0015 204 0 - 0.164 ms","service":"bigpharma-api","timestamp":"2026-05-08 16:57:53"}
{"level":"info","message":"GET /api/orders?page=1&limit=10&search=0015 401 123 - 2.481 ms","service":"bigpharma-api","timestamp":"2026-05-08 16:57:53"}
{"level":"info","message":"OPTIONS /api/orders?page=1&limit=10&search=0015 204 0 - 0.151 ms","service":"bigpharma-api","timestamp":"2026-05-08 16:58:03"}
{"level":"info","message":"GET /api/orders?page=1&limit=10&search=0015 401 123 - 2.387 ms","service":"bigpharma-api","timestamp":"2026-05-08 16:58:03"}
{"level":"info","message":"OPTIONS /api/orders?page=1&limit=10&search=0015 204 0 - 0.379 ms","service":"bigpharma-api","timestamp":"2026-05-08 16:58:13"}
{"level":"info","message":"GET /api/orders?page=1&limit=10&search=0015 401 123 - 4.554 ms","service":"bigpharma-api","timestamp":"2026-05-08 16:58:13"}
{"level":"info","message":"OPTIONS /api/orders?page=1&limit=10&search=0015 204 0 - 0.203 ms","service":"bigpharma-api","timestamp":"2026-05-08 16:58:23"}
{"level":"info","message":"GET /api/orders?page=1&limit=10&search=0015 401 123 - 2.272 ms","service":"bigpharma-api","timestamp":"2026-05-08 16:58:23"}
{"level":"info","message":"OPTIONS /api/orders?page=1&limit=10&search=0015 204 0 - 0.256 ms","service":"bigpharma-api","timestamp":"2026-05-08 16:58:33"}
{"level":"info","message":"GET /api/orders?page=1&limit=10&search=0015 401 123 - 2.221 ms","service":"bigpharma-api","timestamp":"2026-05-08 16:58:33"}
{"level":"info","message":"OPTIONS /api/orders?page=1&limit=10&search=0015 204 0 - 0.163 ms","service":"bigpharma-api","timestamp":"2026-05-08 16:58:43"}
{"level":"info","message":"GET /api/orders?page=1&limit=10&search=0015 401 123 - 3.863 ms","service":"bigpharma-api","timestamp":"2026-05-08 16:58:43"}
{"level":"info","message":"OPTIONS /api/orders?page=1&limit=10&search=0015 204 0 - 0.152 ms","service":"bigpharma-api","timestamp":"2026-05-08 16:58:53"}
{"level":"info","message":"GET /api/orders?page=1&limit=10&search=0015 401 123 - 2.298 ms","service":"bigpharma-api","timestamp":"2026-05-08 16:58:53"}
{"level":"info","message":"OPTIONS /api/orders?page=1&limit=10&search=0015 204 0 - 0.208 ms","service":"bigpharma-api","timestamp":"2026-05-08 16:59:03"}
{"level":"info","message":"GET /api/orders?page=1&limit=10&search=0015 401 123 - 2.720 ms","service":"bigpharma-api","timestamp":"2026-05-08 16:59:03"}
{"level":"info","message":"OPTIONS /api/orders?page=1&limit=10&search=0015 204 0 - 0.228 ms","service":"bigpharma-api","timestamp":"2026-05-08 16:59:13"}
{"level":"info","message":"GET /api/orders?page=1&limit=10&search=0015 401 123 - 3.390 ms","service":"bigpharma-api","timestamp":"2026-05-08 16:59:13"}
{"level":"info","message":"OPTIONS /api/orders?page=1&limit=10&search=0015 204 0 - 0.142 ms","service":"bigpharma-api","timestamp":"2026-05-08 16:59:23"}
{"level":"info","message":"GET /api/orders?page=1&limit=10&search=0015 401 123 - 3.040 ms","service":"bigpharma-api","timestamp":"2026-05-08 16:59:23"}
{"level":"info","message":"OPTIONS /api/orders?page=1&limit=10&search=0015 204 0 - 0.211 ms","service":"bigpharma-api","timestamp":"2026-05-08 16:59:33"}
{"level":"info","message":"GET /api/orders?page=1&limit=10&search=0015 401 123 - 3.014 ms","service":"bigpharma-api","timestamp":"2026-05-08 16:59:33"}
{"level":"info","message":"OPTIONS /api/orders?page=1&limit=10&search=0015 204 0 - 0.158 ms","service":"bigpharma-api","timestamp":"2026-05-08 16:59:43"}
{"level":"info","message":"GET /api/orders?page=1&limit=10&search=0015 401 123 - 3.883 ms","service":"bigpharma-api","timestamp":"2026-05-08 16:59:43"}
{"level":"info","message":"OPTIONS /api/orders?page=1&limit=10&search=0015 204 0 - 0.187 ms","service":"bigpharma-api","timestamp":"2026-05-08 16:59:53"}
{"level":"info","message":"GET /api/orders?page=1&limit=10&search=0015 401 123 - 2.204 ms","service":"bigpharma-api","timestamp":"2026-05-08 16:59:53"}
{"level":"info","message":"OPTIONS /api/orders?page=1&limit=10&search=0015 204 0 - 0.202 ms","service":"bigpharma-api","timestamp":"2026-05-08 17:00:03"}
{"level":"info","message":"GET /api/orders?page=1&limit=10&search=0015 401 123 - 3.611 ms","service":"bigpharma-api","timestamp":"2026-05-08 17:00:03"}
{"level":"info","message":"OPTIONS /api/orders?page=1&limit=10&search=0015 204 0 - 0.160 ms","service":"bigpharma-api","timestamp":"2026-05-08 17:00:13"}
{"level":"info","message":"GET /api/orders?page=1&limit=10&search=0015 401 123 - 4.724 ms","service":"bigpharma-api","timestamp":"2026-05-08 17:00:13"}
{"level":"info","message":"OPTIONS /api/orders?page=1&limit=10&search=0015 204 0 - 0.283 ms","service":"bigpharma-api","timestamp":"2026-05-08 17:00:23"}
{"level":"info","message":"GET /api/orders?page=1&limit=10&search=0015 401 123 - 3.861 ms","service":"bigpharma-api","timestamp":"2026-05-08 17:00:23"}
{"level":"info","message":"OPTIONS /api/orders?page=1&limit=10&search=0015 204 0 - 0.210 ms","service":"bigpharma-api","timestamp":"2026-05-08 17:00:33"}
{"level":"info","message":"GET /api/orders?page=1&limit=10&search=0015 401 123 - 2.371 ms","service":"bigpharma-api","timestamp":"2026-05-08 17:00:33"}
{"level":"info","message":"OPTIONS /api/orders?page=1&limit=10&search=0015 204 0 - 0.141 ms","service":"bigpharma-api","timestamp":"2026-05-08 17:00:43"}
{"level":"info","message":"GET /api/orders?page=1&limit=10&search=0015 401 123 - 3.827 ms","service":"bigpharma-api","timestamp":"2026-05-08 17:00:43"}
{"level":"info","message":"OPTIONS /api/orders?page=1&limit=10&search=0015 204 0 - 0.140 ms","service":"bigpharma-api","timestamp":"2026-05-08 17:00:53"}
{"level":"info","message":"GET /api/orders?page=1&limit=10&search=0015 401 123 - 2.626 ms","service":"bigpharma-api","timestamp":"2026-05-08 17:00:53"}
{"level":"info","message":"OPTIONS /api/orders?page=1&limit=10&search=0015 204 0 - 0.218 ms","service":"bigpharma-api","timestamp":"2026-05-08 17:01:03"}
{"level":"info","message":"GET /api/orders?page=1&limit=10&search=0015 401 123 - 3.004 ms","service":"bigpharma-api","timestamp":"2026-05-08 17:01:03"}
{"level":"info","message":"OPTIONS /api/orders?page=1&limit=10&search=0015 204 0 - 0.263 ms","service":"bigpharma-api","timestamp":"2026-05-08 17:01:13"}
{"level":"info","message":"GET /api/orders?page=1&limit=10&search=0015 401 123 - 2.248 ms","service":"bigpharma-api","timestamp":"2026-05-08 17:01:13"}
{"level":"info","message":"OPTIONS /api/orders?page=1&limit=10&search=0015 204 0 - 0.147 ms","service":"bigpharma-api","timestamp":"2026-05-08 17:01:23"}
{"level":"info","message":"GET /api/orders?page=1&limit=10&search=0015 401 123 - 2.702 ms","service":"bigpharma-api","timestamp":"2026-05-08 17:01:23"}
{"level":"info","message":"OPTIONS /api/orders?page=1&limit=10&search=0015 204 0 - 0.236 ms","service":"bigpharma-api","timestamp":"2026-05-08 17:01:33"}
{"level":"info","message":"GET /api/orders?page=1&limit=10&search=0015 401 123 - 2.560 ms","service":"bigpharma-api","timestamp":"2026-05-08 17:01:33"}
{"level":"info","message":"OPTIONS /api/orders?page=1&limit=10&search=0015 204 0 - 0.268 ms","service":"bigpharma-api","timestamp":"2026-05-08 17:01:43"}
{"level":"info","message":"GET /api/orders?page=1&limit=10&search=0015 401 123 - 2.174 ms","service":"bigpharma-api","timestamp":"2026-05-08 17:01:43"}
{"level":"info","message":"OPTIONS /api/orders?page=1&limit=10&search=0015 204 0 - 0.208 ms","service":"bigpharma-api","timestamp":"2026-05-08 17:01:53"}
{"level":"info","message":"GET /api/orders?page=1&limit=10&search=0015 401 123 - 3.091 ms","service":"bigpharma-api","timestamp":"2026-05-08 17:01:53"}
{"level":"info","message":"OPTIONS /api/orders?page=1&limit=10&search=0015 204 0 - 0.204 ms","service":"bigpharma-api","timestamp":"2026-05-08 17:02:03"}
{"level":"info","message":"GET /api/orders?page=1&limit=10&search=0015 401 123 - 3.021 ms","service":"bigpharma-api","timestamp":"2026-05-08 17:02:03"}
{"level":"info","message":"OPTIONS /api/orders?page=1&limit=10&search=0015 204 0 - 0.145 ms","service":"bigpharma-api","timestamp":"2026-05-08 17:02:13"}
{"level":"info","message":"GET /api/orders?page=1&limit=10&search=0015 401 123 - 2.209 ms","service":"bigpharma-api","timestamp":"2026-05-08 17:02:13"}
{"level":"info","message":"OPTIONS /api/orders?page=1&limit=10&search=0015 204 0 - 0.368 ms","service":"bigpharma-api","timestamp":"2026-05-08 17:02:23"}
{"level":"info","message":"GET /api/orders?page=1&limit=10&search=0015 401 123 - 2.344 ms","service":"bigpharma-api","timestamp":"2026-05-08 17:02:23"}
{"level":"info","message":"OPTIONS /api/orders?page=1&limit=10&search=0015 204 0 - 0.223 ms","service":"bigpharma-api","timestamp":"2026-05-08 17:02:33"}
{"level":"info","message":"GET /api/orders?page=1&limit=10&search=0015 401 123 - 2.270 ms","service":"bigpharma-api","timestamp":"2026-05-08 17:02:33"}
{"level":"info","message":"OPTIONS /api/orders?page=1&limit=10&search=0015 204 0 - 0.189 ms","service":"bigpharma-api","timestamp":"2026-05-08 17:02:43"}
{"level":"info","message":"GET /api/orders?page=1&limit=10&search=0015 401 123 - 2.918 ms","service":"bigpharma-api","timestamp":"2026-05-08 17:02:43"}
{"level":"info","message":"OPTIONS /api/orders?page=1&limit=10&search=0015 204 0 - 0.160 ms","service":"bigpharma-api","timestamp":"2026-05-08 17:02:53"}
{"level":"info","message":"GET /api/orders?page=1&limit=10&search=0015 401 123 - 2.236 ms","service":"bigpharma-api","timestamp":"2026-05-08 17:02:53"}
{"level":"info","message":"OPTIONS /api/orders?page=1&limit=10&search=0015 204 0 - 0.222 ms","service":"bigpharma-api","timestamp":"2026-05-08 17:03:03"}
{"level":"info","message":"GET /api/orders?page=1&limit=10&search=0015 401 123 - 2.202 ms","service":"bigpharma-api","timestamp":"2026-05-08 17:03:03"}
{"level":"info","message":"OPTIONS /api/orders?page=1&limit=10&search=0015 204 0 - 0.276 ms","service":"bigpharma-api","timestamp":"2026-05-08 17:03:13"}
{"level":"info","message":"GET /api/orders?page=1&limit=10&search=0015 401 123 - 5.497 ms","service":"bigpharma-api","timestamp":"2026-05-08 17:03:13"}
{"level":"info","message":"OPTIONS /api/orders?page=1&limit=10&search=0015 204 0 - 0.143 ms","service":"bigpharma-api","timestamp":"2026-05-08 17:03:23"}
{"level":"info","message":"GET /api/orders?page=1&limit=10&search=0015 401 123 - 2.933 ms","service":"bigpharma-api","timestamp":"2026-05-08 17:03:23"}
{"level":"info","message":"OPTIONS /api/orders?page=1&limit=10&search=0015 204 0 - 0.275 ms","service":"bigpharma-api","timestamp":"2026-05-08 17:03:33"}
{"level":"info","message":"GET /api/orders?page=1&limit=10&search=0015 401 123 - 3.119 ms","service":"bigpharma-api","timestamp":"2026-05-08 17:03:33"}
{"level":"info","message":"OPTIONS /api/orders?page=1&limit=10&search=0015 204 0 - 0.140 ms","service":"bigpharma-api","timestamp":"2026-05-08 17:03:43"}
{"level":"info","message":"GET /api/orders?page=1&limit=10&search=0015 401 123 - 2.523 ms","service":"bigpharma-api","timestamp":"2026-05-08 17:03:43"}
{"level":"info","message":"OPTIONS /api/orders?page=1&limit=10&search=0015 204 0 - 0.143 ms","service":"bigpharma-api","timestamp":"2026-05-08 17:03:53"}
{"level":"info","message":"GET /api/orders?page=1&limit=10&search=0015 401 123 - 2.304 ms","service":"bigpharma-api","timestamp":"2026-05-08 17:03:53"}
{"level":"info","message":"OPTIONS /api/orders?page=1&limit=10&search=0015 204 0 - 0.207 ms","service":"bigpharma-api","timestamp":"2026-05-08 17:04:03"}
{"level":"info","message":"GET /api/orders?page=1&limit=10&search=0015 401 123 - 2.091 ms","service":"bigpharma-api","timestamp":"2026-05-08 17:04:03"}
{"level":"info","message":"OPTIONS /api/orders?page=1&limit=10&search=0015 204 0 - 0.140 ms","service":"bigpharma-api","timestamp":"2026-05-08 17:04:13"}
{"level":"info","message":"GET /api/orders?page=1&limit=10&search=0015 401 123 - 3.094 ms","service":"bigpharma-api","timestamp":"2026-05-08 17:04:13"}
{"level":"info","message":"OPTIONS /api/orders?page=1&limit=10&search=0015 204 0 - 0.218 ms","service":"bigpharma-api","timestamp":"2026-05-08 17:04:23"}
{"level":"info","message":"GET /api/orders?page=1&limit=10&search=0015 401 123 - 2.497 ms","service":"bigpharma-api","timestamp":"2026-05-08 17:04:23"}
{"level":"info","message":"OPTIONS /api/orders?page=1&limit=10&search=0015 204 0 - 0.152 ms","service":"bigpharma-api","timestamp":"2026-05-08 17:04:33"}
{"level":"info","message":"GET /api/orders?page=1&limit=10&search=0015 401 123 - 2.267 ms","service":"bigpharma-api","timestamp":"2026-05-08 17:04:33"}
{"level":"info","message":"OPTIONS /api/orders?page=1&limit=10&search=0015 204 0 - 0.219 ms","service":"bigpharma-api","timestamp":"2026-05-08 17:04:43"}
{"level":"info","message":"GET /api/orders?page=1&limit=10&search=0015 401 123 - 2.284 ms","service":"bigpharma-api","timestamp":"2026-05-08 17:04:43"}
{"level":"info","message":"OPTIONS /api/orders?page=1&limit=10&search=0015 204 0 - 0.209 ms","service":"bigpharma-api","timestamp":"2026-05-08 17:04:53"}
{"level":"info","message":"GET /api/orders?page=1&limit=10&search=0015 401 123 - 2.296 ms","service":"bigpharma-api","timestamp":"2026-05-08 17:04:53"}
{"level":"info","message":"OPTIONS /api/orders?page=1&limit=10&search=0015 204 0 - 0.235 ms","service":"bigpharma-api","timestamp":"2026-05-08 17:05:03"}
{"level":"info","message":"GET /api/orders?page=1&limit=10&search=0015 401 123 - 2.319 ms","service":"bigpharma-api","timestamp":"2026-05-08 17:05:03"}
{"level":"info","message":"OPTIONS /api/orders?page=1&limit=10&search=0015 204 0 - 0.212 ms","service":"bigpharma-api","timestamp":"2026-05-08 17:05:13"}
{"level":"info","message":"GET /api/orders?page=1&limit=10&search=0015 401 123 - 5.661 ms","service":"bigpharma-api","timestamp":"2026-05-08 17:05:13"}
{"level":"info","message":"OPTIONS /api/orders?page=1&limit=10&search=0015 204 0 - 0.219 ms","service":"bigpharma-api","timestamp":"2026-05-08 17:05:23"}
{"level":"info","message":"GET /api/orders?page=1&limit=10&search=0015 401 123 - 2.296 ms","service":"bigpharma-api","timestamp":"2026-05-08 17:05:23"}
{"level":"info","message":"OPTIONS /api/orders?page=1&limit=10&search=0015 204 0 - 0.147 ms","service":"bigpharma-api","timestamp":"2026-05-08 17:05:33"}
{"level":"info","message":"GET /api/orders?page=1&limit=10&search=0015 401 123 - 2.494 ms","service":"bigpharma-api","timestamp":"2026-05-08 17:05:33"}
{"level":"info","message":"OPTIONS /api/orders?page=1&limit=10&search=0015 204 0 - 0.115 ms","service":"bigpharma-api","timestamp":"2026-05-08 17:05:43"}
{"level":"info","message":"GET /api/orders?page=1&limit=10&search=0015 401 123 - 2.329 ms","service":"bigpharma-api","timestamp":"2026-05-08 17:05:43"}
{"level":"info","message":"OPTIONS /api/orders?page=1&limit=10&search=0015 204 0 - 0.203 ms","service":"bigpharma-api","timestamp":"2026-05-08 17:05:53"}
{"level":"info","message":"GET /api/orders?page=1&limit=10&search=0015 401 123 - 2.879 ms","service":"bigpharma-api","timestamp":"2026-05-08 17:05:53"}
{"level":"info","message":"OPTIONS /api/orders?page=1&limit=10&search=0015 204 0 - 0.317 ms","service":"bigpharma-api","timestamp":"2026-05-08 17:06:03"}
{"level":"info","message":"GET /api/orders?page=1&limit=10&search=0015 401 123 - 2.228 ms","service":"bigpharma-api","timestamp":"2026-05-08 17:06:03"}
{"level":"info","message":"OPTIONS /api/orders?page=1&limit=10&search=0015 204 0 - 0.217 ms","service":"bigpharma-api","timestamp":"2026-05-08 17:06:13"}
{"level":"info","message":"GET /api/orders?page=1&limit=10&search=0015 401 123 - 2.773 ms","service":"bigpharma-api","timestamp":"2026-05-08 17:06:13"}
{"level":"info","message":"OPTIONS /api/orders?page=1&limit=10&search=0015 204 0 - 0.144 ms","service":"bigpharma-api","timestamp":"2026-05-08 17:06:23"}
{"level":"info","message":"GET /api/orders?page=1&limit=10&search=0015 401 123 - 3.050 ms","service":"bigpharma-api","timestamp":"2026-05-08 17:06:23"}
{"level":"info","message":"OPTIONS /api/orders?page=1&limit=10&search=0015 204 0 - 0.223 ms","service":"bigpharma-api","timestamp":"2026-05-08 17:06:33"}
{"level":"info","message":"GET /api/orders?page=1&limit=10&search=0015 401 123 - 3.168 ms","service":"bigpharma-api","timestamp":"2026-05-08 17:06:33"}
{"level":"info","message":"OPTIONS /api/orders?page=1&limit=10&search=0015 204 0 - 0.223 ms","service":"bigpharma-api","timestamp":"2026-05-08 17:06:43"}
{"level":"info","message":"GET /api/orders?page=1&limit=10&search=0015 401 123 - 3.439 ms","service":"bigpharma-api","timestamp":"2026-05-08 17:06:43"}
{"level":"info","message":"OPTIONS /api/orders?page=1&limit=10&search=0015 204 0 - 0.206 ms","service":"bigpharma-api","timestamp":"2026-05-08 17:06:53"}
{"level":"info","message":"GET /api/orders?page=1&limit=10&search=0015 401 123 - 2.930 ms","service":"bigpharma-api","timestamp":"2026-05-08 17:06:53"}
{"level":"info","message":"OPTIONS /api/orders?page=1&limit=10&search=0015 204 0 - 0.142 ms","service":"bigpharma-api","timestamp":"2026-05-08 17:07:03"}
{"level":"info","message":"GET /api/orders?page=1&limit=10&search=0015 401 123 - 3.100 ms","service":"bigpharma-api","timestamp":"2026-05-08 17:07:03"}
{"level":"info","message":"OPTIONS /api/orders?page=1&limit=10&search=0015 204 0 - 0.352 ms","service":"bigpharma-api","timestamp":"2026-05-08 17:07:13"}
{"level":"info","message":"GET /api/orders?page=1&limit=10&search=0015 401 123 - 2.873 ms","service":"bigpharma-api","timestamp":"2026-05-08 17:07:13"}
{"level":"info","message":"OPTIONS /api/orders?page=1&limit=10&search=0015 204 0 - 0.152 ms","service":"bigpharma-api","timestamp":"2026-05-08 17:07:23"}
{"level":"info","message":"GET /api/orders?page=1&limit=10&search=0015 401 123 - 2.765 ms","service":"bigpharma-api","timestamp":"2026-05-08 17:07:23"}
{"level":"info","message":"OPTIONS /api/orders?page=1&limit=10&search=0015 204 0 - 0.153 ms","service":"bigpharma-api","timestamp":"2026-05-08 17:07:33"}
{"level":"info","message":"GET /api/orders?page=1&limit=10&search=0015 401 123 - 2.248 ms","service":"bigpharma-api","timestamp":"2026-05-08 17:07:33"}
{"level":"info","message":"OPTIONS /api/orders?page=1&limit=10&search=0015 204 0 - 0.208 ms","service":"bigpharma-api","timestamp":"2026-05-08 17:07:43"}
{"level":"info","message":"GET /api/orders?page=1&limit=10&search=0015 401 123 - 3.299 ms","service":"bigpharma-api","timestamp":"2026-05-08 17:07:43"}
{"level":"info","message":"OPTIONS /api/orders?page=1&limit=10&search=0015 204 0 - 0.217 ms","service":"bigpharma-api","timestamp":"2026-05-08 17:07:53"}
{"level":"info","message":"GET /api/orders?page=1&limit=10&search=0015 401 123 - 2.897 ms","service":"bigpharma-api","timestamp":"2026-05-08 17:07:53"}
{"level":"info","message":"OPTIONS /api/orders?page=1&limit=10&search=0015 204 0 - 0.220 ms","service":"bigpharma-api","timestamp":"2026-05-08 17:08:03"}
{"level":"info","message":"GET /api/orders?page=1&limit=10&search=0015 401 123 - 2.035 ms","service":"bigpharma-api","timestamp":"2026-05-08 17:08:03"}
{"level":"info","message":"OPTIONS /api/orders?page=1&limit=10&search=0015 204 0 - 0.216 ms","service":"bigpharma-api","timestamp":"2026-05-08 17:08:13"}
{"level":"info","message":"GET /api/orders?page=1&limit=10&search=0015 401 123 - 2.271 ms","service":"bigpharma-api","timestamp":"2026-05-08 17:08:13"}
{"level":"info","message":"OPTIONS /api/orders?page=1&limit=10&search=0015 204 0 - 0.291 ms","service":"bigpharma-api","timestamp":"2026-05-08 17:08:23"}
{"level":"info","message":"GET /api/orders?page=1&limit=10&search=0015 401 123 - 2.724 ms","service":"bigpharma-api","timestamp":"2026-05-08 17:08:23"}
{"level":"info","message":"OPTIONS /api/orders?page=1&limit=10&search=0015 204 0 - 0.143 ms","service":"bigpharma-api","timestamp":"2026-05-08 17:08:33"}
{"level":"info","message":"GET /api/orders?page=1&limit=10&search=0015 401 123 - 2.094 ms","service":"bigpharma-api","timestamp":"2026-05-08 17:08:33"}
{"level":"info","message":"OPTIONS /api/orders?page=1&limit=10&search=0015 204 0 - 0.597 ms","service":"bigpharma-api","timestamp":"2026-05-08 17:08:43"}
{"level":"info","message":"GET /api/orders?page=1&limit=10&search=0015 401 123 - 2.282 ms","service":"bigpharma-api","timestamp":"2026-05-08 17:08:43"}
{"level":"info","message":"OPTIONS /api/orders?page=1&limit=10&search=0015 204 0 - 0.225 ms","service":"bigpharma-api","timestamp":"2026-05-08 17:08:53"}
{"level":"info","message":"GET /api/orders?page=1&limit=10&search=0015 401 123 - 2.139 ms","service":"bigpharma-api","timestamp":"2026-05-08 17:08:53"}
{"level":"info","message":"OPTIONS /api/orders?page=1&limit=10&search=0015 204 0 - 0.200 ms","service":"bigpharma-api","timestamp":"2026-05-08 17:09:03"}
{"level":"info","message":"GET /api/orders?page=1&limit=10&search=0015 401 123 - 2.120 ms","service":"bigpharma-api","timestamp":"2026-05-08 17:09:03"}
{"level":"info","message":"OPTIONS /api/orders?page=1&limit=10&search=0015 204 0 - 0.211 ms","service":"bigpharma-api","timestamp":"2026-05-08 17:09:13"}
{"level":"info","message":"GET /api/orders?page=1&limit=10&search=0015 401 123 - 2.300 ms","service":"bigpharma-api","timestamp":"2026-05-08 17:09:13"}
{"level":"info","message":"OPTIONS /api/orders?page=1&limit=10&search=0015 204 0 - 0.319 ms","service":"bigpharma-api","timestamp":"2026-05-08 17:09:23"}
{"level":"info","message":"GET /api/orders?page=1&limit=10&search=0015 401 123 - 6.223 ms","service":"bigpharma-api","timestamp":"2026-05-08 17:09:23"}
{"level":"info","message":"OPTIONS /api/orders?page=1&limit=10&search=0015 204 0 - 0.223 ms","service":"bigpharma-api","timestamp":"2026-05-08 17:09:33"}
{"level":"info","message":"GET /api/orders?page=1&limit=10&search=0015 401 123 - 2.070 ms","service":"bigpharma-api","timestamp":"2026-05-08 17:09:33"}
{"level":"info","message":"OPTIONS /api/orders?page=1&limit=10&search=0015 204 0 - 0.231 ms","service":"bigpharma-api","timestamp":"2026-05-08 17:09:43"}
{"level":"info","message":"GET /api/orders?page=1&limit=10&search=0015 401 123 - 2.260 ms","service":"bigpharma-api","timestamp":"2026-05-08 17:09:43"}
{"level":"info","message":"OPTIONS /api/orders?page=1&limit=10&search=0015 204 0 - 0.228 ms","service":"bigpharma-api","timestamp":"2026-05-08 17:09:53"}
{"level":"info","message":"GET /api/orders?page=1&limit=10&search=0015 401 123 - 2.193 ms","service":"bigpharma-api","timestamp":"2026-05-08 17:09:53"}
{"level":"info","message":"OPTIONS /api/orders?page=1&limit=10&search=0015 204 0 - 0.147 ms","service":"bigpharma-api","timestamp":"2026-05-08 17:10:03"}
{"level":"info","message":"GET /api/orders?page=1&limit=10&search=0015 401 123 - 2.286 ms","service":"bigpharma-api","timestamp":"2026-05-08 17:10:03"}
{"level":"info","message":"OPTIONS /api/orders?page=1&limit=10&search=0015 204 0 - 0.455 ms","service":"bigpharma-api","timestamp":"2026-05-08 17:10:13"}
{"level":"info","message":"GET /api/orders?page=1&limit=10&search=0015 401 123 - 4.008 ms","service":"bigpharma-api","timestamp":"2026-05-08 17:10:13"}
{"level":"info","message":"OPTIONS /api/orders?page=1&limit=10&search=0015 204 0 - 0.205 ms","service":"bigpharma-api","timestamp":"2026-05-08 17:10:23"}
{"level":"info","message":"GET /api/orders?page=1&limit=10&search=0015 401 123 - 3.198 ms","service":"bigpharma-api","timestamp":"2026-05-08 17:10:23"}
{"level":"info","message":"OPTIONS /api/orders?page=1&limit=10&search=0015 204 0 - 0.150 ms","service":"bigpharma-api","timestamp":"2026-05-08 17:10:33"}
{"level":"info","message":"GET /api/orders?page=1&limit=10&search=0015 401 123 - 3.488 ms","service":"bigpharma-api","timestamp":"2026-05-08 17:10:33"}
{"level":"info","message":"OPTIONS /api/orders?page=1&limit=10&search=0015 204 0 - 0.217 ms","service":"bigpharma-api","timestamp":"2026-05-08 17:10:43"}
{"level":"info","message":"GET /api/orders?page=1&limit=10&search=0015 401 123 - 2.158 ms","service":"bigpharma-api","timestamp":"2026-05-08 17:10:43"}
{"level":"info","message":"OPTIONS /api/orders?page=1&limit=10&search=0015 204 0 - 0.291 ms","service":"bigpharma-api","timestamp":"2026-05-08 17:10:53"}
{"level":"info","message":"GET /api/orders?page=1&limit=10&search=0015 401 123 - 2.871 ms","service":"bigpharma-api","timestamp":"2026-05-08 17:10:53"}
{"level":"info","message":"OPTIONS /api/orders?page=1&limit=10&search=0015 204 0 - 0.149 ms","service":"bigpharma-api","timestamp":"2026-05-08 17:11:03"}
{"level":"info","message":"GET /api/orders?page=1&limit=10&search=0015 401 123 - 2.829 ms","service":"bigpharma-api","timestamp":"2026-05-08 17:11:03"}
{"level":"info","message":"OPTIONS /api/orders?page=1&limit=10&search=0015 204 0 - 0.191 ms","service":"bigpharma-api","timestamp":"2026-05-08 17:11:13"}
{"level":"info","message":"GET /api/orders?page=1&limit=10&search=0015 401 123 - 2.280 ms","service":"bigpharma-api","timestamp":"2026-05-08 17:11:13"}
{"level":"info","message":"OPTIONS /api/orders?page=1&limit=10&search=0015 204 0 - 0.229 ms","service":"bigpharma-api","timestamp":"2026-05-08 17:11:23"}
{"level":"info","message":"GET /api/orders?page=1&limit=10&search=0015 401 123 - 2.838 ms","service":"bigpharma-api","timestamp":"2026-05-08 17:11:23"}
{"level":"info","message":"OPTIONS /api/orders?page=1&limit=10&search=0015 204 0 - 0.152 ms","service":"bigpharma-api","timestamp":"2026-05-08 17:11:33"}
{"level":"info","message":"GET /api/orders?page=1&limit=10&search=0015 401 123 - 2.110 ms","service":"bigpharma-api","timestamp":"2026-05-08 17:11:33"}
{"level":"info","message":"OPTIONS /api/orders?page=1&limit=10&search=0015 204 0 - 0.265 ms","service":"bigpharma-api","timestamp":"2026-05-08 17:11:43"}
{"level":"info","message":"GET /api/orders?page=1&limit=10&search=0015 401 123 - 3.084 ms","service":"bigpharma-api","timestamp":"2026-05-08 17:11:43"}
{"level":"info","message":"OPTIONS /api/orders?page=1&limit=10&search=0015 204 0 - 0.212 ms","service":"bigpharma-api","timestamp":"2026-05-08 17:11:53"}
{"level":"info","message":"GET /api/orders?page=1&limit=10&search=0015 401 123 - 3.068 ms","service":"bigpharma-api","timestamp":"2026-05-08 17:11:53"}
{"level":"info","message":"OPTIONS /api/orders?page=1&limit=10&search=0015 204 0 - 0.168 ms","service":"bigpharma-api","timestamp":"2026-05-08 17:12:03"}
{"level":"info","message":"GET /api/orders?page=1&limit=10&search=0015 401 123 - 2.335 ms","service":"bigpharma-api","timestamp":"2026-05-08 17:12:03"}
{"level":"info","message":"OPTIONS /api/orders?page=1&limit=10&search=0015 204 0 - 0.203 ms","service":"bigpharma-api","timestamp":"2026-05-08 17:12:13"}
{"level":"info","message":"GET /api/orders?page=1&limit=10&search=0015 401 123 - 3.200 ms","service":"bigpharma-api","timestamp":"2026-05-08 17:12:13"}
{"level":"info","message":"OPTIONS /api/orders?page=1&limit=10&search=0015 204 0 - 0.204 ms","service":"bigpharma-api","timestamp":"2026-05-08 17:12:23"}
{"level":"info","message":"GET /api/orders?page=1&limit=10&search=0015 401 123 - 2.199 ms","service":"bigpharma-api","timestamp":"2026-05-08 17:12:23"}
{"level":"info","message":"OPTIONS /api/orders?page=1&limit=10&search=0015 204 0 - 0.149 ms","service":"bigpharma-api","timestamp":"2026-05-08 17:12:33"}
{"level":"info","message":"GET /api/orders?page=1&limit=10&search=0015 401 123 - 3.217 ms","service":"bigpharma-api","timestamp":"2026-05-08 17:12:33"}
{"level":"info","message":"OPTIONS /api/orders?page=1&limit=10&search=0015 204 0 - 0.160 ms","service":"bigpharma-api","timestamp":"2026-05-08 17:12:43"}
{"level":"info","message":"GET /api/orders?page=1&limit=10&search=0015 401 123 - 2.236 ms","service":"bigpharma-api","timestamp":"2026-05-08 17:12:43"}
{"level":"info","message":"OPTIONS /api/orders?page=1&limit=10&search=0015 204 0 - 0.228 ms","service":"bigpharma-api","timestamp":"2026-05-08 17:12:53"}
{"level":"info","message":"GET /api/orders?page=1&limit=10&search=0015 401 123 - 2.315 ms","service":"bigpharma-api","timestamp":"2026-05-08 17:12:53"}
{"level":"info","message":"OPTIONS /api/orders?page=1&limit=10&search=0015 204 0 - 0.146 ms","service":"bigpharma-api","timestamp":"2026-05-08 17:13:03"}
{"level":"info","message":"GET /api/orders?page=1&limit=10&search=0015 401 123 - 3.042 ms","service":"bigpharma-api","timestamp":"2026-05-08 17:13:03"}
{"level":"info","message":"OPTIONS /api/orders?page=1&limit=10&search=0015 204 0 - 0.167 ms","service":"bigpharma-api","timestamp":"2026-05-08 17:13:13"}
{"level":"info","message":"GET /api/orders?page=1&limit=10&search=0015 401 123 - 3.088 ms","service":"bigpharma-api","timestamp":"2026-05-08 17:13:13"}
{"level":"info","message":"OPTIONS /api/orders?page=1&limit=10&search=0015 204 0 - 0.216 ms","service":"bigpharma-api","timestamp":"2026-05-08 17:13:23"}
{"level":"info","message":"GET /api/orders?page=1&limit=10&search=0015 401 123 - 2.175 ms","service":"bigpharma-api","timestamp":"2026-05-08 17:13:23"}
{"level":"info","message":"OPTIONS /api/orders?page=1&limit=10&search=0015 204 0 - 0.454 ms","service":"bigpharma-api","timestamp":"2026-05-08 17:13:33"}
{"level":"info","message":"GET /api/orders?page=1&limit=10&search=0015 401 123 - 2.869 ms","service":"bigpharma-api","timestamp":"2026-05-08 17:13:33"}
{"level":"info","message":"OPTIONS /api/orders?page=1&limit=10&search=0015 204 0 - 0.213 ms","service":"bigpharma-api","timestamp":"2026-05-08 17:13:43"}
{"level":"info","message":"GET /api/orders?page=1&limit=10&search=0015 401 123 - 2.001 ms","service":"bigpharma-api","timestamp":"2026-05-08 17:13:43"}
{"level":"info","message":"OPTIONS /api/orders?page=1&limit=10&search=0015 204 0 - 0.129 ms","service":"bigpharma-api","timestamp":"2026-05-08 17:13:53"}
{"level":"info","message":"GET /api/orders?page=1&limit=10&search=0015 401 123 - 1.984 ms","service":"bigpharma-api","timestamp":"2026-05-08 17:13:53"}
{"level":"info","message":"OPTIONS /api/orders?page=1&limit=10&search=0015 204 0 - 0.172 ms","service":"bigpharma-api","timestamp":"2026-05-08 17:14:03"}
{"level":"info","message":"GET /api/orders?page=1&limit=10&search=0015 401 123 - 5.867 ms","service":"bigpharma-api","timestamp":"2026-05-08 17:14:03"}
{"level":"info","message":"OPTIONS /api/products 204 0 - 0.319 ms","service":"bigpharma-api","timestamp":"2026-05-08 17:14:12"}
{"level":"info","message":"OPTIONS /api/sales?page=1&limit=50 204 0 - 0.278 ms","service":"bigpharma-api","timestamp":"2026-05-08 17:14:12"}
{"level":"info","message":"OPTIONS /api/finance 204 0 - 0.264 ms","service":"bigpharma-api","timestamp":"2026-05-08 17:14:12"}
{"level":"info","message":"OPTIONS /api/clients?page=1&limit=50 204 0 - 0.218 ms","service":"bigpharma-api","timestamp":"2026-05-08 17:14:12"}
{"level":"info","message":"GET /api/sales?page=1&limit=50 401 123 - 5.280 ms","service":"bigpharma-api","timestamp":"2026-05-08 17:14:12"}
{"level":"info","message":"OPTIONS /api/activityLogs 204 0 - 0.235 ms","service":"bigpharma-api","timestamp":"2026-05-08 17:14:12"}
{"level":"info","message":"GET /api/finance 401 123 - 4.281 ms","service":"bigpharma-api","timestamp":"2026-05-08 17:14:12"}
{"level":"info","message":"GET /api/clients?page=1&limit=50 401 123 - 5.224 ms","service":"bigpharma-api","timestamp":"2026-05-08 17:14:12"}
{"level":"info","message":"GET /api/activityLogs 401 123 - 1.952 ms","service":"bigpharma-api","timestamp":"2026-05-08 17:14:12"}
{"level":"info","message":"GET /api/products 304 - - 79.526 ms","service":"bigpharma-api","timestamp":"2026-05-08 17:14:12"}
{"level":"info","message":"OPTIONS /api/products 204 0 - 0.235 ms","service":"bigpharma-api","timestamp":"2026-05-08 17:14:28"}
{"level":"info","message":"GET /api/products 304 - - 11.908 ms","service":"bigpharma-api","timestamp":"2026-05-08 17:14:28"}
{"level":"info","message":"OPTIONS /api/clients?page=1&limit=50 204 0 - 0.490 ms","service":"bigpharma-api","timestamp":"2026-05-08 17:14:39"}
{"level":"info","message":"GET /api/clients?page=1&limit=50 401 123 - 2.194 ms","service":"bigpharma-api","timestamp":"2026-05-08 17:14:39"}
