{"level":"info","message":"OPTIONS /api/auth/login 204 0 - 3.419 ms","service":"bigpharma-api","timestamp":"2026-05-18 09:55:15"}
{"level":"info","message":"POST /api/auth/login 200 - - 222.072 ms","service":"bigpharma-api","timestamp":"2026-05-18 09:55:16"}
{"level":"info","message":"OPTIONS /api/notifications 204 0 - 0.131 ms","service":"bigpharma-api","timestamp":"2026-05-18 09:55:16"}
{"level":"info","message":"OPTIONS /api/products?limit=4 204 0 - 0.129 ms","service":"bigpharma-api","timestamp":"2026-05-18 09:55:16"}
{"level":"info","message":"OPTIONS /api/products?limit=10&page=1 204 0 - 0.093 ms","service":"bigpharma-api","timestamp":"2026-05-18 09:55:16"}
{"level":"info","message":"GET /api/products?limit=4 200 - - 59.372 ms","service":"bigpharma-api","timestamp":"2026-05-18 09:55:16"}
{"level":"info","message":"GET /api/notifications 200 - - 73.762 ms","service":"bigpharma-api","timestamp":"2026-05-18 09:55:16"}
{"level":"info","message":"GET /api/products?limit=10&page=1 200 - - 54.571 ms","service":"bigpharma-api","timestamp":"2026-05-18 09:55:16"}
{"level":"info","message":"OPTIONS /api/auth/login 204 0 - 2.530 ms","service":"bigpharma-api","timestamp":"2026-05-18 11:28:09"}
{"level":"info","message":"POST /api/auth/login 200 - - 260.616 ms","service":"bigpharma-api","timestamp":"2026-05-18 11:28:09"}
{"level":"info","message":"OPTIONS /api/notifications 204 0 - 0.086 ms","service":"bigpharma-api","timestamp":"2026-05-18 11:28:09"}
{"level":"info","message":"OPTIONS /api/products?limit=4 204 0 - 0.111 ms","service":"bigpharma-api","timestamp":"2026-05-18 11:28:09"}
{"level":"info","message":"OPTIONS /api/products?limit=10&page=1 204 0 - 0.123 ms","service":"bigpharma-api","timestamp":"2026-05-18 11:28:09"}
{"level":"info","message":"GET /api/products?limit=4 200 - - 55.007 ms","service":"bigpharma-api","timestamp":"2026-05-18 11:28:09"}
{"level":"info","message":"GET /api/notifications 200 - - 64.152 ms","service":"bigpharma-api","timestamp":"2026-05-18 11:28:09"}
{"level":"info","message":"GET /api/products?limit=10&page=1 200 - - 52.187 ms","service":"bigpharma-api","timestamp":"2026-05-18 11:28:09"}
{"level":"info","message":"OPTIONS /api/auth/login 204 0 - 0.100 ms","service":"bigpharma-api","timestamp":"2026-05-18 11:29:12"}
{"level":"info","message":"POST /api/auth/login 200 - - 99.088 ms","service":"bigpharma-api","timestamp":"2026-05-18 11:29:12"}
{"level":"info","message":"OPTIONS /api/notifications 204 0 - 0.080 ms","service":"bigpharma-api","timestamp":"2026-05-18 11:29:12"}
{"level":"info","message":"OPTIONS /api/sales?page=1&limit=50 204 0 - 0.100 ms","service":"bigpharma-api","timestamp":"2026-05-18 11:29:12"}
{"level":"info","message":"OPTIONS /api/products 204 0 - 0.105 ms","service":"bigpharma-api","timestamp":"2026-05-18 11:29:12"}
{"level":"info","message":"OPTIONS /api/finance/summary? 204 0 - 0.060 ms","service":"bigpharma-api","timestamp":"2026-05-18 11:29:12"}
{"level":"info","message":"OPTIONS /api/clients?page=1&limit=50 204 0 - 0.052 ms","service":"bigpharma-api","timestamp":"2026-05-18 11:29:12"}
{"level":"info","message":"OPTIONS /api/activityLogs 204 0 - 0.059 ms","service":"bigpharma-api","timestamp":"2026-05-18 11:29:12"}
{"level":"info","message":"GET /api/notifications 200 - - 55.376 ms","service":"bigpharma-api","timestamp":"2026-05-18 11:29:12"}
{"level":"info","message":"GET /api/finance/summary? 200 - - 102.355 ms","service":"bigpharma-api","timestamp":"2026-05-18 11:29:12"}
{"level":"info","message":"GET /api/products 200 - - 122.985 ms","service":"bigpharma-api","timestamp":"2026-05-18 11:29:12"}
{"level":"info","message":"GET /api/sales?page=1&limit=50 200 - - 149.145 ms","service":"bigpharma-api","timestamp":"2026-05-18 11:29:12"}
{"level":"info","message":"GET /api/activityLogs 200 - - 111.894 ms","service":"bigpharma-api","timestamp":"2026-05-18 11:29:12"}
{"level":"info","message":"GET /api/clients?page=1&limit=50 200 - - 170.494 ms","service":"bigpharma-api","timestamp":"2026-05-18 11:29:12"}
{"level":"info","message":"OPTIONS /api/settings/profile 204 0 - 0.103 ms","service":"bigpharma-api","timestamp":"2026-05-18 11:29:35"}
{"level":"info","message":"GET /api/settings/profile 200 234 - 37.991 ms","service":"bigpharma-api","timestamp":"2026-05-18 11:29:35"}
{"level":"info","message":"OPTIONS /api/auth/me 204 0 - 0.374 ms","service":"bigpharma-api","timestamp":"2026-05-18 11:29:37"}
{"level":"info","message":"GET /api/auth/me 200 936 - 18.581 ms","service":"bigpharma-api","timestamp":"2026-05-18 11:29:37"}
{"level":"info","message":"GET /api/settings/profile 304 - - 15.050 ms","service":"bigpharma-api","timestamp":"2026-05-18 11:29:37"}
{"level":"info","message":"OPTIONS /api/products 204 0 - 0.116 ms","service":"bigpharma-api","timestamp":"2026-05-18 11:29:38"}
{"level":"info","message":"OPTIONS /api/sales?page=1&limit=50 204 0 - 0.156 ms","service":"bigpharma-api","timestamp":"2026-05-18 11:29:38"}
{"level":"info","message":"OPTIONS /api/finance/summary? 204 0 - 0.158 ms","service":"bigpharma-api","timestamp":"2026-05-18 11:29:38"}
{"level":"info","message":"OPTIONS /api/clients?page=1&limit=50 204 0 - 0.067 ms","service":"bigpharma-api","timestamp":"2026-05-18 11:29:38"}
{"level":"info","message":"OPTIONS /api/activityLogs 204 0 - 0.207 ms","service":"bigpharma-api","timestamp":"2026-05-18 11:29:38"}
{"level":"info","message":"GET /api/finance/summary? 304 - - 55.066 ms","service":"bigpharma-api","timestamp":"2026-05-18 11:29:38"}
{"level":"info","message":"GET /api/activityLogs 304 - - 57.859 ms","service":"bigpharma-api","timestamp":"2026-05-18 11:29:38"}
{"level":"info","message":"GET /api/sales?page=1&limit=50 304 - - 72.457 ms","service":"bigpharma-api","timestamp":"2026-05-18 11:29:38"}
{"level":"info","message":"GET /api/products 200 - - 69.865 ms","service":"bigpharma-api","timestamp":"2026-05-18 11:29:38"}
{"level":"info","message":"GET /api/clients?page=1&limit=50 304 - - 78.584 ms","service":"bigpharma-api","timestamp":"2026-05-18 11:29:38"}
{"level":"info","message":"OPTIONS /api/settings/profile 204 0 - 0.130 ms","service":"bigpharma-api","timestamp":"2026-05-18 11:29:41"}
{"level":"info","message":"GET /api/auth/me 304 - - 13.478 ms","service":"bigpharma-api","timestamp":"2026-05-18 11:29:41"}
{"level":"info","message":"GET /api/settings/profile 304 - - 13.899 ms","service":"bigpharma-api","timestamp":"2026-05-18 11:29:41"}
{"level":"info","message":"GET /api/finance/summary? 304 - - 48.912 ms","service":"bigpharma-api","timestamp":"2026-05-18 11:29:41"}
{"level":"info","message":"GET /api/activityLogs 304 - - 49.440 ms","service":"bigpharma-api","timestamp":"2026-05-18 11:29:41"}
{"level":"info","message":"GET /api/sales?page=1&limit=50 304 - - 66.283 ms","service":"bigpharma-api","timestamp":"2026-05-18 11:29:41"}
{"level":"info","message":"GET /api/products 200 - - 68.124 ms","service":"bigpharma-api","timestamp":"2026-05-18 11:29:41"}
{"level":"info","message":"GET /api/clients?page=1&limit=50 304 - - 72.336 ms","service":"bigpharma-api","timestamp":"2026-05-18 11:29:41"}
{"level":"info","message":"OPTIONS /api/auth/me 204 0 - 0.163 ms","service":"bigpharma-api","timestamp":"2026-05-18 11:36:19"}
{"level":"info","message":"GET /api/auth/me 200 942 - 9.695 ms","service":"bigpharma-api","timestamp":"2026-05-18 11:36:19"}
{"level":"info","message":"GET /api/auth/me 304 - - 10.479 ms","service":"bigpharma-api","timestamp":"2026-05-18 11:36:21"}
{"level":"info","message":"OPTIONS /api/invoices/my 204 0 - 0.189 ms","service":"bigpharma-api","timestamp":"2026-05-18 11:36:39"}
{"level":"info","message":"GET /api/invoices/my 200 790 - 11.565 ms","service":"bigpharma-api","timestamp":"2026-05-18 11:36:39"}
{"level":"info","message":"OPTIONS /api/products 204 0 - 0.071 ms","service":"bigpharma-api","timestamp":"2026-05-18 11:36:54"}
{"level":"info","message":"GET /api/products 200 - - 13.578 ms","service":"bigpharma-api","timestamp":"2026-05-18 11:36:54"}
{"level":"info","message":"OPTIONS /api/products 204 0 - 0.093 ms","service":"bigpharma-api","timestamp":"2026-05-18 11:44:24"}
{"level":"info","message":"GET /api/products 200 - - 14.541 ms","service":"bigpharma-api","timestamp":"2026-05-18 11:44:24"}
{"level":"info","message":"OPTIONS /api/auth/me 204 0 - 0.800 ms","service":"bigpharma-api","timestamp":"2026-05-18 12:06:18"}
{"level":"info","message":"GET /api/auth/me 401 115 - 8.134 ms","service":"bigpharma-api","timestamp":"2026-05-18 12:06:18"}
{"level":"info","message":"OPTIONS /api/notifications 204 0 - 0.200 ms","service":"bigpharma-api","timestamp":"2026-05-18 12:06:19"}
{"level":"info","message":"OPTIONS /api/products 204 0 - 0.112 ms","service":"bigpharma-api","timestamp":"2026-05-18 12:06:19"}
{"level":"info","message":"OPTIONS /api/sales?page=1&limit=50 204 0 - 0.107 ms","service":"bigpharma-api","timestamp":"2026-05-18 12:06:19"}
{"level":"info","message":"OPTIONS /api/finance/summary? 204 0 - 0.111 ms","service":"bigpharma-api","timestamp":"2026-05-18 12:06:19"}
{"level":"info","message":"OPTIONS /api/clients?page=1&limit=50 204 0 - 0.090 ms","service":"bigpharma-api","timestamp":"2026-05-18 12:06:19"}
{"level":"info","message":"GET /api/sales?page=1&limit=50 401 111 - 0.673 ms","service":"bigpharma-api","timestamp":"2026-05-18 12:06:19"}
{"level":"info","message":"GET /api/notifications 401 115 - 1.388 ms","service":"bigpharma-api","timestamp":"2026-05-18 12:06:19"}
{"level":"info","message":"OPTIONS /api/activityLogs 204 0 - 0.156 ms","service":"bigpharma-api","timestamp":"2026-05-18 12:06:19"}
{"level":"info","message":"GET /api/finance/summary? 401 111 - 0.890 ms","service":"bigpharma-api","timestamp":"2026-05-18 12:06:19"}
{"level":"info","message":"GET /api/clients?page=1&limit=50 401 111 - 0.309 ms","service":"bigpharma-api","timestamp":"2026-05-18 12:06:19"}
{"level":"info","message":"GET /api/activityLogs 401 111 - 0.415 ms","service":"bigpharma-api","timestamp":"2026-05-18 12:06:19"}
{"level":"info","message":"GET /api/products 200 - - 29.365 ms","service":"bigpharma-api","timestamp":"2026-05-18 12:06:19"}
{"level":"info","message":"OPTIONS /api/products 204 0 - 0.116 ms","service":"bigpharma-api","timestamp":"2026-05-18 12:06:35"}
{"level":"info","message":"GET /api/products 200 - - 9.938 ms","service":"bigpharma-api","timestamp":"2026-05-18 12:06:35"}
