{"level":"info","message":"Redis caching disabled (no REDIS_HOST provided)","service":"bigpharma-api","timestamp":"2026-05-28 19:13:45"}
{"level":"info","message":"OPTIONS /api/auth/login 204 0 - 2.076 ms","service":"bigpharma-api","timestamp":"2026-05-28 19:15:54"}
{"level":"info","message":"POST /api/auth/login 200 - - 334.939 ms","service":"bigpharma-api","timestamp":"2026-05-28 19:15:55"}
{"level":"info","message":"OPTIONS /api/notifications 204 0 - 0.235 ms","service":"bigpharma-api","timestamp":"2026-05-28 19:15:55"}
{"level":"info","message":"OPTIONS /api/sales?page=1&limit=50 204 0 - 0.246 ms","service":"bigpharma-api","timestamp":"2026-05-28 19:15:55"}
{"level":"info","message":"OPTIONS /api/finance/summary? 204 0 - 0.135 ms","service":"bigpharma-api","timestamp":"2026-05-28 19:15:55"}
{"level":"info","message":"OPTIONS /api/products?page=1&limit=1000 204 0 - 0.137 ms","service":"bigpharma-api","timestamp":"2026-05-28 19:15:55"}
{"level":"info","message":"GET /api/notifications 200 - - 91.135 ms","service":"bigpharma-api","timestamp":"2026-05-28 19:15:55"}
{"level":"info","message":"GET /api/products?page=1&limit=1000 200 - - 130.620 ms","service":"bigpharma-api","timestamp":"2026-05-28 19:15:55"}
{"level":"info","message":"GET /api/sales?page=1&limit=50 200 - - 165.460 ms","service":"bigpharma-api","timestamp":"2026-05-28 19:15:55"}
{"level":"info","message":"GET /api/finance/summary? 200 - - 151.723 ms","service":"bigpharma-api","timestamp":"2026-05-28 19:15:55"}
{"level":"info","message":"OPTIONS /api/orders?page=1&limit=10 204 0 - 0.158 ms","service":"bigpharma-api","timestamp":"2026-05-28 19:16:06"}
{"level":"info","message":"GET /api/orders?page=1&limit=10 200 - - 126.774 ms","service":"bigpharma-api","timestamp":"2026-05-28 19:16:07"}
{"level":"info","message":"OPTIONS /api/clients?page=1&limit=1000 204 0 - 0.185 ms","service":"bigpharma-api","timestamp":"2026-05-28 19:16:10"}
{"level":"info","message":"GET /api/clients?page=1&limit=1000 200 - - 38.189 ms","service":"bigpharma-api","timestamp":"2026-05-28 19:16:10"}
{"level":"info","message":"OPTIONS /api/orders?page=1&limit=10 204 0 - 0.180 ms","service":"bigpharma-api","timestamp":"2026-05-28 19:17:00"}
{"level":"info","message":"GET /api/orders?page=1&limit=10 200 - - 56.423 ms","service":"bigpharma-api","timestamp":"2026-05-28 19:17:00"}
{"level":"info","message":"OPTIONS /api/auth/login 204 0 - 0.144 ms","service":"bigpharma-api","timestamp":"2026-05-28 19:17:39"}
{"level":"info","message":"POST /api/auth/login 401 120 - 79.426 ms","service":"bigpharma-api","timestamp":"2026-05-28 19:17:39"}
{"level":"info","message":"OPTIONS /api/orders?page=1&limit=10 204 0 - 0.083 ms","service":"bigpharma-api","timestamp":"2026-05-28 19:18:30"}
{"level":"info","message":"GET /api/orders?page=1&limit=10 304 - - 38.611 ms","service":"bigpharma-api","timestamp":"2026-05-28 19:18:30"}
{"level":"info","message":"OPTIONS /api/auth/login 204 0 - 0.169 ms","service":"bigpharma-api","timestamp":"2026-05-28 19:19:03"}
{"level":"info","message":"POST /api/auth/login 200 - - 118.922 ms","service":"bigpharma-api","timestamp":"2026-05-28 19:19:03"}
{"level":"info","message":"OPTIONS /api/notifications 204 0 - 0.152 ms","service":"bigpharma-api","timestamp":"2026-05-28 19:19:04"}
{"level":"info","message":"OPTIONS /api/products?limit=10&page=1 204 0 - 0.141 ms","service":"bigpharma-api","timestamp":"2026-05-28 19:19:04"}
{"level":"info","message":"OPTIONS /api/products?limit=4 204 0 - 0.207 ms","service":"bigpharma-api","timestamp":"2026-05-28 19:19:04"}
{"level":"info","message":"GET /api/notifications 200 - - 22.141 ms","service":"bigpharma-api","timestamp":"2026-05-28 19:19:04"}
{"level":"info","message":"GET /api/products?limit=4 200 - - 35.362 ms","service":"bigpharma-api","timestamp":"2026-05-28 19:19:04"}
{"level":"info","message":"GET /api/products?limit=10&page=1 200 - - 35.782 ms","service":"bigpharma-api","timestamp":"2026-05-28 19:19:04"}
{"level":"info","message":"OPTIONS /api/reviews/product/6a11c8cf0d4910633151d20c 204 0 - 0.200 ms","service":"bigpharma-api","timestamp":"2026-05-28 19:19:23"}
{"level":"info","message":"GET /api/reviews/product/6a11c8cf0d4910633151d20c 200 126 - 15.295 ms","service":"bigpharma-api","timestamp":"2026-05-28 19:19:23"}
{"level":"info","message":"OPTIONS /api/orders 204 0 - 0.105 ms","service":"bigpharma-api","timestamp":"2026-05-28 19:19:36"}
{"level":"info","message":"Email sent to karmaceleste426@gmail.com | subject=Confirmation de commande CMD-2026-0026 | messageId=<3202790c-2f3c-e66e-8d9d-2bdcb472c799@gmail.com>","service":"bigpharma-api","timestamp":"2026-05-28 19:19:41"}
{"level":"info","message":"POST /api/orders 201 - - 4860.985 ms","service":"bigpharma-api","timestamp":"2026-05-28 19:19:41"}
{"level":"info","message":"OPTIONS /api/orders/my 204 0 - 0.177 ms","service":"bigpharma-api","timestamp":"2026-05-28 19:19:41"}
{"level":"info","message":"GET /api/orders/my 200 - - 25.343 ms","service":"bigpharma-api","timestamp":"2026-05-28 19:19:41"}
{"level":"info","message":"OPTIONS /api/orders?page=1&limit=10 204 0 - 0.068 ms","service":"bigpharma-api","timestamp":"2026-05-28 19:20:00"}
{"level":"info","message":"GET /api/orders?page=1&limit=10 200 - - 45.262 ms","service":"bigpharma-api","timestamp":"2026-05-28 19:20:00"}
{"level":"info","message":"OPTIONS /api/orders?page=1&limit=10 204 0 - 0.101 ms","service":"bigpharma-api","timestamp":"2026-05-28 19:20:12"}
{"level":"info","message":"GET /api/orders?page=1&limit=10 200 - - 43.259 ms","service":"bigpharma-api","timestamp":"2026-05-28 19:20:12"}
{"level":"info","message":"OPTIONS /api/orders/6a188738745c6a94f0b1fe3e/status 204 0 - 0.177 ms","service":"bigpharma-api","timestamp":"2026-05-28 19:20:35"}
{"level":"info","message":"Email sent to karmaceleste426@gmail.com | subject=Commande CMD-2026-0026 : en préparation | messageId=<e51d564c-50b0-6b98-8f08-dea39b4e17c9@gmail.com>","service":"bigpharma-api","timestamp":"2026-05-28 19:20:38"}
{"level":"info","message":"Email sent to karmaceleste426@gmail.com | subject=Facture FAC-2026-00005 disponible | messageId=<6c3def5f-da65-392d-32ae-1585f18c7839@gmail.com>","service":"bigpharma-api","timestamp":"2026-05-28 19:20:42"}
{"level":"info","message":"PUT /api/orders/6a188738745c6a94f0b1fe3e/status 200 - - 7003.571 ms","service":"bigpharma-api","timestamp":"2026-05-28 19:20:42"}
{"level":"info","message":"OPTIONS /api/orders?page=1&limit=10 204 0 - 0.293 ms","service":"bigpharma-api","timestamp":"2026-05-28 19:20:42"}
{"level":"info","message":"GET /api/orders?page=1&limit=10 200 - - 46.728 ms","service":"bigpharma-api","timestamp":"2026-05-28 19:20:42"}
{"level":"info","message":"OPTIONS /api/orders/6a188738745c6a94f0b1fe3e/status 204 0 - 0.321 ms","service":"bigpharma-api","timestamp":"2026-05-28 19:20:50"}
{"level":"info","message":"Email sent to karmaceleste426@gmail.com | subject=Commande CMD-2026-0026 : prête pour récupération | messageId=<41ca32c7-3731-f60d-7b85-87b61b00f22c@gmail.com>","service":"bigpharma-api","timestamp":"2026-05-28 19:20:53"}
{"level":"info","message":"PUT /api/orders/6a188738745c6a94f0b1fe3e/status 200 - - 2813.405 ms","service":"bigpharma-api","timestamp":"2026-05-28 19:20:53"}
{"level":"info","message":"OPTIONS /api/orders?page=1&limit=10 204 0 - 0.141 ms","service":"bigpharma-api","timestamp":"2026-05-28 19:20:53"}
{"level":"info","message":"GET /api/orders?page=1&limit=10 200 - - 49.436 ms","service":"bigpharma-api","timestamp":"2026-05-28 19:20:53"}
{"level":"info","message":"OPTIONS /api/orders/my 204 0 - 0.130 ms","service":"bigpharma-api","timestamp":"2026-05-28 19:21:02"}
{"level":"info","message":"GET /api/orders/my 200 - - 54.159 ms","service":"bigpharma-api","timestamp":"2026-05-28 19:21:02"}
{"level":"info","message":"OPTIONS /api/orders/my 204 0 - 0.125 ms","service":"bigpharma-api","timestamp":"2026-05-28 19:21:11"}
{"level":"info","message":"GET /api/orders/my 304 - - 24.232 ms","service":"bigpharma-api","timestamp":"2026-05-28 19:21:11"}
{"level":"info","message":"OPTIONS /api/orders/6a188738745c6a94f0b1fe3e/status 204 0 - 0.107 ms","service":"bigpharma-api","timestamp":"2026-05-28 19:21:13"}
{"level":"info","message":"Email sent to karmaceleste426@gmail.com | subject=Commande CMD-2026-0026 : validée (récupérée) | messageId=<09af10d1-2d40-9953-2178-630c47418706@gmail.com>","service":"bigpharma-api","timestamp":"2026-05-28 19:21:16"}
{"level":"info","message":"PUT /api/orders/6a188738745c6a94f0b1fe3e/status 200 - - 2897.711 ms","service":"bigpharma-api","timestamp":"2026-05-28 19:21:16"}
{"level":"info","message":"OPTIONS /api/orders?page=1&limit=10 204 0 - 0.098 ms","service":"bigpharma-api","timestamp":"2026-05-28 19:21:16"}
{"level":"info","message":"GET /api/orders?page=1&limit=10 200 - - 37.969 ms","service":"bigpharma-api","timestamp":"2026-05-28 19:21:16"}
{"level":"info","message":"OPTIONS /api/orders/my 204 0 - 0.097 ms","service":"bigpharma-api","timestamp":"2026-05-28 19:21:21"}
{"level":"info","message":"GET /api/orders/my 200 - - 24.914 ms","service":"bigpharma-api","timestamp":"2026-05-28 19:21:21"}
{"level":"info","message":"OPTIONS /api/orders/6a076b52e9a373bf37e1966b/status 204 0 - 0.103 ms","service":"bigpharma-api","timestamp":"2026-05-28 19:21:28"}
{"level":"info","message":"Email sent to oyereceleste172@gmail.com | subject=Commande CMD-2026-0022 : annulée | messageId=<dad334a1-1b8e-eb90-6e76-65f256c85609@gmail.com>","service":"bigpharma-api","timestamp":"2026-05-28 19:21:31"}
{"level":"info","message":"PUT /api/orders/6a076b52e9a373bf37e1966b/status 200 - - 2795.139 ms","service":"bigpharma-api","timestamp":"2026-05-28 19:21:31"}
{"level":"info","message":"OPTIONS /api/orders?page=1&limit=10 204 0 - 0.139 ms","service":"bigpharma-api","timestamp":"2026-05-28 19:21:31"}
{"level":"info","message":"GET /api/orders?page=1&limit=10 200 - - 38.264 ms","service":"bigpharma-api","timestamp":"2026-05-28 19:21:31"}
{"level":"info","message":"OPTIONS /api/orders/my 204 0 - 0.066 ms","service":"bigpharma-api","timestamp":"2026-05-28 19:21:31"}
{"level":"info","message":"GET /api/orders/my 200 - - 22.177 ms","service":"bigpharma-api","timestamp":"2026-05-28 19:21:31"}
{"level":"info","message":"OPTIONS /api/orders/6a188738745c6a94f0b1fe3e/invoice 204 0 - 0.206 ms","service":"bigpharma-api","timestamp":"2026-05-28 19:21:33"}
{"level":"info","message":"GET /api/orders/6a188738745c6a94f0b1fe3e/invoice 200 747 - 26.612 ms","service":"bigpharma-api","timestamp":"2026-05-28 19:21:33"}
{"level":"info","message":"OPTIONS /api/invoices/6a188773745c6a94f0b1ff1b/pdf 204 0 - 0.104 ms","service":"bigpharma-api","timestamp":"2026-05-28 19:21:37"}
{"level":"info","message":"GET /api/invoices/6a188773745c6a94f0b1ff1b/pdf 200 1936 - 47.198 ms","service":"bigpharma-api","timestamp":"2026-05-28 19:21:37"}
{"level":"info","message":"OPTIONS /api/orders/my 204 0 - 0.161 ms","service":"bigpharma-api","timestamp":"2026-05-28 19:21:41"}
{"level":"info","message":"GET /api/orders/my 304 - - 27.890 ms","service":"bigpharma-api","timestamp":"2026-05-28 19:21:41"}
{"level":"info","message":"OPTIONS /api/orders/my 204 0 - 0.074 ms","service":"bigpharma-api","timestamp":"2026-05-28 19:21:51"}
{"level":"info","message":"GET /api/orders/my 304 - - 23.046 ms","service":"bigpharma-api","timestamp":"2026-05-28 19:21:51"}
{"level":"info","message":"OPTIONS /api/activityLogs 204 0 - 0.116 ms","service":"bigpharma-api","timestamp":"2026-05-28 19:21:52"}
{"level":"info","message":"GET /api/activityLogs 200 - - 24.968 ms","service":"bigpharma-api","timestamp":"2026-05-28 19:21:52"}
{"level":"info","message":"OPTIONS /api/orders/my 204 0 - 0.112 ms","service":"bigpharma-api","timestamp":"2026-05-28 19:22:01"}
{"level":"info","message":"GET /api/orders/my 304 - - 25.438 ms","service":"bigpharma-api","timestamp":"2026-05-28 19:22:01"}
{"level":"info","message":"OPTIONS /api/orders/my 204 0 - 0.196 ms","service":"bigpharma-api","timestamp":"2026-05-28 19:22:11"}
{"level":"info","message":"GET /api/orders/my 304 - - 30.703 ms","service":"bigpharma-api","timestamp":"2026-05-28 19:22:11"}
{"level":"info","message":"OPTIONS /api/finance/summary? 204 0 - 0.107 ms","service":"bigpharma-api","timestamp":"2026-05-28 19:22:21"}
{"level":"info","message":"GET /api/finance/summary? 200 - - 20.647 ms","service":"bigpharma-api","timestamp":"2026-05-28 19:22:21"}
{"level":"info","message":"OPTIONS /api/orders/my 204 0 - 0.061 ms","service":"bigpharma-api","timestamp":"2026-05-28 19:22:21"}
{"level":"info","message":"GET /api/orders/my 304 - - 30.208 ms","service":"bigpharma-api","timestamp":"2026-05-28 19:22:21"}
{"level":"info","message":"OPTIONS /api/orders/my 204 0 - 0.105 ms","service":"bigpharma-api","timestamp":"2026-05-28 19:22:31"}
{"level":"info","message":"GET /api/orders/my 304 - - 26.693 ms","service":"bigpharma-api","timestamp":"2026-05-28 19:22:31"}
{"level":"info","message":"OPTIONS /api/orders/my 204 0 - 0.113 ms","service":"bigpharma-api","timestamp":"2026-05-28 19:22:41"}
{"level":"info","message":"GET /api/orders/my 304 - - 33.106 ms","service":"bigpharma-api","timestamp":"2026-05-28 19:22:41"}
{"level":"info","message":"OPTIONS /api/orders/my 204 0 - 0.272 ms","service":"bigpharma-api","timestamp":"2026-05-28 19:22:51"}
{"level":"info","message":"GET /api/orders/my 304 - - 24.315 ms","service":"bigpharma-api","timestamp":"2026-05-28 19:22:51"}
{"level":"info","message":"OPTIONS /api/orders/my 204 0 - 0.096 ms","service":"bigpharma-api","timestamp":"2026-05-28 19:23:01"}
{"level":"info","message":"GET /api/orders/my 304 - - 20.992 ms","service":"bigpharma-api","timestamp":"2026-05-28 19:23:01"}
{"level":"info","message":"OPTIONS /api/settings/profile 204 0 - 0.114 ms","service":"bigpharma-api","timestamp":"2026-05-28 19:23:04"}
{"level":"info","message":"GET /api/settings/profile 200 234 - 18.596 ms","service":"bigpharma-api","timestamp":"2026-05-28 19:23:04"}
{"level":"info","message":"OPTIONS /api/orders/my 204 0 - 0.070 ms","service":"bigpharma-api","timestamp":"2026-05-28 19:23:11"}
{"level":"info","message":"GET /api/orders/my 304 - - 25.556 ms","service":"bigpharma-api","timestamp":"2026-05-28 19:23:11"}
{"level":"info","message":"OPTIONS /api/users/staff 204 0 - 0.157 ms","service":"bigpharma-api","timestamp":"2026-05-28 19:23:19"}
{"level":"info","message":"GET /api/users/staff 200 - - 23.384 ms","service":"bigpharma-api","timestamp":"2026-05-28 19:23:19"}
{"level":"info","message":"OPTIONS /api/orders/my 204 0 - 0.179 ms","service":"bigpharma-api","timestamp":"2026-05-28 19:23:21"}
{"level":"info","message":"GET /api/orders/my 304 - - 21.889 ms","service":"bigpharma-api","timestamp":"2026-05-28 19:23:21"}
{"level":"info","message":"OPTIONS /api/orders/my 204 0 - 0.302 ms","service":"bigpharma-api","timestamp":"2026-05-28 19:23:31"}
{"level":"info","message":"GET /api/orders/my 304 - - 35.826 ms","service":"bigpharma-api","timestamp":"2026-05-28 19:23:31"}
{"level":"info","message":"OPTIONS /api/orders/my 204 0 - 0.140 ms","service":"bigpharma-api","timestamp":"2026-05-28 19:23:41"}
{"level":"info","message":"GET /api/orders/my 304 - - 30.994 ms","service":"bigpharma-api","timestamp":"2026-05-28 19:23:41"}
{"level":"info","message":"OPTIONS /api/orders/my 204 0 - 0.091 ms","service":"bigpharma-api","timestamp":"2026-05-28 19:23:51"}
{"level":"info","message":"GET /api/orders/my 304 - - 20.168 ms","service":"bigpharma-api","timestamp":"2026-05-28 19:23:51"}
{"level":"info","message":"OPTIONS /api/orders/my 204 0 - 0.128 ms","service":"bigpharma-api","timestamp":"2026-05-28 19:24:01"}
{"level":"info","message":"GET /api/orders/my 304 - - 25.719 ms","service":"bigpharma-api","timestamp":"2026-05-28 19:24:01"}
{"level":"info","message":"OPTIONS /api/orders/my 204 0 - 0.108 ms","service":"bigpharma-api","timestamp":"2026-05-28 19:24:11"}
{"level":"info","message":"GET /api/orders/my 304 - - 26.301 ms","service":"bigpharma-api","timestamp":"2026-05-28 19:24:11"}
{"level":"info","message":"OPTIONS /api/settings/profile 204 0 - 0.130 ms","service":"bigpharma-api","timestamp":"2026-05-28 19:24:16"}
{"level":"info","message":"GET /api/settings/profile 304 - - 20.774 ms","service":"bigpharma-api","timestamp":"2026-05-28 19:24:16"}
{"level":"info","message":"OPTIONS /api/users/staff 204 0 - 0.134 ms","service":"bigpharma-api","timestamp":"2026-05-28 19:24:17"}
{"level":"info","message":"GET /api/users/staff 304 - - 17.530 ms","service":"bigpharma-api","timestamp":"2026-05-28 19:24:17"}
{"level":"info","message":"OPTIONS /api/orders/my 204 0 - 0.167 ms","service":"bigpharma-api","timestamp":"2026-05-28 19:24:21"}
{"level":"info","message":"GET /api/orders/my 304 - - 15.963 ms","service":"bigpharma-api","timestamp":"2026-05-28 19:24:21"}
{"level":"info","message":"OPTIONS /api/orders/my 204 0 - 0.112 ms","service":"bigpharma-api","timestamp":"2026-05-28 19:24:31"}
{"level":"info","message":"GET /api/orders/my 304 - - 24.882 ms","service":"bigpharma-api","timestamp":"2026-05-28 19:24:31"}
{"level":"info","message":"OPTIONS /api/auth/login 204 0 - 0.104 ms","service":"bigpharma-api","timestamp":"2026-05-28 19:24:39"}
{"level":"info","message":"POST /api/auth/login 200 - - 104.147 ms","service":"bigpharma-api","timestamp":"2026-05-28 19:24:40"}
{"level":"info","message":"OPTIONS /api/products?page=1&limit=1000 204 0 - 0.123 ms","service":"bigpharma-api","timestamp":"2026-05-28 19:24:40"}
{"level":"info","message":"OPTIONS /api/sales?page=1&limit=50 204 0 - 0.164 ms","service":"bigpharma-api","timestamp":"2026-05-28 19:24:40"}
{"level":"info","message":"OPTIONS /api/finance/summary? 204 0 - 0.255 ms","service":"bigpharma-api","timestamp":"2026-05-28 19:24:40"}
{"level":"info","message":"GET /api/finance/summary? 403 112 - 29.691 ms","service":"bigpharma-api","timestamp":"2026-05-28 19:24:40"}
{"level":"info","message":"GET /api/sales?page=1&limit=50 304 - - 39.605 ms","service":"bigpharma-api","timestamp":"2026-05-28 19:24:40"}
{"level":"info","message":"GET /api/products?page=1&limit=1000 200 - - 48.733 ms","service":"bigpharma-api","timestamp":"2026-05-28 19:24:40"}
{"level":"info","message":"OPTIONS /api/orders/my 204 0 - 0.086 ms","service":"bigpharma-api","timestamp":"2026-05-28 19:24:41"}
{"level":"info","message":"GET /api/orders/my 304 - - 30.837 ms","service":"bigpharma-api","timestamp":"2026-05-28 19:24:41"}
{"level":"info","message":"OPTIONS /api/orders/my 204 0 - 0.093 ms","service":"bigpharma-api","timestamp":"2026-05-28 19:24:51"}
{"level":"info","message":"GET /api/orders/my 304 - - 20.565 ms","service":"bigpharma-api","timestamp":"2026-05-28 19:24:51"}
{"level":"info","message":"OPTIONS /api/orders/my 204 0 - 0.105 ms","service":"bigpharma-api","timestamp":"2026-05-28 19:25:01"}
{"level":"info","message":"GET /api/orders/my 304 - - 23.826 ms","service":"bigpharma-api","timestamp":"2026-05-28 19:25:01"}
{"level":"info","message":"OPTIONS /api/orders/my 204 0 - 0.065 ms","service":"bigpharma-api","timestamp":"2026-05-28 19:25:11"}
{"level":"info","message":"GET /api/orders/my 304 - - 20.977 ms","service":"bigpharma-api","timestamp":"2026-05-28 19:25:11"}
{"level":"info","message":"OPTIONS /api/auth/login 204 0 - 0.240 ms","service":"bigpharma-api","timestamp":"2026-05-28 19:25:14"}
{"level":"info","message":"POST /api/auth/login 200 - - 116.300 ms","service":"bigpharma-api","timestamp":"2026-05-28 19:25:15"}
{"level":"info","message":"OPTIONS /api/finance/summary? 204 0 - 0.130 ms","service":"bigpharma-api","timestamp":"2026-05-28 19:25:15"}
{"level":"info","message":"GET /api/finance/summary? 200 - - 17.768 ms","service":"bigpharma-api","timestamp":"2026-05-28 19:25:15"}
{"level":"info","message":"OPTIONS /api/settings/profile 204 0 - 0.241 ms","service":"bigpharma-api","timestamp":"2026-05-28 19:25:19"}
{"level":"info","message":"GET /api/settings/profile 304 - - 15.982 ms","service":"bigpharma-api","timestamp":"2026-05-28 19:25:19"}
{"level":"info","message":"OPTIONS /api/orders/my 204 0 - 0.097 ms","service":"bigpharma-api","timestamp":"2026-05-28 19:25:21"}
{"level":"info","message":"GET /api/orders/my 304 - - 17.643 ms","service":"bigpharma-api","timestamp":"2026-05-28 19:25:21"}
{"level":"info","message":"OPTIONS /api/users/staff 204 0 - 0.113 ms","service":"bigpharma-api","timestamp":"2026-05-28 19:25:24"}
{"level":"info","message":"GET /api/users/staff 200 - - 20.949 ms","service":"bigpharma-api","timestamp":"2026-05-28 19:25:24"}
{"level":"info","message":"OPTIONS /api/orders/my 204 0 - 0.195 ms","service":"bigpharma-api","timestamp":"2026-05-28 19:25:31"}
{"level":"info","message":"GET /api/orders/my 304 - - 21.802 ms","service":"bigpharma-api","timestamp":"2026-05-28 19:25:31"}
{"level":"info","message":"OPTIONS /api/users/staff/6a0321db1acacdc31140a9d2 204 0 - 0.108 ms","service":"bigpharma-api","timestamp":"2026-05-28 19:25:32"}
{"level":"info","message":"PATCH /api/users/staff/6a0321db1acacdc31140a9d2 200 - - 25.762 ms","service":"bigpharma-api","timestamp":"2026-05-28 19:25:32"}
{"level":"info","message":"OPTIONS /api/users/staff 204 0 - 0.173 ms","service":"bigpharma-api","timestamp":"2026-05-28 19:25:32"}
{"level":"info","message":"GET /api/users/staff 200 - - 11.368 ms","service":"bigpharma-api","timestamp":"2026-05-28 19:25:32"}
{"level":"info","message":"GET /api/users/staff 304 - - 14.059 ms","service":"bigpharma-api","timestamp":"2026-05-28 19:25:32"}
{"level":"info","message":"OPTIONS /api/orders/my 204 0 - 0.122 ms","service":"bigpharma-api","timestamp":"2026-05-28 19:25:41"}
{"level":"info","message":"GET /api/orders/my 304 - - 39.211 ms","service":"bigpharma-api","timestamp":"2026-05-28 19:25:41"}
{"level":"info","message":"OPTIONS /api/auth/me 204 0 - 0.226 ms","service":"bigpharma-api","timestamp":"2026-05-28 19:25:42"}
{"level":"info","message":"GET /api/auth/me 200 936 - 12.994 ms","service":"bigpharma-api","timestamp":"2026-05-28 19:25:42"}
{"level":"info","message":"OPTIONS /api/notifications 204 0 - 0.068 ms","service":"bigpharma-api","timestamp":"2026-05-28 19:25:43"}
{"level":"info","message":"OPTIONS /api/products?page=1&limit=1000 204 0 - 0.135 ms","service":"bigpharma-api","timestamp":"2026-05-28 19:25:43"}
{"level":"info","message":"OPTIONS /api/sales?page=1&limit=50 204 0 - 0.160 ms","service":"bigpharma-api","timestamp":"2026-05-28 19:25:43"}
{"level":"info","message":"OPTIONS /api/finance/summary? 204 0 - 0.109 ms","service":"bigpharma-api","timestamp":"2026-05-28 19:25:43"}
{"level":"info","message":"GET /api/notifications 200 - - 28.138 ms","service":"bigpharma-api","timestamp":"2026-05-28 19:25:43"}
{"level":"info","message":"GET /api/finance/summary? 304 - - 41.207 ms","service":"bigpharma-api","timestamp":"2026-05-28 19:25:43"}
{"level":"info","message":"GET /api/products?page=1&limit=1000 304 - - 54.937 ms","service":"bigpharma-api","timestamp":"2026-05-28 19:25:43"}
{"level":"info","message":"GET /api/sales?page=1&limit=50 304 - - 55.899 ms","service":"bigpharma-api","timestamp":"2026-05-28 19:25:43"}
{"level":"info","message":"OPTIONS /api/orders/my 204 0 - 0.072 ms","service":"bigpharma-api","timestamp":"2026-05-28 19:25:51"}
{"level":"info","message":"GET /api/orders/my 304 - - 26.242 ms","service":"bigpharma-api","timestamp":"2026-05-28 19:25:51"}
{"level":"info","message":"OPTIONS /api/orders/my 204 0 - 0.102 ms","service":"bigpharma-api","timestamp":"2026-05-28 19:26:01"}
{"level":"info","message":"GET /api/orders/my 304 - - 20.932 ms","service":"bigpharma-api","timestamp":"2026-05-28 19:26:01"}
{"level":"info","message":"OPTIONS /api/auth/login 204 0 - 0.092 ms","service":"bigpharma-api","timestamp":"2026-05-28 19:26:02"}
{"level":"info","message":"POST /api/auth/login 200 - - 96.692 ms","service":"bigpharma-api","timestamp":"2026-05-28 19:26:02"}
{"level":"info","message":"OPTIONS /api/orders/my 204 0 - 0.093 ms","service":"bigpharma-api","timestamp":"2026-05-28 19:26:11"}
{"level":"info","message":"GET /api/orders/my 304 - - 22.221 ms","service":"bigpharma-api","timestamp":"2026-05-28 19:26:11"}
{"level":"info","message":"OPTIONS /api/settings/profile 204 0 - 0.106 ms","service":"bigpharma-api","timestamp":"2026-05-28 19:26:13"}
{"level":"info","message":"GET /api/settings/profile 304 - - 14.172 ms","service":"bigpharma-api","timestamp":"2026-05-28 19:26:13"}
{"level":"info","message":"OPTIONS /api/orders/my 204 0 - 0.109 ms","service":"bigpharma-api","timestamp":"2026-05-28 19:26:21"}
{"level":"info","message":"GET /api/orders/my 304 - - 22.102 ms","service":"bigpharma-api","timestamp":"2026-05-28 19:26:21"}
{"level":"info","message":"OPTIONS /api/products?limit=4&search=jygfeygde 204 0 - 0.124 ms","service":"bigpharma-api","timestamp":"2026-05-28 19:26:28"}
{"level":"info","message":"OPTIONS /api/products?limit=10&page=1&search=jygfeygde 204 0 - 0.051 ms","service":"bigpharma-api","timestamp":"2026-05-28 19:26:28"}
{"level":"info","message":"GET /api/products?limit=4&search=jygfeygde 200 90 - 17.780 ms","service":"bigpharma-api","timestamp":"2026-05-28 19:26:28"}
{"level":"info","message":"GET /api/products?limit=10&page=1&search=jygfeygde 200 91 - 12.721 ms","service":"bigpharma-api","timestamp":"2026-05-28 19:26:28"}
{"level":"info","message":"OPTIONS /api/products?limit=4&search=jygfeygd 204 0 - 0.111 ms","service":"bigpharma-api","timestamp":"2026-05-28 19:26:29"}
{"level":"info","message":"OPTIONS /api/products?limit=10&page=1&search=jygfeygd 204 0 - 0.060 ms","service":"bigpharma-api","timestamp":"2026-05-28 19:26:29"}
{"level":"info","message":"GET /api/products?limit=10&page=1&search=jygfeygd 200 91 - 11.508 ms","service":"bigpharma-api","timestamp":"2026-05-28 19:26:29"}
{"level":"info","message":"GET /api/products?limit=4&search=jygfeygd 200 90 - 10.027 ms","service":"bigpharma-api","timestamp":"2026-05-28 19:26:29"}
{"level":"info","message":"OPTIONS /api/products?limit=4 204 0 - 0.155 ms","service":"bigpharma-api","timestamp":"2026-05-28 19:26:30"}
{"level":"info","message":"OPTIONS /api/products?limit=10&page=1 204 0 - 0.102 ms","service":"bigpharma-api","timestamp":"2026-05-28 19:26:30"}
{"level":"info","message":"GET /api/products?limit=4 200 - - 19.460 ms","service":"bigpharma-api","timestamp":"2026-05-28 19:26:30"}
{"level":"info","message":"GET /api/products?limit=10&page=1 200 - - 16.919 ms","service":"bigpharma-api","timestamp":"2026-05-28 19:26:30"}
{"level":"info","message":"OPTIONS /api/products?limit=4&search=b 204 0 - 0.169 ms","service":"bigpharma-api","timestamp":"2026-05-28 19:26:33"}
{"level":"info","message":"OPTIONS /api/products?limit=10&page=1&search=b 204 0 - 0.140 ms","service":"bigpharma-api","timestamp":"2026-05-28 19:26:33"}
{"level":"info","message":"GET /api/products?limit=4&search=b 200 - - 23.223 ms","service":"bigpharma-api","timestamp":"2026-05-28 19:26:33"}
{"level":"info","message":"GET /api/products?limit=10&page=1&search=b 200 - - 22.450 ms","service":"bigpharma-api","timestamp":"2026-05-28 19:26:33"}
{"level":"info","message":"OPTIONS /api/products?limit=4 204 0 - 0.105 ms","service":"bigpharma-api","timestamp":"2026-05-28 19:26:36"}
{"level":"info","message":"OPTIONS /api/products?limit=10&page=1 204 0 - 0.112 ms","service":"bigpharma-api","timestamp":"2026-05-28 19:26:36"}
{"level":"info","message":"GET /api/products?limit=10&page=1 304 - - 16.472 ms","service":"bigpharma-api","timestamp":"2026-05-28 19:26:36"}
{"level":"info","message":"GET /api/products?limit=4 304 - - 16.552 ms","service":"bigpharma-api","timestamp":"2026-05-28 19:26:36"}
{"level":"info","message":"OPTIONS /api/products?limit=4&search=c 204 0 - 0.155 ms","service":"bigpharma-api","timestamp":"2026-05-28 19:26:37"}
{"level":"info","message":"OPTIONS /api/products?limit=10&page=1&search=c 204 0 - 0.114 ms","service":"bigpharma-api","timestamp":"2026-05-28 19:26:37"}
{"level":"info","message":"GET /api/products?limit=4&search=c 200 - - 13.805 ms","service":"bigpharma-api","timestamp":"2026-05-28 19:26:37"}
{"level":"info","message":"GET /api/products?limit=10&page=1&search=c 200 - - 17.326 ms","service":"bigpharma-api","timestamp":"2026-05-28 19:26:37"}
{"level":"info","message":"OPTIONS /api/products?limit=4&search=cr 204 0 - 0.141 ms","service":"bigpharma-api","timestamp":"2026-05-28 19:26:38"}
{"level":"info","message":"OPTIONS /api/products?limit=10&page=1&search=cr 204 0 - 0.185 ms","service":"bigpharma-api","timestamp":"2026-05-28 19:26:38"}
{"level":"info","message":"GET /api/products?limit=10&page=1&search=cr 200 - - 14.498 ms","service":"bigpharma-api","timestamp":"2026-05-28 19:26:38"}
{"level":"info","message":"GET /api/products?limit=4&search=cr 200 - - 15.945 ms","service":"bigpharma-api","timestamp":"2026-05-28 19:26:38"}
{"level":"info","message":"OPTIONS /api/products?limit=4&search=crem 204 0 - 0.106 ms","service":"bigpharma-api","timestamp":"2026-05-28 19:26:38"}
{"level":"info","message":"OPTIONS /api/products?limit=10&page=1&search=crem 204 0 - 0.113 ms","service":"bigpharma-api","timestamp":"2026-05-28 19:26:38"}
{"level":"info","message":"GET /api/products?limit=4&search=crem 200 90 - 13.805 ms","service":"bigpharma-api","timestamp":"2026-05-28 19:26:38"}
{"level":"info","message":"GET /api/products?limit=10&page=1&search=crem 200 91 - 10.830 ms","service":"bigpharma-api","timestamp":"2026-05-28 19:26:38"}
{"level":"info","message":"OPTIONS /api/products?limit=4&search=creme 204 0 - 0.184 ms","service":"bigpharma-api","timestamp":"2026-05-28 19:26:39"}
{"level":"info","message":"OPTIONS /api/products?limit=10&page=1&search=creme 204 0 - 0.083 ms","service":"bigpharma-api","timestamp":"2026-05-28 19:26:39"}
{"level":"info","message":"GET /api/products?limit=4&search=creme 200 90 - 10.723 ms","service":"bigpharma-api","timestamp":"2026-05-28 19:26:39"}
{"level":"info","message":"GET /api/products?limit=10&page=1&search=creme 200 91 - 8.906 ms","service":"bigpharma-api","timestamp":"2026-05-28 19:26:39"}
{"level":"info","message":"GET /api/products?limit=4&search=cr 304 - - 16.198 ms","service":"bigpharma-api","timestamp":"2026-05-28 19:26:40"}
{"level":"info","message":"GET /api/products?limit=10&page=1&search=cr 304 - - 15.961 ms","service":"bigpharma-api","timestamp":"2026-05-28 19:26:40"}
{"level":"info","message":"OPTIONS /api/products?limit=4&search=cr%C3%A8 204 0 - 0.128 ms","service":"bigpharma-api","timestamp":"2026-05-28 19:26:40"}
{"level":"info","message":"OPTIONS /api/products?limit=10&page=1&search=cr%C3%A8 204 0 - 0.097 ms","service":"bigpharma-api","timestamp":"2026-05-28 19:26:40"}
{"level":"info","message":"GET /api/products?limit=4&search=cr%C3%A8 200 - - 20.924 ms","service":"bigpharma-api","timestamp":"2026-05-28 19:26:40"}
{"level":"info","message":"GET /api/products?limit=10&page=1&search=cr%C3%A8 200 - - 16.310 ms","service":"bigpharma-api","timestamp":"2026-05-28 19:26:40"}
{"level":"info","message":"OPTIONS /api/products?limit=4&search=cr%C3%A8me 204 0 - 0.160 ms","service":"bigpharma-api","timestamp":"2026-05-28 19:26:41"}
{"level":"info","message":"OPTIONS /api/products?limit=10&page=1&search=cr%C3%A8me 204 0 - 0.100 ms","service":"bigpharma-api","timestamp":"2026-05-28 19:26:41"}
{"level":"info","message":"GET /api/products?limit=10&page=1&search=cr%C3%A8me 200 - - 14.542 ms","service":"bigpharma-api","timestamp":"2026-05-28 19:26:41"}
{"level":"info","message":"GET /api/products?limit=4&search=cr%C3%A8me 200 - - 17.733 ms","service":"bigpharma-api","timestamp":"2026-05-28 19:26:41"}
{"level":"info","message":"OPTIONS /api/auth/login 204 0 - 0.121 ms","service":"bigpharma-api","timestamp":"2026-05-28 19:29:45"}
{"level":"info","message":"POST /api/auth/login 401 120 - 103.344 ms","service":"bigpharma-api","timestamp":"2026-05-28 19:29:45"}
{"level":"info","message":"Redis caching disabled (no REDIS_HOST provided)","service":"bigpharma-api","timestamp":"2026-05-28 19:31:26"}
{"level":"info","message":"OPTIONS /api/auth/login 204 0 - 1.041 ms","service":"bigpharma-api","timestamp":"2026-05-28 19:31:30"}
{"level":"info","message":"POST /api/auth/login 200 - - 243.349 ms","service":"bigpharma-api","timestamp":"2026-05-28 19:31:30"}
{"level":"info","message":"OPTIONS /api/products?limit=4 204 0 - 0.262 ms","service":"bigpharma-api","timestamp":"2026-05-28 19:31:31"}
{"level":"info","message":"OPTIONS /api/products?limit=10&page=1 204 0 - 0.318 ms","service":"bigpharma-api","timestamp":"2026-05-28 19:31:31"}
{"level":"info","message":"GET /api/products?limit=4 304 - - 33.730 ms","service":"bigpharma-api","timestamp":"2026-05-28 19:31:31"}
{"level":"info","message":"GET /api/products?limit=10&page=1 304 - - 28.990 ms","service":"bigpharma-api","timestamp":"2026-05-28 19:31:31"}
{"level":"info","message":"OPTIONS /api/auth/login 204 0 - 0.207 ms","service":"bigpharma-api","timestamp":"2026-05-28 19:32:31"}
{"level":"info","message":"POST /api/auth/login 200 - - 116.049 ms","service":"bigpharma-api","timestamp":"2026-05-28 19:32:31"}
{"level":"info","message":"OPTIONS /api/products?page=1&limit=1000 204 0 - 0.149 ms","service":"bigpharma-api","timestamp":"2026-05-28 19:32:31"}
{"level":"info","message":"GET /api/products?page=1&limit=1000 304 - - 34.408 ms","service":"bigpharma-api","timestamp":"2026-05-28 19:32:31"}
{"level":"info","message":"OPTIONS /api/auth/me 204 0 - 0.138 ms","service":"bigpharma-api","timestamp":"2026-05-28 19:35:29"}
{"level":"info","message":"GET /api/auth/me 200 944 - 13.379 ms","service":"bigpharma-api","timestamp":"2026-05-28 19:35:29"}
{"level":"info","message":"GET /api/auth/me 304 - - 15.433 ms","service":"bigpharma-api","timestamp":"2026-05-28 19:35:31"}
{"level":"info","message":"OPTIONS /api/invoices/my 204 0 - 0.282 ms","service":"bigpharma-api","timestamp":"2026-05-28 19:36:00"}
{"level":"info","message":"GET /api/invoices/my 200 - - 11.581 ms","service":"bigpharma-api","timestamp":"2026-05-28 19:36:00"}
