{"level":"info","message":"Redis caching disabled (no REDIS_HOST provided)","service":"bigpharma-api","timestamp":"2026-05-23 09:58:05"}
{"level":"info","message":"OPTIONS /api/auth/login 204 0 - 1.623 ms","service":"bigpharma-api","timestamp":"2026-05-23 10:00:17"}
{"level":"info","message":"POST /api/auth/login 200 - - 349.788 ms","service":"bigpharma-api","timestamp":"2026-05-23 10:00:17"}
{"level":"info","message":"OPTIONS /api/notifications 204 0 - 0.578 ms","service":"bigpharma-api","timestamp":"2026-05-23 10:00:17"}
{"level":"info","message":"OPTIONS /api/finance/summary? 204 0 - 0.163 ms","service":"bigpharma-api","timestamp":"2026-05-23 10:00:17"}
{"level":"info","message":"OPTIONS /api/products?page=1&limit=1000 204 0 - 0.150 ms","service":"bigpharma-api","timestamp":"2026-05-23 10:00:17"}
{"level":"info","message":"OPTIONS /api/sales?page=1&limit=50 204 0 - 0.088 ms","service":"bigpharma-api","timestamp":"2026-05-23 10:00:17"}
{"level":"info","message":"GET /api/notifications 200 - - 59.745 ms","service":"bigpharma-api","timestamp":"2026-05-23 10:00:18"}
{"level":"info","message":"GET /api/products?page=1&limit=1000 200 - - 67.354 ms","service":"bigpharma-api","timestamp":"2026-05-23 10:00:18"}
{"level":"info","message":"GET /api/finance/summary? 200 - - 89.646 ms","service":"bigpharma-api","timestamp":"2026-05-23 10:00:18"}
{"level":"info","message":"GET /api/sales?page=1&limit=50 200 - - 97.182 ms","service":"bigpharma-api","timestamp":"2026-05-23 10:00:18"}
{"level":"info","message":"OPTIONS /api/auth/me 204 0 - 0.496 ms","service":"bigpharma-api","timestamp":"2026-05-23 10:02:43"}
{"level":"info","message":"GET /api/auth/me 200 936 - 44.009 ms","service":"bigpharma-api","timestamp":"2026-05-23 10:02:43"}
{"level":"info","message":"OPTIONS /api/notifications 204 0 - 0.277 ms","service":"bigpharma-api","timestamp":"2026-05-23 10:02:44"}
{"level":"info","message":"OPTIONS /api/products?page=1&limit=1000 204 0 - 0.268 ms","service":"bigpharma-api","timestamp":"2026-05-23 10:02:44"}
{"level":"info","message":"OPTIONS /api/finance/summary? 204 0 - 0.230 ms","service":"bigpharma-api","timestamp":"2026-05-23 10:02:44"}
{"level":"info","message":"OPTIONS /api/sales?page=1&limit=50 204 0 - 0.263 ms","service":"bigpharma-api","timestamp":"2026-05-23 10:02:44"}
{"level":"info","message":"GET /api/notifications 304 - - 56.294 ms","service":"bigpharma-api","timestamp":"2026-05-23 10:02:44"}
{"level":"info","message":"GET /api/finance/summary? 304 - - 75.809 ms","service":"bigpharma-api","timestamp":"2026-05-23 10:02:44"}
{"level":"info","message":"GET /api/products?page=1&limit=1000 304 - - 104.839 ms","service":"bigpharma-api","timestamp":"2026-05-23 10:02:44"}
{"level":"info","message":"GET /api/sales?page=1&limit=50 304 - - 97.284 ms","service":"bigpharma-api","timestamp":"2026-05-23 10:02:44"}
{"level":"info","message":"OPTIONS /api/products/scan/6118000041016 204 0 - 0.121 ms","service":"bigpharma-api","timestamp":"2026-05-23 10:03:51"}
{"level":"info","message":"GET /api/products/scan/6118000041016 404 188 - 51.312 ms","service":"bigpharma-api","timestamp":"2026-05-23 10:03:51"}
{"level":"info","message":"OPTIONS /api/products/scan/2118006047016 204 0 - 0.077 ms","service":"bigpharma-api","timestamp":"2026-05-23 10:04:46"}
{"level":"info","message":"GET /api/products/scan/2118006047016 404 188 - 9.085 ms","service":"bigpharma-api","timestamp":"2026-05-23 10:04:46"}
{"level":"info","message":"OPTIONS /api/products/scan/6118000041016 204 0 - 0.103 ms","service":"bigpharma-api","timestamp":"2026-05-23 10:05:10"}
{"level":"info","message":"GET /api/products/scan/6118000041016 404 188 - 10.729 ms","service":"bigpharma-api","timestamp":"2026-05-23 10:05:10"}
{"level":"info","message":"GET /api/products/scan/6118000041016 404 188 - 8.409 ms","service":"bigpharma-api","timestamp":"2026-05-23 10:05:11"}
{"level":"info","message":"OPTIONS /api/products/scan/7640153082565 204 0 - 0.149 ms","service":"bigpharma-api","timestamp":"2026-05-23 10:05:51"}
{"level":"info","message":"GET /api/products/scan/7640153082565 404 188 - 8.127 ms","service":"bigpharma-api","timestamp":"2026-05-23 10:05:51"}
{"level":"info","message":"OPTIONS /api/products/scan/61020825 204 0 - 0.219 ms","service":"bigpharma-api","timestamp":"2026-05-23 10:05:54"}
{"level":"info","message":"GET /api/products/scan/61020825 404 178 - 7.679 ms","service":"bigpharma-api","timestamp":"2026-05-23 10:05:54"}
{"level":"info","message":"OPTIONS /api/auth/me 204 0 - 0.298 ms","service":"bigpharma-api","timestamp":"2026-05-23 10:06:28"}
{"level":"info","message":"GET /api/auth/me 304 - - 28.044 ms","service":"bigpharma-api","timestamp":"2026-05-23 10:06:28"}
{"level":"info","message":"OPTIONS /api/notifications 204 0 - 0.198 ms","service":"bigpharma-api","timestamp":"2026-05-23 10:06:29"}
{"level":"info","message":"OPTIONS /api/products?page=1&limit=1000 204 0 - 0.307 ms","service":"bigpharma-api","timestamp":"2026-05-23 10:06:29"}
{"level":"info","message":"OPTIONS /api/sales?page=1&limit=50 204 0 - 0.148 ms","service":"bigpharma-api","timestamp":"2026-05-23 10:06:29"}
{"level":"info","message":"OPTIONS /api/finance/summary? 204 0 - 0.174 ms","service":"bigpharma-api","timestamp":"2026-05-23 10:06:29"}
{"level":"info","message":"GET /api/notifications 304 - - 53.366 ms","service":"bigpharma-api","timestamp":"2026-05-23 10:06:29"}
{"level":"info","message":"GET /api/products?page=1&limit=1000 304 - - 94.183 ms","service":"bigpharma-api","timestamp":"2026-05-23 10:06:29"}
{"level":"info","message":"GET /api/finance/summary? 304 - - 76.391 ms","service":"bigpharma-api","timestamp":"2026-05-23 10:06:29"}
{"level":"info","message":"GET /api/sales?page=1&limit=50 304 - - 90.177 ms","service":"bigpharma-api","timestamp":"2026-05-23 10:06:29"}
{"level":"info","message":"OPTIONS /api/products/scan/7640153082565 204 0 - 0.068 ms","service":"bigpharma-api","timestamp":"2026-05-23 10:06:47"}
{"level":"info","message":"GET /api/products/scan/7640153082565 404 188 - 4.991 ms","service":"bigpharma-api","timestamp":"2026-05-23 10:06:47"}
{"level":"info","message":"OPTIONS /api/products/scan/61020825 204 0 - 0.145 ms","service":"bigpharma-api","timestamp":"2026-05-23 10:06:47"}
{"level":"info","message":"GET /api/products/scan/61020825 404 178 - 6.828 ms","service":"bigpharma-api","timestamp":"2026-05-23 10:06:47"}
{"level":"info","message":"OPTIONS /api/products/scan/barcode/7%20640153%20082565 204 0 - 0.084 ms","service":"bigpharma-api","timestamp":"2026-05-23 10:07:34"}
{"level":"info","message":"GET /api/products/scan/barcode/7%20640153%20082565 404 202 - 8.343 ms","service":"bigpharma-api","timestamp":"2026-05-23 10:07:34"}
{"level":"info","message":"OPTIONS /api/products/scan/barcode/7640153082565 204 0 - 0.101 ms","service":"bigpharma-api","timestamp":"2026-05-23 10:07:45"}
{"level":"info","message":"GET /api/products/scan/barcode/7640153082565 404 198 - 9.457 ms","service":"bigpharma-api","timestamp":"2026-05-23 10:07:45"}
{"level":"info","message":"OPTIONS /api/auth/me 204 0 - 0.150 ms","service":"bigpharma-api","timestamp":"2026-05-23 10:07:59"}
{"level":"info","message":"GET /api/auth/me 304 - - 17.525 ms","service":"bigpharma-api","timestamp":"2026-05-23 10:07:59"}
{"level":"info","message":"OPTIONS /api/notifications 204 0 - 0.552 ms","service":"bigpharma-api","timestamp":"2026-05-23 10:08:07"}
{"level":"info","message":"OPTIONS /api/sales?page=1&limit=50 204 0 - 0.090 ms","service":"bigpharma-api","timestamp":"2026-05-23 10:08:07"}
{"level":"info","message":"OPTIONS /api/products?page=1&limit=1000 204 0 - 0.077 ms","service":"bigpharma-api","timestamp":"2026-05-23 10:08:07"}
{"level":"info","message":"OPTIONS /api/finance/summary? 204 0 - 0.075 ms","service":"bigpharma-api","timestamp":"2026-05-23 10:08:07"}
{"level":"info","message":"GET /api/notifications 304 - - 30.110 ms","service":"bigpharma-api","timestamp":"2026-05-23 10:08:07"}
{"level":"info","message":"GET /api/sales?page=1&limit=50 304 - - 48.839 ms","service":"bigpharma-api","timestamp":"2026-05-23 10:08:07"}
{"level":"info","message":"GET /api/finance/summary? 304 - - 35.869 ms","service":"bigpharma-api","timestamp":"2026-05-23 10:08:07"}
{"level":"info","message":"GET /api/products?page=1&limit=1000 304 - - 49.638 ms","service":"bigpharma-api","timestamp":"2026-05-23 10:08:07"}
{"level":"info","message":"OPTIONS /api/products/scan/7640153082565 204 0 - 0.070 ms","service":"bigpharma-api","timestamp":"2026-05-23 10:08:26"}
{"level":"info","message":"GET /api/products/scan/7640153082565 404 188 - 3.699 ms","service":"bigpharma-api","timestamp":"2026-05-23 10:08:26"}
{"level":"info","message":"GET /api/products/scan/7640153082565 404 188 - 3.790 ms","service":"bigpharma-api","timestamp":"2026-05-23 10:08:27"}
{"level":"info","message":"OPTIONS /api/auth/me 204 0 - 0.258 ms","service":"bigpharma-api","timestamp":"2026-05-23 10:13:47"}
{"level":"info","message":"GET /api/auth/me 304 - - 39.188 ms","service":"bigpharma-api","timestamp":"2026-05-23 10:13:47"}
{"level":"info","message":"OPTIONS /api/notifications 204 0 - 0.431 ms","service":"bigpharma-api","timestamp":"2026-05-23 10:13:51"}
{"level":"info","message":"OPTIONS /api/products?page=1&limit=1000 204 0 - 1.337 ms","service":"bigpharma-api","timestamp":"2026-05-23 10:13:51"}
{"level":"info","message":"OPTIONS /api/sales?page=1&limit=50 204 0 - 0.530 ms","service":"bigpharma-api","timestamp":"2026-05-23 10:13:51"}
{"level":"info","message":"OPTIONS /api/finance/summary? 204 0 - 0.710 ms","service":"bigpharma-api","timestamp":"2026-05-23 10:13:51"}
{"level":"info","message":"GET /api/notifications 304 - - 76.652 ms","service":"bigpharma-api","timestamp":"2026-05-23 10:13:51"}
{"level":"info","message":"GET /api/finance/summary? 304 - - 164.188 ms","service":"bigpharma-api","timestamp":"2026-05-23 10:13:51"}
{"level":"info","message":"GET /api/products?page=1&limit=1000 304 - - 222.753 ms","service":"bigpharma-api","timestamp":"2026-05-23 10:13:51"}
{"level":"info","message":"GET /api/sales?page=1&limit=50 304 - - 207.211 ms","service":"bigpharma-api","timestamp":"2026-05-23 10:13:51"}
{"level":"info","message":"OPTIONS /api/orders?page=1&limit=10 204 0 - 0.334 ms","service":"bigpharma-api","timestamp":"2026-05-23 10:13:52"}
{"level":"info","message":"GET /api/orders?page=1&limit=10 200 - - 969.125 ms","service":"bigpharma-api","timestamp":"2026-05-23 10:13:53"}
{"level":"info","message":"OPTIONS /api/auth/me 204 0 - 1.471 ms","service":"bigpharma-api","timestamp":"2026-05-23 10:14:32"}
{"level":"info","message":"GET /api/auth/me 304 - - 1019.161 ms","service":"bigpharma-api","timestamp":"2026-05-23 10:14:33"}
{"level":"info","message":"OPTIONS /api/notifications 204 0 - 5.405 ms","service":"bigpharma-api","timestamp":"2026-05-23 10:14:34"}
{"level":"info","message":"OPTIONS /api/products?page=1&limit=1000 204 0 - 6.362 ms","service":"bigpharma-api","timestamp":"2026-05-23 10:14:35"}
{"level":"info","message":"OPTIONS /api/sales?page=1&limit=50 204 0 - 0.242 ms","service":"bigpharma-api","timestamp":"2026-05-23 10:14:35"}
{"level":"info","message":"OPTIONS /api/finance/summary? 204 0 - 0.157 ms","service":"bigpharma-api","timestamp":"2026-05-23 10:14:35"}
{"level":"info","message":"GET /api/notifications 304 - - 1238.801 ms","service":"bigpharma-api","timestamp":"2026-05-23 10:14:35"}
{"level":"info","message":"GET /api/finance/summary? 304 - - 1780.056 ms","service":"bigpharma-api","timestamp":"2026-05-23 10:14:38"}
{"level":"info","message":"GET /api/products?page=1&limit=1000 304 - - 3062.100 ms","service":"bigpharma-api","timestamp":"2026-05-23 10:14:38"}
{"level":"info","message":"GET /api/sales?page=1&limit=50 304 - - 2216.059 ms","service":"bigpharma-api","timestamp":"2026-05-23 10:14:38"}
{"level":"info","message":"OPTIONS /api/orders?page=1&limit=10 204 0 - 0.161 ms","service":"bigpharma-api","timestamp":"2026-05-23 10:14:41"}
{"level":"info","message":"GET /api/orders?page=1&limit=10 304 - - 2155.790 ms","service":"bigpharma-api","timestamp":"2026-05-23 10:14:43"}
{"level":"info","message":"OPTIONS /api/auth/refresh-token 204 0 - 3.462 ms","service":"bigpharma-api","timestamp":"2026-05-23 10:15:17"}
{"level":"info","message":"POST /api/auth/refresh-token 200 493 - 4880.593 ms","service":"bigpharma-api","timestamp":"2026-05-23 10:15:22"}
{"level":"info","message":"OPTIONS /api/auth/me 204 0 - 313.005 ms","service":"bigpharma-api","timestamp":"2026-05-23 10:15:23"}
{"level":"info","message":"GET /api/auth/me 304 - - 4612.661 ms","service":"bigpharma-api","timestamp":"2026-05-23 10:15:28"}
{"level":"info","message":"OPTIONS /api/notifications 204 0 - 3.479 ms","service":"bigpharma-api","timestamp":"2026-05-23 10:15:29"}
{"level":"info","message":"OPTIONS /api/products?page=1&limit=1000 204 0 - 0.369 ms","service":"bigpharma-api","timestamp":"2026-05-23 10:15:29"}
{"level":"info","message":"OPTIONS /api/sales?page=1&limit=50 204 0 - 0.302 ms","service":"bigpharma-api","timestamp":"2026-05-23 10:15:29"}
{"level":"info","message":"OPTIONS /api/finance/summary? 204 0 - 4.647 ms","service":"bigpharma-api","timestamp":"2026-05-23 10:15:29"}
{"level":"info","message":"GET /api/notifications 304 - - 1683.002 ms","service":"bigpharma-api","timestamp":"2026-05-23 10:15:31"}
{"level":"info","message":"GET /api/products?page=1&limit=1000 304 - - 6084.359 ms","service":"bigpharma-api","timestamp":"2026-05-23 10:15:36"}
{"level":"info","message":"GET /api/finance/summary? 304 - - 8494.757 ms","service":"bigpharma-api","timestamp":"2026-05-23 10:15:38"}
{"level":"info","message":"GET /api/sales?page=1&limit=50 304 - - 8932.830 ms","service":"bigpharma-api","timestamp":"2026-05-23 10:15:38"}
{"level":"info","message":"OPTIONS /api/products/scan/3400938312041 204 0 - 0.304 ms","service":"bigpharma-api","timestamp":"2026-05-23 10:15:51"}
{"level":"info","message":"GET /api/products/scan/3400938312041 404 188 - 44.941 ms","service":"bigpharma-api","timestamp":"2026-05-23 10:15:51"}
{"level":"info","message":"GET /api/products/scan/3400938312041 404 188 - 63.490 ms","service":"bigpharma-api","timestamp":"2026-05-23 10:15:54"}
{"level":"info","message":"GET /api/products/scan/3400938312041 404 188 - 447.626 ms","service":"bigpharma-api","timestamp":"2026-05-23 10:15:56"}
{"level":"info","message":"GET /api/products/scan/3400938312041 404 188 - 36.806 ms","service":"bigpharma-api","timestamp":"2026-05-23 10:15:56"}
{"level":"info","message":"OPTIONS /api/products/scan/3400938312041 204 0 - 0.308 ms","service":"bigpharma-api","timestamp":"2026-05-23 10:15:57"}
{"level":"info","message":"GET /api/products/scan/3400938312041 404 188 - 159.466 ms","service":"bigpharma-api","timestamp":"2026-05-23 10:15:57"}
{"level":"info","message":"OPTIONS /api/products/6a105d8b06aec5faf5176f35 204 0 - 0.116 ms","service":"bigpharma-api","timestamp":"2026-05-23 10:16:30"}
{"level":"info","message":"PUT /api/products/6a105d8b06aec5faf5176f35 400 134 - 13.347 ms","service":"bigpharma-api","timestamp":"2026-05-23 10:16:30"}
{"level":"info","message":"OPTIONS /api/auth/login 204 0 - 0.229 ms","service":"bigpharma-api","timestamp":"2026-05-23 10:17:07"}
{"level":"info","message":"POST /api/auth/login 200 - - 799.298 ms","service":"bigpharma-api","timestamp":"2026-05-23 10:17:08"}
{"level":"info","message":"OPTIONS /api/auth/me 204 0 - 0.477 ms","service":"bigpharma-api","timestamp":"2026-05-23 10:17:37"}
{"level":"info","message":"GET /api/auth/me 200 936 - 1119.597 ms","service":"bigpharma-api","timestamp":"2026-05-23 10:17:39"}
{"level":"info","message":"OPTIONS /api/notifications 204 0 - 8.173 ms","service":"bigpharma-api","timestamp":"2026-05-23 10:17:40"}
{"level":"info","message":"OPTIONS /api/products?page=1&limit=1000 204 0 - 0.285 ms","service":"bigpharma-api","timestamp":"2026-05-23 10:17:42"}
{"level":"info","message":"OPTIONS /api/sales?page=1&limit=50 204 0 - 0.263 ms","service":"bigpharma-api","timestamp":"2026-05-23 10:17:43"}
{"level":"info","message":"OPTIONS /api/finance/summary? 204 0 - 0.290 ms","service":"bigpharma-api","timestamp":"2026-05-23 10:17:44"}
{"level":"info","message":"GET /api/notifications 304 - - 10361.582 ms","service":"bigpharma-api","timestamp":"2026-05-23 10:17:50"}
{"level":"info","message":"GET /api/finance/summary? 304 - - 6124.627 ms","service":"bigpharma-api","timestamp":"2026-05-23 10:17:51"}
{"level":"info","message":"GET /api/products?page=1&limit=1000 304 - - 6798.426 ms","service":"bigpharma-api","timestamp":"2026-05-23 10:17:51"}
{"level":"info","message":"GET /api/sales?page=1&limit=50 304 - - 6642.374 ms","service":"bigpharma-api","timestamp":"2026-05-23 10:17:52"}
{"level":"info","message":"OPTIONS /api/products/scan/408852312041 204 0 - 0.307 ms","service":"bigpharma-api","timestamp":"2026-05-23 10:18:21"}
{"level":"info","message":"GET /api/products/scan/408852312041 404 186 - 788.591 ms","service":"bigpharma-api","timestamp":"2026-05-23 10:18:21"}
{"level":"info","message":"OPTIONS /api/products/scan/3400938312041 204 0 - 5.545 ms","service":"bigpharma-api","timestamp":"2026-05-23 10:18:21"}
{"level":"info","message":"GET /api/products/scan/3400938312041 404 188 - 110.042 ms","service":"bigpharma-api","timestamp":"2026-05-23 10:18:22"}
{"level":"info","message":"GET /api/products/scan/3400938312041 404 188 - 747.274 ms","service":"bigpharma-api","timestamp":"2026-05-23 10:18:23"}
{"level":"info","message":"OPTIONS /api/products/6a105d8b06aec5faf5176f35 204 0 - 0.227 ms","service":"bigpharma-api","timestamp":"2026-05-23 10:18:58"}
{"level":"info","message":"PUT /api/products/6a105d8b06aec5faf5176f35 400 134 - 9.632 ms","service":"bigpharma-api","timestamp":"2026-05-23 10:18:58"}
{"level":"info","message":"OPTIONS /api/products 204 0 - 0.324 ms","service":"bigpharma-api","timestamp":"2026-05-23 10:20:11"}
{"level":"info","message":"POST /api/products 400 134 - 18.998 ms","service":"bigpharma-api","timestamp":"2026-05-23 10:20:11"}
{"level":"info","message":"OPTIONS /api/products 204 0 - 0.460 ms","service":"bigpharma-api","timestamp":"2026-05-23 10:21:28"}
{"level":"info","message":"POST /api/products 400 134 - 9.392 ms","service":"bigpharma-api","timestamp":"2026-05-23 10:21:28"}
{"level":"info","message":"OPTIONS /api/auth/me 204 0 - 0.309 ms","service":"bigpharma-api","timestamp":"2026-05-23 10:25:02"}
{"level":"info","message":"GET /api/auth/me 304 - - 1872.601 ms","service":"bigpharma-api","timestamp":"2026-05-23 10:25:04"}
{"level":"info","message":"OPTIONS /api/notifications 204 0 - 0.210 ms","service":"bigpharma-api","timestamp":"2026-05-23 10:25:05"}
{"level":"info","message":"OPTIONS /api/products?page=1&limit=1000 204 0 - 0.328 ms","service":"bigpharma-api","timestamp":"2026-05-23 10:25:05"}
{"level":"info","message":"OPTIONS /api/sales?page=1&limit=50 204 0 - 0.238 ms","service":"bigpharma-api","timestamp":"2026-05-23 10:25:05"}
{"level":"info","message":"OPTIONS /api/finance/summary? 204 0 - 0.255 ms","service":"bigpharma-api","timestamp":"2026-05-23 10:25:05"}
{"level":"info","message":"GET /api/notifications 304 - - 1028.136 ms","service":"bigpharma-api","timestamp":"2026-05-23 10:25:06"}
{"level":"info","message":"GET /api/products?page=1&limit=1000 304 - - 1221.541 ms","service":"bigpharma-api","timestamp":"2026-05-23 10:25:06"}
{"level":"info","message":"GET /api/finance/summary? 304 - - 1053.415 ms","service":"bigpharma-api","timestamp":"2026-05-23 10:25:07"}
{"level":"info","message":"GET /api/sales?page=1&limit=50 304 - - 1294.271 ms","service":"bigpharma-api","timestamp":"2026-05-23 10:25:07"}
{"level":"info","message":"OPTIONS /api/products/scan/3400938312041 204 0 - 0.446 ms","service":"bigpharma-api","timestamp":"2026-05-23 10:25:18"}
{"level":"info","message":"GET /api/products/scan/3400938312041 404 188 - 4829.572 ms","service":"bigpharma-api","timestamp":"2026-05-23 10:25:23"}
{"level":"info","message":"OPTIONS /api/products/scan/3400938312041 204 0 - 0.200 ms","service":"bigpharma-api","timestamp":"2026-05-23 10:25:25"}
{"level":"info","message":"OPTIONS /api/products/scan/3400938312041 204 0 - 2.427 ms","service":"bigpharma-api","timestamp":"2026-05-23 10:25:26"}
{"level":"info","message":"GET /api/products/scan/3400938312041 404 188 - 2969.805 ms","service":"bigpharma-api","timestamp":"2026-05-23 10:25:27"}
{"level":"info","message":"GET /api/products/scan/3400938312041 404 188 - 28.841 ms","service":"bigpharma-api","timestamp":"2026-05-23 10:25:27"}
{"level":"info","message":"GET /api/products/scan/3400938312041 404 188 - 47.323 ms","service":"bigpharma-api","timestamp":"2026-05-23 10:25:27"}
{"level":"info","message":"GET /api/products/scan/3400938312041 404 188 - 22.319 ms","service":"bigpharma-api","timestamp":"2026-05-23 10:25:27"}
{"level":"info","message":"GET /api/products/scan/3400938312041 404 188 - 43.829 ms","service":"bigpharma-api","timestamp":"2026-05-23 10:25:27"}
{"level":"info","message":"GET /api/products/scan/3400938312041 404 188 - 49.892 ms","service":"bigpharma-api","timestamp":"2026-05-23 10:25:27"}
{"level":"info","message":"GET /api/products/scan/3400938312041 404 188 - 39.209 ms","service":"bigpharma-api","timestamp":"2026-05-23 10:25:27"}
{"level":"info","message":"OPTIONS /api/products/scan/barcode/3400938312041 204 0 - 0.486 ms","service":"bigpharma-api","timestamp":"2026-05-23 10:25:53"}
{"level":"info","message":"GET /api/products/scan/barcode/3400938312041 404 198 - 17.862 ms","service":"bigpharma-api","timestamp":"2026-05-23 10:25:53"}
{"level":"info","message":"OPTIONS /api/auth/refresh-token 204 0 - 1.156 ms","service":"bigpharma-api","timestamp":"2026-05-23 10:33:08"}
{"level":"info","message":"POST /api/auth/refresh-token 200 493 - 337.665 ms","service":"bigpharma-api","timestamp":"2026-05-23 10:33:08"}
{"level":"info","message":"OPTIONS /api/auth/me 204 0 - 0.419 ms","service":"bigpharma-api","timestamp":"2026-05-23 10:33:09"}
{"level":"info","message":"GET /api/auth/me 304 - - 792.349 ms","service":"bigpharma-api","timestamp":"2026-05-23 10:33:10"}
{"level":"info","message":"OPTIONS /api/notifications 204 0 - 0.308 ms","service":"bigpharma-api","timestamp":"2026-05-23 10:33:10"}
{"level":"info","message":"OPTIONS /api/products?page=1&limit=1000 204 0 - 0.553 ms","service":"bigpharma-api","timestamp":"2026-05-23 10:33:11"}
{"level":"info","message":"OPTIONS /api/sales?page=1&limit=50 204 0 - 20.473 ms","service":"bigpharma-api","timestamp":"2026-05-23 10:33:11"}
{"level":"info","message":"OPTIONS /api/finance/summary? 204 0 - 2.712 ms","service":"bigpharma-api","timestamp":"2026-05-23 10:33:11"}
{"level":"info","message":"GET /api/notifications 304 - - 1119.870 ms","service":"bigpharma-api","timestamp":"2026-05-23 10:33:12"}
{"level":"info","message":"GET /api/finance/summary? 304 - - 1235.584 ms","service":"bigpharma-api","timestamp":"2026-05-23 10:33:12"}
{"level":"info","message":"GET /api/products?page=1&limit=1000 304 - - 1754.269 ms","service":"bigpharma-api","timestamp":"2026-05-23 10:33:13"}
{"level":"info","message":"GET /api/sales?page=1&limit=50 304 - - 1874.981 ms","service":"bigpharma-api","timestamp":"2026-05-23 10:33:13"}
{"level":"info","message":"OPTIONS /api/auth/me 204 0 - 0.245 ms","service":"bigpharma-api","timestamp":"2026-05-23 10:36:36"}
{"level":"info","message":"GET /api/auth/me 304 - - 1417.693 ms","service":"bigpharma-api","timestamp":"2026-05-23 10:36:38"}
{"level":"info","message":"OPTIONS /api/notifications 204 0 - 6.607 ms","service":"bigpharma-api","timestamp":"2026-05-23 10:36:39"}
{"level":"info","message":"OPTIONS /api/products?page=1&limit=1000 204 0 - 10.069 ms","service":"bigpharma-api","timestamp":"2026-05-23 10:36:39"}
{"level":"info","message":"OPTIONS /api/sales?page=1&limit=50 204 0 - 0.382 ms","service":"bigpharma-api","timestamp":"2026-05-23 10:36:40"}
{"level":"info","message":"OPTIONS /api/finance/summary? 204 0 - 171.200 ms","service":"bigpharma-api","timestamp":"2026-05-23 10:36:40"}
{"level":"info","message":"GET /api/notifications 304 - - 5672.547 ms","service":"bigpharma-api","timestamp":"2026-05-23 10:36:45"}
{"level":"info","message":"GET /api/finance/summary? 304 - - 14489.717 ms","service":"bigpharma-api","timestamp":"2026-05-23 10:36:55"}
{"level":"info","message":"GET /api/products?page=1&limit=1000 304 - - 14690.296 ms","service":"bigpharma-api","timestamp":"2026-05-23 10:36:55"}
{"level":"info","message":"GET /api/sales?page=1&limit=50 304 - - 14594.228 ms","service":"bigpharma-api","timestamp":"2026-05-23 10:36:55"}
{"level":"info","message":"OPTIONS /api/products/scan/B!&%03&%15%5DD%0F%5D 204 0 - 0.239 ms","service":"bigpharma-api","timestamp":"2026-05-23 10:37:19"}
{"level":"info","message":"GET /api/products/scan/B!&%03&%15%5DD%0F%5D 404 212 - 37.150 ms","service":"bigpharma-api","timestamp":"2026-05-23 10:37:19"}
{"level":"info","message":"OPTIONS /api/products/scan/barcode/34010967458561367961 204 0 - 0.299 ms","service":"bigpharma-api","timestamp":"2026-05-23 10:38:51"}
{"level":"info","message":"GET /api/products/scan/barcode/34010967458561367961 404 212 - 76.644 ms","service":"bigpharma-api","timestamp":"2026-05-23 10:38:51"}
{"level":"info","message":"OPTIONS /api/products 204 0 - 0.211 ms","service":"bigpharma-api","timestamp":"2026-05-23 10:40:04"}
{"level":"info","message":"POST /api/products 201 750 - 720.514 ms","service":"bigpharma-api","timestamp":"2026-05-23 10:40:05"}
{"level":"info","message":"OPTIONS /api/products?page=1&limit=1000 204 0 - 0.260 ms","service":"bigpharma-api","timestamp":"2026-05-23 10:40:05"}
{"level":"info","message":"GET /api/products?page=1&limit=1000 200 - - 77.042 ms","service":"bigpharma-api","timestamp":"2026-05-23 10:40:05"}
{"level":"info","message":"OPTIONS /api/activityLogs 204 0 - 0.292 ms","service":"bigpharma-api","timestamp":"2026-05-23 10:40:05"}
{"level":"info","message":"POST /api/activityLogs 404 92 - 57.133 ms","service":"bigpharma-api","timestamp":"2026-05-23 10:40:05"}
{"level":"info","message":"GET /api/products?page=1&limit=1000 304 - - 160.692 ms","service":"bigpharma-api","timestamp":"2026-05-23 10:40:05"}
{"level":"info","message":"OPTIONS /api/auth/me 204 0 - 9.873 ms","service":"bigpharma-api","timestamp":"2026-05-23 10:40:25"}
{"level":"info","message":"GET /api/auth/me 304 - - 1479.075 ms","service":"bigpharma-api","timestamp":"2026-05-23 10:40:27"}
{"level":"info","message":"OPTIONS /api/notifications 204 0 - 6.466 ms","service":"bigpharma-api","timestamp":"2026-05-23 10:40:27"}
{"level":"info","message":"OPTIONS /api/products?page=1&limit=1000 204 0 - 0.174 ms","service":"bigpharma-api","timestamp":"2026-05-23 10:40:27"}
{"level":"info","message":"OPTIONS /api/sales?page=1&limit=50 204 0 - 5.455 ms","service":"bigpharma-api","timestamp":"2026-05-23 10:40:27"}
{"level":"info","message":"OPTIONS /api/finance/summary? 204 0 - 0.159 ms","service":"bigpharma-api","timestamp":"2026-05-23 10:40:27"}
{"level":"info","message":"GET /api/notifications 304 - - 2297.739 ms","service":"bigpharma-api","timestamp":"2026-05-23 10:40:30"}
{"level":"info","message":"GET /api/products?page=1&limit=1000 304 - - 8792.852 ms","service":"bigpharma-api","timestamp":"2026-05-23 10:40:37"}
{"level":"info","message":"GET /api/sales?page=1&limit=50 304 - - 8216.662 ms","service":"bigpharma-api","timestamp":"2026-05-23 10:40:37"}
{"level":"info","message":"GET /api/finance/summary? 304 - - 9214.290 ms","service":"bigpharma-api","timestamp":"2026-05-23 10:40:37"}
{"level":"info","message":"OPTIONS /api/products/scan/6118000041016 204 0 - 0.439 ms","service":"bigpharma-api","timestamp":"2026-05-23 10:41:03"}
{"level":"info","message":"GET /api/products/scan/6118000041016 200 794 - 37.056 ms","service":"bigpharma-api","timestamp":"2026-05-23 10:41:03"}
{"level":"info","message":"OPTIONS /api/auth/me 204 0 - 0.306 ms","service":"bigpharma-api","timestamp":"2026-05-23 10:43:53"}
{"level":"info","message":"GET /api/auth/me 304 - - 561.164 ms","service":"bigpharma-api","timestamp":"2026-05-23 10:43:54"}
{"level":"info","message":"OPTIONS /api/notifications 204 0 - 0.324 ms","service":"bigpharma-api","timestamp":"2026-05-23 10:43:55"}
{"level":"info","message":"OPTIONS /api/products?page=1&limit=1000 204 0 - 0.228 ms","service":"bigpharma-api","timestamp":"2026-05-23 10:43:55"}
{"level":"info","message":"OPTIONS /api/sales?page=1&limit=50 204 0 - 0.728 ms","service":"bigpharma-api","timestamp":"2026-05-23 10:43:55"}
{"level":"info","message":"OPTIONS /api/finance/summary? 204 0 - 0.398 ms","service":"bigpharma-api","timestamp":"2026-05-23 10:43:55"}
{"level":"info","message":"GET /api/notifications 304 - - 1111.177 ms","service":"bigpharma-api","timestamp":"2026-05-23 10:43:56"}
{"level":"info","message":"GET /api/finance/summary? 304 - - 1840.990 ms","service":"bigpharma-api","timestamp":"2026-05-23 10:43:58"}
{"level":"info","message":"GET /api/products?page=1&limit=1000 304 - - 2529.944 ms","service":"bigpharma-api","timestamp":"2026-05-23 10:43:58"}
{"level":"info","message":"GET /api/sales?page=1&limit=50 304 - - 2843.362 ms","service":"bigpharma-api","timestamp":"2026-05-23 10:43:58"}
{"level":"info","message":"OPTIONS /api/auth/me 204 0 - 0.161 ms","service":"bigpharma-api","timestamp":"2026-05-23 10:45:49"}
{"level":"info","message":"GET /api/auth/me 304 - - 297.152 ms","service":"bigpharma-api","timestamp":"2026-05-23 10:45:50"}
{"level":"info","message":"OPTIONS /api/notifications 204 0 - 9.082 ms","service":"bigpharma-api","timestamp":"2026-05-23 10:45:51"}
{"level":"info","message":"OPTIONS /api/products?page=1&limit=1000 204 0 - 0.154 ms","service":"bigpharma-api","timestamp":"2026-05-23 10:45:51"}
{"level":"info","message":"OPTIONS /api/sales?page=1&limit=50 204 0 - 6.991 ms","service":"bigpharma-api","timestamp":"2026-05-23 10:45:51"}
{"level":"info","message":"OPTIONS /api/finance/summary? 204 0 - 0.325 ms","service":"bigpharma-api","timestamp":"2026-05-23 10:45:51"}
{"level":"info","message":"GET /api/notifications 304 - - 971.685 ms","service":"bigpharma-api","timestamp":"2026-05-23 10:45:52"}
{"level":"info","message":"GET /api/finance/summary? 304 - - 1033.019 ms","service":"bigpharma-api","timestamp":"2026-05-23 10:45:53"}
{"level":"info","message":"GET /api/products?page=1&limit=1000 304 - - 3222.058 ms","service":"bigpharma-api","timestamp":"2026-05-23 10:45:55"}
{"level":"info","message":"GET /api/sales?page=1&limit=50 304 - - 3812.631 ms","service":"bigpharma-api","timestamp":"2026-05-23 10:45:55"}
{"level":"info","message":"OPTIONS /api/products/scan/3400938312041 204 0 - 0.248 ms","service":"bigpharma-api","timestamp":"2026-05-23 10:47:05"}
{"level":"info","message":"GET /api/products/scan/3400938312041 404 188 - 11.762 ms","service":"bigpharma-api","timestamp":"2026-05-23 10:47:05"}
{"level":"info","message":"GET /api/products/scan/3400938312041 404 188 - 13.589 ms","service":"bigpharma-api","timestamp":"2026-05-23 10:47:06"}
{"level":"info","message":"OPTIONS /api/auth/me 204 0 - 0.834 ms","service":"bigpharma-api","timestamp":"2026-05-23 10:47:35"}
{"level":"info","message":"GET /api/auth/me 304 - - 37.282 ms","service":"bigpharma-api","timestamp":"2026-05-23 10:47:35"}
{"level":"info","message":"OPTIONS /api/notifications 204 0 - 0.144 ms","service":"bigpharma-api","timestamp":"2026-05-23 10:48:17"}
{"level":"info","message":"OPTIONS /api/auth/refresh-token 204 0 - 0.209 ms","service":"bigpharma-api","timestamp":"2026-05-23 10:48:17"}
{"level":"info","message":"GET /api/notifications 401 115 - 8.145 ms","service":"bigpharma-api","timestamp":"2026-05-23 10:48:17"}
{"level":"info","message":"POST /api/auth/refresh-token 200 493 - 86.328 ms","service":"bigpharma-api","timestamp":"2026-05-23 10:48:17"}
{"level":"info","message":"OPTIONS /api/products?page=1&limit=1000 204 0 - 0.196 ms","service":"bigpharma-api","timestamp":"2026-05-23 10:48:18"}
{"level":"info","message":"OPTIONS /api/sales?page=1&limit=50 204 0 - 0.290 ms","service":"bigpharma-api","timestamp":"2026-05-23 10:48:18"}
{"level":"info","message":"OPTIONS /api/finance/summary? 204 0 - 0.405 ms","service":"bigpharma-api","timestamp":"2026-05-23 10:48:18"}
{"level":"info","message":"GET /api/sales?page=1&limit=50 304 - - 129.433 ms","service":"bigpharma-api","timestamp":"2026-05-23 10:48:18"}
{"level":"info","message":"GET /api/products?page=1&limit=1000 304 - - 130.464 ms","service":"bigpharma-api","timestamp":"2026-05-23 10:48:18"}
{"level":"info","message":"GET /api/finance/summary? 304 - - 56.196 ms","service":"bigpharma-api","timestamp":"2026-05-23 10:48:18"}
{"level":"info","message":"OPTIONS /api/products/scan/57481470 204 0 - 0.154 ms","service":"bigpharma-api","timestamp":"2026-05-23 10:48:36"}
{"level":"info","message":"GET /api/products/scan/57481470 404 178 - 17.214 ms","service":"bigpharma-api","timestamp":"2026-05-23 10:48:36"}
{"level":"info","message":"OPTIONS /api/auth/login 204 0 - 0.161 ms","service":"bigpharma-api","timestamp":"2026-05-23 10:59:33"}
{"level":"info","message":"POST /api/auth/login 200 - - 102.866 ms","service":"bigpharma-api","timestamp":"2026-05-23 10:59:33"}
{"level":"info","message":"OPTIONS /api/notifications 204 0 - 0.177 ms","service":"bigpharma-api","timestamp":"2026-05-23 10:59:33"}
{"level":"info","message":"OPTIONS /api/products?page=1&limit=1000 204 0 - 0.301 ms","service":"bigpharma-api","timestamp":"2026-05-23 10:59:33"}
{"level":"info","message":"OPTIONS /api/sales?page=1&limit=50 204 0 - 0.148 ms","service":"bigpharma-api","timestamp":"2026-05-23 10:59:33"}
{"level":"info","message":"OPTIONS /api/finance/summary? 204 0 - 0.215 ms","service":"bigpharma-api","timestamp":"2026-05-23 10:59:33"}
{"level":"info","message":"GET /api/notifications 200 - - 51.213 ms","service":"bigpharma-api","timestamp":"2026-05-23 10:59:34"}
{"level":"info","message":"GET /api/finance/summary? 200 - - 70.783 ms","service":"bigpharma-api","timestamp":"2026-05-23 10:59:34"}
{"level":"info","message":"GET /api/products?page=1&limit=1000 200 - - 86.088 ms","service":"bigpharma-api","timestamp":"2026-05-23 10:59:34"}
{"level":"info","message":"GET /api/sales?page=1&limit=50 200 - - 82.841 ms","service":"bigpharma-api","timestamp":"2026-05-23 10:59:34"}
{"level":"info","message":"OPTIONS /api/products/scan/7640153082565 204 0 - 0.074 ms","service":"bigpharma-api","timestamp":"2026-05-23 11:00:09"}
{"level":"info","message":"GET /api/products/scan/7640153082565 404 188 - 5.801 ms","service":"bigpharma-api","timestamp":"2026-05-23 11:00:09"}
{"level":"info","message":"GET /api/products/scan/7640153082565 404 188 - 5.093 ms","service":"bigpharma-api","timestamp":"2026-05-23 11:00:11"}
{"level":"info","message":"GET /api/products/scan/7640153082565 404 188 - 7.735 ms","service":"bigpharma-api","timestamp":"2026-05-23 11:00:13"}
{"level":"info","message":"OPTIONS /api/products/scan/3400938312041 204 0 - 0.115 ms","service":"bigpharma-api","timestamp":"2026-05-23 11:00:55"}
{"level":"info","message":"GET /api/products/scan/3400938312041 404 188 - 8.486 ms","service":"bigpharma-api","timestamp":"2026-05-23 11:00:55"}
{"level":"info","message":"GET /api/products/scan/3400938312041 404 188 - 8.275 ms","service":"bigpharma-api","timestamp":"2026-05-23 11:00:56"}
{"level":"info","message":"GET /api/products/scan/3400938312041 404 188 - 6.285 ms","service":"bigpharma-api","timestamp":"2026-05-23 11:00:57"}
{"level":"info","message":"OPTIONS /api/auth/me 204 0 - 0.202 ms","service":"bigpharma-api","timestamp":"2026-05-23 11:02:49"}
{"level":"info","message":"GET /api/auth/me 200 936 - 26.811 ms","service":"bigpharma-api","timestamp":"2026-05-23 11:02:49"}
{"level":"info","message":"OPTIONS /api/notifications 204 0 - 0.163 ms","service":"bigpharma-api","timestamp":"2026-05-23 11:02:50"}
{"level":"info","message":"OPTIONS /api/products?page=1&limit=1000 204 0 - 0.140 ms","service":"bigpharma-api","timestamp":"2026-05-23 11:02:50"}
{"level":"info","message":"OPTIONS /api/sales?page=1&limit=50 204 0 - 0.380 ms","service":"bigpharma-api","timestamp":"2026-05-23 11:02:50"}
{"level":"info","message":"OPTIONS /api/finance/summary? 204 0 - 0.172 ms","service":"bigpharma-api","timestamp":"2026-05-23 11:02:50"}
{"level":"info","message":"GET /api/notifications 304 - - 101.256 ms","service":"bigpharma-api","timestamp":"2026-05-23 11:02:50"}
{"level":"info","message":"GET /api/finance/summary? 304 - - 92.044 ms","service":"bigpharma-api","timestamp":"2026-05-23 11:02:50"}
{"level":"info","message":"GET /api/products?page=1&limit=1000 304 - - 115.240 ms","service":"bigpharma-api","timestamp":"2026-05-23 11:02:50"}
{"level":"info","message":"GET /api/sales?page=1&limit=50 304 - - 111.402 ms","service":"bigpharma-api","timestamp":"2026-05-23 11:02:50"}
{"level":"info","message":"OPTIONS /api/products/scan/3400938312041 204 0 - 0.103 ms","service":"bigpharma-api","timestamp":"2026-05-23 11:03:45"}
{"level":"info","message":"GET /api/products/scan/3400938312041 404 188 - 6.945 ms","service":"bigpharma-api","timestamp":"2026-05-23 11:03:45"}
{"level":"info","message":"GET /api/products/scan/3400938312041 404 188 - 7.510 ms","service":"bigpharma-api","timestamp":"2026-05-23 11:03:45"}
{"level":"info","message":"GET /api/products/scan/3400938312041 404 188 - 8.095 ms","service":"bigpharma-api","timestamp":"2026-05-23 11:03:46"}
{"level":"info","message":"OPTIONS /api/products/scan/61020825 204 0 - 0.100 ms","service":"bigpharma-api","timestamp":"2026-05-23 11:04:12"}
{"level":"info","message":"GET /api/products/scan/61020825 404 178 - 6.499 ms","service":"bigpharma-api","timestamp":"2026-05-23 11:04:12"}
{"level":"info","message":"OPTIONS /api/products/scan/7640153082565 204 0 - 0.111 ms","service":"bigpharma-api","timestamp":"2026-05-23 11:04:13"}
{"level":"info","message":"GET /api/products/scan/7640153082565 404 188 - 5.956 ms","service":"bigpharma-api","timestamp":"2026-05-23 11:04:13"}
{"level":"info","message":"OPTIONS /api/products/scan/5646253182565 204 0 - 0.105 ms","service":"bigpharma-api","timestamp":"2026-05-23 11:04:14"}
{"level":"info","message":"GET /api/products/scan/5646253182565 404 188 - 7.385 ms","service":"bigpharma-api","timestamp":"2026-05-23 11:04:14"}
{"level":"info","message":"OPTIONS /api/products/scan/6118000041016 204 0 - 0.156 ms","service":"bigpharma-api","timestamp":"2026-05-23 11:04:30"}
{"level":"info","message":"GET /api/products/scan/6118000041016 200 794 - 12.616 ms","service":"bigpharma-api","timestamp":"2026-05-23 11:04:30"}
{"level":"info","message":"OPTIONS /api/auth/me 204 0 - 0.139 ms","service":"bigpharma-api","timestamp":"2026-05-23 11:09:19"}
{"level":"info","message":"GET /api/auth/me 304 - - 10.145 ms","service":"bigpharma-api","timestamp":"2026-05-23 11:09:19"}
{"level":"info","message":"OPTIONS /api/notifications 204 0 - 0.146 ms","service":"bigpharma-api","timestamp":"2026-05-23 11:09:19"}
{"level":"info","message":"OPTIONS /api/products?page=1&limit=1000 204 0 - 0.128 ms","service":"bigpharma-api","timestamp":"2026-05-23 11:09:19"}
{"level":"info","message":"OPTIONS /api/sales?page=1&limit=50 204 0 - 0.219 ms","service":"bigpharma-api","timestamp":"2026-05-23 11:09:19"}
{"level":"info","message":"OPTIONS /api/finance/summary? 204 0 - 0.169 ms","service":"bigpharma-api","timestamp":"2026-05-23 11:09:19"}
{"level":"info","message":"GET /api/notifications 304 - - 26.690 ms","service":"bigpharma-api","timestamp":"2026-05-23 11:09:19"}
{"level":"info","message":"GET /api/finance/summary? 304 - - 35.474 ms","service":"bigpharma-api","timestamp":"2026-05-23 11:09:19"}
{"level":"info","message":"GET /api/products?page=1&limit=1000 304 - - 47.377 ms","service":"bigpharma-api","timestamp":"2026-05-23 11:09:19"}
{"level":"info","message":"GET /api/sales?page=1&limit=50 304 - - 42.403 ms","service":"bigpharma-api","timestamp":"2026-05-23 11:09:19"}
{"level":"info","message":"OPTIONS /api/products/scan/7640153082565 204 0 - 0.097 ms","service":"bigpharma-api","timestamp":"2026-05-23 11:10:15"}
{"level":"info","message":"GET /api/products/scan/7640153082565 404 188 - 5.714 ms","service":"bigpharma-api","timestamp":"2026-05-23 11:10:15"}
{"level":"info","message":"OPTIONS /api/products/scan/67070824 204 0 - 0.089 ms","service":"bigpharma-api","timestamp":"2026-05-23 11:10:16"}
{"level":"info","message":"GET /api/products/scan/67070824 404 178 - 8.141 ms","service":"bigpharma-api","timestamp":"2026-05-23 11:10:16"}
{"level":"info","message":"GET /api/products/scan/7640153082565 404 188 - 4.717 ms","service":"bigpharma-api","timestamp":"2026-05-23 11:10:16"}
{"level":"info","message":"GET /api/products/scan/7640153082565 404 188 - 7.158 ms","service":"bigpharma-api","timestamp":"2026-05-23 11:10:19"}
{"level":"info","message":"GET /api/products/scan/7640153082565 404 188 - 5.568 ms","service":"bigpharma-api","timestamp":"2026-05-23 11:10:19"}
{"level":"info","message":"OPTIONS /api/products/scan/7640153082565 204 0 - 0.181 ms","service":"bigpharma-api","timestamp":"2026-05-23 11:10:21"}
{"level":"info","message":"GET /api/products/scan/7640153082565 404 188 - 6.363 ms","service":"bigpharma-api","timestamp":"2026-05-23 11:10:21"}
{"level":"info","message":"OPTIONS /api/auth/login 204 0 - 0.103 ms","service":"bigpharma-api","timestamp":"2026-05-23 11:39:03"}
{"level":"info","message":"POST /api/auth/login 200 - - 123.124 ms","service":"bigpharma-api","timestamp":"2026-05-23 11:39:03"}
{"level":"info","message":"OPTIONS /api/notifications 204 0 - 0.178 ms","service":"bigpharma-api","timestamp":"2026-05-23 11:39:03"}
{"level":"info","message":"OPTIONS /api/products?page=1&limit=1000 204 0 - 0.139 ms","service":"bigpharma-api","timestamp":"2026-05-23 11:39:03"}
{"level":"info","message":"OPTIONS /api/sales?page=1&limit=50 204 0 - 0.117 ms","service":"bigpharma-api","timestamp":"2026-05-23 11:39:03"}
{"level":"info","message":"OPTIONS /api/finance/summary? 204 0 - 0.191 ms","service":"bigpharma-api","timestamp":"2026-05-23 11:39:03"}
{"level":"info","message":"GET /api/notifications 200 - - 26.422 ms","service":"bigpharma-api","timestamp":"2026-05-23 11:39:03"}
{"level":"info","message":"GET /api/finance/summary? 200 - - 39.169 ms","service":"bigpharma-api","timestamp":"2026-05-23 11:39:03"}
{"level":"info","message":"GET /api/sales?page=1&limit=50 200 - - 49.596 ms","service":"bigpharma-api","timestamp":"2026-05-23 11:39:03"}
{"level":"info","message":"GET /api/products?page=1&limit=1000 200 - - 50.652 ms","service":"bigpharma-api","timestamp":"2026-05-23 11:39:03"}
{"level":"info","message":"OPTIONS /api/products/scan/barcode/3400938312041 204 0 - 0.165 ms","service":"bigpharma-api","timestamp":"2026-05-23 11:41:52"}
{"level":"info","message":"GET /api/products/scan/barcode/3400938312041 404 198 - 8.415 ms","service":"bigpharma-api","timestamp":"2026-05-23 11:41:52"}
{"level":"info","message":"OPTIONS /api/products/scan/barcode/7640153082565 204 0 - 0.160 ms","service":"bigpharma-api","timestamp":"2026-05-23 11:42:29"}
{"level":"info","message":"GET /api/products/scan/barcode/7640153082565 404 198 - 10.598 ms","service":"bigpharma-api","timestamp":"2026-05-23 11:42:29"}
{"level":"info","message":"OPTIONS /api/auth/me 204 0 - 0.106 ms","service":"bigpharma-api","timestamp":"2026-05-23 11:43:00"}
{"level":"info","message":"GET /api/auth/me 200 936 - 13.363 ms","service":"bigpharma-api","timestamp":"2026-05-23 11:43:00"}
{"level":"info","message":"OPTIONS /api/notifications 204 0 - 0.160 ms","service":"bigpharma-api","timestamp":"2026-05-23 11:43:00"}
{"level":"info","message":"OPTIONS /api/products?page=1&limit=1000 204 0 - 0.136 ms","service":"bigpharma-api","timestamp":"2026-05-23 11:43:00"}
{"level":"info","message":"OPTIONS /api/sales?page=1&limit=50 204 0 - 0.146 ms","service":"bigpharma-api","timestamp":"2026-05-23 11:43:00"}
{"level":"info","message":"OPTIONS /api/finance/summary? 204 0 - 0.314 ms","service":"bigpharma-api","timestamp":"2026-05-23 11:43:00"}
{"level":"info","message":"GET /api/notifications 304 - - 30.816 ms","service":"bigpharma-api","timestamp":"2026-05-23 11:43:00"}
{"level":"info","message":"GET /api/products?page=1&limit=1000 304 - - 57.092 ms","service":"bigpharma-api","timestamp":"2026-05-23 11:43:00"}
{"level":"info","message":"GET /api/finance/summary? 304 - - 47.789 ms","service":"bigpharma-api","timestamp":"2026-05-23 11:43:00"}
{"level":"info","message":"GET /api/sales?page=1&limit=50 304 - - 55.858 ms","service":"bigpharma-api","timestamp":"2026-05-23 11:43:00"}
{"level":"info","message":"OPTIONS /api/products/scan/3400938312041 204 0 - 0.068 ms","service":"bigpharma-api","timestamp":"2026-05-23 11:43:10"}
{"level":"info","message":"GET /api/products/scan/3400938312041 404 188 - 6.540 ms","service":"bigpharma-api","timestamp":"2026-05-23 11:43:10"}
{"level":"info","message":"GET /api/products/scan/3400938312041 404 188 - 6.263 ms","service":"bigpharma-api","timestamp":"2026-05-23 11:43:11"}
{"level":"info","message":"GET /api/products/scan/3400938312041 404 188 - 6.656 ms","service":"bigpharma-api","timestamp":"2026-05-23 11:43:12"}
{"level":"info","message":"GET /api/products/scan/3400938312041 404 188 - 7.331 ms","service":"bigpharma-api","timestamp":"2026-05-23 11:43:12"}
{"level":"info","message":"GET /api/products/scan/3400938312041 404 188 - 6.294 ms","service":"bigpharma-api","timestamp":"2026-05-23 11:43:13"}
{"level":"info","message":"GET /api/products/scan/3400938312041 404 188 - 7.048 ms","service":"bigpharma-api","timestamp":"2026-05-23 11:43:14"}
{"level":"info","message":"OPTIONS /api/products/scan/3400938312041 204 0 - 0.146 ms","service":"bigpharma-api","timestamp":"2026-05-23 11:43:16"}
{"level":"info","message":"GET /api/products/scan/3400938312041 404 188 - 6.872 ms","service":"bigpharma-api","timestamp":"2026-05-23 11:43:16"}
{"level":"info","message":"GET /api/products/scan/3400938312041 404 188 - 6.912 ms","service":"bigpharma-api","timestamp":"2026-05-23 11:43:16"}
{"level":"info","message":"OPTIONS /api/auth/me 204 0 - 0.120 ms","service":"bigpharma-api","timestamp":"2026-05-23 11:44:00"}
{"level":"info","message":"GET /api/auth/me 304 - - 14.211 ms","service":"bigpharma-api","timestamp":"2026-05-23 11:44:00"}
{"level":"info","message":"OPTIONS /api/notifications 204 0 - 0.135 ms","service":"bigpharma-api","timestamp":"2026-05-23 11:44:01"}
{"level":"info","message":"OPTIONS /api/products?page=1&limit=1000 204 0 - 0.134 ms","service":"bigpharma-api","timestamp":"2026-05-23 11:44:01"}
{"level":"info","message":"OPTIONS /api/sales?page=1&limit=50 204 0 - 0.113 ms","service":"bigpharma-api","timestamp":"2026-05-23 11:44:01"}
{"level":"info","message":"OPTIONS /api/finance/summary? 204 0 - 0.096 ms","service":"bigpharma-api","timestamp":"2026-05-23 11:44:01"}
{"level":"info","message":"GET /api/notifications 304 - - 35.701 ms","service":"bigpharma-api","timestamp":"2026-05-23 11:44:01"}
{"level":"info","message":"GET /api/products?page=1&limit=1000 304 - - 55.528 ms","service":"bigpharma-api","timestamp":"2026-05-23 11:44:01"}
{"level":"info","message":"GET /api/finance/summary? 304 - - 47.215 ms","service":"bigpharma-api","timestamp":"2026-05-23 11:44:01"}
{"level":"info","message":"GET /api/sales?page=1&limit=50 304 - - 51.831 ms","service":"bigpharma-api","timestamp":"2026-05-23 11:44:01"}
{"level":"info","message":"OPTIONS /api/products/scan/7640153082565 204 0 - 0.106 ms","service":"bigpharma-api","timestamp":"2026-05-23 11:44:14"}
{"level":"info","message":"GET /api/products/scan/7640153082565 404 188 - 6.122 ms","service":"bigpharma-api","timestamp":"2026-05-23 11:44:14"}
{"level":"info","message":"OPTIONS /api/auth/me 204 0 - 0.164 ms","service":"bigpharma-api","timestamp":"2026-05-23 11:44:30"}
{"level":"info","message":"GET /api/auth/me 304 - - 33.455 ms","service":"bigpharma-api","timestamp":"2026-05-23 11:44:30"}
{"level":"info","message":"OPTIONS /api/notifications 204 0 - 0.215 ms","service":"bigpharma-api","timestamp":"2026-05-23 11:44:31"}
{"level":"info","message":"OPTIONS /api/products?page=1&limit=1000 204 0 - 0.150 ms","service":"bigpharma-api","timestamp":"2026-05-23 11:44:31"}
{"level":"info","message":"OPTIONS /api/sales?page=1&limit=50 204 0 - 0.120 ms","service":"bigpharma-api","timestamp":"2026-05-23 11:44:31"}
{"level":"info","message":"OPTIONS /api/finance/summary? 204 0 - 0.106 ms","service":"bigpharma-api","timestamp":"2026-05-23 11:44:31"}
{"level":"info","message":"GET /api/notifications 304 - - 33.303 ms","service":"bigpharma-api","timestamp":"2026-05-23 11:44:31"}
{"level":"info","message":"GET /api/finance/summary? 304 - - 41.420 ms","service":"bigpharma-api","timestamp":"2026-05-23 11:44:31"}
{"level":"info","message":"GET /api/products?page=1&limit=1000 304 - - 53.443 ms","service":"bigpharma-api","timestamp":"2026-05-23 11:44:31"}
{"level":"info","message":"GET /api/sales?page=1&limit=50 304 - - 52.614 ms","service":"bigpharma-api","timestamp":"2026-05-23 11:44:31"}
{"level":"info","message":"OPTIONS /api/products/scan/3400938312041 204 0 - 0.114 ms","service":"bigpharma-api","timestamp":"2026-05-23 11:45:57"}
{"level":"info","message":"GET /api/products/scan/3400938312041 404 188 - 5.914 ms","service":"bigpharma-api","timestamp":"2026-05-23 11:45:57"}
{"level":"info","message":"OPTIONS /api/products/scan/3400938312041 204 0 - 0.068 ms","service":"bigpharma-api","timestamp":"2026-05-23 11:46:48"}
{"level":"info","message":"GET /api/products/scan/3400938312041 404 188 - 4.973 ms","service":"bigpharma-api","timestamp":"2026-05-23 11:46:48"}
{"level":"info","message":"OPTIONS /api/products/scan/1400831312041 204 0 - 0.137 ms","service":"bigpharma-api","timestamp":"2026-05-23 11:46:50"}
{"level":"info","message":"GET /api/products/scan/1400831312041 404 188 - 7.000 ms","service":"bigpharma-api","timestamp":"2026-05-23 11:46:50"}
{"level":"info","message":"GET /api/products/scan/3400938312041 404 188 - 8.104 ms","service":"bigpharma-api","timestamp":"2026-05-23 11:46:50"}
{"level":"info","message":"GET /api/products/scan/3400938312041 404 188 - 9.392 ms","service":"bigpharma-api","timestamp":"2026-05-23 11:46:52"}
{"level":"info","message":"GET /api/products/scan/3400938312041 404 188 - 6.495 ms","service":"bigpharma-api","timestamp":"2026-05-23 11:46:53"}
{"level":"info","message":"OPTIONS /api/products/scan/7640153082565 204 0 - 0.101 ms","service":"bigpharma-api","timestamp":"2026-05-23 11:47:57"}
{"level":"info","message":"GET /api/products/scan/7640153082565 404 188 - 6.974 ms","service":"bigpharma-api","timestamp":"2026-05-23 11:47:57"}
{"level":"info","message":"GET /api/products/scan/7640153082565 404 188 - 7.020 ms","service":"bigpharma-api","timestamp":"2026-05-23 11:47:58"}
{"level":"info","message":"GET /api/products/scan/7640153082565 404 188 - 7.158 ms","service":"bigpharma-api","timestamp":"2026-05-23 11:48:00"}
{"level":"info","message":"GET /api/products/scan/7640153082565 404 188 - 6.876 ms","service":"bigpharma-api","timestamp":"2026-05-23 11:48:01"}
{"level":"info","message":"OPTIONS /api/products/scan/7640153082565 204 0 - 0.179 ms","service":"bigpharma-api","timestamp":"2026-05-23 11:48:03"}
{"level":"info","message":"GET /api/products/scan/7640153082565 404 188 - 5.704 ms","service":"bigpharma-api","timestamp":"2026-05-23 11:48:03"}
{"level":"info","message":"OPTIONS /api/auth/me 204 0 - 0.241 ms","service":"bigpharma-api","timestamp":"2026-05-23 11:52:11"}
{"level":"info","message":"GET /api/auth/me 304 - - 27.598 ms","service":"bigpharma-api","timestamp":"2026-05-23 11:52:11"}
{"level":"info","message":"OPTIONS /api/notifications 204 0 - 0.257 ms","service":"bigpharma-api","timestamp":"2026-05-23 11:52:13"}
{"level":"info","message":"OPTIONS /api/products?page=1&limit=1000 204 0 - 0.202 ms","service":"bigpharma-api","timestamp":"2026-05-23 11:52:13"}
{"level":"info","message":"OPTIONS /api/sales?page=1&limit=50 204 0 - 0.169 ms","service":"bigpharma-api","timestamp":"2026-05-23 11:52:13"}
{"level":"info","message":"OPTIONS /api/finance/summary? 204 0 - 0.159 ms","service":"bigpharma-api","timestamp":"2026-05-23 11:52:13"}
{"level":"info","message":"GET /api/notifications 304 - - 38.811 ms","service":"bigpharma-api","timestamp":"2026-05-23 11:52:13"}
{"level":"info","message":"GET /api/products?page=1&limit=1000 304 - - 66.747 ms","service":"bigpharma-api","timestamp":"2026-05-23 11:52:13"}
{"level":"info","message":"GET /api/finance/summary? 304 - - 59.830 ms","service":"bigpharma-api","timestamp":"2026-05-23 11:52:13"}
{"level":"info","message":"GET /api/sales?page=1&limit=50 304 - - 76.457 ms","service":"bigpharma-api","timestamp":"2026-05-23 11:52:13"}
{"level":"info","message":"OPTIONS /api/products/scan/6118000041016 204 0 - 0.120 ms","service":"bigpharma-api","timestamp":"2026-05-23 11:52:38"}
{"level":"info","message":"GET /api/products/scan/6118000041016 200 794 - 12.769 ms","service":"bigpharma-api","timestamp":"2026-05-23 11:52:38"}
{"level":"info","message":"OPTIONS /api/auth/refresh-token 204 0 - 0.134 ms","service":"bigpharma-api","timestamp":"2026-05-23 12:10:15"}
{"level":"info","message":"POST /api/auth/refresh-token 200 493 - 13.989 ms","service":"bigpharma-api","timestamp":"2026-05-23 12:10:15"}
{"level":"info","message":"OPTIONS /api/auth/me 204 0 - 0.108 ms","service":"bigpharma-api","timestamp":"2026-05-23 12:10:15"}
{"level":"info","message":"GET /api/auth/me 304 - - 7.587 ms","service":"bigpharma-api","timestamp":"2026-05-23 12:10:15"}
{"level":"info","message":"OPTIONS /api/notifications 204 0 - 0.167 ms","service":"bigpharma-api","timestamp":"2026-05-23 12:10:17"}
{"level":"info","message":"OPTIONS /api/products?page=1&limit=1000 204 0 - 0.112 ms","service":"bigpharma-api","timestamp":"2026-05-23 12:10:17"}
{"level":"info","message":"OPTIONS /api/sales?page=1&limit=50 204 0 - 0.135 ms","service":"bigpharma-api","timestamp":"2026-05-23 12:10:17"}
{"level":"info","message":"OPTIONS /api/finance/summary? 204 0 - 0.094 ms","service":"bigpharma-api","timestamp":"2026-05-23 12:10:17"}
{"level":"info","message":"GET /api/notifications 304 - - 31.643 ms","service":"bigpharma-api","timestamp":"2026-05-23 12:10:17"}
{"level":"info","message":"GET /api/products?page=1&limit=1000 304 - - 49.697 ms","service":"bigpharma-api","timestamp":"2026-05-23 12:10:17"}
{"level":"info","message":"GET /api/finance/summary? 304 - - 37.186 ms","service":"bigpharma-api","timestamp":"2026-05-23 12:10:17"}
{"level":"info","message":"GET /api/sales?page=1&limit=50 304 - - 49.230 ms","service":"bigpharma-api","timestamp":"2026-05-23 12:10:17"}
{"level":"info","message":"Redis caching disabled (no REDIS_HOST provided)","service":"bigpharma-api","timestamp":"2026-05-23 12:12:10"}
{"level":"info","message":"OPTIONS /api/auth/login 204 0 - 1.550 ms","service":"bigpharma-api","timestamp":"2026-05-23 12:14:13"}
{"level":"info","message":"POST /api/auth/login 200 - - 243.576 ms","service":"bigpharma-api","timestamp":"2026-05-23 12:14:13"}
{"level":"info","message":"OPTIONS /api/notifications 204 0 - 0.271 ms","service":"bigpharma-api","timestamp":"2026-05-23 12:14:14"}
{"level":"info","message":"OPTIONS /api/products?page=1&limit=1000 204 0 - 0.341 ms","service":"bigpharma-api","timestamp":"2026-05-23 12:14:14"}
{"level":"info","message":"OPTIONS /api/sales?page=1&limit=50 204 0 - 0.125 ms","service":"bigpharma-api","timestamp":"2026-05-23 12:14:14"}
{"level":"info","message":"OPTIONS /api/finance/summary? 204 0 - 0.293 ms","service":"bigpharma-api","timestamp":"2026-05-23 12:14:14"}
{"level":"info","message":"GET /api/notifications 200 - - 52.271 ms","service":"bigpharma-api","timestamp":"2026-05-23 12:14:14"}
{"level":"info","message":"GET /api/finance/summary? 200 - - 68.047 ms","service":"bigpharma-api","timestamp":"2026-05-23 12:14:14"}
{"level":"info","message":"GET /api/products?page=1&limit=1000 200 - - 92.233 ms","service":"bigpharma-api","timestamp":"2026-05-23 12:14:14"}
{"level":"info","message":"GET /api/sales?page=1&limit=50 200 - - 81.543 ms","service":"bigpharma-api","timestamp":"2026-05-23 12:14:14"}
{"level":"info","message":"OPTIONS /api/products/scan/3400938312041 204 0 - 0.161 ms","service":"bigpharma-api","timestamp":"2026-05-23 12:15:52"}
{"level":"info","message":"GET /api/products/scan/3400938312041 404 188 - 11.428 ms","service":"bigpharma-api","timestamp":"2026-05-23 12:15:52"}
{"level":"info","message":"OPTIONS /api/products/scan/6118000041016 204 0 - 0.112 ms","service":"bigpharma-api","timestamp":"2026-05-23 12:17:44"}
{"level":"info","message":"GET /api/products/scan/6118000041016 200 794 - 9.750 ms","service":"bigpharma-api","timestamp":"2026-05-23 12:17:44"}
{"level":"info","message":"OPTIONS /api/products/6a1175f4e95cfa6a2a2c6cea 204 0 - 0.281 ms","service":"bigpharma-api","timestamp":"2026-05-23 12:19:14"}
{"level":"info","message":"PUT /api/products/6a1175f4e95cfa6a2a2c6cea 200 750 - 44.555 ms","service":"bigpharma-api","timestamp":"2026-05-23 12:19:14"}
{"level":"info","message":"OPTIONS /api/products?page=1&limit=1000 204 0 - 0.992 ms","service":"bigpharma-api","timestamp":"2026-05-23 12:19:14"}
{"level":"info","message":"GET /api/products?page=1&limit=1000 200 - - 37.790 ms","service":"bigpharma-api","timestamp":"2026-05-23 12:19:14"}
{"level":"info","message":"OPTIONS /api/products/scan/6118000041016 204 0 - 0.149 ms","service":"bigpharma-api","timestamp":"2026-05-23 12:21:12"}
{"level":"info","message":"GET /api/products/scan/6118000041016 200 794 - 12.232 ms","service":"bigpharma-api","timestamp":"2026-05-23 12:21:12"}
{"level":"info","message":"OPTIONS /api/products/scan/5901041403070 204 0 - 0.183 ms","service":"bigpharma-api","timestamp":"2026-05-23 12:23:45"}
{"level":"info","message":"GET /api/products/scan/5901041403070 404 188 - 8.521 ms","service":"bigpharma-api","timestamp":"2026-05-23 12:23:45"}
{"level":"info","message":"OPTIONS /api/auth/refresh-token 204 0 - 0.113 ms","service":"bigpharma-api","timestamp":"2026-05-23 12:29:25"}
{"level":"info","message":"POST /api/auth/refresh-token 200 493 - 11.414 ms","service":"bigpharma-api","timestamp":"2026-05-23 12:29:25"}
{"level":"info","message":"OPTIONS /api/products/scan/6118000041016 204 0 - 0.072 ms","service":"bigpharma-api","timestamp":"2026-05-23 12:29:25"}
{"level":"info","message":"GET /api/products/scan/6118000041016 200 794 - 11.062 ms","service":"bigpharma-api","timestamp":"2026-05-23 12:29:25"}
{"level":"info","message":"OPTIONS /api/orders?page=1&limit=10 204 0 - 0.264 ms","service":"bigpharma-api","timestamp":"2026-05-23 12:31:04"}
{"level":"info","message":"GET /api/orders?page=1&limit=10 200 - - 76.657 ms","service":"bigpharma-api","timestamp":"2026-05-23 12:31:04"}
{"level":"info","message":"OPTIONS /api/orders?page=1&limit=10 204 0 - 0.117 ms","service":"bigpharma-api","timestamp":"2026-05-23 12:31:53"}
{"level":"info","message":"GET /api/orders?page=1&limit=10 200 - - 46.826 ms","service":"bigpharma-api","timestamp":"2026-05-23 12:31:53"}
{"level":"info","message":"OPTIONS /api/orders?page=1&limit=10 204 0 - 0.068 ms","service":"bigpharma-api","timestamp":"2026-05-23 12:32:51"}
{"level":"info","message":"GET /api/orders?page=1&limit=10 200 - - 43.650 ms","service":"bigpharma-api","timestamp":"2026-05-23 12:32:51"}
{"level":"info","message":"OPTIONS /api/clients?page=1&limit=1000 204 0 - 0.144 ms","service":"bigpharma-api","timestamp":"2026-05-23 12:35:52"}
{"level":"info","message":"GET /api/clients?page=1&limit=1000 200 - - 22.415 ms","service":"bigpharma-api","timestamp":"2026-05-23 12:35:52"}
{"level":"info","message":"OPTIONS /api/orders?page=1&limit=10 204 0 - 0.165 ms","service":"bigpharma-api","timestamp":"2026-05-23 12:35:58"}
{"level":"info","message":"GET /api/orders?page=1&limit=10 304 - - 44.832 ms","service":"bigpharma-api","timestamp":"2026-05-23 12:35:58"}
{"level":"info","message":"OPTIONS /api/activityLogs 204 0 - 0.238 ms","service":"bigpharma-api","timestamp":"2026-05-23 12:36:05"}
{"level":"info","message":"GET /api/activityLogs 200 - - 20.485 ms","service":"bigpharma-api","timestamp":"2026-05-23 12:36:05"}
{"level":"info","message":"OPTIONS /api/finance/summary? 204 0 - 0.108 ms","service":"bigpharma-api","timestamp":"2026-05-23 12:36:41"}
{"level":"info","message":"GET /api/finance/summary? 304 - - 17.769 ms","service":"bigpharma-api","timestamp":"2026-05-23 12:36:41"}
{"level":"info","message":"OPTIONS /api/QuestionsClients 204 0 - 0.107 ms","service":"bigpharma-api","timestamp":"2026-05-23 12:37:00"}
{"level":"info","message":"OPTIONS /api/reviews 204 0 - 0.109 ms","service":"bigpharma-api","timestamp":"2026-05-23 12:37:00"}
{"level":"info","message":"OPTIONS /api/complaints 204 0 - 0.128 ms","service":"bigpharma-api","timestamp":"2026-05-23 12:37:00"}
{"level":"info","message":"GET /api/reviews 200 26 - 25.805 ms","service":"bigpharma-api","timestamp":"2026-05-23 12:37:00"}
{"level":"info","message":"GET /api/complaints 200 26 - 25.495 ms","service":"bigpharma-api","timestamp":"2026-05-23 12:37:00"}
{"level":"info","message":"GET /api/QuestionsClients 200 - - 51.141 ms","service":"bigpharma-api","timestamp":"2026-05-23 12:37:00"}
{"level":"info","message":"OPTIONS /api/products?page=1&limit=1000 204 0 - 0.193 ms","service":"bigpharma-api","timestamp":"2026-05-23 12:37:05"}
{"level":"info","message":"OPTIONS /api/sales?page=1&limit=50 204 0 - 0.195 ms","service":"bigpharma-api","timestamp":"2026-05-23 12:37:05"}
{"level":"info","message":"GET /api/products?page=1&limit=1000 304 - - 27.202 ms","service":"bigpharma-api","timestamp":"2026-05-23 12:37:05"}
{"level":"info","message":"GET /api/sales?page=1&limit=50 304 - - 26.276 ms","service":"bigpharma-api","timestamp":"2026-05-23 12:37:05"}
{"level":"info","message":"OPTIONS /api/orders?page=1&limit=10 204 0 - 0.108 ms","service":"bigpharma-api","timestamp":"2026-05-23 12:37:38"}
{"level":"info","message":"GET /api/orders?page=1&limit=10 304 - - 42.576 ms","service":"bigpharma-api","timestamp":"2026-05-23 12:37:38"}
{"level":"info","message":"OPTIONS /api/clients?page=1&limit=1000 204 0 - 0.156 ms","service":"bigpharma-api","timestamp":"2026-05-23 12:38:05"}
{"level":"info","message":"GET /api/clients?page=1&limit=1000 304 - - 22.268 ms","service":"bigpharma-api","timestamp":"2026-05-23 12:38:05"}
{"level":"info","message":"OPTIONS /api/auth/login 204 0 - 0.213 ms","service":"bigpharma-api","timestamp":"2026-05-23 13:07:03"}
{"level":"info","message":"POST /api/auth/login 200 - - 150.351 ms","service":"bigpharma-api","timestamp":"2026-05-23 13:07:03"}
{"level":"info","message":"OPTIONS /api/notifications 204 0 - 0.210 ms","service":"bigpharma-api","timestamp":"2026-05-23 13:07:03"}
{"level":"info","message":"OPTIONS /api/products?page=1&limit=1000 204 0 - 0.195 ms","service":"bigpharma-api","timestamp":"2026-05-23 13:07:03"}
{"level":"info","message":"OPTIONS /api/sales?page=1&limit=50 204 0 - 0.147 ms","service":"bigpharma-api","timestamp":"2026-05-23 13:07:03"}
{"level":"info","message":"OPTIONS /api/finance/summary? 204 0 - 0.272 ms","service":"bigpharma-api","timestamp":"2026-05-23 13:07:03"}
{"level":"info","message":"GET /api/notifications 200 - - 43.680 ms","service":"bigpharma-api","timestamp":"2026-05-23 13:07:04"}
{"level":"info","message":"GET /api/finance/summary? 200 - - 101.373 ms","service":"bigpharma-api","timestamp":"2026-05-23 13:07:04"}
{"level":"info","message":"GET /api/sales?page=1&limit=50 200 - - 115.972 ms","service":"bigpharma-api","timestamp":"2026-05-23 13:07:04"}
{"level":"info","message":"GET /api/products?page=1&limit=1000 200 - - 128.081 ms","service":"bigpharma-api","timestamp":"2026-05-23 13:07:04"}
{"level":"info","message":"OPTIONS /api/products/scan/barcode/9501101379817 204 0 - 0.235 ms","service":"bigpharma-api","timestamp":"2026-05-23 13:07:41"}
{"level":"info","message":"GET /api/products/scan/barcode/9501101379817 404 198 - 14.800 ms","service":"bigpharma-api","timestamp":"2026-05-23 13:07:41"}
{"level":"info","message":"OPTIONS /api/auth/me 204 0 - 0.223 ms","service":"bigpharma-api","timestamp":"2026-05-23 13:18:24"}
{"level":"info","message":"GET /api/auth/me 200 936 - 24.366 ms","service":"bigpharma-api","timestamp":"2026-05-23 13:18:24"}
{"level":"info","message":"OPTIONS /api/notifications 204 0 - 0.356 ms","service":"bigpharma-api","timestamp":"2026-05-23 13:18:25"}
{"level":"info","message":"OPTIONS /api/products?page=1&limit=1000 204 0 - 0.626 ms","service":"bigpharma-api","timestamp":"2026-05-23 13:18:25"}
{"level":"info","message":"OPTIONS /api/sales?page=1&limit=50 204 0 - 0.549 ms","service":"bigpharma-api","timestamp":"2026-05-23 13:18:25"}
{"level":"info","message":"OPTIONS /api/finance/summary? 204 0 - 0.185 ms","service":"bigpharma-api","timestamp":"2026-05-23 13:18:25"}
{"level":"info","message":"GET /api/notifications 304 - - 62.912 ms","service":"bigpharma-api","timestamp":"2026-05-23 13:18:25"}
{"level":"info","message":"GET /api/products?page=1&limit=1000 304 - - 94.573 ms","service":"bigpharma-api","timestamp":"2026-05-23 13:18:25"}
{"level":"info","message":"GET /api/finance/summary? 304 - - 77.752 ms","service":"bigpharma-api","timestamp":"2026-05-23 13:18:25"}
{"level":"info","message":"GET /api/sales?page=1&limit=50 304 - - 90.861 ms","service":"bigpharma-api","timestamp":"2026-05-23 13:18:25"}
{"level":"info","message":"OPTIONS /api/products/scan/9501101379817 204 0 - 0.373 ms","service":"bigpharma-api","timestamp":"2026-05-23 13:18:53"}
{"level":"info","message":"GET /api/products/scan/9501101379817 404 188 - 17.663 ms","service":"bigpharma-api","timestamp":"2026-05-23 13:18:53"}
{"level":"info","message":"OPTIONS /api/activityLogs 204 0 - 7.701 ms","service":"bigpharma-api","timestamp":"2026-05-23 13:19:13"}
{"level":"info","message":"GET /api/activityLogs 200 - - 236.367 ms","service":"bigpharma-api","timestamp":"2026-05-23 13:19:13"}
{"level":"info","message":"Redis caching disabled (no REDIS_HOST provided)","service":"bigpharma-api","timestamp":"2026-05-23 16:23:35"}
{"level":"info","message":"OPTIONS /api/auth/login 204 0 - 1.875 ms","service":"bigpharma-api","timestamp":"2026-05-23 16:23:59"}
{"level":"info","message":"POST /api/auth/login 200 - - 289.426 ms","service":"bigpharma-api","timestamp":"2026-05-23 16:23:59"}
{"level":"info","message":"OPTIONS /api/notifications 204 0 - 0.250 ms","service":"bigpharma-api","timestamp":"2026-05-23 16:24:00"}
{"level":"info","message":"OPTIONS /api/products?page=1&limit=1000 204 0 - 0.486 ms","service":"bigpharma-api","timestamp":"2026-05-23 16:24:00"}
{"level":"info","message":"OPTIONS /api/finance/summary? 204 0 - 0.486 ms","service":"bigpharma-api","timestamp":"2026-05-23 16:24:00"}
{"level":"info","message":"OPTIONS /api/sales?page=1&limit=50 204 0 - 0.196 ms","service":"bigpharma-api","timestamp":"2026-05-23 16:24:00"}
{"level":"info","message":"GET /api/notifications 200 - - 60.094 ms","service":"bigpharma-api","timestamp":"2026-05-23 16:24:00"}
{"level":"info","message":"GET /api/finance/summary? 200 - - 103.166 ms","service":"bigpharma-api","timestamp":"2026-05-23 16:24:00"}
{"level":"info","message":"GET /api/products?page=1&limit=1000 200 - - 117.731 ms","service":"bigpharma-api","timestamp":"2026-05-23 16:24:00"}
{"level":"info","message":"GET /api/sales?page=1&limit=50 200 - - 120.192 ms","service":"bigpharma-api","timestamp":"2026-05-23 16:24:00"}
{"level":"info","message":"OPTIONS /api/products/scan/barcode/6118000041016 204 0 - 0.242 ms","service":"bigpharma-api","timestamp":"2026-05-23 16:28:38"}
{"level":"info","message":"GET /api/products/scan/barcode/6118000041016 200 794 - 15.026 ms","service":"bigpharma-api","timestamp":"2026-05-23 16:28:38"}
{"level":"info","message":"GET /api/products/scan/barcode/6118000041016 200 794 - 11.358 ms","service":"bigpharma-api","timestamp":"2026-05-23 16:28:38"}
{"level":"info","message":"OPTIONS /api/products/scan/barcode/6118000041016 204 0 - 0.160 ms","service":"bigpharma-api","timestamp":"2026-05-23 16:29:52"}
{"level":"info","message":"GET /api/products/scan/barcode/6118000041016 200 794 - 7.102 ms","service":"bigpharma-api","timestamp":"2026-05-23 16:29:52"}
{"level":"info","message":"GET /api/products/scan/barcode/6118000041016 200 794 - 8.389 ms","service":"bigpharma-api","timestamp":"2026-05-23 16:29:53"}
{"level":"info","message":"OPTIONS /api/products/scan/barcode/8436097094424 204 0 - 0.135 ms","service":"bigpharma-api","timestamp":"2026-05-23 16:31:31"}
{"level":"info","message":"GET /api/products/scan/barcode/8436097094424 404 198 - 6.317 ms","service":"bigpharma-api","timestamp":"2026-05-23 16:31:31"}
{"level":"info","message":"OPTIONS /api/products 204 0 - 0.158 ms","service":"bigpharma-api","timestamp":"2026-05-23 16:33:35"}
{"level":"info","message":"POST /api/products 201 774 - 62.272 ms","service":"bigpharma-api","timestamp":"2026-05-23 16:33:35"}
{"level":"info","message":"OPTIONS /api/products?page=1&limit=1000 204 0 - 0.301 ms","service":"bigpharma-api","timestamp":"2026-05-23 16:33:35"}
{"level":"info","message":"GET /api/products?page=1&limit=1000 200 - - 32.509 ms","service":"bigpharma-api","timestamp":"2026-05-23 16:33:35"}
{"level":"info","message":"OPTIONS /api/activityLogs 204 0 - 0.259 ms","service":"bigpharma-api","timestamp":"2026-05-23 16:33:35"}
{"level":"info","message":"POST /api/activityLogs 404 92 - 8.019 ms","service":"bigpharma-api","timestamp":"2026-05-23 16:33:35"}
{"level":"info","message":"GET /api/products?page=1&limit=1000 304 - - 22.418 ms","service":"bigpharma-api","timestamp":"2026-05-23 16:33:35"}
{"level":"info","message":"OPTIONS /api/products/scan/barcode/8436097094424 204 0 - 0.144 ms","service":"bigpharma-api","timestamp":"2026-05-23 16:33:47"}
{"level":"info","message":"GET /api/products/scan/barcode/8436097094424 200 818 - 10.020 ms","service":"bigpharma-api","timestamp":"2026-05-23 16:33:47"}
{"level":"info","message":"OPTIONS /api/orders?page=1&limit=10 204 0 - 0.281 ms","service":"bigpharma-api","timestamp":"2026-05-23 16:42:09"}
{"level":"info","message":"GET /api/orders?page=1&limit=10 401 115 - 1.802 ms","service":"bigpharma-api","timestamp":"2026-05-23 16:42:09"}
{"level":"info","message":"OPTIONS /api/auth/refresh-token 204 0 - 0.144 ms","service":"bigpharma-api","timestamp":"2026-05-23 16:42:31"}
{"level":"info","message":"POST /api/auth/refresh-token 200 493 - 19.446 ms","service":"bigpharma-api","timestamp":"2026-05-23 16:42:31"}
{"level":"info","message":"OPTIONS /api/products/scan/barcode/6118000041016 204 0 - 0.216 ms","service":"bigpharma-api","timestamp":"2026-05-23 16:42:31"}
{"level":"info","message":"GET /api/products/scan/barcode/6118000041016 200 794 - 13.358 ms","service":"bigpharma-api","timestamp":"2026-05-23 16:42:31"}
{"level":"info","message":"OPTIONS /api/auth/login 204 0 - 0.118 ms","service":"bigpharma-api","timestamp":"2026-05-23 16:51:36"}
{"level":"info","message":"POST /api/auth/login 200 - - 103.875 ms","service":"bigpharma-api","timestamp":"2026-05-23 16:51:36"}
{"level":"info","message":"OPTIONS /api/notifications 204 0 - 0.117 ms","service":"bigpharma-api","timestamp":"2026-05-23 16:51:36"}
{"level":"info","message":"OPTIONS /api/products?page=1&limit=1000 204 0 - 0.180 ms","service":"bigpharma-api","timestamp":"2026-05-23 16:51:36"}
{"level":"info","message":"OPTIONS /api/sales?page=1&limit=50 204 0 - 0.217 ms","service":"bigpharma-api","timestamp":"2026-05-23 16:51:36"}
{"level":"info","message":"OPTIONS /api/finance/summary? 204 0 - 0.132 ms","service":"bigpharma-api","timestamp":"2026-05-23 16:51:36"}
{"level":"info","message":"GET /api/notifications 200 - - 32.949 ms","service":"bigpharma-api","timestamp":"2026-05-23 16:51:36"}
{"level":"info","message":"GET /api/finance/summary? 200 - - 60.225 ms","service":"bigpharma-api","timestamp":"2026-05-23 16:51:36"}
{"level":"info","message":"GET /api/products?page=1&limit=1000 200 - - 70.176 ms","service":"bigpharma-api","timestamp":"2026-05-23 16:51:36"}
{"level":"info","message":"GET /api/sales?page=1&limit=50 200 - - 72.912 ms","service":"bigpharma-api","timestamp":"2026-05-23 16:51:36"}
{"level":"info","message":"OPTIONS /api/orders?page=1&limit=10 204 0 - 0.135 ms","service":"bigpharma-api","timestamp":"2026-05-23 16:52:04"}
{"level":"info","message":"GET /api/orders?page=1&limit=10 200 - - 44.365 ms","service":"bigpharma-api","timestamp":"2026-05-23 16:52:04"}
{"level":"info","message":"OPTIONS /api/products/scan/barcode/6118000041016 204 0 - 0.127 ms","service":"bigpharma-api","timestamp":"2026-05-23 16:52:35"}
{"level":"info","message":"GET /api/products/scan/barcode/6118000041016 200 794 - 7.977 ms","service":"bigpharma-api","timestamp":"2026-05-23 16:52:35"}
{"level":"info","message":"OPTIONS /api/auth/login 204 0 - 1.705 ms","service":"bigpharma-api","timestamp":"2026-05-23 17:18:22"}
{"level":"info","message":"POST /api/auth/login 200 - - 143.876 ms","service":"bigpharma-api","timestamp":"2026-05-23 17:18:23"}
{"level":"info","message":"OPTIONS /api/notifications 204 0 - 0.143 ms","service":"bigpharma-api","timestamp":"2026-05-23 17:18:23"}
{"level":"info","message":"OPTIONS /api/products?page=1&limit=1000 204 0 - 0.140 ms","service":"bigpharma-api","timestamp":"2026-05-23 17:18:23"}
{"level":"info","message":"OPTIONS /api/sales?page=1&limit=50 204 0 - 0.197 ms","service":"bigpharma-api","timestamp":"2026-05-23 17:18:23"}
{"level":"info","message":"OPTIONS /api/finance/summary? 204 0 - 0.189 ms","service":"bigpharma-api","timestamp":"2026-05-23 17:18:23"}
{"level":"info","message":"GET /api/notifications 200 - - 50.194 ms","service":"bigpharma-api","timestamp":"2026-05-23 17:18:23"}
{"level":"info","message":"GET /api/products?page=1&limit=1000 200 - - 99.220 ms","service":"bigpharma-api","timestamp":"2026-05-23 17:18:23"}
{"level":"info","message":"GET /api/finance/summary? 200 - - 78.280 ms","service":"bigpharma-api","timestamp":"2026-05-23 17:18:23"}
{"level":"info","message":"GET /api/sales?page=1&limit=50 200 - - 89.288 ms","service":"bigpharma-api","timestamp":"2026-05-23 17:18:23"}
{"level":"info","message":"OPTIONS /api/products/scan/barcode/6118000041016 204 0 - 0.113 ms","service":"bigpharma-api","timestamp":"2026-05-23 17:18:59"}
{"level":"info","message":"GET /api/products/scan/barcode/6118000041016 200 794 - 6.122 ms","service":"bigpharma-api","timestamp":"2026-05-23 17:18:59"}
{"level":"info","message":"OPTIONS /api/orders?page=1&limit=10 204 0 - 0.128 ms","service":"bigpharma-api","timestamp":"2026-05-23 17:19:09"}
{"level":"info","message":"GET /api/orders?page=1&limit=10 200 - - 55.715 ms","service":"bigpharma-api","timestamp":"2026-05-23 17:19:09"}
{"level":"info","message":"OPTIONS /api/products/scan/barcode/6118000041016 204 0 - 0.109 ms","service":"bigpharma-api","timestamp":"2026-05-23 17:19:12"}
{"level":"info","message":"GET /api/products/scan/barcode/6118000041016 200 794 - 7.623 ms","service":"bigpharma-api","timestamp":"2026-05-23 17:19:12"}
{"level":"info","message":"OPTIONS /api/products/scan/barcode/8436097094424 204 0 - 0.106 ms","service":"bigpharma-api","timestamp":"2026-05-23 17:19:22"}
{"level":"info","message":"GET /api/products/scan/barcode/8436097094424 200 818 - 7.947 ms","service":"bigpharma-api","timestamp":"2026-05-23 17:19:22"}
{"level":"info","message":"OPTIONS /api/products/scan/barcode/8436097094424 204 0 - 0.125 ms","service":"bigpharma-api","timestamp":"2026-05-23 17:19:34"}
{"level":"info","message":"GET /api/products/scan/barcode/8436097094424 200 818 - 8.200 ms","service":"bigpharma-api","timestamp":"2026-05-23 17:19:35"}
{"level":"info","message":"OPTIONS /api/clients?page=1&limit=1000 204 0 - 0.119 ms","service":"bigpharma-api","timestamp":"2026-05-23 17:19:41"}
{"level":"info","message":"GET /api/clients?page=1&limit=1000 200 - - 40.169 ms","service":"bigpharma-api","timestamp":"2026-05-23 17:19:41"}
{"level":"info","message":"OPTIONS /api/products/scan/barcode/8436097094424 204 0 - 0.106 ms","service":"bigpharma-api","timestamp":"2026-05-23 17:19:44"}
{"level":"info","message":"GET /api/products/scan/barcode/8436097094424 200 818 - 6.014 ms","service":"bigpharma-api","timestamp":"2026-05-23 17:19:44"}
{"level":"info","message":"OPTIONS /api/auth/login 204 0 - 0.529 ms","service":"bigpharma-api","timestamp":"2026-05-23 17:35:56"}
{"level":"info","message":"POST /api/auth/login 200 - - 114.949 ms","service":"bigpharma-api","timestamp":"2026-05-23 17:35:56"}
{"level":"info","message":"OPTIONS /api/notifications 204 0 - 0.124 ms","service":"bigpharma-api","timestamp":"2026-05-23 17:35:56"}
{"level":"info","message":"OPTIONS /api/products?page=1&limit=1000 204 0 - 0.264 ms","service":"bigpharma-api","timestamp":"2026-05-23 17:35:56"}
{"level":"info","message":"OPTIONS /api/sales?page=1&limit=50 204 0 - 0.142 ms","service":"bigpharma-api","timestamp":"2026-05-23 17:35:56"}
{"level":"info","message":"OPTIONS /api/finance/summary? 204 0 - 0.104 ms","service":"bigpharma-api","timestamp":"2026-05-23 17:35:56"}
{"level":"info","message":"GET /api/notifications 200 - - 37.047 ms","service":"bigpharma-api","timestamp":"2026-05-23 17:35:56"}
{"level":"info","message":"GET /api/finance/summary? 200 - - 52.003 ms","service":"bigpharma-api","timestamp":"2026-05-23 17:35:56"}
{"level":"info","message":"GET /api/sales?page=1&limit=50 200 - - 63.916 ms","service":"bigpharma-api","timestamp":"2026-05-23 17:35:56"}
{"level":"info","message":"GET /api/products?page=1&limit=1000 200 - - 62.439 ms","service":"bigpharma-api","timestamp":"2026-05-23 17:35:56"}
{"level":"info","message":"OPTIONS /api/products/scan/barcode/8436097094424 204 0 - 0.107 ms","service":"bigpharma-api","timestamp":"2026-05-23 17:36:31"}
{"level":"info","message":"GET /api/products/scan/barcode/8436097094424 200 818 - 8.452 ms","service":"bigpharma-api","timestamp":"2026-05-23 17:36:31"}
{"level":"info","message":"OPTIONS /api/products/scan/barcode/8436097094424 204 0 - 0.125 ms","service":"bigpharma-api","timestamp":"2026-05-23 17:36:42"}
{"level":"info","message":"GET /api/products/scan/barcode/8436097094424 200 818 - 9.679 ms","service":"bigpharma-api","timestamp":"2026-05-23 17:36:42"}
{"level":"info","message":"OPTIONS /api/products/scan/barcode/8436097094424 204 0 - 0.108 ms","service":"bigpharma-api","timestamp":"2026-05-23 17:36:53"}
{"level":"info","message":"GET /api/products/scan/barcode/8436097094424 200 818 - 7.720 ms","service":"bigpharma-api","timestamp":"2026-05-23 17:36:53"}
{"level":"info","message":"OPTIONS /api/orders?page=1&limit=10 204 0 - 0.133 ms","service":"bigpharma-api","timestamp":"2026-05-23 17:36:58"}
{"level":"info","message":"GET /api/orders?page=1&limit=10 200 - - 42.781 ms","service":"bigpharma-api","timestamp":"2026-05-23 17:36:58"}
{"level":"info","message":"OPTIONS /api/products/scan/barcode/8436097094424 204 0 - 0.109 ms","service":"bigpharma-api","timestamp":"2026-05-23 17:37:02"}
{"level":"info","message":"GET /api/products/scan/barcode/8436097094424 200 818 - 7.150 ms","service":"bigpharma-api","timestamp":"2026-05-23 17:37:02"}
{"level":"info","message":"GET /api/products/scan/barcode/8436097094424 200 818 - 8.196 ms","service":"bigpharma-api","timestamp":"2026-05-23 17:37:03"}
{"level":"info","message":"GET /api/products/scan/barcode/8436097094424 200 818 - 7.950 ms","service":"bigpharma-api","timestamp":"2026-05-23 17:37:04"}
{"level":"info","message":"GET /api/products/scan/barcode/8436097094424 200 818 - 8.357 ms","service":"bigpharma-api","timestamp":"2026-05-23 17:37:05"}
{"level":"info","message":"OPTIONS /api/sales 204 0 - 0.063 ms","service":"bigpharma-api","timestamp":"2026-05-23 17:37:16"}
{"level":"info","message":"POST /api/sales 201 677 - 168.334 ms","service":"bigpharma-api","timestamp":"2026-05-23 17:37:16"}
{"level":"info","message":"OPTIONS /api/activityLogs 204 0 - 0.146 ms","service":"bigpharma-api","timestamp":"2026-05-23 17:37:16"}
{"level":"info","message":"POST /api/activityLogs 404 92 - 8.762 ms","service":"bigpharma-api","timestamp":"2026-05-23 17:37:16"}
{"level":"info","message":"OPTIONS /api/products?page=1&limit=1000 204 0 - 0.135 ms","service":"bigpharma-api","timestamp":"2026-05-23 17:38:16"}
{"level":"info","message":"OPTIONS /api/finance/summary? 204 0 - 0.118 ms","service":"bigpharma-api","timestamp":"2026-05-23 17:38:16"}
{"level":"info","message":"GET /api/finance/summary? 200 - - 30.970 ms","service":"bigpharma-api","timestamp":"2026-05-23 17:38:16"}
{"level":"info","message":"GET /api/products?page=1&limit=1000 200 - - 29.605 ms","service":"bigpharma-api","timestamp":"2026-05-23 17:38:16"}
{"level":"info","message":"OPTIONS /api/auth/me 204 0 - 0.118 ms","service":"bigpharma-api","timestamp":"2026-05-23 17:41:23"}
{"level":"info","message":"GET /api/auth/me 200 936 - 11.803 ms","service":"bigpharma-api","timestamp":"2026-05-23 17:41:23"}
{"level":"info","message":"OPTIONS /api/notifications 204 0 - 0.118 ms","service":"bigpharma-api","timestamp":"2026-05-23 17:41:24"}
{"level":"info","message":"OPTIONS /api/products?page=1&limit=1000 204 0 - 0.141 ms","service":"bigpharma-api","timestamp":"2026-05-23 17:41:24"}
{"level":"info","message":"OPTIONS /api/sales?page=1&limit=50 204 0 - 0.226 ms","service":"bigpharma-api","timestamp":"2026-05-23 17:41:24"}
{"level":"info","message":"OPTIONS /api/finance/summary? 204 0 - 0.166 ms","service":"bigpharma-api","timestamp":"2026-05-23 17:41:24"}
{"level":"info","message":"GET /api/notifications 304 - - 35.917 ms","service":"bigpharma-api","timestamp":"2026-05-23 17:41:24"}
{"level":"info","message":"GET /api/finance/summary? 304 - - 46.829 ms","service":"bigpharma-api","timestamp":"2026-05-23 17:41:24"}
{"level":"info","message":"GET /api/products?page=1&limit=1000 304 - - 60.292 ms","service":"bigpharma-api","timestamp":"2026-05-23 17:41:24"}
{"level":"info","message":"GET /api/sales?page=1&limit=50 200 - - 58.743 ms","service":"bigpharma-api","timestamp":"2026-05-23 17:41:24"}
{"level":"info","message":"OPTIONS /api/products/scan/barcode/8436097094424 204 0 - 0.130 ms","service":"bigpharma-api","timestamp":"2026-05-23 17:41:35"}
{"level":"info","message":"GET /api/products/scan/barcode/8436097094424 200 818 - 8.801 ms","service":"bigpharma-api","timestamp":"2026-05-23 17:41:35"}
{"level":"info","message":"GET /api/products/scan/barcode/8436097094424 200 818 - 8.986 ms","service":"bigpharma-api","timestamp":"2026-05-23 17:41:36"}
{"level":"info","message":"OPTIONS /api/finance/summary? 204 0 - 0.116 ms","service":"bigpharma-api","timestamp":"2026-05-23 17:41:50"}
{"level":"info","message":"GET /api/finance/summary? 304 - - 16.703 ms","service":"bigpharma-api","timestamp":"2026-05-23 17:41:50"}
{"level":"info","message":"OPTIONS /api/products/scan/barcode/6118000041016 204 0 - 0.101 ms","service":"bigpharma-api","timestamp":"2026-05-23 17:42:03"}
{"level":"info","message":"GET /api/products/scan/barcode/6118000041016 200 794 - 6.489 ms","service":"bigpharma-api","timestamp":"2026-05-23 17:42:03"}
{"level":"info","message":"OPTIONS /api/auth/me 204 0 - 0.099 ms","service":"bigpharma-api","timestamp":"2026-05-23 17:45:14"}
{"level":"info","message":"GET /api/auth/me 304 - - 11.770 ms","service":"bigpharma-api","timestamp":"2026-05-23 17:45:14"}
{"level":"info","message":"OPTIONS /api/notifications 204 0 - 0.112 ms","service":"bigpharma-api","timestamp":"2026-05-23 17:45:14"}
{"level":"info","message":"OPTIONS /api/products?page=1&limit=1000 204 0 - 0.243 ms","service":"bigpharma-api","timestamp":"2026-05-23 17:45:14"}
{"level":"info","message":"OPTIONS /api/sales?page=1&limit=50 204 0 - 0.191 ms","service":"bigpharma-api","timestamp":"2026-05-23 17:45:14"}
{"level":"info","message":"OPTIONS /api/finance/summary? 204 0 - 0.145 ms","service":"bigpharma-api","timestamp":"2026-05-23 17:45:14"}
{"level":"info","message":"GET /api/notifications 304 - - 27.858 ms","service":"bigpharma-api","timestamp":"2026-05-23 17:45:14"}
{"level":"info","message":"GET /api/finance/summary? 304 - - 54.463 ms","service":"bigpharma-api","timestamp":"2026-05-23 17:45:14"}
{"level":"info","message":"GET /api/products?page=1&limit=1000 304 - - 71.633 ms","service":"bigpharma-api","timestamp":"2026-05-23 17:45:15"}
{"level":"info","message":"GET /api/sales?page=1&limit=50 304 - - 67.432 ms","service":"bigpharma-api","timestamp":"2026-05-23 17:45:15"}
{"level":"info","message":"OPTIONS /api/products/scan/barcode/6118000041016 204 0 - 0.160 ms","service":"bigpharma-api","timestamp":"2026-05-23 17:45:44"}
{"level":"info","message":"GET /api/products/scan/barcode/6118000041016 200 794 - 8.599 ms","service":"bigpharma-api","timestamp":"2026-05-23 17:45:44"}
{"level":"info","message":"GET /api/products/scan/barcode/6118000041016 200 794 - 8.504 ms","service":"bigpharma-api","timestamp":"2026-05-23 17:45:45"}
{"level":"info","message":"OPTIONS /api/orders?page=1&limit=10 204 0 - 0.080 ms","service":"bigpharma-api","timestamp":"2026-05-23 17:45:55"}
{"level":"info","message":"GET /api/orders?page=1&limit=10 200 - - 40.071 ms","service":"bigpharma-api","timestamp":"2026-05-23 17:45:55"}
{"level":"info","message":"OPTIONS /api/products/scan/barcode/6118000041016 204 0 - 0.117 ms","service":"bigpharma-api","timestamp":"2026-05-23 17:45:59"}
{"level":"info","message":"GET /api/products/scan/barcode/6118000041016 200 794 - 9.343 ms","service":"bigpharma-api","timestamp":"2026-05-23 17:45:59"}
{"level":"info","message":"OPTIONS /api/products?page=1&limit=1000 204 0 - 0.125 ms","service":"bigpharma-api","timestamp":"2026-05-23 17:49:53"}
{"level":"info","message":"GET /api/products?page=1&limit=1000 304 - - 22.916 ms","service":"bigpharma-api","timestamp":"2026-05-23 17:49:53"}
{"level":"info","message":"OPTIONS /api/auth/refresh-token 204 0 - 0.148 ms","service":"bigpharma-api","timestamp":"2026-05-23 17:51:41"}
{"level":"info","message":"POST /api/auth/refresh-token 200 493 - 13.503 ms","service":"bigpharma-api","timestamp":"2026-05-23 17:51:41"}
{"level":"info","message":"OPTIONS /api/products/scan/barcode/8436097094424 204 0 - 0.118 ms","service":"bigpharma-api","timestamp":"2026-05-23 17:51:41"}
{"level":"info","message":"GET /api/products/scan/barcode/8436097094424 200 818 - 8.066 ms","service":"bigpharma-api","timestamp":"2026-05-23 17:51:41"}
{"level":"info","message":"GET /api/products/scan/barcode/8436097094424 200 818 - 6.632 ms","service":"bigpharma-api","timestamp":"2026-05-23 17:51:42"}
{"level":"info","message":"OPTIONS /api/products/scan/barcode/8436097094424 204 0 - 0.119 ms","service":"bigpharma-api","timestamp":"2026-05-23 17:52:04"}
{"level":"info","message":"GET /api/products/scan/barcode/8436097094424 200 818 - 8.237 ms","service":"bigpharma-api","timestamp":"2026-05-23 17:52:04"}
{"level":"info","message":"OPTIONS /api/products/scan/8436097094424 204 0 - 0.145 ms","service":"bigpharma-api","timestamp":"2026-05-23 17:52:19"}
{"level":"info","message":"GET /api/products/scan/8436097094424 200 818 - 12.720 ms","service":"bigpharma-api","timestamp":"2026-05-23 17:52:19"}
